<?xml version="1.0" encoding="UTF-8"?>
<testsuites name="Login" time="43" tests="2" failures="1" errors="0">
   <testsuite name="Login" tests="2" failures="1" errors="0" time="43" timestamp="2018-10-04 15:35:17" hostname="buithan - 192.168.1.121" id="Test Suites/Login">
      <properties>
         <property name="deviceName" value=""/>
         <property name="devicePlatform" value=""/>
         <property name="logFolder" value="C:\\Users\\buithan\\git\\katalon-cls-project\\Reports\\Login\\20181004_153515"/>
         <property name="logFiles" value="C:\\Users\\buithan\\git\\katalon-cls-project\\Reports\\Login\\20181004_153515\\execution0.log"/>
         <property name="attachments" value=""/>
         <property name="hostName" value="buithan - 192.168.1.121"/>
         <property name="os" value="Windows 10 64bit"/>
         <property name="katalonVersion" value="5.4.1.1"/>
         <property name="browser" value="Chrome 69.0.3497.100"/>
         <property name="hostAddress" value="192.168.1.121"/>
         <property name="sessionId" value="db3503ae6b8832d7662fd39b66882b28"/>
         <property name="seleniumVersion" value="3.7.1"/>
         <property name="proxyInformation" value="ProxyInformation{proxyOption=NO_PROXY, proxyServerType=HTTP, password=, proxyServerAddress=, proxyServerPort=0}"/>
         <property name="platform" value="Windows 10"/>
      </properties>
      <testcase name="Test Cases/Login" classname="Test Cases/Login" status="PASSED">
         <system-out><![CDATA[2018-10-04 15:35:18 - [TEST_CASE][PASSED] - Test Cases/Login: Test Cases/Login

2018-10-04 15:35:19 - [TEST_STEP][PASSED] - openBrowser: Browser is opened with url: ''

2018-10-04 15:35:25 - [MESSAGE][PASSED] - Browser is opened with url: ''

2018-10-04 15:35:25 - [TEST_STEP][PASSED] - navigateToUrl: Navigate to 'https://ntmtien.cls.vn/account/login' successfully

2018-10-04 15:35:26 - [MESSAGE][PASSED] - Navigate to 'https://ntmtien.cls.vn/account/login' successfully

2018-10-04 15:35:26 - [TEST_STEP][PASSED] - setText: Text 'admin1' is set on object 'Object Repository/Login/Page_ng nhp/input_UserName'

2018-10-04 15:35:27 - [MESSAGE][PASSED] - Text 'admin1' is set on object 'Object Repository/Login/Page_ng nhp/input_UserName'

2018-10-04 15:35:27 - [TEST_STEP][PASSED] - setText: Text '123456' is set on object 'Object Repository/Login/Page_ng nhp/input_Password'

2018-10-04 15:35:27 - [MESSAGE][PASSED] - Text '123456' is set on object 'Object Repository/Login/Page_ng nhp/input_Password'

2018-10-04 15:35:27 - [TEST_STEP][PASSED] - click: Object: 'Object Repository/Login/Page_ng nhp/button_NG NHP' is clicked on

2018-10-04 15:35:27 - [MESSAGE][PASSED] - Object: 'Object Repository/Login/Page_ng nhp/button_NG NHP' is clicked on

2018-10-04 15:35:27 - [TEST_STEP][PASSED] - Statement - java.lang.Thread.sleep(5000): null

2018-10-04 15:35:32 - [TEST_STEP][PASSED] - switchToWindowIndex: Switched to window with index: '0'

2018-10-04 15:35:32 - [MESSAGE][PASSED] - Switched to window with index: '0'

2018-10-04 15:35:32 - [TEST_STEP][PASSED] - Statement - title = com.kms.katalon.core.webui.keyword.WebUiBuiltInKeywords.getWindowTitle(): Current window's title is: 'Quản trị viên'

2018-10-04 15:35:32 - [MESSAGE][PASSED] - Current window's title is: 'Quản trị viên'

2018-10-04 15:35:32 - [TEST_STEP][PASSED] - verifyMatch: Actual text 'Quản trị viên' and expected text 'Quản trị viên' are matched  using regular expression

2018-10-04 15:35:32 - [MESSAGE][PASSED] - Actual text 'Quản trị viên' and expected text 'Quản trị viên' are matched  using regular expression]]></system-out>
         <system-err><![CDATA[]]></system-err>
      </testcase>
      <testcase name="Test Cases/Fogot password" classname="Test Cases/Fogot password" status="PASSED">
         <system-out><![CDATA[2018-10-04 15:35:32 - [TEST_CASE][PASSED] - Test Cases/Fogot password: Test Cases/Fogot password

2018-10-04 15:35:33 - [TEST_STEP][PASSED] - openBrowser: Browser is opened with url: ''

2018-10-04 15:35:33 - [MESSAGE][WARNING] - A browser is already opened. Closing browser and opening a new one

2018-10-04 15:35:36 - [MESSAGE][PASSED] - Browser is opened with url: ''

2018-10-04 15:35:36 - [TEST_STEP][PASSED] - navigateToUrl: Navigate to 'https://ntmtien.cls.vn/account/login' successfully

2018-10-04 15:35:37 - [MESSAGE][PASSED] - Navigate to 'https://ntmtien.cls.vn/account/login' successfully

2018-10-04 15:35:37 - [TEST_STEP][PASSED] - click: Object: 'Object Repository/Forgot password/Page_ng nhp/a_Qun mt khu' is clicked on

2018-10-04 15:35:37 - [MESSAGE][PASSED] - Object: 'Object Repository/Forgot password/Page_ng nhp/a_Qun mt khu' is clicked on

2018-10-04 15:35:37 - [TEST_STEP][PASSED] - Statement - java.lang.Thread.sleep(5000): null

2018-10-04 15:35:42 - [TEST_STEP][PASSED] - switchToWindowIndex: Switched to window with index: '0'

2018-10-04 15:35:42 - [MESSAGE][PASSED] - Switched to window with index: '0'

2018-10-04 15:35:42 - [TEST_STEP][PASSED] - Statement - title = com.kms.katalon.core.webui.keyword.WebUiBuiltInKeywords.getWindowTitle(): Current window's title is: 'Quên mật khẩu'

2018-10-04 15:35:42 - [MESSAGE][PASSED] - Current window's title is: 'Quên mật khẩu'

2018-10-04 15:35:42 - [TEST_STEP][PASSED] - verifyMatch: Actual text 'Quên mật khẩu' and expected text 'Quên mật khẩu' are matched  using regular expression

2018-10-04 15:35:42 - [MESSAGE][PASSED] - Actual text 'Quên mật khẩu' and expected text 'Quên mật khẩu' are matched  using regular expression

2018-10-04 15:35:42 - [TEST_STEP][PASSED] - setText: Text 'buithithan.cntt@gmail.com' is set on object 'Object Repository/Forgot password/Page_Qun mt khu/input_Email'

2018-10-04 15:35:43 - [MESSAGE][PASSED] - Text 'buithithan.cntt@gmail.com' is set on object 'Object Repository/Forgot password/Page_Qun mt khu/input_Email'

2018-10-04 15:35:43 - [TEST_STEP][PASSED] - click: Object: 'Object Repository/Forgot password/Page_Qun mt khu/button_GI' is clicked on

2018-10-04 15:35:43 - [MESSAGE][PASSED] - Object: 'Object Repository/Forgot password/Page_Qun mt khu/button_GI' is clicked on

2018-10-04 15:35:43 - [TEST_STEP][PASSED] - Statement - java.lang.Thread.sleep(5000): null

2018-10-04 15:35:48 - [TEST_STEP][PASSED] - verifyTextPresent: Text 'Chúng tôi đã gửi một email tới hòm thư của bạn, vui lòng kiểm tra và làm theo hướng dẫn để thiết lập lại tài khoản của bạn' is present on page 

2018-10-04 15:35:48 - [MESSAGE][PASSED] - Text 'Chúng tôi đã gửi một email tới hòm thư của bạn, vui lòng kiểm tra và làm theo hướng dẫn để thiết lập lại tài khoản của bạn' is present on page 

2018-10-04 15:35:48 - [TEST_STEP][PASSED] - closeBrowser: Browser is closed

2018-10-04 15:35:49 - [MESSAGE][PASSED] - Browser is closed]]></system-out>
         <system-err><![CDATA[]]></system-err>
      </testcase>
      <testcase name="Test Cases/AddUser" classname="Test Cases/AddUser" status="FAILED">
         <failure type="FAILED" message="Unable to verify match between actual text 'Đăng nhập' and expected text 'Quản trị viên' using regular expression (Root cause: Actual text 'Đăng nhập' and expected text 'Quản trị viên' are not matched using regular expression)"/>
         <system-out><![CDATA[2018-10-04 15:35:49 - [TEST_CASE][FAILED] - Test Cases/AddUser: Test Cases/AddUser FAILED because (of) Unable to verify match between actual text 'Đăng nhập' and expected text 'Quản trị viên' using regular expression (Root cause: Actual text 'Đăng nhập' and expected text 'Quản trị viên' are not matched using regular expression)

2018-10-04 15:35:49 - [TEST_STEP][FAILED] - callTestCase: Unable to call Test Case with id 'Test Cases/DeleteUser' (Root cause: Call Test Case 'Test Cases/DeleteUser' failed)

2018-10-04 15:35:49 - [TEST_CASE][FAILED] - Test Cases/DeleteUser: Test Cases/DeleteUser FAILED because (of) Unable to verify match between actual text 'Đăng nhập' and expected text 'Quản trị viên' using regular expression (Root cause: Actual text 'Đăng nhập' and expected text 'Quản trị viên' are not matched using regular expression)

2018-10-04 15:35:49 - [TEST_STEP][FAILED] - callTestCase: Unable to call Test Case with id 'Test Cases/OpenUserModun' (Root cause: Call Test Case 'Test Cases/OpenUserModun' failed)

2018-10-04 15:35:50 - [TEST_CASE][FAILED] - Test Cases/OpenUserModun: Test Cases/OpenUserModun FAILED because (of) Unable to verify match between actual text 'Đăng nhập' and expected text 'Quản trị viên' using regular expression (Root cause: Actual text 'Đăng nhập' and expected text 'Quản trị viên' are not matched using regular expression)

2018-10-04 15:35:50 - [TEST_STEP][FAILED] - callTestCase: Unable to call Test Case with id 'Test Cases/Login' (Root cause: Call Test Case 'Test Cases/Login' failed)

2018-10-04 15:35:50 - [TEST_CASE][FAILED] - Test Cases/Login: Test Cases/Login FAILED because (of) Unable to verify match between actual text 'Đăng nhập' and expected text 'Quản trị viên' using regular expression (Root cause: Actual text 'Đăng nhập' and expected text 'Quản trị viên' are not matched using regular expression)

2018-10-04 15:35:50 - [TEST_STEP][PASSED] - openBrowser: Browser is opened with url: ''

2018-10-04 15:35:52 - [MESSAGE][PASSED] - Browser is opened with url: ''

2018-10-04 15:35:52 - [TEST_STEP][PASSED] - navigateToUrl: Navigate to 'https://ntmtien.cls.vn/account/login' successfully

2018-10-04 15:35:54 - [MESSAGE][PASSED] - Navigate to 'https://ntmtien.cls.vn/account/login' successfully

2018-10-04 15:35:54 - [TEST_STEP][PASSED] - setText: Text 'admin1' is set on object 'Object Repository/Login/Page_ng nhp/input_UserName'

2018-10-04 15:35:54 - [MESSAGE][PASSED] - Text 'admin1' is set on object 'Object Repository/Login/Page_ng nhp/input_UserName'

2018-10-04 15:35:54 - [TEST_STEP][PASSED] - setText: Text '123456' is set on object 'Object Repository/Login/Page_ng nhp/input_Password'

2018-10-04 15:35:54 - [MESSAGE][PASSED] - Text '123456' is set on object 'Object Repository/Login/Page_ng nhp/input_Password'

2018-10-04 15:35:54 - [TEST_STEP][PASSED] - click: Object: 'Object Repository/Login/Page_ng nhp/button_NG NHP' is clicked on

2018-10-04 15:35:55 - [MESSAGE][PASSED] - Object: 'Object Repository/Login/Page_ng nhp/button_NG NHP' is clicked on

2018-10-04 15:35:55 - [TEST_STEP][PASSED] - Statement - java.lang.Thread.sleep(5000): null

2018-10-04 15:36:00 - [TEST_STEP][PASSED] - switchToWindowIndex: Switched to window with index: '0'

2018-10-04 15:36:00 - [MESSAGE][PASSED] - Switched to window with index: '0'

2018-10-04 15:36:00 - [TEST_STEP][PASSED] - Statement - title = com.kms.katalon.core.webui.keyword.WebUiBuiltInKeywords.getWindowTitle(): Current window's title is: 'Đăng nhập'

2018-10-04 15:36:00 - [MESSAGE][PASSED] - Current window's title is: 'Đăng nhập'

2018-10-04 15:36:00 - [TEST_STEP][FAILED] - verifyMatch: Unable to verify match between actual text 'Đăng nhập' and expected text 'Quản trị viên' using regular expression (Root cause: Actual text 'Đăng nhập' and expected text 'Quản trị viên' are not matched using regular expression)

2018-10-04 15:36:00 - [MESSAGE][FAILED] - Unable to verify match between actual text 'Đăng nhập' and expected text 'Quản trị viên' using regular expression (Root cause: Actual text 'Đăng nhập' and expected text 'Quản trị viên' are not matched using regular expression)

2018-10-04 15:36:00 - [MESSAGE][FAILED] - Unable to call Test Case with id 'Test Cases/Login' (Root cause: Call Test Case 'Test Cases/Login' failed)

2018-10-04 15:36:00 - [MESSAGE][FAILED] - Unable to call Test Case with id 'Test Cases/OpenUserModun' (Root cause: Call Test Case 'Test Cases/OpenUserModun' failed)

2018-10-04 15:36:00 - [MESSAGE][FAILED] - Unable to call Test Case with id 'Test Cases/DeleteUser' (Root cause: Call Test Case 'Test Cases/DeleteUser' failed)]]></system-out>
         <system-err><![CDATA[2018-10-04 15:35:49 - [TEST_CASE][FAILED] - Test Cases/AddUser: Test Cases/AddUser FAILED because (of) Unable to verify match between actual text 'Đăng nhập' and expected text 'Quản trị viên' using regular expression (Root cause: Actual text 'Đăng nhập' and expected text 'Quản trị viên' are not matched using regular expression)]]></system-err>
      </testcase>
      <system-out><![CDATA[2018-10-04 15:35:17 - [TEST_SUITE][FAILED] - Login: Test Cases/AddUser FAILED because (of) Unable to verify match between actual text 'Đăng nhập' and expected text 'Quản trị viên' using regular expression (Root cause: Actual text 'Đăng nhập' and expected text 'Quản trị viên' are not matched using regular expression)]]></system-out>
      <system-err><![CDATA[2018-10-04 15:35:17 - [TEST_SUITE][FAILED] - Login: Test Cases/AddUser FAILED because (of) Unable to verify match between actual text 'Đăng nhập' and expected text 'Quản trị viên' using regular expression (Root cause: Actual text 'Đăng nhập' and expected text 'Quản trị viên' are not matched using regular expression)]]></system-err>
   </testsuite>
</testsuites>
