<?xml version="1.0" encoding="UTF-8"?>
<testsuites name="Category" time="119" tests="3" failures="1" errors="0">
   <testsuite name="Category" tests="3" failures="1" errors="0" time="119" timestamp="2018-11-09 10:06:21" hostname="buithan - DESKTOP-9IOQSG7" id="Test Suites/Category">
      <properties>
         <property name="deviceName" value=""/>
         <property name="devicePlatform" value=""/>
         <property name="logFolder" value="C:\\Users\\buithan\\git\\katalon-cls-project\\Reports\\Category\\20181109_100619"/>
         <property name="logFiles" value="C:\\Users\\buithan\\git\\katalon-cls-project\\Reports\\Category\\20181109_100619\\execution0.log"/>
         <property name="attachments" value="C:\\Users\\buithan\\git\\katalon-cls-project\\Reports\\Category\\20181109_100619\\1541732899893.png"/>
         <property name="hostName" value="buithan - DESKTOP-9IOQSG7"/>
         <property name="os" value="Windows 10 64bit"/>
         <property name="katalonVersion" value="5.4.1.1"/>
         <property name="browser" value="Chrome 70.0.3538.77"/>
         <property name="hostAddress" value="192.168.1.142"/>
         <property name="sessionId" value="a1681173dabc184c5edcc91ecb47c7c0"/>
         <property name="seleniumVersion" value="3.7.1"/>
         <property name="proxyInformation" value="ProxyInformation{proxyOption=NO_PROXY, proxyServerType=HTTP, password=, proxyServerAddress=, proxyServerPort=0}"/>
         <property name="platform" value="Windows 10"/>
      </properties>
      <testcase name="Test Cases/Category/AddCategory" classname="Test Cases/Category/AddCategory" status="PASSED">
         <system-out><![CDATA[2018-11-09 10:06:21 - [TEST_CASE][PASSED] - Test Cases/Category/AddCategory: Test Cases/Category/AddCategory

2018-11-09 10:06:22 - [TEST_STEP][PASSED] - callTestCase: Call Test Case 'Test Cases/Authentication/Login1' successfully

2018-11-09 10:06:22 - [TEST_CASE][PASSED] - Test Cases/Authentication/Login1: Test Cases/Authentication/Login1

2018-11-09 10:06:22 - [TEST_STEP][PASSED] - openBrowser: Browser is opened with url: ''

2018-11-09 10:06:26 - [MESSAGE][PASSED] - Browser is opened with url: ''

2018-11-09 10:06:26 - [TEST_STEP][PASSED] - navigateToUrl: Navigate to 'https://ntmtien.cls.vn/account/login' successfully

2018-11-09 10:06:28 - [MESSAGE][PASSED] - Navigate to 'https://ntmtien.cls.vn/account/login' successfully

2018-11-09 10:06:28 - [TEST_STEP][PASSED] - setText: Text 'admin1' is set on object 'Object Repository/Authentincation/Login/Page Login/input_UserName'

2018-11-09 10:06:28 - [MESSAGE][PASSED] - Text 'admin1' is set on object 'Object Repository/Authentincation/Login/Page Login/input_UserName'

2018-11-09 10:06:28 - [TEST_STEP][PASSED] - setText: Text '123456' is set on object 'Object Repository/Authentincation/Login/Page Login/input_Password'

2018-11-09 10:06:28 - [MESSAGE][PASSED] - Text '123456' is set on object 'Object Repository/Authentincation/Login/Page Login/input_Password'

2018-11-09 10:06:28 - [TEST_STEP][PASSED] - click: Object: 'Object Repository/Authentincation/Login/Page Login/button_login' is clicked on

2018-11-09 10:06:29 - [MESSAGE][PASSED] - Object: 'Object Repository/Authentincation/Login/Page Login/button_login' is clicked on

2018-11-09 10:06:29 - [MESSAGE][PASSED] - Call Test Case 'Test Cases/Authentication/Login1' successfully

2018-11-09 10:06:29 - [TEST_STEP][PASSED] - click: Object: 'Object Repository/Administrator/div_modun_category' is clicked on

2018-11-09 10:06:33 - [MESSAGE][PASSED] - Object: 'Object Repository/Administrator/div_modun_category' is clicked on

2018-11-09 10:06:33 - [TEST_STEP][PASSED] - Statement - java.lang.Thread.sleep(2000): null

2018-11-09 10:06:35 - [TEST_STEP][PASSED] - click: Object: 'Object Repository/Category/button_add_category' is clicked on

2018-11-09 10:06:35 - [MESSAGE][PASSED] - Object: 'Object Repository/Category/button_add_category' is clicked on

2018-11-09 10:06:35 - [TEST_STEP][PASSED] - Statement - java.lang.Thread.sleep(2000): null

2018-11-09 10:06:37 - [TEST_STEP][PASSED] - click: Object: 'Object Repository/Category/AddCategory/button_cancel_category' is clicked on

2018-11-09 10:06:37 - [MESSAGE][PASSED] - Object: 'Object Repository/Category/AddCategory/button_cancel_category' is clicked on

2018-11-09 10:06:37 - [TEST_STEP][PASSED] - Statement - java.lang.Thread.sleep(2000): null

2018-11-09 10:06:39 - [TEST_STEP][PASSED] - click: Object: 'Object Repository/Category/button_add_category' is clicked on

2018-11-09 10:06:39 - [MESSAGE][PASSED] - Object: 'Object Repository/Category/button_add_category' is clicked on

2018-11-09 10:06:39 - [TEST_STEP][PASSED] - Statement - java.lang.Thread.sleep(2000): null

2018-11-09 10:06:41 - [TEST_STEP][PASSED] - setText: Text 'Chủ đề tạo từ katalon' is set on object 'Object Repository/Category/AddCategory/input_category_name'

2018-11-09 10:06:41 - [MESSAGE][PASSED] - Text 'Chủ đề tạo từ katalon' is set on object 'Object Repository/Category/AddCategory/input_category_name'

2018-11-09 10:06:41 - [TEST_STEP][PASSED] - Statement - java.lang.Thread.sleep(2000): null

2018-11-09 10:06:43 - [TEST_STEP][PASSED] - click: Object: 'Object Repository/Category/AddCategory/selectbox_list_category' is clicked on

2018-11-09 10:06:43 - [MESSAGE][PASSED] - Object: 'Object Repository/Category/AddCategory/selectbox_list_category' is clicked on

2018-11-09 10:06:43 - [TEST_STEP][PASSED] - Statement - java.lang.Thread.sleep(2000): null

2018-11-09 10:06:45 - [TEST_STEP][PASSED] - click: Object: 'Object Repository/Category/AddCategory/choose_higher_category' is clicked on

2018-11-09 10:06:46 - [MESSAGE][PASSED] - Object: 'Object Repository/Category/AddCategory/choose_higher_category' is clicked on

2018-11-09 10:06:46 - [TEST_STEP][PASSED] - Statement - java.lang.Thread.sleep(2000): null

2018-11-09 10:06:48 - [TEST_STEP][PASSED] - setText: Text 'Nội dung của chủ đề' is set on object 'Object Repository/Category/AddCategory/input_category_content'

2018-11-09 10:06:48 - [MESSAGE][PASSED] - Text 'Nội dung của chủ đề' is set on object 'Object Repository/Category/AddCategory/input_category_content'

2018-11-09 10:06:48 - [TEST_STEP][PASSED] - Statement - java.lang.Thread.sleep(2000): null

2018-11-09 10:06:50 - [TEST_STEP][PASSED] - click: Object: 'Object Repository/Category/AddCategory/button_save_category' is clicked on

2018-11-09 10:06:50 - [MESSAGE][PASSED] - Object: 'Object Repository/Category/AddCategory/button_save_category' is clicked on

2018-11-09 10:06:50 - [TEST_STEP][PASSED] - Statement - java.lang.Thread.sleep(2000): null

2018-11-09 10:06:52 - [TEST_STEP][PASSED] - setText: Text 'Chủ đề tạo từ katalon' is set on object 'Object Repository/Category/input_search_category'

2018-11-09 10:06:52 - [MESSAGE][PASSED] - Text 'Chủ đề tạo từ katalon' is set on object 'Object Repository/Category/input_search_category'

2018-11-09 10:06:52 - [TEST_STEP][PASSED] - Statement - java.lang.Thread.sleep(2000): null

2018-11-09 10:06:54 - [TEST_STEP][PASSED] - verifyTextPresent: Text 'Chủ đề tạo từ katalon' is present on page 

2018-11-09 10:06:54 - [MESSAGE][PASSED] - Text 'Chủ đề tạo từ katalon' is present on page 

2018-11-09 10:06:54 - [TEST_STEP][PASSED] - Statement - java.lang.Thread.sleep(2000): null]]></system-out>
         <system-err><![CDATA[]]></system-err>
      </testcase>
      <testcase name="Test Cases/Category/EditCategory" classname="Test Cases/Category/EditCategory" status="PASSED">
         <system-out><![CDATA[2018-11-09 10:06:56 - [TEST_CASE][PASSED] - Test Cases/Category/EditCategory: Test Cases/Category/EditCategory

2018-11-09 10:06:57 - [TEST_STEP][PASSED] - Statement - java.lang.Thread.sleep(2000): null

2018-11-09 10:06:59 - [TEST_STEP][PASSED] - setText: Text 'Chủ đề tạo từ katalon' is set on object 'Object Repository/Category/input_search_category'

2018-11-09 10:06:59 - [MESSAGE][PASSED] - Text 'Chủ đề tạo từ katalon' is set on object 'Object Repository/Category/input_search_category'

2018-11-09 10:06:59 - [TEST_STEP][PASSED] - Statement - java.lang.Thread.sleep(2000): null

2018-11-09 10:07:01 - [TEST_STEP][PASSED] - click: Object: 'Object Repository/Category/icon_edit_category' is clicked on

2018-11-09 10:07:02 - [MESSAGE][PASSED] - Object: 'Object Repository/Category/icon_edit_category' is clicked on

2018-11-09 10:07:02 - [TEST_STEP][PASSED] - Statement - java.lang.Thread.sleep(2000): null

2018-11-09 10:07:04 - [TEST_STEP][PASSED] - click: Object: 'Object Repository/Category/EditCategory/button_cancel_edit_category' is clicked on

2018-11-09 10:07:05 - [MESSAGE][PASSED] - Object: 'Object Repository/Category/EditCategory/button_cancel_edit_category' is clicked on

2018-11-09 10:07:05 - [TEST_STEP][PASSED] - Statement - java.lang.Thread.sleep(2000): null

2018-11-09 10:07:07 - [TEST_STEP][PASSED] - setText: Text 'Chủ đề tạo từ katalon' is set on object 'Object Repository/Category/input_search_category'

2018-11-09 10:07:07 - [MESSAGE][PASSED] - Text 'Chủ đề tạo từ katalon' is set on object 'Object Repository/Category/input_search_category'

2018-11-09 10:07:07 - [TEST_STEP][PASSED] - Statement - java.lang.Thread.sleep(2000): null

2018-11-09 10:07:09 - [TEST_STEP][PASSED] - click: Object: 'Object Repository/Category/icon_edit_category' is clicked on

2018-11-09 10:07:10 - [MESSAGE][PASSED] - Object: 'Object Repository/Category/icon_edit_category' is clicked on

2018-11-09 10:07:10 - [TEST_STEP][PASSED] - Statement - java.lang.Thread.sleep(2000): null

2018-11-09 10:07:12 - [TEST_STEP][PASSED] - setText: Text 'Chủ đề tạo từ katalon chỉnh sửa' is set on object 'Object Repository/Category/AddCategory/input_category_name'

2018-11-09 10:07:13 - [MESSAGE][PASSED] - Text 'Chủ đề tạo từ katalon chỉnh sửa' is set on object 'Object Repository/Category/AddCategory/input_category_name'

2018-11-09 10:07:13 - [TEST_STEP][PASSED] - Statement - java.lang.Thread.sleep(2000): null

2018-11-09 10:07:15 - [TEST_STEP][PASSED] - click: Object: 'Object Repository/Category/AddCategory/selectbox_list_category' is clicked on

2018-11-09 10:07:15 - [MESSAGE][PASSED] - Object: 'Object Repository/Category/AddCategory/selectbox_list_category' is clicked on

2018-11-09 10:07:15 - [TEST_STEP][PASSED] - Statement - java.lang.Thread.sleep(2000): null

2018-11-09 10:07:17 - [TEST_STEP][PASSED] - click: Object: 'Object Repository/Category/EditCategory/choose_higher_category_edit' is clicked on

2018-11-09 10:07:17 - [MESSAGE][PASSED] - Object: 'Object Repository/Category/EditCategory/choose_higher_category_edit' is clicked on

2018-11-09 10:07:17 - [TEST_STEP][PASSED] - Statement - java.lang.Thread.sleep(2000): null

2018-11-09 10:07:19 - [TEST_STEP][PASSED] - setText: Text 'Chỉnh sửa chủ đề' is set on object 'Object Repository/Category/AddCategory/input_category_content'

2018-11-09 10:07:19 - [MESSAGE][PASSED] - Text 'Chỉnh sửa chủ đề' is set on object 'Object Repository/Category/AddCategory/input_category_content'

2018-11-09 10:07:19 - [TEST_STEP][PASSED] - Statement - java.lang.Thread.sleep(2000): null

2018-11-09 10:07:21 - [TEST_STEP][PASSED] - click: Object: 'Object Repository/Category/AddCategory/button_save_category' is clicked on

2018-11-09 10:07:21 - [MESSAGE][PASSED] - Object: 'Object Repository/Category/AddCategory/button_save_category' is clicked on

2018-11-09 10:07:21 - [TEST_STEP][PASSED] - Statement - java.lang.Thread.sleep(2000): null

2018-11-09 10:07:23 - [TEST_STEP][PASSED] - setText: Text 'Chủ đề tạo từ katalon chỉnh sửa' is set on object 'Object Repository/Category/input_search_category'

2018-11-09 10:07:23 - [MESSAGE][PASSED] - Text 'Chủ đề tạo từ katalon chỉnh sửa' is set on object 'Object Repository/Category/input_search_category'

2018-11-09 10:07:23 - [TEST_STEP][PASSED] - Statement - java.lang.Thread.sleep(2000): null

2018-11-09 10:07:25 - [TEST_STEP][PASSED] - verifyTextPresent: Text 'Chủ đề tạo từ katalon chỉnh sửa' is present on page 

2018-11-09 10:07:26 - [MESSAGE][PASSED] - Text 'Chủ đề tạo từ katalon chỉnh sửa' is present on page]]></system-out>
         <system-err><![CDATA[]]></system-err>
      </testcase>
      <testcase name="Test Cases/Category/DeleteCategory" classname="Test Cases/Category/DeleteCategory" status="PASSED">
         <system-out><![CDATA[2018-11-09 10:07:26 - [TEST_CASE][PASSED] - Test Cases/Category/DeleteCategory: Test Cases/Category/DeleteCategory

2018-11-09 10:07:26 - [TEST_STEP][PASSED] - Statement - java.lang.Thread.sleep(2000): null

2018-11-09 10:07:28 - [TEST_STEP][PASSED] - setText: Text 'Chủ đề tạo từ katalon chỉnh sửa' is set on object 'Object Repository/Category/input_search_category'

2018-11-09 10:07:28 - [MESSAGE][PASSED] - Text 'Chủ đề tạo từ katalon chỉnh sửa' is set on object 'Object Repository/Category/input_search_category'

2018-11-09 10:07:28 - [TEST_STEP][PASSED] - Statement - java.lang.Thread.sleep(2000): null

2018-11-09 10:07:30 - [TEST_STEP][PASSED] - click: Object: 'Object Repository/Category/icon_delete_category' is clicked on

2018-11-09 10:07:30 - [MESSAGE][PASSED] - Object: 'Object Repository/Category/icon_delete_category' is clicked on

2018-11-09 10:07:30 - [TEST_STEP][PASSED] - Statement - java.lang.Thread.sleep(2000): null

2018-11-09 10:07:32 - [TEST_STEP][PASSED] - click: Object: 'Object Repository/Category/button_confirm_delete_category' is clicked on

2018-11-09 10:07:32 - [MESSAGE][PASSED] - Object: 'Object Repository/Category/button_confirm_delete_category' is clicked on

2018-11-09 10:07:32 - [TEST_STEP][PASSED] - Statement - java.lang.Thread.sleep(2000): null

2018-11-09 10:07:34 - [TEST_STEP][PASSED] - setText: Text 'Chủ đề tạo từ katalon chỉnh sửa' is set on object 'Object Repository/Category/input_search_category'

2018-11-09 10:07:35 - [MESSAGE][PASSED] - Text 'Chủ đề tạo từ katalon chỉnh sửa' is set on object 'Object Repository/Category/input_search_category'

2018-11-09 10:07:35 - [TEST_STEP][PASSED] - Statement - java.lang.Thread.sleep(2000): null

2018-11-09 10:07:37 - [TEST_STEP][PASSED] - verifyTextNotPresent: Text 'Chủ đề tạo từ katalon chỉnh sửa' is not present on page

2018-11-09 10:07:37 - [MESSAGE][PASSED] - Text 'Chủ đề tạo từ katalon chỉnh sửa' is not present on page]]></system-out>
         <system-err><![CDATA[]]></system-err>
      </testcase>
      <testcase name="Test Cases/Category/AssignCouseAndUser" classname="Test Cases/Category/AssignCouseAndUser" status="FAILED">
         <failure type="FAILED" message="Unable to click on object 'Object Repository/Category/EditCategory/button_cancel_save_assign_course' (Root cause: com.kms.katalon.core.webui.exception.WebElementNotFoundException: Web element with id: 'Object Repository/Category/EditCategory/button_cancel_save_assign_course' located by 'By.xpath: //*[(text() = 'Hủy' or . = 'Hủy')]' not found)"/>
         <system-out><![CDATA[2018-11-09 10:07:37 - [TEST_CASE][FAILED] - Test Cases/Category/AssignCouseAndUser: Test Cases/Category/AssignCouseAndUser FAILED because (of) Unable to click on object 'Object Repository/Category/EditCategory/button_cancel_save_assign_course' (Root cause: com.kms.katalon.core.webui.exception.WebElementNotFoundException: Web element with id: 'Object Repository/Category/EditCategory/button_cancel_save_assign_course' located by 'By.xpath: //*[(text() = 'Hủy' or . = 'Hủy')]' not found)

2018-11-09 10:07:37 - [TEST_STEP][PASSED] - Statement - java.lang.Thread.sleep(2000): null

2018-11-09 10:07:39 - [TEST_STEP][PASSED] - setText: Text 'Xóa chủ đề' is set on object 'Object Repository/Category/input_search_category'

2018-11-09 10:07:39 - [MESSAGE][PASSED] - Text 'Xóa chủ đề' is set on object 'Object Repository/Category/input_search_category'

2018-11-09 10:07:39 - [TEST_STEP][PASSED] - Statement - java.lang.Thread.sleep(2000): null

2018-11-09 10:07:41 - [TEST_STEP][PASSED] - click: Object: 'Object Repository/Category/icon_edit_category' is clicked on

2018-11-09 10:07:43 - [MESSAGE][PASSED] - Object: 'Object Repository/Category/icon_edit_category' is clicked on

2018-11-09 10:07:43 - [TEST_STEP][PASSED] - Statement - java.lang.Thread.sleep(2000): null

2018-11-09 10:07:45 - [TEST_STEP][PASSED] - click: Object: 'Object Repository/Category/EditCategory/tab_course' is clicked on

2018-11-09 10:07:45 - [MESSAGE][PASSED] - Object: 'Object Repository/Category/EditCategory/tab_course' is clicked on

2018-11-09 10:07:45 - [TEST_STEP][PASSED] - Statement - java.lang.Thread.sleep(2000): null

2018-11-09 10:07:47 - [TEST_STEP][PASSED] - scrollToPosition: Browser is scrolled to position x = 190, y = 200

2018-11-09 10:07:47 - [MESSAGE][PASSED] - Browser is scrolled to position x = 190, y = 200

2018-11-09 10:07:47 - [TEST_STEP][PASSED] - Statement - java.lang.Thread.sleep(2000): null

2018-11-09 10:07:49 - [TEST_STEP][FAILED] - click: Unable to click on object 'Object Repository/Category/EditCategory/button_cancel_save_assign_course' (Root cause: com.kms.katalon.core.webui.exception.WebElementNotFoundException: Web element with id: 'Object Repository/Category/EditCategory/button_cancel_save_assign_course' located by 'By.xpath: //*[(text() = 'Hủy' or . = 'Hủy')]' not found)

2018-11-09 10:08:20 - [MESSAGE][FAILED] - Unable to click on object 'Object Repository/Category/EditCategory/button_cancel_save_assign_course' (Root cause: com.kms.katalon.core.webui.exception.WebElementNotFoundException: Web element with id: 'Object Repository/Category/EditCategory/button_cancel_save_assign_course' located by 'By.xpath: //*[(text() = 'Hủy' or . = 'Hủy')]' not found)
[[ATTACHMENT|C:\\Users\\buithan\\git\\katalon-cls-project\\Reports\\Category\\20181109_100619\\1541732899893.png]]]]></system-out>
         <system-err><![CDATA[2018-11-09 10:07:37 - [TEST_CASE][FAILED] - Test Cases/Category/AssignCouseAndUser: Test Cases/Category/AssignCouseAndUser FAILED because (of) Unable to click on object 'Object Repository/Category/EditCategory/button_cancel_save_assign_course' (Root cause: com.kms.katalon.core.webui.exception.WebElementNotFoundException: Web element with id: 'Object Repository/Category/EditCategory/button_cancel_save_assign_course' located by 'By.xpath: //*[(text() = 'Hủy' or . = 'Hủy')]' not found)]]></system-err>
      </testcase>
      <system-out><![CDATA[2018-11-09 10:06:21 - [TEST_SUITE][FAILED] - Category: Test Cases/Category/AssignCouseAndUser FAILED because (of) Unable to click on object 'Object Repository/Category/EditCategory/button_cancel_save_assign_course' (Root cause: com.kms.katalon.core.webui.exception.WebElementNotFoundException: Web element with id: 'Object Repository/Category/EditCategory/button_cancel_save_assign_course' located by 'By.xpath: //*[(text() = 'Hủy' or . = 'Hủy')]' not found)]]></system-out>
      <system-err><![CDATA[2018-11-09 10:06:21 - [TEST_SUITE][FAILED] - Category: Test Cases/Category/AssignCouseAndUser FAILED because (of) Unable to click on object 'Object Repository/Category/EditCategory/button_cancel_save_assign_course' (Root cause: com.kms.katalon.core.webui.exception.WebElementNotFoundException: Web element with id: 'Object Repository/Category/EditCategory/button_cancel_save_assign_course' located by 'By.xpath: //*[(text() = 'Hủy' or . = 'Hủy')]' not found)]]></system-err>
   </testsuite>
</testsuites>
