<?xml version="1.0" encoding="UTF-8"?>
<testsuites name="Category" time="115" tests="4" failures="0" errors="0">
   <testsuite name="Category" tests="4" failures="0" errors="0" time="115" timestamp="2018-11-09 08:55:06" hostname="buithan - DESKTOP-9IOQSG7" id="Test Suites/Category">
      <properties>
         <property name="deviceName" value=""/>
         <property name="devicePlatform" value=""/>
         <property name="logFolder" value="C:\\Users\\buithan\\git\\katalon-cls-project\\Reports\\Category\\20181109_085504"/>
         <property name="logFiles" value="C:\\Users\\buithan\\git\\katalon-cls-project\\Reports\\Category\\20181109_085504\\execution0.log"/>
         <property name="attachments" value=""/>
         <property name="hostName" value="buithan - DESKTOP-9IOQSG7"/>
         <property name="os" value="Windows 10 64bit"/>
         <property name="katalonVersion" value="5.4.1.1"/>
         <property name="browser" value="Chrome 70.0.3538.77"/>
         <property name="hostAddress" value="192.168.1.142"/>
         <property name="sessionId" value="00462a382b5c6cc8062bac1239319207"/>
         <property name="seleniumVersion" value="3.7.1"/>
         <property name="proxyInformation" value="ProxyInformation{proxyOption=NO_PROXY, proxyServerType=HTTP, password=, proxyServerAddress=, proxyServerPort=0}"/>
         <property name="platform" value="Windows 10"/>
      </properties>
      <testcase name="Test Cases/Category/AddCategory" classname="Test Cases/Category/AddCategory" status="PASSED">
         <system-out><![CDATA[2018-11-09 08:55:07 - [TEST_CASE][PASSED] - Test Cases/Category/AddCategory: Test Cases/Category/AddCategory

2018-11-09 08:55:07 - [TEST_STEP][PASSED] - callTestCase: Call Test Case 'Test Cases/Authentication/Login1' successfully

2018-11-09 08:55:07 - [TEST_CASE][PASSED] - Test Cases/Authentication/Login1: Test Cases/Authentication/Login1

2018-11-09 08:55:07 - [TEST_STEP][PASSED] - openBrowser: Browser is opened with url: ''

2018-11-09 08:55:11 - [MESSAGE][PASSED] - Browser is opened with url: ''

2018-11-09 08:55:11 - [TEST_STEP][PASSED] - navigateToUrl: Navigate to 'https://ntmtien.cls.vn/account/login' successfully

2018-11-09 08:55:13 - [MESSAGE][PASSED] - Navigate to 'https://ntmtien.cls.vn/account/login' successfully

2018-11-09 08:55:13 - [TEST_STEP][PASSED] - setText: Text 'admin1' is set on object 'Object Repository/Authentincation/Login/Page Login/input_UserName'

2018-11-09 08:55:13 - [MESSAGE][PASSED] - Text 'admin1' is set on object 'Object Repository/Authentincation/Login/Page Login/input_UserName'

2018-11-09 08:55:13 - [TEST_STEP][PASSED] - setText: Text '123456' is set on object 'Object Repository/Authentincation/Login/Page Login/input_Password'

2018-11-09 08:55:13 - [MESSAGE][PASSED] - Text '123456' is set on object 'Object Repository/Authentincation/Login/Page Login/input_Password'

2018-11-09 08:55:13 - [TEST_STEP][PASSED] - click: Object: 'Object Repository/Authentincation/Login/Page Login/button_login' is clicked on

2018-11-09 08:55:13 - [MESSAGE][PASSED] - Object: 'Object Repository/Authentincation/Login/Page Login/button_login' is clicked on

2018-11-09 08:55:13 - [MESSAGE][PASSED] - Call Test Case 'Test Cases/Authentication/Login1' successfully

2018-11-09 08:55:13 - [TEST_STEP][PASSED] - click: Object: 'Object Repository/Administrator/div_modun_category' is clicked on

2018-11-09 08:55:18 - [MESSAGE][PASSED] - Object: 'Object Repository/Administrator/div_modun_category' is clicked on

2018-11-09 08:55:18 - [TEST_STEP][PASSED] - Statement - java.lang.Thread.sleep(2000): null

2018-11-09 08:55:20 - [TEST_STEP][PASSED] - click: Object: 'Object Repository/Category/button_add_category' is clicked on

2018-11-09 08:55:20 - [MESSAGE][PASSED] - Object: 'Object Repository/Category/button_add_category' is clicked on

2018-11-09 08:55:20 - [TEST_STEP][PASSED] - Statement - java.lang.Thread.sleep(2000): null

2018-11-09 08:55:22 - [TEST_STEP][PASSED] - setText: Text 'Chủ đề tạo từ katalon' is set on object 'Object Repository/Category/AddCategory/input_category_name'

2018-11-09 08:55:22 - [MESSAGE][PASSED] - Text 'Chủ đề tạo từ katalon' is set on object 'Object Repository/Category/AddCategory/input_category_name'

2018-11-09 08:55:22 - [TEST_STEP][PASSED] - Statement - java.lang.Thread.sleep(2000): null

2018-11-09 08:55:24 - [TEST_STEP][PASSED] - click: Object: 'Object Repository/Category/AddCategory/selectbox_list_category' is clicked on

2018-11-09 08:55:24 - [MESSAGE][PASSED] - Object: 'Object Repository/Category/AddCategory/selectbox_list_category' is clicked on

2018-11-09 08:55:24 - [TEST_STEP][PASSED] - Statement - java.lang.Thread.sleep(2000): null

2018-11-09 08:55:26 - [TEST_STEP][PASSED] - click: Object: 'Object Repository/Category/AddCategory/choose_higher_category' is clicked on

2018-11-09 08:55:26 - [MESSAGE][PASSED] - Object: 'Object Repository/Category/AddCategory/choose_higher_category' is clicked on

2018-11-09 08:55:26 - [TEST_STEP][PASSED] - Statement - java.lang.Thread.sleep(2000): null

2018-11-09 08:55:28 - [TEST_STEP][PASSED] - setText: Text 'Nội dung của chủ đề' is set on object 'Object Repository/Category/AddCategory/input_category_content'

2018-11-09 08:55:28 - [MESSAGE][PASSED] - Text 'Nội dung của chủ đề' is set on object 'Object Repository/Category/AddCategory/input_category_content'

2018-11-09 08:55:28 - [TEST_STEP][PASSED] - Statement - java.lang.Thread.sleep(2000): null

2018-11-09 08:55:30 - [TEST_STEP][PASSED] - click: Object: 'Object Repository/Category/AddCategory/button_save_category' is clicked on

2018-11-09 08:55:30 - [MESSAGE][PASSED] - Object: 'Object Repository/Category/AddCategory/button_save_category' is clicked on

2018-11-09 08:55:30 - [TEST_STEP][PASSED] - Statement - java.lang.Thread.sleep(2000): null

2018-11-09 08:55:32 - [TEST_STEP][PASSED] - setText: Text 'Chủ đề tạo từ katalon' is set on object 'Object Repository/Category/input_search_category'

2018-11-09 08:55:33 - [MESSAGE][PASSED] - Text 'Chủ đề tạo từ katalon' is set on object 'Object Repository/Category/input_search_category'

2018-11-09 08:55:33 - [TEST_STEP][PASSED] - Statement - java.lang.Thread.sleep(2000): null

2018-11-09 08:55:35 - [TEST_STEP][PASSED] - verifyTextPresent: Text 'Chủ đề tạo từ katalon' is present on page 

2018-11-09 08:55:35 - [MESSAGE][PASSED] - Text 'Chủ đề tạo từ katalon' is present on page 

2018-11-09 08:55:35 - [TEST_STEP][PASSED] - Statement - java.lang.Thread.sleep(2000): null]]></system-out>
         <system-err><![CDATA[]]></system-err>
      </testcase>
      <testcase name="Test Cases/Category/EditCategory" classname="Test Cases/Category/EditCategory" status="PASSED">
         <system-out><![CDATA[2018-11-09 08:55:37 - [TEST_CASE][PASSED] - Test Cases/Category/EditCategory: Test Cases/Category/EditCategory

2018-11-09 08:55:37 - [TEST_STEP][PASSED] - Statement - java.lang.Thread.sleep(2000): null

2018-11-09 08:55:39 - [TEST_STEP][PASSED] - setText: Text 'Chủ đề tạo từ katalon' is set on object 'Object Repository/Category/input_search_category'

2018-11-09 08:55:39 - [MESSAGE][PASSED] - Text 'Chủ đề tạo từ katalon' is set on object 'Object Repository/Category/input_search_category'

2018-11-09 08:55:39 - [TEST_STEP][PASSED] - Statement - java.lang.Thread.sleep(2000): null

2018-11-09 08:55:41 - [TEST_STEP][PASSED] - click: Object: 'Object Repository/Category/icon_edit_category' is clicked on

2018-11-09 08:55:42 - [MESSAGE][PASSED] - Object: 'Object Repository/Category/icon_edit_category' is clicked on

2018-11-09 08:55:42 - [TEST_STEP][PASSED] - Statement - java.lang.Thread.sleep(2000): null

2018-11-09 08:55:44 - [TEST_STEP][PASSED] - setText: Text 'Chủ đề tạo từ katalon chỉnh sửa' is set on object 'Object Repository/Category/AddCategory/input_category_name'

2018-11-09 08:55:44 - [MESSAGE][PASSED] - Text 'Chủ đề tạo từ katalon chỉnh sửa' is set on object 'Object Repository/Category/AddCategory/input_category_name'

2018-11-09 08:55:44 - [TEST_STEP][PASSED] - Statement - java.lang.Thread.sleep(2000): null

2018-11-09 08:55:46 - [TEST_STEP][PASSED] - click: Object: 'Object Repository/Category/AddCategory/selectbox_list_category' is clicked on

2018-11-09 08:55:47 - [MESSAGE][PASSED] - Object: 'Object Repository/Category/AddCategory/selectbox_list_category' is clicked on

2018-11-09 08:55:47 - [TEST_STEP][PASSED] - Statement - java.lang.Thread.sleep(2000): null

2018-11-09 08:55:49 - [TEST_STEP][PASSED] - click: Object: 'Object Repository/Category/EditCategory/choose_higher_category_edit' is clicked on

2018-11-09 08:55:49 - [MESSAGE][PASSED] - Object: 'Object Repository/Category/EditCategory/choose_higher_category_edit' is clicked on

2018-11-09 08:55:49 - [TEST_STEP][PASSED] - Statement - java.lang.Thread.sleep(2000): null

2018-11-09 08:55:51 - [TEST_STEP][PASSED] - setText: Text 'Chỉnh sửa chủ đề' is set on object 'Object Repository/Category/AddCategory/input_category_content'

2018-11-09 08:55:51 - [MESSAGE][PASSED] - Text 'Chỉnh sửa chủ đề' is set on object 'Object Repository/Category/AddCategory/input_category_content'

2018-11-09 08:55:51 - [TEST_STEP][PASSED] - Statement - java.lang.Thread.sleep(2000): null

2018-11-09 08:55:53 - [TEST_STEP][PASSED] - click: Object: 'Object Repository/Category/AddCategory/button_save_category' is clicked on

2018-11-09 08:55:53 - [MESSAGE][PASSED] - Object: 'Object Repository/Category/AddCategory/button_save_category' is clicked on

2018-11-09 08:55:53 - [TEST_STEP][PASSED] - Statement - java.lang.Thread.sleep(2000): null

2018-11-09 08:55:55 - [TEST_STEP][PASSED] - setText: Text 'Chủ đề tạo từ katalon chỉnh sửa' is set on object 'Object Repository/Category/input_search_category'

2018-11-09 08:55:56 - [MESSAGE][PASSED] - Text 'Chủ đề tạo từ katalon chỉnh sửa' is set on object 'Object Repository/Category/input_search_category'

2018-11-09 08:55:56 - [TEST_STEP][PASSED] - Statement - java.lang.Thread.sleep(2000): null

2018-11-09 08:55:58 - [TEST_STEP][PASSED] - verifyTextPresent: Text 'Chủ đề tạo từ katalon chỉnh sửa' is present on page 

2018-11-09 08:55:58 - [MESSAGE][PASSED] - Text 'Chủ đề tạo từ katalon chỉnh sửa' is present on page]]></system-out>
         <system-err><![CDATA[]]></system-err>
      </testcase>
      <testcase name="Test Cases/Category/DeleteCategory" classname="Test Cases/Category/DeleteCategory" status="PASSED">
         <system-out><![CDATA[2018-11-09 08:55:58 - [TEST_CASE][PASSED] - Test Cases/Category/DeleteCategory: Test Cases/Category/DeleteCategory

2018-11-09 08:55:58 - [TEST_STEP][PASSED] - Statement - java.lang.Thread.sleep(2000): null

2018-11-09 08:56:00 - [TEST_STEP][PASSED] - setText: Text 'Chủ đề tạo từ katalon chỉnh sửa' is set on object 'Object Repository/Category/input_search_category'

2018-11-09 08:56:00 - [MESSAGE][PASSED] - Text 'Chủ đề tạo từ katalon chỉnh sửa' is set on object 'Object Repository/Category/input_search_category'

2018-11-09 08:56:00 - [TEST_STEP][PASSED] - Statement - java.lang.Thread.sleep(2000): null

2018-11-09 08:56:02 - [TEST_STEP][PASSED] - click: Object: 'Object Repository/Category/icon_delete_category' is clicked on

2018-11-09 08:56:02 - [MESSAGE][PASSED] - Object: 'Object Repository/Category/icon_delete_category' is clicked on

2018-11-09 08:56:02 - [TEST_STEP][PASSED] - Statement - java.lang.Thread.sleep(2000): null

2018-11-09 08:56:04 - [TEST_STEP][PASSED] - click: Object: 'Object Repository/Category/button_confirm_delete_category' is clicked on

2018-11-09 08:56:04 - [MESSAGE][PASSED] - Object: 'Object Repository/Category/button_confirm_delete_category' is clicked on

2018-11-09 08:56:04 - [TEST_STEP][PASSED] - Statement - java.lang.Thread.sleep(2000): null

2018-11-09 08:56:06 - [TEST_STEP][PASSED] - setText: Text 'Chủ đề tạo từ katalon chỉnh sửa' is set on object 'Object Repository/Category/input_search_category'

2018-11-09 08:56:07 - [MESSAGE][PASSED] - Text 'Chủ đề tạo từ katalon chỉnh sửa' is set on object 'Object Repository/Category/input_search_category'

2018-11-09 08:56:07 - [TEST_STEP][PASSED] - Statement - java.lang.Thread.sleep(2000): null

2018-11-09 08:56:09 - [TEST_STEP][PASSED] - verifyTextNotPresent: Text 'Chủ đề tạo từ katalon chỉnh sửa' is not present on page

2018-11-09 08:56:09 - [MESSAGE][PASSED] - Text 'Chủ đề tạo từ katalon chỉnh sửa' is not present on page]]></system-out>
         <system-err><![CDATA[]]></system-err>
      </testcase>
      <testcase name="Test Cases/Category/AssignCouseAndUser" classname="Test Cases/Category/AssignCouseAndUser" status="PASSED">
         <system-out><![CDATA[2018-11-09 08:56:09 - [TEST_CASE][PASSED] - Test Cases/Category/AssignCouseAndUser: Test Cases/Category/AssignCouseAndUser

2018-11-09 08:56:09 - [TEST_STEP][PASSED] - Statement - java.lang.Thread.sleep(2000): null

2018-11-09 08:56:11 - [TEST_STEP][PASSED] - setText: Text 'Xóa chủ đề' is set on object 'Object Repository/Category/input_search_category'

2018-11-09 08:56:11 - [MESSAGE][PASSED] - Text 'Xóa chủ đề' is set on object 'Object Repository/Category/input_search_category'

2018-11-09 08:56:11 - [TEST_STEP][PASSED] - Statement - java.lang.Thread.sleep(2000): null

2018-11-09 08:56:13 - [TEST_STEP][PASSED] - click: Object: 'Object Repository/Category/icon_edit_category' is clicked on

2018-11-09 08:56:14 - [MESSAGE][PASSED] - Object: 'Object Repository/Category/icon_edit_category' is clicked on

2018-11-09 08:56:14 - [TEST_STEP][PASSED] - Statement - java.lang.Thread.sleep(2000): null

2018-11-09 08:56:16 - [TEST_STEP][PASSED] - click: Object: 'Object Repository/Category/EditCategory/tab_course' is clicked on

2018-11-09 08:56:16 - [MESSAGE][PASSED] - Object: 'Object Repository/Category/EditCategory/tab_course' is clicked on

2018-11-09 08:56:16 - [TEST_STEP][PASSED] - Statement - java.lang.Thread.sleep(2000): null

2018-11-09 08:56:18 - [TEST_STEP][PASSED] - setText: Text '123456' is set on object 'Object Repository/Category/EditCategory/input_seach_course'

2018-11-09 08:56:19 - [MESSAGE][PASSED] - Text '123456' is set on object 'Object Repository/Category/EditCategory/input_seach_course'

2018-11-09 08:56:19 - [TEST_STEP][PASSED] - Statement - java.lang.Thread.sleep(2000): null

2018-11-09 08:56:21 - [TEST_STEP][PASSED] - click: Object: 'Object Repository/Category/EditCategory/checkbox_course' is clicked on

2018-11-09 08:56:21 - [MESSAGE][PASSED] - Object: 'Object Repository/Category/EditCategory/checkbox_course' is clicked on

2018-11-09 08:56:21 - [TEST_STEP][PASSED] - Statement - java.lang.Thread.sleep(2000): null

2018-11-09 08:56:23 - [TEST_STEP][PASSED] - click: Object: 'Object Repository/Category/EditCategory/button_save_assign_course' is clicked on

2018-11-09 08:56:23 - [MESSAGE][PASSED] - Object: 'Object Repository/Category/EditCategory/button_save_assign_course' is clicked on

2018-11-09 08:56:23 - [TEST_STEP][PASSED] - Statement - java.lang.Thread.sleep(2000): null

2018-11-09 08:56:25 - [TEST_STEP][PASSED] - click: Object: 'Object Repository/Category/EditCategory/tab_user' is clicked on

2018-11-09 08:56:25 - [MESSAGE][PASSED] - Object: 'Object Repository/Category/EditCategory/tab_user' is clicked on

2018-11-09 08:56:25 - [TEST_STEP][PASSED] - Statement - java.lang.Thread.sleep(2000): null

2018-11-09 08:56:27 - [TEST_STEP][PASSED] - setText: Text 'user3' is set on object 'Object Repository/Category/EditCategory/input_search_user'

2018-11-09 08:56:27 - [MESSAGE][PASSED] - Text 'user3' is set on object 'Object Repository/Category/EditCategory/input_search_user'

2018-11-09 08:56:27 - [TEST_STEP][PASSED] - Statement - java.lang.Thread.sleep(2000): null

2018-11-09 08:56:29 - [TEST_STEP][PASSED] - click: Object: 'Object Repository/Category/EditCategory/checkbox_user' is clicked on

2018-11-09 08:56:29 - [MESSAGE][PASSED] - Object: 'Object Repository/Category/EditCategory/checkbox_user' is clicked on

2018-11-09 08:56:29 - [TEST_STEP][PASSED] - Statement - java.lang.Thread.sleep(2000): null

2018-11-09 08:56:31 - [TEST_STEP][PASSED] - click: Object: 'Object Repository/Category/EditCategory/button_save_assign_user' is clicked on

2018-11-09 08:56:31 - [MESSAGE][PASSED] - Object: 'Object Repository/Category/EditCategory/button_save_assign_user' is clicked on

2018-11-09 08:56:31 - [TEST_STEP][PASSED] - Statement - java.lang.Thread.sleep(2000): null

2018-11-09 08:56:33 - [TEST_STEP][PASSED] - click: Object: 'Object Repository/Category/EditCategory/tab_info' is clicked on

2018-11-09 08:56:33 - [MESSAGE][PASSED] - Object: 'Object Repository/Category/EditCategory/tab_info' is clicked on

2018-11-09 08:56:33 - [TEST_STEP][PASSED] - Statement - java.lang.Thread.sleep(2000): null

2018-11-09 08:56:35 - [TEST_STEP][PASSED] - click: Object: 'Object Repository/Category/AddCategory/button_save_category' is clicked on

2018-11-09 08:56:35 - [MESSAGE][PASSED] - Object: 'Object Repository/Category/AddCategory/button_save_category' is clicked on

2018-11-09 08:56:35 - [TEST_STEP][PASSED] - Statement - java.lang.Thread.sleep(2000): null

2018-11-09 08:56:37 - [TEST_STEP][PASSED] - setText: Text 'Xóa chủ đề' is set on object 'Object Repository/Category/input_search_category'

2018-11-09 08:56:38 - [MESSAGE][PASSED] - Text 'Xóa chủ đề' is set on object 'Object Repository/Category/input_search_category'

2018-11-09 08:56:38 - [TEST_STEP][PASSED] - Statement - java.lang.Thread.sleep(2000): null

2018-11-09 08:56:40 - [TEST_STEP][PASSED] - click: Object: 'Object Repository/Category/checkbox_all_category' is clicked on

2018-11-09 08:56:40 - [MESSAGE][PASSED] - Object: 'Object Repository/Category/checkbox_all_category' is clicked on

2018-11-09 08:56:40 - [TEST_STEP][PASSED] - Statement - java.lang.Thread.sleep(2000): null

2018-11-09 08:56:42 - [TEST_STEP][PASSED] - click: Object: 'Object Repository/Category/button_delete_all_category' is clicked on

2018-11-09 08:56:42 - [MESSAGE][PASSED] - Object: 'Object Repository/Category/button_delete_all_category' is clicked on

2018-11-09 08:56:42 - [TEST_STEP][PASSED] - Statement - java.lang.Thread.sleep(2000): null

2018-11-09 08:56:44 - [TEST_STEP][PASSED] - click: Object: 'Object Repository/Category/button_confirm_delete_category' is clicked on

2018-11-09 08:56:44 - [MESSAGE][PASSED] - Object: 'Object Repository/Category/button_confirm_delete_category' is clicked on

2018-11-09 08:56:44 - [TEST_STEP][PASSED] - Statement - java.lang.Thread.sleep(4000): null

2018-11-09 08:56:48 - [TEST_STEP][PASSED] - click: Object: 'Object Repository/Category/icon_close_alert' is clicked on

2018-11-09 08:56:48 - [MESSAGE][PASSED] - Object: 'Object Repository/Category/icon_close_alert' is clicked on

2018-11-09 08:56:48 - [TEST_STEP][PASSED] - Statement - java.lang.Thread.sleep(2000): null

2018-11-09 08:56:50 - [TEST_STEP][PASSED] - setText: Text 'Xóa chủ đề' is set on object 'Object Repository/Category/input_search_category'

2018-11-09 08:56:50 - [MESSAGE][PASSED] - Text 'Xóa chủ đề' is set on object 'Object Repository/Category/input_search_category'

2018-11-09 08:56:50 - [TEST_STEP][PASSED] - Statement - java.lang.Thread.sleep(2000): null

2018-11-09 08:56:52 - [TEST_STEP][PASSED] - verifyTextNotPresent: Text 'Xóa chủ đề' is not present on page

2018-11-09 08:56:52 - [MESSAGE][PASSED] - Text 'Xóa chủ đề' is not present on page

2018-11-09 08:56:52 - [TEST_STEP][PASSED] - Statement - java.lang.Thread.sleep(2000): null

2018-11-09 08:56:54 - [TEST_STEP][PASSED] - click: Object: 'Object Repository/Category/button_add_category' is clicked on

2018-11-09 08:56:54 - [MESSAGE][PASSED] - Object: 'Object Repository/Category/button_add_category' is clicked on

2018-11-09 08:56:54 - [TEST_STEP][PASSED] - Statement - java.lang.Thread.sleep(2000): null

2018-11-09 08:56:56 - [TEST_STEP][PASSED] - setText: Text 'Xóa chủ đề' is set on object 'Object Repository/Category/AddCategory/input_category_name'

2018-11-09 08:56:57 - [MESSAGE][PASSED] - Text 'Xóa chủ đề' is set on object 'Object Repository/Category/AddCategory/input_category_name'

2018-11-09 08:56:57 - [TEST_STEP][PASSED] - Statement - java.lang.Thread.sleep(2000): null

2018-11-09 08:56:59 - [TEST_STEP][PASSED] - click: Object: 'Object Repository/Category/AddCategory/button_save_category' is clicked on

2018-11-09 08:56:59 - [MESSAGE][PASSED] - Object: 'Object Repository/Category/AddCategory/button_save_category' is clicked on

2018-11-09 08:56:59 - [TEST_STEP][PASSED] - Statement - java.lang.Thread.sleep(2000): null]]></system-out>
         <system-err><![CDATA[]]></system-err>
      </testcase>
      <system-out><![CDATA[2018-11-09 08:55:06 - [TEST_SUITE][PASSED] - Category: Test Cases/Category/AssignCouseAndUser]]></system-out>
      <system-err><![CDATA[]]></system-err>
   </testsuite>
</testsuites>
