<?xml version="1.0" encoding="UTF-8"?>
<testsuites name="Course" time="440" tests="16" failures="1" errors="0">
   <testsuite name="Course" tests="16" failures="1" errors="0" time="440" timestamp="2018-11-05 09:15:19" hostname="buithan - DESKTOP-9IOQSG7" id="Test Suites/Course">
      <properties>
         <property name="deviceName" value=""/>
         <property name="devicePlatform" value=""/>
         <property name="logFolder" value="C:\\Users\\buithan\\git\\katalon-cls-project\\Reports\\Course\\20181105_091517"/>
         <property name="logFiles" value="C:\\Users\\buithan\\git\\katalon-cls-project\\Reports\\Course\\20181105_091517\\execution0.log"/>
         <property name="attachments" value="C:\\Users\\buithan\\git\\katalon-cls-project\\Reports\\Course\\20181105_091517\\1541384538392.png"/>
         <property name="hostName" value="buithan - DESKTOP-9IOQSG7"/>
         <property name="os" value="Windows 10 64bit"/>
         <property name="katalonVersion" value="5.4.1.1"/>
         <property name="browser" value="Chrome 70.0.3538.77"/>
         <property name="hostAddress" value="192.168.1.142"/>
         <property name="sessionId" value="510a132f4caa708647da5921ea99967d"/>
         <property name="seleniumVersion" value="3.7.1"/>
         <property name="proxyInformation" value="ProxyInformation{proxyOption=NO_PROXY, proxyServerType=HTTP, password=, proxyServerAddress=, proxyServerPort=0}"/>
         <property name="platform" value="Windows 10"/>
      </properties>
      <testcase name="Test Cases/Course/AddCourse" classname="Test Cases/Course/AddCourse" status="PASSED">
         <system-out><![CDATA[2018-11-05 09:15:20 - [TEST_CASE][PASSED] - Test Cases/Course/AddCourse: Test Cases/Course/AddCourse

2018-11-05 09:15:20 - [TEST_STEP][PASSED] - callTestCase: Call Test Case 'Test Cases/Authentication/Login1' successfully

2018-11-05 09:15:20 - [TEST_CASE][PASSED] - Test Cases/Authentication/Login1: Test Cases/Authentication/Login1

2018-11-05 09:15:21 - [TEST_STEP][PASSED] - openBrowser: Browser is opened with url: ''

2018-11-05 09:15:25 - [MESSAGE][PASSED] - Browser is opened with url: ''

2018-11-05 09:15:25 - [TEST_STEP][PASSED] - navigateToUrl: Navigate to 'https://ntmtien.cls.vn/account/login' successfully

2018-11-05 09:15:26 - [MESSAGE][PASSED] - Navigate to 'https://ntmtien.cls.vn/account/login' successfully

2018-11-05 09:15:26 - [TEST_STEP][PASSED] - setText: Text 'admin1' is set on object 'Object Repository/Authentincation/Login/Page Login/input_UserName'

2018-11-05 09:15:26 - [MESSAGE][PASSED] - Text 'admin1' is set on object 'Object Repository/Authentincation/Login/Page Login/input_UserName'

2018-11-05 09:15:26 - [TEST_STEP][PASSED] - setText: Text '123456' is set on object 'Object Repository/Authentincation/Login/Page Login/input_Password'

2018-11-05 09:15:27 - [MESSAGE][PASSED] - Text '123456' is set on object 'Object Repository/Authentincation/Login/Page Login/input_Password'

2018-11-05 09:15:27 - [TEST_STEP][PASSED] - click: Object: 'Object Repository/Authentincation/Login/Page Login/button_login' is clicked on

2018-11-05 09:15:27 - [MESSAGE][PASSED] - Object: 'Object Repository/Authentincation/Login/Page Login/button_login' is clicked on

2018-11-05 09:15:27 - [MESSAGE][PASSED] - Call Test Case 'Test Cases/Authentication/Login1' successfully

2018-11-05 09:15:27 - [TEST_STEP][PASSED] - click: Object: 'Object Repository/Administrator/div_modun_course' is clicked on

2018-11-05 09:15:32 - [MESSAGE][PASSED] - Object: 'Object Repository/Administrator/div_modun_course' is clicked on

2018-11-05 09:15:32 - [TEST_STEP][PASSED] - Statement - java.lang.Thread.sleep(2000): null

2018-11-05 09:15:34 - [TEST_STEP][PASSED] - click: Object: 'Object Repository/Course/Page Manage Course/addcourse/button_add_course' is clicked on

2018-11-05 09:15:34 - [MESSAGE][PASSED] - Object: 'Object Repository/Course/Page Manage Course/addcourse/button_add_course' is clicked on

2018-11-05 09:15:34 - [TEST_STEP][PASSED] - Statement - java.lang.Thread.sleep(2000): null

2018-11-05 09:15:36 - [TEST_STEP][PASSED] - setText: Text 'Khóa học tự động do thân tạo' is set on object 'Object Repository/Course/Page Manage Course/addcourse/Page_Qun l kha hc/input_TenKhoaHoc'

2018-11-05 09:15:36 - [MESSAGE][PASSED] - Text 'Khóa học tự động do thân tạo' is set on object 'Object Repository/Course/Page Manage Course/addcourse/Page_Qun l kha hc/input_TenKhoaHoc'

2018-11-05 09:15:36 - [TEST_STEP][PASSED] - Statement - java.lang.Thread.sleep(2000): null

2018-11-05 09:15:38 - [TEST_STEP][PASSED] - selectOptionByValue: All options with value '4' are selected in object 'Object Repository/Course/Page Manage Course/addcourse/Page_Qun l kha hc/select_La chn mc'  using regular expression

2018-11-05 09:15:39 - [MESSAGE][PASSED] - All options with value '4' are selected in object 'Object Repository/Course/Page Manage Course/addcourse/Page_Qun l kha hc/select_La chn mc'  using regular expression

2018-11-05 09:15:39 - [TEST_STEP][PASSED] - Statement - java.lang.Thread.sleep(2000): null

2018-11-05 09:15:41 - [TEST_STEP][PASSED] - Statement - driver = com.kms.katalon.core.webui.driver.DriverFactory.getWebDriver(): null

2018-11-05 09:15:41 - [TEST_STEP][PASSED] - Statement - js = driver: null

2018-11-05 09:15:41 - [TEST_STEP][PASSED] - Statement - js.executeScript("CKEDITOR.instances["GioiThieuKhoaHoc"].setData("<p>testContent</p>")"): null

2018-11-05 09:15:41 - [TEST_STEP][PASSED] - click: Object: 'Object Repository/Course/Page Manage Course/addcourse/Page_Qun l kha hc/input_saveCourse' is clicked on

2018-11-05 09:15:41 - [MESSAGE][PASSED] - Object: 'Object Repository/Course/Page Manage Course/addcourse/Page_Qun l kha hc/input_saveCourse' is clicked on]]></system-out>
         <system-err><![CDATA[]]></system-err>
      </testcase>
      <testcase name="Test Cases/Course/GoToContent" classname="Test Cases/Course/GoToContent" status="PASSED">
         <system-out><![CDATA[2018-11-05 09:15:41 - [TEST_CASE][PASSED] - Test Cases/Course/GoToContent: Test Cases/Course/GoToContent

2018-11-05 09:15:41 - [TEST_STEP][PASSED] - Statement - java.lang.Thread.sleep(4000): null

2018-11-05 09:15:45 - [TEST_STEP][PASSED] - setText: Text 'Khóa học tự động do thân tạo' is set on object 'Object Repository/Course/Page Manage Course/input_txtSearchBox'

2018-11-05 09:15:46 - [MESSAGE][PASSED] - Text 'Khóa học tự động do thân tạo' is set on object 'Object Repository/Course/Page Manage Course/input_txtSearchBox'

2018-11-05 09:15:46 - [TEST_STEP][PASSED] - Statement - java.lang.Thread.sleep(2000): null

2018-11-05 09:15:48 - [TEST_STEP][PASSED] - click: Object: 'Object Repository/Course/Page Manage Course/icon_detail_course' is clicked on

2018-11-05 09:15:49 - [MESSAGE][PASSED] - Object: 'Object Repository/Course/Page Manage Course/icon_detail_course' is clicked on

2018-11-05 09:15:49 - [TEST_STEP][PASSED] - Statement - java.lang.Thread.sleep(3000): null]]></system-out>
         <system-err><![CDATA[]]></system-err>
      </testcase>
      <testcase name="Test Cases/Course/Manage Content/Section/AddChuyenDe" classname="Test Cases/Course/Manage Content/Section/AddChuyenDe" status="PASSED">
         <system-out><![CDATA[2018-11-05 09:15:52 - [TEST_CASE][PASSED] - Test Cases/Course/Manage Content/Section/AddChuyenDe: Test Cases/Course/Manage Content/Section/AddChuyenDe

2018-11-05 09:15:52 - [TEST_STEP][PASSED] - Statement - java.lang.Thread.sleep(5000): null

2018-11-05 09:15:57 - [TEST_STEP][PASSED] - click: Object: 'Object Repository/Course/ManageContent/NameContent/span_select_list_content' is clicked on

2018-11-05 09:15:58 - [MESSAGE][PASSED] - Object: 'Object Repository/Course/ManageContent/NameContent/span_select_list_content' is clicked on

2018-11-05 09:15:58 - [TEST_STEP][PASSED] - Statement - java.lang.Thread.sleep(2000): null

2018-11-05 09:16:00 - [TEST_STEP][PASSED] - click: Object: 'Object Repository/Course/ManageContent/NameContent/content_section' is clicked on

2018-11-05 09:16:00 - [MESSAGE][PASSED] - Object: 'Object Repository/Course/ManageContent/NameContent/content_section' is clicked on

2018-11-05 09:16:00 - [TEST_STEP][PASSED] - Statement - java.lang.Thread.sleep(2000): null

2018-11-05 09:16:02 - [TEST_STEP][PASSED] - setText: Text 'Chuyên đề 1' is set on object 'Object Repository/Course/ManageContent/Section/input_text_section'

2018-11-05 09:16:02 - [MESSAGE][PASSED] - Text 'Chuyên đề 1' is set on object 'Object Repository/Course/ManageContent/Section/input_text_section'

2018-11-05 09:16:02 - [TEST_STEP][PASSED] - Statement - java.lang.Thread.sleep(2000): null

2018-11-05 09:16:04 - [TEST_STEP][PASSED] - click: Object: 'Object Repository/Course/ManageContent/Section/button_save' is clicked on

2018-11-05 09:16:04 - [MESSAGE][PASSED] - Object: 'Object Repository/Course/ManageContent/Section/button_save' is clicked on]]></system-out>
         <system-err><![CDATA[]]></system-err>
      </testcase>
      <testcase name="Test Cases/Course/Manage Content/Document/AddDocument" classname="Test Cases/Course/Manage Content/Document/AddDocument" status="PASSED">
         <system-out><![CDATA[2018-11-05 09:16:04 - [TEST_CASE][PASSED] - Test Cases/Course/Manage Content/Document/AddDocument: Test Cases/Course/Manage Content/Document/AddDocument

2018-11-05 09:16:04 - [TEST_STEP][PASSED] - Statement - java.lang.Thread.sleep(5000): null

2018-11-05 09:16:09 - [TEST_STEP][PASSED] - click: Object: 'Object Repository/Course/ManageContent/NameContent/span_select_list_content' is clicked on

2018-11-05 09:16:10 - [MESSAGE][PASSED] - Object: 'Object Repository/Course/ManageContent/NameContent/span_select_list_content' is clicked on

2018-11-05 09:16:10 - [TEST_STEP][PASSED] - Statement - java.lang.Thread.sleep(2000): null

2018-11-05 09:16:12 - [TEST_STEP][PASSED] - click: Object: 'Object Repository/Course/ManageContent/NameContent/content_document' is clicked on

2018-11-05 09:16:13 - [MESSAGE][PASSED] - Object: 'Object Repository/Course/ManageContent/NameContent/content_document' is clicked on

2018-11-05 09:16:13 - [TEST_STEP][PASSED] - Statement - java.lang.Thread.sleep(2000): null

2018-11-05 09:16:15 - [TEST_STEP][PASSED] - setText: Text 'Tài liệu 1' is set on object 'Object Repository/Course/ManageContent/Document/input_name_document'

2018-11-05 09:16:15 - [MESSAGE][PASSED] - Text 'Tài liệu 1' is set on object 'Object Repository/Course/ManageContent/Document/input_name_document'

2018-11-05 09:16:15 - [TEST_STEP][PASSED] - Statement - java.lang.Thread.sleep(2000): null

2018-11-05 09:16:17 - [TEST_STEP][PASSED] - uploadFile: File 'E:\api.xlsx' sent to object: 'Object Repository/Course/ManageContent/Document/button_upload_file'

2018-11-05 09:16:17 - [MESSAGE][PASSED] - File 'E:\api.xlsx' sent to object: 'Object Repository/Course/ManageContent/Document/button_upload_file'

2018-11-05 09:16:17 - [TEST_STEP][PASSED] - Statement - java.lang.Thread.sleep(5000): null

2018-11-05 09:16:22 - [TEST_STEP][PASSED] - click: Object: 'Object Repository/Course/ManageContent/Document/button_save' is clicked on

2018-11-05 09:16:23 - [MESSAGE][PASSED] - Object: 'Object Repository/Course/ManageContent/Document/button_save' is clicked on]]></system-out>
         <system-err><![CDATA[]]></system-err>
      </testcase>
      <testcase name="Test Cases/Course/Manage Content/Document/AddDocumentWithQuestion" classname="Test Cases/Course/Manage Content/Document/AddDocumentWithQuestion" status="PASSED">
         <system-out><![CDATA[2018-11-05 09:16:23 - [TEST_CASE][PASSED] - Test Cases/Course/Manage Content/Document/AddDocumentWithQuestion: Test Cases/Course/Manage Content/Document/AddDocumentWithQuestion

2018-11-05 09:16:23 - [TEST_STEP][PASSED] - Statement - java.lang.Thread.sleep(5000): null

2018-11-05 09:16:28 - [TEST_STEP][PASSED] - click: Object: 'Object Repository/Course/ManageContent/NameContent/span_select_list_content' is clicked on

2018-11-05 09:16:28 - [MESSAGE][PASSED] - Object: 'Object Repository/Course/ManageContent/NameContent/span_select_list_content' is clicked on

2018-11-05 09:16:28 - [TEST_STEP][PASSED] - Statement - java.lang.Thread.sleep(2000): null

2018-11-05 09:16:30 - [TEST_STEP][PASSED] - click: Object: 'Object Repository/Course/ManageContent/NameContent/content_document' is clicked on

2018-11-05 09:16:32 - [MESSAGE][PASSED] - Object: 'Object Repository/Course/ManageContent/NameContent/content_document' is clicked on

2018-11-05 09:16:32 - [TEST_STEP][PASSED] - Statement - java.lang.Thread.sleep(2000): null

2018-11-05 09:16:34 - [TEST_STEP][PASSED] - setText: Text 'document question' is set on object 'Object Repository/Course/ManageContent/Document/input_name_document'

2018-11-05 09:16:34 - [MESSAGE][PASSED] - Text 'document question' is set on object 'Object Repository/Course/ManageContent/Document/input_name_document'

2018-11-05 09:16:34 - [TEST_STEP][PASSED] - Statement - java.lang.Thread.sleep(2000): null

2018-11-05 09:16:36 - [TEST_STEP][PASSED] - click: Object: 'Object Repository/Course/ManageContent/QuestionInContent/radio_question' is clicked on

2018-11-05 09:16:36 - [MESSAGE][PASSED] - Object: 'Object Repository/Course/ManageContent/QuestionInContent/radio_question' is clicked on

2018-11-05 09:16:36 - [TEST_STEP][PASSED] - Statement - java.lang.Thread.sleep(2000): null

2018-11-05 09:16:38 - [TEST_STEP][PASSED] - click: Object: 'Object Repository/Course/ManageContent/QuestionInContent/button_add_question' is clicked on

2018-11-05 09:16:38 - [MESSAGE][PASSED] - Object: 'Object Repository/Course/ManageContent/QuestionInContent/button_add_question' is clicked on

2018-11-05 09:16:38 - [TEST_STEP][PASSED] - switchToWindowTitle: Switched to window with title: 'Tạo câu hỏi'

2018-11-05 09:16:39 - [MESSAGE][PASSED] - Switched to window with title: 'Tạo câu hỏi'

2018-11-05 09:16:39 - [TEST_STEP][PASSED] - Statement - java.lang.Thread.sleep(2000): null

2018-11-05 09:16:41 - [TEST_STEP][PASSED] - setText: Text 'Câu hỏi một lựa chọn' is set on object 'Object Repository/Course/ManageContent/QuestionInContent/textarea_editor_name_of_question'

2018-11-05 09:16:41 - [MESSAGE][PASSED] - Text 'Câu hỏi một lựa chọn' is set on object 'Object Repository/Course/ManageContent/QuestionInContent/textarea_editor_name_of_question'

2018-11-05 09:16:41 - [TEST_STEP][PASSED] - Statement - java.lang.Thread.sleep(2000): null

2018-11-05 09:16:43 - [TEST_STEP][PASSED] - click: Object: 'Object Repository/Course/ManageContent/QuestionInContent/a_create_new_answer_single' is clicked on

2018-11-05 09:16:44 - [MESSAGE][PASSED] - Object: 'Object Repository/Course/ManageContent/QuestionInContent/a_create_new_answer_single' is clicked on

2018-11-05 09:16:44 - [TEST_STEP][PASSED] - Statement - java.lang.Thread.sleep(2000): null

2018-11-05 09:16:46 - [TEST_STEP][PASSED] - setText: Text 'đáp án 1' is set on object 'Object Repository/Course/ManageContent/QuestionInContent/input_answer_single_answer'

2018-11-05 09:16:46 - [MESSAGE][PASSED] - Text 'đáp án 1' is set on object 'Object Repository/Course/ManageContent/QuestionInContent/input_answer_single_answer'

2018-11-05 09:16:46 - [TEST_STEP][PASSED] - Statement - java.lang.Thread.sleep(2000): null

2018-11-05 09:16:48 - [TEST_STEP][PASSED] - click: Object: 'Object Repository/Course/ManageContent/QuestionInContent/input_true_radio_single_answer' is clicked on

2018-11-05 09:16:48 - [MESSAGE][PASSED] - Object: 'Object Repository/Course/ManageContent/QuestionInContent/input_true_radio_single_answer' is clicked on

2018-11-05 09:16:48 - [TEST_STEP][PASSED] - Statement - java.lang.Thread.sleep(2000): null

2018-11-05 09:16:50 - [TEST_STEP][PASSED] - click: Object: 'Object Repository/Course/ManageContent/QuestionInContent/button_save_question' is clicked on

2018-11-05 09:16:50 - [MESSAGE][PASSED] - Object: 'Object Repository/Course/ManageContent/QuestionInContent/button_save_question' is clicked on

2018-11-05 09:16:50 - [TEST_STEP][PASSED] - Statement - java.lang.Thread.sleep(2000): null

2018-11-05 09:16:52 - [TEST_STEP][PASSED] - switchToWindowTitle: Switched to window with title: 'Thêm nội dung'

2018-11-05 09:16:52 - [MESSAGE][PASSED] - Switched to window with title: 'Thêm nội dung'

2018-11-05 09:16:52 - [TEST_STEP][PASSED] - Statement - java.lang.Thread.sleep(2000): null

2018-11-05 09:16:54 - [TEST_STEP][PASSED] - click: Object: 'Object Repository/Course/ManageContent/QuestionInContent/checkbox_choose_question' is clicked on

2018-11-05 09:16:54 - [MESSAGE][PASSED] - Object: 'Object Repository/Course/ManageContent/QuestionInContent/checkbox_choose_question' is clicked on

2018-11-05 09:16:54 - [TEST_STEP][PASSED] - Statement - java.lang.Thread.sleep(2000): null

2018-11-05 09:16:56 - [TEST_STEP][PASSED] - uploadFile: File 'E:\api.xlsx' sent to object: 'Object Repository/Course/ManageContent/Document/button_upload_file'

2018-11-05 09:16:56 - [MESSAGE][PASSED] - File 'E:\api.xlsx' sent to object: 'Object Repository/Course/ManageContent/Document/button_upload_file'

2018-11-05 09:16:56 - [TEST_STEP][PASSED] - Statement - java.lang.Thread.sleep(5000): null

2018-11-05 09:17:01 - [TEST_STEP][PASSED] - click: Object: 'Object Repository/Course/ManageContent/Document/button_save' is clicked on

2018-11-05 09:17:01 - [MESSAGE][PASSED] - Object: 'Object Repository/Course/ManageContent/Document/button_save' is clicked on]]></system-out>
         <system-err><![CDATA[]]></system-err>
      </testcase>
      <testcase name="Test Cases/Course/Manage Content/Document/AddDocumentWithTime" classname="Test Cases/Course/Manage Content/Document/AddDocumentWithTime" status="PASSED">
         <system-out><![CDATA[2018-11-05 09:17:01 - [TEST_CASE][PASSED] - Test Cases/Course/Manage Content/Document/AddDocumentWithTime: Test Cases/Course/Manage Content/Document/AddDocumentWithTime

2018-11-05 09:17:02 - [TEST_STEP][PASSED] - Statement - java.lang.Thread.sleep(5000): null

2018-11-05 09:17:07 - [TEST_STEP][PASSED] - click: Object: 'Object Repository/Course/ManageContent/NameContent/span_select_list_content' is clicked on

2018-11-05 09:17:07 - [MESSAGE][PASSED] - Object: 'Object Repository/Course/ManageContent/NameContent/span_select_list_content' is clicked on

2018-11-05 09:17:07 - [TEST_STEP][PASSED] - Statement - java.lang.Thread.sleep(2000): null

2018-11-05 09:17:09 - [TEST_STEP][PASSED] - click: Object: 'Object Repository/Course/ManageContent/NameContent/content_document' is clicked on

2018-11-05 09:17:11 - [MESSAGE][PASSED] - Object: 'Object Repository/Course/ManageContent/NameContent/content_document' is clicked on

2018-11-05 09:17:11 - [TEST_STEP][PASSED] - Statement - java.lang.Thread.sleep(2000): null

2018-11-05 09:17:13 - [TEST_STEP][PASSED] - setText: Text 'document with time' is set on object 'Object Repository/Course/ManageContent/Document/input_name_document'

2018-11-05 09:17:13 - [MESSAGE][PASSED] - Text 'document with time' is set on object 'Object Repository/Course/ManageContent/Document/input_name_document'

2018-11-05 09:17:13 - [TEST_STEP][PASSED] - Statement - java.lang.Thread.sleep(2000): null

2018-11-05 09:17:15 - [TEST_STEP][PASSED] - click: Object: 'Object Repository/Course/ManageContent/QuestionInContent/radio_time' is clicked on

2018-11-05 09:17:15 - [MESSAGE][PASSED] - Object: 'Object Repository/Course/ManageContent/QuestionInContent/radio_time' is clicked on

2018-11-05 09:17:15 - [TEST_STEP][PASSED] - Statement - java.lang.Thread.sleep(2000): null

2018-11-05 09:17:17 - [TEST_STEP][PASSED] - setText: Text '1' is set on object 'Object Repository/Course/ManageContent/QuestionInContent/input_time_minutes'

2018-11-05 09:17:17 - [MESSAGE][PASSED] - Text '1' is set on object 'Object Repository/Course/ManageContent/QuestionInContent/input_time_minutes'

2018-11-05 09:17:17 - [TEST_STEP][PASSED] - setText: Text '1' is set on object 'Object Repository/Course/ManageContent/QuestionInContent/input_time_second'

2018-11-05 09:17:18 - [MESSAGE][PASSED] - Text '1' is set on object 'Object Repository/Course/ManageContent/QuestionInContent/input_time_second'

2018-11-05 09:17:18 - [TEST_STEP][PASSED] - Statement - java.lang.Thread.sleep(2000): null

2018-11-05 09:17:20 - [TEST_STEP][PASSED] - uploadFile: File 'E:\api.xlsx' sent to object: 'Object Repository/Course/ManageContent/Document/button_upload_file'

2018-11-05 09:17:20 - [MESSAGE][PASSED] - File 'E:\api.xlsx' sent to object: 'Object Repository/Course/ManageContent/Document/button_upload_file'

2018-11-05 09:17:20 - [TEST_STEP][PASSED] - Statement - java.lang.Thread.sleep(5000): null

2018-11-05 09:17:25 - [TEST_STEP][PASSED] - click: Object: 'Object Repository/Course/ManageContent/Document/button_save' is clicked on

2018-11-05 09:17:25 - [MESSAGE][PASSED] - Object: 'Object Repository/Course/ManageContent/Document/button_save' is clicked on]]></system-out>
         <system-err><![CDATA[]]></system-err>
      </testcase>
      <testcase name="Test Cases/Course/Manage Content/Flash/AddFlash" classname="Test Cases/Course/Manage Content/Flash/AddFlash" status="PASSED">
         <system-out><![CDATA[2018-11-05 09:17:25 - [TEST_CASE][PASSED] - Test Cases/Course/Manage Content/Flash/AddFlash: Test Cases/Course/Manage Content/Flash/AddFlash

2018-11-05 09:17:25 - [TEST_STEP][PASSED] - Statement - java.lang.Thread.sleep(5000): null

2018-11-05 09:17:30 - [TEST_STEP][PASSED] - click: Object: 'Object Repository/Course/ManageContent/NameContent/span_select_list_content' is clicked on

2018-11-05 09:17:30 - [MESSAGE][PASSED] - Object: 'Object Repository/Course/ManageContent/NameContent/span_select_list_content' is clicked on

2018-11-05 09:17:30 - [TEST_STEP][PASSED] - Statement - java.lang.Thread.sleep(2000): null

2018-11-05 09:17:32 - [TEST_STEP][PASSED] - click: Object: 'Object Repository/Course/ManageContent/NameContent/content_flash' is clicked on

2018-11-05 09:17:34 - [MESSAGE][PASSED] - Object: 'Object Repository/Course/ManageContent/NameContent/content_flash' is clicked on

2018-11-05 09:17:34 - [TEST_STEP][PASSED] - Statement - java.lang.Thread.sleep(2000): null

2018-11-05 09:17:36 - [TEST_STEP][PASSED] - setText: Text 'Flash' is set on object 'Object Repository/Course/ManageContent/Flash/input_name_flash'

2018-11-05 09:17:36 - [MESSAGE][PASSED] - Text 'Flash' is set on object 'Object Repository/Course/ManageContent/Flash/input_name_flash'

2018-11-05 09:17:36 - [TEST_STEP][PASSED] - Statement - java.lang.Thread.sleep(2000): null

2018-11-05 09:17:38 - [TEST_STEP][PASSED] - uploadFile: File 'E:\ban nhac 01.swf' sent to object: 'Object Repository/Course/ManageContent/Flash/button_upload_file'

2018-11-05 09:17:38 - [MESSAGE][PASSED] - File 'E:\ban nhac 01.swf' sent to object: 'Object Repository/Course/ManageContent/Flash/button_upload_file'

2018-11-05 09:17:38 - [TEST_STEP][PASSED] - Statement - java.lang.Thread.sleep(5000): null

2018-11-05 09:17:43 - [TEST_STEP][PASSED] - click: Object: 'Object Repository/Course/ManageContent/Flash/button_save' is clicked on

2018-11-05 09:17:43 - [MESSAGE][PASSED] - Object: 'Object Repository/Course/ManageContent/Flash/button_save' is clicked on]]></system-out>
         <system-err><![CDATA[]]></system-err>
      </testcase>
      <testcase name="Test Cases/Course/Manage Content/Flash/AddFlashWithQuestion" classname="Test Cases/Course/Manage Content/Flash/AddFlashWithQuestion" status="PASSED">
         <system-out><![CDATA[2018-11-05 09:17:43 - [TEST_CASE][PASSED] - Test Cases/Course/Manage Content/Flash/AddFlashWithQuestion: Test Cases/Course/Manage Content/Flash/AddFlashWithQuestion

2018-11-05 09:17:43 - [TEST_STEP][PASSED] - Statement - java.lang.Thread.sleep(5000): null

2018-11-05 09:17:48 - [TEST_STEP][PASSED] - click: Object: 'Object Repository/Course/ManageContent/NameContent/span_select_list_content' is clicked on

2018-11-05 09:17:48 - [MESSAGE][PASSED] - Object: 'Object Repository/Course/ManageContent/NameContent/span_select_list_content' is clicked on

2018-11-05 09:17:48 - [TEST_STEP][PASSED] - Statement - java.lang.Thread.sleep(2000): null

2018-11-05 09:17:50 - [TEST_STEP][PASSED] - click: Object: 'Object Repository/Course/ManageContent/NameContent/content_flash' is clicked on

2018-11-05 09:17:51 - [MESSAGE][PASSED] - Object: 'Object Repository/Course/ManageContent/NameContent/content_flash' is clicked on

2018-11-05 09:17:51 - [TEST_STEP][PASSED] - Statement - java.lang.Thread.sleep(2000): null

2018-11-05 09:17:53 - [TEST_STEP][PASSED] - setText: Text 'flash question' is set on object 'Object Repository/Course/ManageContent/Flash/input_name_flash'

2018-11-05 09:17:54 - [MESSAGE][PASSED] - Text 'flash question' is set on object 'Object Repository/Course/ManageContent/Flash/input_name_flash'

2018-11-05 09:17:54 - [TEST_STEP][PASSED] - Statement - java.lang.Thread.sleep(2000): null

2018-11-05 09:17:56 - [TEST_STEP][PASSED] - click: Object: 'Object Repository/Course/ManageContent/QuestionInContent/radio_question' is clicked on

2018-11-05 09:17:56 - [MESSAGE][PASSED] - Object: 'Object Repository/Course/ManageContent/QuestionInContent/radio_question' is clicked on

2018-11-05 09:17:56 - [TEST_STEP][PASSED] - Statement - java.lang.Thread.sleep(2000): null

2018-11-05 09:17:58 - [TEST_STEP][PASSED] - click: Object: 'Object Repository/Course/ManageContent/QuestionInContent/button_add_question' is clicked on

2018-11-05 09:17:58 - [MESSAGE][PASSED] - Object: 'Object Repository/Course/ManageContent/QuestionInContent/button_add_question' is clicked on

2018-11-05 09:17:58 - [TEST_STEP][PASSED] - switchToWindowTitle: Switched to window with title: 'Tạo câu hỏi'

2018-11-05 09:17:59 - [MESSAGE][PASSED] - Switched to window with title: 'Tạo câu hỏi'

2018-11-05 09:17:59 - [TEST_STEP][PASSED] - Statement - java.lang.Thread.sleep(2000): null

2018-11-05 09:18:01 - [TEST_STEP][PASSED] - setText: Text 'Câu hỏi một lựa chọn' is set on object 'Object Repository/Course/ManageContent/QuestionInContent/textarea_editor_name_of_question'

2018-11-05 09:18:01 - [MESSAGE][PASSED] - Text 'Câu hỏi một lựa chọn' is set on object 'Object Repository/Course/ManageContent/QuestionInContent/textarea_editor_name_of_question'

2018-11-05 09:18:01 - [TEST_STEP][PASSED] - Statement - java.lang.Thread.sleep(2000): null

2018-11-05 09:18:03 - [TEST_STEP][PASSED] - click: Object: 'Object Repository/Course/ManageContent/QuestionInContent/a_create_new_answer_single' is clicked on

2018-11-05 09:18:04 - [MESSAGE][PASSED] - Object: 'Object Repository/Course/ManageContent/QuestionInContent/a_create_new_answer_single' is clicked on

2018-11-05 09:18:04 - [TEST_STEP][PASSED] - Statement - java.lang.Thread.sleep(2000): null

2018-11-05 09:18:06 - [TEST_STEP][PASSED] - setText: Text 'đáp án 1' is set on object 'Object Repository/Course/ManageContent/QuestionInContent/input_answer_single_answer'

2018-11-05 09:18:06 - [MESSAGE][PASSED] - Text 'đáp án 1' is set on object 'Object Repository/Course/ManageContent/QuestionInContent/input_answer_single_answer'

2018-11-05 09:18:06 - [TEST_STEP][PASSED] - Statement - java.lang.Thread.sleep(2000): null

2018-11-05 09:18:08 - [TEST_STEP][PASSED] - click: Object: 'Object Repository/Course/ManageContent/QuestionInContent/input_true_radio_single_answer' is clicked on

2018-11-05 09:18:08 - [MESSAGE][PASSED] - Object: 'Object Repository/Course/ManageContent/QuestionInContent/input_true_radio_single_answer' is clicked on

2018-11-05 09:18:08 - [TEST_STEP][PASSED] - Statement - java.lang.Thread.sleep(2000): null

2018-11-05 09:18:10 - [TEST_STEP][PASSED] - click: Object: 'Object Repository/Course/ManageContent/QuestionInContent/button_save_question' is clicked on

2018-11-05 09:18:10 - [MESSAGE][PASSED] - Object: 'Object Repository/Course/ManageContent/QuestionInContent/button_save_question' is clicked on

2018-11-05 09:18:10 - [TEST_STEP][PASSED] - Statement - java.lang.Thread.sleep(2000): null

2018-11-05 09:18:12 - [TEST_STEP][PASSED] - switchToWindowTitle: Switched to window with title: 'Thêm nội dung'

2018-11-05 09:18:12 - [MESSAGE][PASSED] - Switched to window with title: 'Thêm nội dung'

2018-11-05 09:18:12 - [TEST_STEP][PASSED] - Statement - java.lang.Thread.sleep(2000): null

2018-11-05 09:18:14 - [TEST_STEP][PASSED] - click: Object: 'Object Repository/Course/ManageContent/QuestionInContent/checkbox_choose_question' is clicked on

2018-11-05 09:18:14 - [MESSAGE][PASSED] - Object: 'Object Repository/Course/ManageContent/QuestionInContent/checkbox_choose_question' is clicked on

2018-11-05 09:18:14 - [TEST_STEP][PASSED] - Statement - java.lang.Thread.sleep(2000): null

2018-11-05 09:18:16 - [TEST_STEP][PASSED] - uploadFile: File 'E:\ban nhac 01.swf' sent to object: 'Object Repository/Course/ManageContent/Flash/button_upload_file'

2018-11-05 09:18:16 - [MESSAGE][PASSED] - File 'E:\ban nhac 01.swf' sent to object: 'Object Repository/Course/ManageContent/Flash/button_upload_file'

2018-11-05 09:18:16 - [TEST_STEP][PASSED] - Statement - java.lang.Thread.sleep(5000): null

2018-11-05 09:18:21 - [TEST_STEP][PASSED] - click: Object: 'Object Repository/Course/ManageContent/Flash/button_save' is clicked on

2018-11-05 09:18:21 - [MESSAGE][PASSED] - Object: 'Object Repository/Course/ManageContent/Flash/button_save' is clicked on]]></system-out>
         <system-err><![CDATA[]]></system-err>
      </testcase>
      <testcase name="Test Cases/Course/Manage Content/Flash/AddFlashWithTime" classname="Test Cases/Course/Manage Content/Flash/AddFlashWithTime" status="PASSED">
         <system-out><![CDATA[2018-11-05 09:18:21 - [TEST_CASE][PASSED] - Test Cases/Course/Manage Content/Flash/AddFlashWithTime: Test Cases/Course/Manage Content/Flash/AddFlashWithTime

2018-11-05 09:18:22 - [TEST_STEP][PASSED] - Statement - java.lang.Thread.sleep(5000): null

2018-11-05 09:18:27 - [TEST_STEP][PASSED] - click: Object: 'Object Repository/Course/ManageContent/NameContent/span_select_list_content' is clicked on

2018-11-05 09:18:27 - [MESSAGE][PASSED] - Object: 'Object Repository/Course/ManageContent/NameContent/span_select_list_content' is clicked on

2018-11-05 09:18:27 - [TEST_STEP][PASSED] - Statement - java.lang.Thread.sleep(2000): null

2018-11-05 09:18:29 - [TEST_STEP][PASSED] - click: Object: 'Object Repository/Course/ManageContent/NameContent/content_flash' is clicked on

2018-11-05 09:18:30 - [MESSAGE][PASSED] - Object: 'Object Repository/Course/ManageContent/NameContent/content_flash' is clicked on

2018-11-05 09:18:30 - [TEST_STEP][PASSED] - Statement - java.lang.Thread.sleep(2000): null

2018-11-05 09:18:32 - [TEST_STEP][PASSED] - setText: Text 'flash with time' is set on object 'Object Repository/Course/ManageContent/Flash/input_name_flash'

2018-11-05 09:18:32 - [MESSAGE][PASSED] - Text 'flash with time' is set on object 'Object Repository/Course/ManageContent/Flash/input_name_flash'

2018-11-05 09:18:32 - [TEST_STEP][PASSED] - Statement - java.lang.Thread.sleep(2000): null

2018-11-05 09:18:34 - [TEST_STEP][PASSED] - click: Object: 'Object Repository/Course/ManageContent/QuestionInContent/radio_time' is clicked on

2018-11-05 09:18:34 - [MESSAGE][PASSED] - Object: 'Object Repository/Course/ManageContent/QuestionInContent/radio_time' is clicked on

2018-11-05 09:18:34 - [TEST_STEP][PASSED] - Statement - java.lang.Thread.sleep(2000): null

2018-11-05 09:18:36 - [TEST_STEP][PASSED] - setText: Text '1' is set on object 'Object Repository/Course/ManageContent/QuestionInContent/input_time_minutes'

2018-11-05 09:18:37 - [MESSAGE][PASSED] - Text '1' is set on object 'Object Repository/Course/ManageContent/QuestionInContent/input_time_minutes'

2018-11-05 09:18:37 - [TEST_STEP][PASSED] - setText: Text '1' is set on object 'Object Repository/Course/ManageContent/QuestionInContent/input_time_second'

2018-11-05 09:18:37 - [MESSAGE][PASSED] - Text '1' is set on object 'Object Repository/Course/ManageContent/QuestionInContent/input_time_second'

2018-11-05 09:18:37 - [TEST_STEP][PASSED] - Statement - java.lang.Thread.sleep(2000): null

2018-11-05 09:18:39 - [TEST_STEP][PASSED] - uploadFile: File 'E:\ban nhac 01.swf' sent to object: 'Object Repository/Course/ManageContent/Flash/button_upload_file'

2018-11-05 09:18:39 - [MESSAGE][PASSED] - File 'E:\ban nhac 01.swf' sent to object: 'Object Repository/Course/ManageContent/Flash/button_upload_file'

2018-11-05 09:18:39 - [TEST_STEP][PASSED] - Statement - java.lang.Thread.sleep(5000): null

2018-11-05 09:18:44 - [TEST_STEP][PASSED] - click: Object: 'Object Repository/Course/ManageContent/Flash/button_save' is clicked on

2018-11-05 09:18:44 - [MESSAGE][PASSED] - Object: 'Object Repository/Course/ManageContent/Flash/button_save' is clicked on]]></system-out>
         <system-err><![CDATA[]]></system-err>
      </testcase>
      <testcase name="Test Cases/Course/Manage Content/Scorm/AddScorm" classname="Test Cases/Course/Manage Content/Scorm/AddScorm" status="PASSED">
         <system-out><![CDATA[2018-11-05 09:18:44 - [TEST_CASE][PASSED] - Test Cases/Course/Manage Content/Scorm/AddScorm: Test Cases/Course/Manage Content/Scorm/AddScorm

2018-11-05 09:18:44 - [TEST_STEP][PASSED] - Statement - java.lang.Thread.sleep(5000): null

2018-11-05 09:18:49 - [TEST_STEP][PASSED] - click: Object: 'Object Repository/Course/ManageContent/NameContent/span_select_list_content' is clicked on

2018-11-05 09:18:49 - [MESSAGE][PASSED] - Object: 'Object Repository/Course/ManageContent/NameContent/span_select_list_content' is clicked on

2018-11-05 09:18:49 - [TEST_STEP][PASSED] - Statement - java.lang.Thread.sleep(2000): null

2018-11-05 09:18:51 - [TEST_STEP][PASSED] - click: Object: 'Object Repository/Course/ManageContent/NameContent/content_scorm' is clicked on

2018-11-05 09:18:52 - [MESSAGE][PASSED] - Object: 'Object Repository/Course/ManageContent/NameContent/content_scorm' is clicked on

2018-11-05 09:18:52 - [TEST_STEP][PASSED] - Statement - java.lang.Thread.sleep(2000): null

2018-11-05 09:18:54 - [TEST_STEP][PASSED] - setText: Text 'scorm 1' is set on object 'Object Repository/Course/ManageContent/Scorm/input_scorm_name'

2018-11-05 09:18:55 - [MESSAGE][PASSED] - Text 'scorm 1' is set on object 'Object Repository/Course/ManageContent/Scorm/input_scorm_name'

2018-11-05 09:18:55 - [TEST_STEP][PASSED] - uploadFile: File 'E:\Test Feedback Score - Tracking result.zip' sent to object: 'Object Repository/Course/ManageContent/Scorm/button_add_scorm_file'

2018-11-05 09:18:55 - [MESSAGE][PASSED] - File 'E:\Test Feedback Score - Tracking result.zip' sent to object: 'Object Repository/Course/ManageContent/Scorm/button_add_scorm_file'

2018-11-05 09:18:55 - [TEST_STEP][PASSED] - Statement - java.lang.Thread.sleep(15000): null

2018-11-05 09:19:10 - [TEST_STEP][PASSED] - click: Object: 'Object Repository/Course/ManageContent/Scorm/button_save_scorm' is clicked on

2018-11-05 09:19:10 - [MESSAGE][PASSED] - Object: 'Object Repository/Course/ManageContent/Scorm/button_save_scorm' is clicked on]]></system-out>
         <system-err><![CDATA[]]></system-err>
      </testcase>
      <testcase name="Test Cases/Course/Manage Content/Scorm/AddScormWithQuestion" classname="Test Cases/Course/Manage Content/Scorm/AddScormWithQuestion" status="PASSED">
         <system-out><![CDATA[2018-11-05 09:19:10 - [TEST_CASE][PASSED] - Test Cases/Course/Manage Content/Scorm/AddScormWithQuestion: Test Cases/Course/Manage Content/Scorm/AddScormWithQuestion

2018-11-05 09:19:11 - [TEST_STEP][PASSED] - Statement - java.lang.Thread.sleep(5000): null

2018-11-05 09:19:16 - [TEST_STEP][PASSED] - click: Object: 'Object Repository/Course/ManageContent/NameContent/span_select_list_content' is clicked on

2018-11-05 09:19:16 - [MESSAGE][PASSED] - Object: 'Object Repository/Course/ManageContent/NameContent/span_select_list_content' is clicked on

2018-11-05 09:19:16 - [TEST_STEP][PASSED] - Statement - java.lang.Thread.sleep(2000): null

2018-11-05 09:19:18 - [TEST_STEP][PASSED] - click: Object: 'Object Repository/Course/ManageContent/NameContent/content_scorm' is clicked on

2018-11-05 09:19:19 - [MESSAGE][PASSED] - Object: 'Object Repository/Course/ManageContent/NameContent/content_scorm' is clicked on

2018-11-05 09:19:19 - [TEST_STEP][PASSED] - Statement - java.lang.Thread.sleep(2000): null

2018-11-05 09:19:21 - [TEST_STEP][PASSED] - setText: Text 'scorm with question' is set on object 'Object Repository/Course/ManageContent/Scorm/input_scorm_name'

2018-11-05 09:19:21 - [MESSAGE][PASSED] - Text 'scorm with question' is set on object 'Object Repository/Course/ManageContent/Scorm/input_scorm_name'

2018-11-05 09:19:21 - [TEST_STEP][PASSED] - click: Object: 'Object Repository/Course/ManageContent/QuestionInContent/radio_question' is clicked on

2018-11-05 09:19:21 - [MESSAGE][PASSED] - Object: 'Object Repository/Course/ManageContent/QuestionInContent/radio_question' is clicked on

2018-11-05 09:19:21 - [TEST_STEP][PASSED] - Statement - java.lang.Thread.sleep(2000): null

2018-11-05 09:19:23 - [TEST_STEP][PASSED] - click: Object: 'Object Repository/Course/ManageContent/QuestionInContent/button_add_question' is clicked on

2018-11-05 09:19:23 - [MESSAGE][PASSED] - Object: 'Object Repository/Course/ManageContent/QuestionInContent/button_add_question' is clicked on

2018-11-05 09:19:23 - [TEST_STEP][PASSED] - switchToWindowTitle: Switched to window with title: 'Tạo câu hỏi'

2018-11-05 09:19:25 - [MESSAGE][PASSED] - Switched to window with title: 'Tạo câu hỏi'

2018-11-05 09:19:25 - [TEST_STEP][PASSED] - Statement - java.lang.Thread.sleep(2000): null

2018-11-05 09:19:27 - [TEST_STEP][PASSED] - setText: Text 'Câu hỏi một lựa chọn' is set on object 'Object Repository/Course/ManageContent/QuestionInContent/textarea_editor_name_of_question'

2018-11-05 09:19:27 - [MESSAGE][PASSED] - Text 'Câu hỏi một lựa chọn' is set on object 'Object Repository/Course/ManageContent/QuestionInContent/textarea_editor_name_of_question'

2018-11-05 09:19:27 - [TEST_STEP][PASSED] - Statement - java.lang.Thread.sleep(2000): null

2018-11-05 09:19:29 - [TEST_STEP][PASSED] - click: Object: 'Object Repository/Course/ManageContent/QuestionInContent/a_create_new_answer_single' is clicked on

2018-11-05 09:19:29 - [MESSAGE][PASSED] - Object: 'Object Repository/Course/ManageContent/QuestionInContent/a_create_new_answer_single' is clicked on

2018-11-05 09:19:29 - [TEST_STEP][PASSED] - Statement - java.lang.Thread.sleep(2000): null

2018-11-05 09:19:31 - [TEST_STEP][PASSED] - setText: Text 'đáp án 1' is set on object 'Object Repository/Course/ManageContent/QuestionInContent/input_answer_single_answer'

2018-11-05 09:19:31 - [MESSAGE][PASSED] - Text 'đáp án 1' is set on object 'Object Repository/Course/ManageContent/QuestionInContent/input_answer_single_answer'

2018-11-05 09:19:31 - [TEST_STEP][PASSED] - Statement - java.lang.Thread.sleep(2000): null

2018-11-05 09:19:33 - [TEST_STEP][PASSED] - click: Object: 'Object Repository/Course/ManageContent/QuestionInContent/input_true_radio_single_answer' is clicked on

2018-11-05 09:19:33 - [MESSAGE][PASSED] - Object: 'Object Repository/Course/ManageContent/QuestionInContent/input_true_radio_single_answer' is clicked on

2018-11-05 09:19:33 - [TEST_STEP][PASSED] - Statement - java.lang.Thread.sleep(2000): null

2018-11-05 09:19:35 - [TEST_STEP][PASSED] - click: Object: 'Object Repository/Course/ManageContent/QuestionInContent/button_save_question' is clicked on

2018-11-05 09:19:35 - [MESSAGE][PASSED] - Object: 'Object Repository/Course/ManageContent/QuestionInContent/button_save_question' is clicked on

2018-11-05 09:19:35 - [TEST_STEP][PASSED] - Statement - java.lang.Thread.sleep(2000): null

2018-11-05 09:19:37 - [TEST_STEP][PASSED] - switchToWindowTitle: Switched to window with title: 'Thêm nội dung'

2018-11-05 09:19:37 - [MESSAGE][PASSED] - Switched to window with title: 'Thêm nội dung'

2018-11-05 09:19:37 - [TEST_STEP][PASSED] - Statement - java.lang.Thread.sleep(2000): null

2018-11-05 09:19:39 - [TEST_STEP][PASSED] - click: Object: 'Object Repository/Course/ManageContent/QuestionInContent/checkbox_choose_question' is clicked on

2018-11-05 09:19:39 - [MESSAGE][PASSED] - Object: 'Object Repository/Course/ManageContent/QuestionInContent/checkbox_choose_question' is clicked on

2018-11-05 09:19:39 - [TEST_STEP][PASSED] - uploadFile: File 'E:\Test Feedback Score - Tracking result.zip' sent to object: 'Object Repository/Course/ManageContent/Scorm/button_add_scorm_file'

2018-11-05 09:19:40 - [MESSAGE][PASSED] - File 'E:\Test Feedback Score - Tracking result.zip' sent to object: 'Object Repository/Course/ManageContent/Scorm/button_add_scorm_file'

2018-11-05 09:19:40 - [TEST_STEP][PASSED] - Statement - java.lang.Thread.sleep(15000): null

2018-11-05 09:19:55 - [TEST_STEP][PASSED] - click: Object: 'Object Repository/Course/ManageContent/Scorm/button_save_scorm' is clicked on

2018-11-05 09:19:55 - [MESSAGE][PASSED] - Object: 'Object Repository/Course/ManageContent/Scorm/button_save_scorm' is clicked on]]></system-out>
         <system-err><![CDATA[]]></system-err>
      </testcase>
      <testcase name="Test Cases/Course/Manage Content/Scorm/AddScormWithTime" classname="Test Cases/Course/Manage Content/Scorm/AddScormWithTime" status="PASSED">
         <system-out><![CDATA[2018-11-05 09:19:55 - [TEST_CASE][PASSED] - Test Cases/Course/Manage Content/Scorm/AddScormWithTime: Test Cases/Course/Manage Content/Scorm/AddScormWithTime

2018-11-05 09:19:55 - [TEST_STEP][PASSED] - Statement - java.lang.Thread.sleep(5000): null

2018-11-05 09:20:00 - [TEST_STEP][PASSED] - click: Object: 'Object Repository/Course/ManageContent/NameContent/span_select_list_content' is clicked on

2018-11-05 09:20:00 - [MESSAGE][PASSED] - Object: 'Object Repository/Course/ManageContent/NameContent/span_select_list_content' is clicked on

2018-11-05 09:20:00 - [TEST_STEP][PASSED] - Statement - java.lang.Thread.sleep(2000): null

2018-11-05 09:20:02 - [TEST_STEP][PASSED] - click: Object: 'Object Repository/Course/ManageContent/NameContent/content_scorm' is clicked on

2018-11-05 09:20:03 - [MESSAGE][PASSED] - Object: 'Object Repository/Course/ManageContent/NameContent/content_scorm' is clicked on

2018-11-05 09:20:03 - [TEST_STEP][PASSED] - Statement - java.lang.Thread.sleep(2000): null

2018-11-05 09:20:05 - [TEST_STEP][PASSED] - setText: Text 'scorm with time' is set on object 'Object Repository/Course/ManageContent/Scorm/input_scorm_name'

2018-11-05 09:20:05 - [MESSAGE][PASSED] - Text 'scorm with time' is set on object 'Object Repository/Course/ManageContent/Scorm/input_scorm_name'

2018-11-05 09:20:05 - [TEST_STEP][PASSED] - Statement - java.lang.Thread.sleep(2000): null

2018-11-05 09:20:07 - [TEST_STEP][PASSED] - click: Object: 'Object Repository/Course/ManageContent/QuestionInContent/radio_time' is clicked on

2018-11-05 09:20:08 - [MESSAGE][PASSED] - Object: 'Object Repository/Course/ManageContent/QuestionInContent/radio_time' is clicked on

2018-11-05 09:20:08 - [TEST_STEP][PASSED] - Statement - java.lang.Thread.sleep(2000): null

2018-11-05 09:20:10 - [TEST_STEP][PASSED] - setText: Text '1' is set on object 'Object Repository/Course/ManageContent/QuestionInContent/input_time_minutes'

2018-11-05 09:20:10 - [MESSAGE][PASSED] - Text '1' is set on object 'Object Repository/Course/ManageContent/QuestionInContent/input_time_minutes'

2018-11-05 09:20:10 - [TEST_STEP][PASSED] - setText: Text '1' is set on object 'Object Repository/Course/ManageContent/QuestionInContent/input_time_second'

2018-11-05 09:20:10 - [MESSAGE][PASSED] - Text '1' is set on object 'Object Repository/Course/ManageContent/QuestionInContent/input_time_second'

2018-11-05 09:20:10 - [TEST_STEP][PASSED] - Statement - java.lang.Thread.sleep(2000): null

2018-11-05 09:20:12 - [TEST_STEP][PASSED] - uploadFile: File 'E:\Test Feedback Score - Tracking result.zip' sent to object: 'Object Repository/Course/ManageContent/Scorm/button_add_scorm_file'

2018-11-05 09:20:12 - [MESSAGE][PASSED] - File 'E:\Test Feedback Score - Tracking result.zip' sent to object: 'Object Repository/Course/ManageContent/Scorm/button_add_scorm_file'

2018-11-05 09:20:12 - [TEST_STEP][PASSED] - Statement - java.lang.Thread.sleep(15000): null

2018-11-05 09:20:27 - [TEST_STEP][PASSED] - click: Object: 'Object Repository/Course/ManageContent/Scorm/button_save_scorm' is clicked on

2018-11-05 09:20:27 - [MESSAGE][PASSED] - Object: 'Object Repository/Course/ManageContent/Scorm/button_save_scorm' is clicked on]]></system-out>
         <system-err><![CDATA[]]></system-err>
      </testcase>
      <testcase name="Test Cases/Course/Manage Content/Survey/AddSurvey" classname="Test Cases/Course/Manage Content/Survey/AddSurvey" status="PASSED">
         <system-out><![CDATA[2018-11-05 09:20:27 - [TEST_CASE][PASSED] - Test Cases/Course/Manage Content/Survey/AddSurvey: Test Cases/Course/Manage Content/Survey/AddSurvey

2018-11-05 09:20:27 - [TEST_STEP][PASSED] - Statement - java.lang.Thread.sleep(5000): null

2018-11-05 09:20:32 - [TEST_STEP][PASSED] - click: Object: 'Object Repository/Course/ManageContent/NameContent/span_select_list_content' is clicked on

2018-11-05 09:20:33 - [MESSAGE][PASSED] - Object: 'Object Repository/Course/ManageContent/NameContent/span_select_list_content' is clicked on

2018-11-05 09:20:33 - [TEST_STEP][PASSED] - Statement - java.lang.Thread.sleep(2000): null

2018-11-05 09:20:35 - [TEST_STEP][PASSED] - click: Object: 'Object Repository/Course/ManageContent/NameContent/content_survey' is clicked on

2018-11-05 09:20:36 - [MESSAGE][PASSED] - Object: 'Object Repository/Course/ManageContent/NameContent/content_survey' is clicked on

2018-11-05 09:20:36 - [TEST_STEP][PASSED] - Statement - java.lang.Thread.sleep(2000): null

2018-11-05 09:20:38 - [TEST_STEP][PASSED] - setText: Text 'Bài khảo sát' is set on object 'Object Repository/Course/ManageContent/Survey/input_survey_name'

2018-11-05 09:20:38 - [MESSAGE][PASSED] - Text 'Bài khảo sát' is set on object 'Object Repository/Course/ManageContent/Survey/input_survey_name'

2018-11-05 09:20:38 - [TEST_STEP][PASSED] - click: Object: 'Object Repository/Course/ManageContent/Survey/button_add_question' is clicked on

2018-11-05 09:20:38 - [MESSAGE][PASSED] - Object: 'Object Repository/Course/ManageContent/Survey/button_add_question' is clicked on

2018-11-05 09:20:38 - [TEST_STEP][PASSED] - switchToWindowTitle: Switched to window with title: 'Tạo câu hỏi khảo sát'

2018-11-05 09:20:39 - [MESSAGE][PASSED] - Switched to window with title: 'Tạo câu hỏi khảo sát'

2018-11-05 09:20:39 - [TEST_STEP][PASSED] - Statement - java.lang.Thread.sleep(2000): null

2018-11-05 09:20:41 - [TEST_STEP][PASSED] - setText: Text 'Câu hỏi một lựa chọn' is set on object 'Object Repository/Course/ManageContent/Survey/input_single_question_name'

2018-11-05 09:20:42 - [MESSAGE][PASSED] - Text 'Câu hỏi một lựa chọn' is set on object 'Object Repository/Course/ManageContent/Survey/input_single_question_name'

2018-11-05 09:20:42 - [TEST_STEP][PASSED] - Statement - java.lang.Thread.sleep(2000): null

2018-11-05 09:20:44 - [TEST_STEP][PASSED] - click: Object: 'Object Repository/Course/ManageContent/Survey/button_add_answer_single_question' is clicked on

2018-11-05 09:20:44 - [MESSAGE][PASSED] - Object: 'Object Repository/Course/ManageContent/Survey/button_add_answer_single_question' is clicked on

2018-11-05 09:20:44 - [TEST_STEP][PASSED] - Statement - java.lang.Thread.sleep(2000): null

2018-11-05 09:20:46 - [TEST_STEP][PASSED] - setText: Text 'đáp án 1' is set on object 'Object Repository/Course/ManageContent/Survey/input_answer'

2018-11-05 09:20:46 - [MESSAGE][PASSED] - Text 'đáp án 1' is set on object 'Object Repository/Course/ManageContent/Survey/input_answer'

2018-11-05 09:20:46 - [TEST_STEP][PASSED] - Statement - java.lang.Thread.sleep(2000): null

2018-11-05 09:20:48 - [TEST_STEP][PASSED] - click: Object: 'Object Repository/Course/ManageContent/Survey/button_save_question' is clicked on

2018-11-05 09:20:48 - [MESSAGE][PASSED] - Object: 'Object Repository/Course/ManageContent/Survey/button_save_question' is clicked on

2018-11-05 09:20:48 - [TEST_STEP][PASSED] - Statement - java.lang.Thread.sleep(2000): null

2018-11-05 09:20:50 - [TEST_STEP][PASSED] - switchToWindowTitle: Switched to window with title: 'Thêm nội dung'

2018-11-05 09:20:50 - [MESSAGE][PASSED] - Switched to window with title: 'Thêm nội dung'

2018-11-05 09:20:50 - [TEST_STEP][PASSED] - Statement - java.lang.Thread.sleep(2000): null

2018-11-05 09:20:52 - [TEST_STEP][PASSED] - click: Object: 'Object Repository/Course/ManageContent/Survey/button_add_question' is clicked on

2018-11-05 09:20:52 - [MESSAGE][PASSED] - Object: 'Object Repository/Course/ManageContent/Survey/button_add_question' is clicked on

2018-11-05 09:20:52 - [TEST_STEP][PASSED] - switchToWindowTitle: Switched to window with title: 'Tạo câu hỏi khảo sát'

2018-11-05 09:20:53 - [MESSAGE][PASSED] - Switched to window with title: 'Tạo câu hỏi khảo sát'

2018-11-05 09:20:53 - [TEST_STEP][PASSED] - Statement - java.lang.Thread.sleep(2000): null

2018-11-05 09:20:55 - [TEST_STEP][PASSED] - selectOptionByValue: All options with value 'Nhiều lựa chọn' are selected in object 'Object Repository/Course/ManageContent/Survey/select_type_question'  using regular expression

2018-11-05 09:20:56 - [MESSAGE][PASSED] - All options with value 'Nhiều lựa chọn' are selected in object 'Object Repository/Course/ManageContent/Survey/select_type_question'  using regular expression

2018-11-05 09:20:56 - [TEST_STEP][PASSED] - Statement - java.lang.Thread.sleep(2000): null

2018-11-05 09:20:58 - [TEST_STEP][PASSED] - setText: Text 'Câu hỏi nhiều lựa chọn' is set on object 'Object Repository/Course/ManageContent/Survey/input_single_question_name'

2018-11-05 09:20:58 - [MESSAGE][PASSED] - Text 'Câu hỏi nhiều lựa chọn' is set on object 'Object Repository/Course/ManageContent/Survey/input_single_question_name'

2018-11-05 09:20:58 - [TEST_STEP][PASSED] - Statement - java.lang.Thread.sleep(2000): null

2018-11-05 09:21:00 - [TEST_STEP][PASSED] - click: Object: 'Object Repository/Course/ManageContent/Survey/button_add_answer_multiple_question' is clicked on

2018-11-05 09:21:00 - [MESSAGE][PASSED] - Object: 'Object Repository/Course/ManageContent/Survey/button_add_answer_multiple_question' is clicked on

2018-11-05 09:21:00 - [TEST_STEP][PASSED] - Statement - java.lang.Thread.sleep(2000): null

2018-11-05 09:21:02 - [TEST_STEP][PASSED] - setText: Text 'đáp án 1' is set on object 'Object Repository/Course/ManageContent/Survey/input_answer'

2018-11-05 09:21:02 - [MESSAGE][PASSED] - Text 'đáp án 1' is set on object 'Object Repository/Course/ManageContent/Survey/input_answer'

2018-11-05 09:21:02 - [TEST_STEP][PASSED] - Statement - java.lang.Thread.sleep(2000): null

2018-11-05 09:21:04 - [TEST_STEP][PASSED] - click: Object: 'Object Repository/Course/ManageContent/Survey/button_save_question' is clicked on

2018-11-05 09:21:04 - [MESSAGE][PASSED] - Object: 'Object Repository/Course/ManageContent/Survey/button_save_question' is clicked on

2018-11-05 09:21:04 - [TEST_STEP][PASSED] - Statement - java.lang.Thread.sleep(2000): null

2018-11-05 09:21:06 - [TEST_STEP][PASSED] - switchToWindowTitle: Switched to window with title: 'Thêm nội dung'

2018-11-05 09:21:06 - [MESSAGE][PASSED] - Switched to window with title: 'Thêm nội dung'

2018-11-05 09:21:06 - [TEST_STEP][PASSED] - Statement - java.lang.Thread.sleep(2000): null

2018-11-05 09:21:08 - [TEST_STEP][PASSED] - click: Object: 'Object Repository/Course/ManageContent/Survey/button_add_question' is clicked on

2018-11-05 09:21:08 - [MESSAGE][PASSED] - Object: 'Object Repository/Course/ManageContent/Survey/button_add_question' is clicked on

2018-11-05 09:21:08 - [TEST_STEP][PASSED] - switchToWindowTitle: Switched to window with title: 'Tạo câu hỏi khảo sát'

2018-11-05 09:21:10 - [MESSAGE][PASSED] - Switched to window with title: 'Tạo câu hỏi khảo sát'

2018-11-05 09:21:10 - [TEST_STEP][PASSED] - Statement - java.lang.Thread.sleep(2000): null

2018-11-05 09:21:12 - [TEST_STEP][PASSED] - selectOptionByValue: All options with value 'Tự luận' are selected in object 'Object Repository/Course/ManageContent/Survey/select_type_question'  using regular expression

2018-11-05 09:21:12 - [MESSAGE][PASSED] - All options with value 'Tự luận' are selected in object 'Object Repository/Course/ManageContent/Survey/select_type_question'  using regular expression

2018-11-05 09:21:12 - [TEST_STEP][PASSED] - Statement - java.lang.Thread.sleep(2000): null

2018-11-05 09:21:14 - [TEST_STEP][PASSED] - setText: Text 'Câu hỏi tự luận' is set on object 'Object Repository/Course/ManageContent/Survey/input_single_question_name'

2018-11-05 09:21:14 - [MESSAGE][PASSED] - Text 'Câu hỏi tự luận' is set on object 'Object Repository/Course/ManageContent/Survey/input_single_question_name'

2018-11-05 09:21:14 - [TEST_STEP][PASSED] - Statement - java.lang.Thread.sleep(2000): null

2018-11-05 09:21:16 - [TEST_STEP][PASSED] - click: Object: 'Object Repository/Course/ManageContent/Survey/button_save_question' is clicked on

2018-11-05 09:21:16 - [MESSAGE][PASSED] - Object: 'Object Repository/Course/ManageContent/Survey/button_save_question' is clicked on

2018-11-05 09:21:16 - [TEST_STEP][PASSED] - Statement - java.lang.Thread.sleep(2000): null

2018-11-05 09:21:18 - [TEST_STEP][PASSED] - switchToWindowTitle: Switched to window with title: 'Thêm nội dung'

2018-11-05 09:21:18 - [MESSAGE][PASSED] - Switched to window with title: 'Thêm nội dung'

2018-11-05 09:21:18 - [TEST_STEP][PASSED] - Statement - java.lang.Thread.sleep(2000): null

2018-11-05 09:21:20 - [TEST_STEP][PASSED] - click: Object: 'Object Repository/Course/ManageContent/Survey/checkbox_choose_question' is clicked on

2018-11-05 09:21:20 - [MESSAGE][PASSED] - Object: 'Object Repository/Course/ManageContent/Survey/checkbox_choose_question' is clicked on

2018-11-05 09:21:20 - [TEST_STEP][PASSED] - click: Object: 'Object Repository/Course/ManageContent/Survey/checkbox_choose_question' is clicked on

2018-11-05 09:21:20 - [MESSAGE][PASSED] - Object: 'Object Repository/Course/ManageContent/Survey/checkbox_choose_question' is clicked on

2018-11-05 09:21:20 - [TEST_STEP][PASSED] - click: Object: 'Object Repository/Course/ManageContent/Survey/checkbox_choose_question' is clicked on

2018-11-05 09:21:21 - [MESSAGE][PASSED] - Object: 'Object Repository/Course/ManageContent/Survey/checkbox_choose_question' is clicked on

2018-11-05 09:21:21 - [TEST_STEP][PASSED] - Statement - java.lang.Thread.sleep(2000): null

2018-11-05 09:21:23 - [TEST_STEP][PASSED] - click: Object: 'Object Repository/Course/ManageContent/Survey/button_save_survey' is clicked on

2018-11-05 09:21:23 - [MESSAGE][PASSED] - Object: 'Object Repository/Course/ManageContent/Survey/button_save_survey' is clicked on]]></system-out>
         <system-err><![CDATA[]]></system-err>
      </testcase>
      <testcase name="Test Cases/Course/Manage Content/Test/AddTest" classname="Test Cases/Course/Manage Content/Test/AddTest" status="PASSED">
         <system-out><![CDATA[2018-11-05 09:21:23 - [TEST_CASE][PASSED] - Test Cases/Course/Manage Content/Test/AddTest: Test Cases/Course/Manage Content/Test/AddTest

2018-11-05 09:21:23 - [TEST_STEP][PASSED] - Statement - java.lang.Thread.sleep(5000): null

2018-11-05 09:21:28 - [TEST_STEP][PASSED] - click: Object: 'Object Repository/Course/ManageContent/NameContent/span_select_list_content' is clicked on

2018-11-05 09:21:28 - [MESSAGE][PASSED] - Object: 'Object Repository/Course/ManageContent/NameContent/span_select_list_content' is clicked on

2018-11-05 09:21:28 - [TEST_STEP][PASSED] - Statement - java.lang.Thread.sleep(2000): null

2018-11-05 09:21:30 - [TEST_STEP][PASSED] - click: Object: 'Object Repository/Course/ManageContent/NameContent/content_test' is clicked on

2018-11-05 09:21:31 - [MESSAGE][PASSED] - Object: 'Object Repository/Course/ManageContent/NameContent/content_test' is clicked on

2018-11-05 09:21:31 - [TEST_STEP][PASSED] - Statement - java.lang.Thread.sleep(2000): null

2018-11-05 09:21:33 - [TEST_STEP][PASSED] - setText: Text 'Bài kiểm tra' is set on object 'Object Repository/Course/ManageContent/Test/input_name_test'

2018-11-05 09:21:34 - [MESSAGE][PASSED] - Text 'Bài kiểm tra' is set on object 'Object Repository/Course/ManageContent/Test/input_name_test'

2018-11-05 09:21:34 - [TEST_STEP][PASSED] - click: Object: 'Object Repository/Course/ManageContent/Test/button_add_new_question' is clicked on

2018-11-05 09:21:34 - [MESSAGE][PASSED] - Object: 'Object Repository/Course/ManageContent/Test/button_add_new_question' is clicked on

2018-11-05 09:21:34 - [TEST_STEP][PASSED] - Statement - java.lang.Thread.sleep(2000): null

2018-11-05 09:21:36 - [TEST_STEP][PASSED] - click: Object: 'Object Repository/Course/ManageContent/Test/TrueFalse/option_true_false' is clicked on

2018-11-05 09:21:36 - [MESSAGE][PASSED] - Object: 'Object Repository/Course/ManageContent/Test/TrueFalse/option_true_false' is clicked on

2018-11-05 09:21:36 - [TEST_STEP][PASSED] - Statement - java.lang.Thread.sleep(2000): null

2018-11-05 09:21:38 - [TEST_STEP][PASSED] - Statement - driver = com.kms.katalon.core.webui.driver.DriverFactory.getWebDriver(): null

2018-11-05 09:21:38 - [TEST_STEP][PASSED] - Statement - js = driver: null

2018-11-05 09:21:38 - [TEST_STEP][PASSED] - Statement - js.executeScript("CKEDITOR.instances["txtNoiDungCauHoiLuaChonDungSai"].setData("<p>Câu hỏi lựa chọn đúng sai</p>")"): null

2018-11-05 09:21:38 - [TEST_STEP][PASSED] - Statement - java.lang.Thread.sleep(2000): null

2018-11-05 09:21:40 - [TEST_STEP][PASSED] - click: Object: 'Object Repository/Course/ManageContent/Test/TrueFalse/button_save_and_create_new_truefalse' is clicked on

2018-11-05 09:21:40 - [MESSAGE][PASSED] - Object: 'Object Repository/Course/ManageContent/Test/TrueFalse/button_save_and_create_new_truefalse' is clicked on

2018-11-05 09:21:40 - [TEST_STEP][PASSED] - acceptAlert: Alert accepted

2018-11-05 09:21:40 - [MESSAGE][PASSED] - Alert accepted

2018-11-05 09:21:40 - [TEST_STEP][PASSED] - Statement - java.lang.Thread.sleep(2000): null

2018-11-05 09:21:42 - [TEST_STEP][PASSED] - click: Object: 'Object Repository/Course/ManageContent/Test/TrueFalseClause/option_true_false_cluase' is clicked on

2018-11-05 09:21:42 - [MESSAGE][PASSED] - Object: 'Object Repository/Course/ManageContent/Test/TrueFalseClause/option_true_false_cluase' is clicked on

2018-11-05 09:21:42 - [TEST_STEP][PASSED] - Statement - java.lang.Thread.sleep(2000): null

2018-11-05 09:21:44 - [TEST_STEP][PASSED] - Statement - js.executeScript("CKEDITOR.instances["txtNoiDungCauHoiMenhDeDungSai"].setData("<p>Câu hỏi mệnh đề đúng sai</p>")"): null

2018-11-05 09:21:44 - [TEST_STEP][PASSED] - Statement - java.lang.Thread.sleep(2000): null

2018-11-05 09:21:46 - [TEST_STEP][PASSED] - Statement - js.executeScript("CKEDITOR.instances["txtNoiDungPhuongAn_1"].setData("<p>Phươn án 1</p>")"): null

2018-11-05 09:21:46 - [TEST_STEP][PASSED] - Statement - js.executeScript("CKEDITOR.instances["txtNoiDungPhuongAn_2"].setData("<p>Phươn án 2</p>")"): null

2018-11-05 09:21:46 - [TEST_STEP][PASSED] - Statement - js.executeScript("CKEDITOR.instances["txtNoiDungPhuongAn_3"].setData("<p>Phươn án 3</p>")"): null

2018-11-05 09:21:46 - [TEST_STEP][PASSED] - Statement - js.executeScript("CKEDITOR.instances["txtNoiDungPhuongAn_4"].setData("<p>Phươn án 4</p>")"): null

2018-11-05 09:21:46 - [TEST_STEP][PASSED] - Statement - java.lang.Thread.sleep(2000): null

2018-11-05 09:21:48 - [TEST_STEP][PASSED] - click: Object: 'Object Repository/Course/ManageContent/Test/TrueFalseClause/button_save_and_close_truefalseclause' is clicked on

2018-11-05 09:21:49 - [MESSAGE][PASSED] - Object: 'Object Repository/Course/ManageContent/Test/TrueFalseClause/button_save_and_close_truefalseclause' is clicked on

2018-11-05 09:21:49 - [TEST_STEP][PASSED] - acceptAlert: Alert accepted

2018-11-05 09:21:49 - [MESSAGE][PASSED] - Alert accepted

2018-11-05 09:21:49 - [TEST_STEP][PASSED] - Statement - java.lang.Thread.sleep(2000): null

2018-11-05 09:21:51 - [TEST_STEP][PASSED] - click: Object: 'Object Repository/Course/ManageContent/Test/tab_tuy_chon_nang_cao' is clicked on

2018-11-05 09:21:51 - [MESSAGE][PASSED] - Object: 'Object Repository/Course/ManageContent/Test/tab_tuy_chon_nang_cao' is clicked on

2018-11-05 09:21:51 - [TEST_STEP][PASSED] - Statement - java.lang.Thread.sleep(2000): null

2018-11-05 09:21:53 - [TEST_STEP][PASSED] - setText: Text '1' is set on object 'Object Repository/Course/ManageContent/Test/input_number_question_in_page'

2018-11-05 09:21:53 - [MESSAGE][PASSED] - Text '1' is set on object 'Object Repository/Course/ManageContent/Test/input_number_question_in_page'

2018-11-05 09:21:53 - [TEST_STEP][PASSED] - click: Object: 'Object Repository/Course/ManageContent/Test/tab_noi_dung' is clicked on

2018-11-05 09:21:53 - [MESSAGE][PASSED] - Object: 'Object Repository/Course/ManageContent/Test/tab_noi_dung' is clicked on

2018-11-05 09:21:53 - [TEST_STEP][PASSED] - Statement - java.lang.Thread.sleep(2000): null

2018-11-05 09:21:55 - [TEST_STEP][PASSED] - click: Object: 'Object Repository/Course/ManageContent/Test/button_save_test' is clicked on

2018-11-05 09:21:55 - [MESSAGE][PASSED] - Object: 'Object Repository/Course/ManageContent/Test/button_save_test' is clicked on

2018-11-05 09:21:55 - [TEST_STEP][PASSED] - Statement - java.lang.Thread.sleep(2000): null

2018-11-05 09:21:57 - [TEST_STEP][PASSED] - acceptAlert: Alert accepted

2018-11-05 09:21:57 - [MESSAGE][PASSED] - Alert accepted]]></system-out>
         <system-err><![CDATA[]]></system-err>
      </testcase>
      <testcase name="Test Cases/Course/Manage Content/Rule/EditRule" classname="Test Cases/Course/Manage Content/Rule/EditRule" status="PASSED">
         <system-out><![CDATA[2018-11-05 09:21:57 - [TEST_CASE][PASSED] - Test Cases/Course/Manage Content/Rule/EditRule: Test Cases/Course/Manage Content/Rule/EditRule

2018-11-05 09:21:57 - [TEST_STEP][PASSED] - Statement - java.lang.Thread.sleep(2000): null

2018-11-05 09:21:59 - [TEST_STEP][PASSED] - click: Object: 'Object Repository/Course/ManageContent/NameContent/tab_ruler' is clicked on

2018-11-05 09:21:59 - [MESSAGE][PASSED] - Object: 'Object Repository/Course/ManageContent/NameContent/tab_ruler' is clicked on

2018-11-05 09:21:59 - [TEST_STEP][PASSED] - Statement - java.lang.Thread.sleep(2000): null

2018-11-05 09:22:01 - [TEST_STEP][PASSED] - click: Object: 'Object Repository/Course/ManageContent/Ruler/checkbox_apply_time' is clicked on

2018-11-05 09:22:01 - [MESSAGE][PASSED] - Object: 'Object Repository/Course/ManageContent/Ruler/checkbox_apply_time' is clicked on

2018-11-05 09:22:01 - [TEST_STEP][PASSED] - Statement - java.lang.Thread.sleep(2000): null

2018-11-05 09:22:03 - [TEST_STEP][PASSED] - setText: Text '2' is set on object 'Object Repository/Course/ManageContent/Ruler/input_date_learn'

2018-11-05 09:22:04 - [MESSAGE][PASSED] - Text '2' is set on object 'Object Repository/Course/ManageContent/Ruler/input_date_learn'

2018-11-05 09:22:04 - [TEST_STEP][PASSED] - Statement - java.lang.Thread.sleep(2000): null

2018-11-05 09:22:06 - [TEST_STEP][PASSED] - click: Object: 'Object Repository/Course/ManageContent/Ruler/checkbox_certificate' is clicked on

2018-11-05 09:22:06 - [MESSAGE][PASSED] - Object: 'Object Repository/Course/ManageContent/Ruler/checkbox_certificate' is clicked on

2018-11-05 09:22:06 - [TEST_STEP][PASSED] - Statement - java.lang.Thread.sleep(2000): null

2018-11-05 09:22:08 - [TEST_STEP][PASSED] - setText: Text '1' is set on object 'Object Repository/Course/ManageContent/Ruler/input_time_certificate'

2018-11-05 09:22:08 - [MESSAGE][PASSED] - Text '1' is set on object 'Object Repository/Course/ManageContent/Ruler/input_time_certificate'

2018-11-05 09:22:08 - [TEST_STEP][PASSED] - Statement - java.lang.Thread.sleep(2000): null

2018-11-05 09:22:10 - [TEST_STEP][PASSED] - click: Object: 'Object Repository/Course/ManageContent/Ruler/checkbox_thang_danh_gia' is clicked on

2018-11-05 09:22:10 - [MESSAGE][PASSED] - Object: 'Object Repository/Course/ManageContent/Ruler/checkbox_thang_danh_gia' is clicked on

2018-11-05 09:22:10 - [TEST_STEP][PASSED] - Statement - java.lang.Thread.sleep(2000): null

2018-11-05 09:22:12 - [TEST_STEP][PASSED] - click: Object: 'Object Repository/Course/ManageContent/Ruler/selectbox_muc_danh_gia' is clicked on

2018-11-05 09:22:12 - [MESSAGE][PASSED] - Object: 'Object Repository/Course/ManageContent/Ruler/selectbox_muc_danh_gia' is clicked on

2018-11-05 09:22:12 - [TEST_STEP][PASSED] - Statement - java.lang.Thread.sleep(2000): null

2018-11-05 09:22:14 - [TEST_STEP][PASSED] - selectOptionByValue: All options with value 'Thang mặc định' are selected in object 'Object Repository/Course/ManageContent/Ruler/choose_thang_danh-gia'  using regular expression

2018-11-05 09:22:14 - [MESSAGE][PASSED] - All options with value 'Thang mặc định' are selected in object 'Object Repository/Course/ManageContent/Ruler/choose_thang_danh-gia'  using regular expression

2018-11-05 09:22:14 - [TEST_STEP][PASSED] - Statement - java.lang.Thread.sleep(2000): null

2018-11-05 09:22:16 - [TEST_STEP][PASSED] - click: Object: 'Object Repository/Course/ManageContent/Ruler/button_save_rule' is clicked on

2018-11-05 09:22:16 - [MESSAGE][PASSED] - Object: 'Object Repository/Course/ManageContent/Ruler/button_save_rule' is clicked on]]></system-out>
         <system-err><![CDATA[]]></system-err>
      </testcase>
      <testcase name="Test Cases/Course/Manage Content/References/AddDocument" classname="Test Cases/Course/Manage Content/References/AddDocument" status="FAILED">
         <failure type="FAILED" message="Unable to click on object 'Object Repository/Course/ManageContent/NameContent/tab_reference' (Root cause: org.openqa.selenium.WebDriverException: unknown error: Element &lt;a href=&quot;#reference&quot; class=&quot;thamkhao&quot; aria-controls=&quot;reference&quot; role=&quot;tab&quot; data-toggle=&quot;tab&quot;>...&lt;/a> is not clickable at point (386, 326). Other element would receive the click: &lt;div class=&quot;loading-screen&quot; id=&quot;loadingScreen&quot;>...&lt;/div>
  (Session info: chrome=70.0.3538.77)
  (Driver info: chromedriver=2.35.528161 (5b82f2d2aae0ca24b877009200ced9065a772e73),platform=Windows NT 10.0.17134 x86_64) (WARNING: The server did not provide any stacktrace information)
Command duration or timeout: 0 milliseconds
Build info: version: '3.7.1', revision: '8a0099a', time: '2017-11-06T21:07:36.161Z'
System info: host: 'DESKTOP-9IOQSG7', ip: '192.168.1.142', os.name: 'Windows 10', os.arch: 'amd64', os.version: '10.0', java.version: '1.8.0_102'
Driver info: com.kms.katalon.selenium.driver.CChromeDriver
Capabilities {acceptInsecureCerts: false, acceptSslCerts: false, applicationCacheEnabled: false, browserConnectionEnabled: false, browserName: chrome, chrome: {chromedriverVersion: 2.35.528161 (5b82f2d2aae0ca..., userDataDir: C:\Users\buithan\AppData\Lo...}, cssSelectorsEnabled: true, databaseEnabled: false, handlesAlerts: true, hasTouchScreen: false, javascriptEnabled: true, locationContextEnabled: true, mobileEmulationEnabled: false, nativeEvents: true, networkConnectionEnabled: false, pageLoadStrategy: normal, platform: XP, platformName: XP, rotatable: false, setWindowRect: true, takesHeapSnapshot: true, takesScreenshot: true, unexpectedAlertBehaviour: , unhandledPromptBehavior: , version: 70.0.3538.77, webStorageEnabled: true}
Session ID: 510a132f4caa708647da5921ea99967d)"/>
         <system-out><![CDATA[2018-11-05 09:22:16 - [TEST_CASE][FAILED] - Test Cases/Course/Manage Content/References/AddDocument: Test Cases/Course/Manage Content/References/AddDocument FAILED because (of) Unable to click on object 'Object Repository/Course/ManageContent/NameContent/tab_reference' (Root cause: org.openqa.selenium.WebDriverException: unknown error: Element <a href="#reference" class="thamkhao" aria-controls="reference" role="tab" data-toggle="tab">...</a> is not clickable at point (386, 326). Other element would receive the click: <div class="loading-screen" id="loadingScreen">...</div>
  (Session info: chrome=70.0.3538.77)
  (Driver info: chromedriver=2.35.528161 (5b82f2d2aae0ca24b877009200ced9065a772e73),platform=Windows NT 10.0.17134 x86_64) (WARNING: The server did not provide any stacktrace information)
Command duration or timeout: 0 milliseconds
Build info: version: '3.7.1', revision: '8a0099a', time: '2017-11-06T21:07:36.161Z'
System info: host: 'DESKTOP-9IOQSG7', ip: '192.168.1.142', os.name: 'Windows 10', os.arch: 'amd64', os.version: '10.0', java.version: '1.8.0_102'
Driver info: com.kms.katalon.selenium.driver.CChromeDriver
Capabilities {acceptInsecureCerts: false, acceptSslCerts: false, applicationCacheEnabled: false, browserConnectionEnabled: false, browserName: chrome, chrome: {chromedriverVersion: 2.35.528161 (5b82f2d2aae0ca..., userDataDir: C:\Users\buithan\AppData\Lo...}, cssSelectorsEnabled: true, databaseEnabled: false, handlesAlerts: true, hasTouchScreen: false, javascriptEnabled: true, locationContextEnabled: true, mobileEmulationEnabled: false, nativeEvents: true, networkConnectionEnabled: false, pageLoadStrategy: normal, platform: XP, platformName: XP, rotatable: false, setWindowRect: true, takesHeapSnapshot: true, takesScreenshot: true, unexpectedAlertBehaviour: , unhandledPromptBehavior: , version: 70.0.3538.77, webStorageEnabled: true}
Session ID: 510a132f4caa708647da5921ea99967d)

2018-11-05 09:22:17 - [TEST_STEP][FAILED] - click: Unable to click on object 'Object Repository/Course/ManageContent/NameContent/tab_reference' (Root cause: org.openqa.selenium.WebDriverException: unknown error: Element <a href="#reference" class="thamkhao" aria-controls="reference" role="tab" data-toggle="tab">...</a> is not clickable at point (386, 326). Other element would receive the click: <div class="loading-screen" id="loadingScreen">...</div>
  (Session info: chrome=70.0.3538.77)
  (Driver info: chromedriver=2.35.528161 (5b82f2d2aae0ca24b877009200ced9065a772e73),platform=Windows NT 10.0.17134 x86_64) (WARNING: The server did not provide any stacktrace information)
Command duration or timeout: 0 milliseconds
Build info: version: '3.7.1', revision: '8a0099a', time: '2017-11-06T21:07:36.161Z'
System info: host: 'DESKTOP-9IOQSG7', ip: '192.168.1.142', os.name: 'Windows 10', os.arch: 'amd64', os.version: '10.0', java.version: '1.8.0_102'
Driver info: com.kms.katalon.selenium.driver.CChromeDriver
Capabilities {acceptInsecureCerts: false, acceptSslCerts: false, applicationCacheEnabled: false, browserConnectionEnabled: false, browserName: chrome, chrome: {chromedriverVersion: 2.35.528161 (5b82f2d2aae0ca..., userDataDir: C:\Users\buithan\AppData\Lo...}, cssSelectorsEnabled: true, databaseEnabled: false, handlesAlerts: true, hasTouchScreen: false, javascriptEnabled: true, locationContextEnabled: true, mobileEmulationEnabled: false, nativeEvents: true, networkConnectionEnabled: false, pageLoadStrategy: normal, platform: XP, platformName: XP, rotatable: false, setWindowRect: true, takesHeapSnapshot: true, takesScreenshot: true, unexpectedAlertBehaviour: , unhandledPromptBehavior: , version: 70.0.3538.77, webStorageEnabled: true}
Session ID: 510a132f4caa708647da5921ea99967d)

2018-11-05 09:22:18 - [MESSAGE][FAILED] - Unable to click on object 'Object Repository/Course/ManageContent/NameContent/tab_reference' (Root cause: org.openqa.selenium.WebDriverException: unknown error: Element <a href="#reference" class="thamkhao" aria-controls="reference" role="tab" data-toggle="tab">...</a> is not clickable at point (386, 326). Other element would receive the click: <div class="loading-screen" id="loadingScreen">...</div>
  (Session info: chrome=70.0.3538.77)
  (Driver info: chromedriver=2.35.528161 (5b82f2d2aae0ca24b877009200ced9065a772e73),platform=Windows NT 10.0.17134 x86_64) (WARNING: The server did not provide any stacktrace information)
Command duration or timeout: 0 milliseconds
Build info: version: '3.7.1', revision: '8a0099a', time: '2017-11-06T21:07:36.161Z'
System info: host: 'DESKTOP-9IOQSG7', ip: '192.168.1.142', os.name: 'Windows 10', os.arch: 'amd64', os.version: '10.0', java.version: '1.8.0_102'
Driver info: com.kms.katalon.selenium.driver.CChromeDriver
Capabilities {acceptInsecureCerts: false, acceptSslCerts: false, applicationCacheEnabled: false, browserConnectionEnabled: false, browserName: chrome, chrome: {chromedriverVersion: 2.35.528161 (5b82f2d2aae0ca..., userDataDir: C:\Users\buithan\AppData\Lo...}, cssSelectorsEnabled: true, databaseEnabled: false, handlesAlerts: true, hasTouchScreen: false, javascriptEnabled: true, locationContextEnabled: true, mobileEmulationEnabled: false, nativeEvents: true, networkConnectionEnabled: false, pageLoadStrategy: normal, platform: XP, platformName: XP, rotatable: false, setWindowRect: true, takesHeapSnapshot: true, takesScreenshot: true, unexpectedAlertBehaviour: , unhandledPromptBehavior: , version: 70.0.3538.77, webStorageEnabled: true}
Session ID: 510a132f4caa708647da5921ea99967d)
[[ATTACHMENT|C:\\Users\\buithan\\git\\katalon-cls-project\\Reports\\Course\\20181105_091517\\1541384538392.png]]]]></system-out>
         <system-err><![CDATA[2018-11-05 09:22:16 - [TEST_CASE][FAILED] - Test Cases/Course/Manage Content/References/AddDocument: Test Cases/Course/Manage Content/References/AddDocument FAILED because (of) Unable to click on object 'Object Repository/Course/ManageContent/NameContent/tab_reference' (Root cause: org.openqa.selenium.WebDriverException: unknown error: Element <a href="#reference" class="thamkhao" aria-controls="reference" role="tab" data-toggle="tab">...</a> is not clickable at point (386, 326). Other element would receive the click: <div class="loading-screen" id="loadingScreen">...</div>
  (Session info: chrome=70.0.3538.77)
  (Driver info: chromedriver=2.35.528161 (5b82f2d2aae0ca24b877009200ced9065a772e73),platform=Windows NT 10.0.17134 x86_64) (WARNING: The server did not provide any stacktrace information)
Command duration or timeout: 0 milliseconds
Build info: version: '3.7.1', revision: '8a0099a', time: '2017-11-06T21:07:36.161Z'
System info: host: 'DESKTOP-9IOQSG7', ip: '192.168.1.142', os.name: 'Windows 10', os.arch: 'amd64', os.version: '10.0', java.version: '1.8.0_102'
Driver info: com.kms.katalon.selenium.driver.CChromeDriver
Capabilities {acceptInsecureCerts: false, acceptSslCerts: false, applicationCacheEnabled: false, browserConnectionEnabled: false, browserName: chrome, chrome: {chromedriverVersion: 2.35.528161 (5b82f2d2aae0ca..., userDataDir: C:\Users\buithan\AppData\Lo...}, cssSelectorsEnabled: true, databaseEnabled: false, handlesAlerts: true, hasTouchScreen: false, javascriptEnabled: true, locationContextEnabled: true, mobileEmulationEnabled: false, nativeEvents: true, networkConnectionEnabled: false, pageLoadStrategy: normal, platform: XP, platformName: XP, rotatable: false, setWindowRect: true, takesHeapSnapshot: true, takesScreenshot: true, unexpectedAlertBehaviour: , unhandledPromptBehavior: , version: 70.0.3538.77, webStorageEnabled: true}
Session ID: 510a132f4caa708647da5921ea99967d)]]></system-err>
      </testcase>
      <testcase name="Test Cases/Course/Manage Content/AssignUser/AssignUser" classname="Test Cases/Course/Manage Content/AssignUser/AssignUser" status="PASSED">
         <system-out><![CDATA[2018-11-05 09:22:18 - [TEST_CASE][PASSED] - Test Cases/Course/Manage Content/AssignUser/AssignUser: Test Cases/Course/Manage Content/AssignUser/AssignUser

2018-11-05 09:22:18 - [TEST_STEP][PASSED] - Statement - java.lang.Thread.sleep(4000): null

2018-11-05 09:22:22 - [TEST_STEP][PASSED] - click: Object: 'Object Repository/Course/ManageContent/AssignUser/button_assign_user' is clicked on

2018-11-05 09:22:24 - [MESSAGE][PASSED] - Object: 'Object Repository/Course/ManageContent/AssignUser/button_assign_user' is clicked on

2018-11-05 09:22:24 - [TEST_STEP][PASSED] - Statement - java.lang.Thread.sleep(2000): null

2018-11-05 09:22:26 - [TEST_STEP][PASSED] - setText: Text 'admin2' is set on object 'Object Repository/Course/ManageContent/AssignUser/input_search_user'

2018-11-05 09:22:26 - [MESSAGE][PASSED] - Text 'admin2' is set on object 'Object Repository/Course/ManageContent/AssignUser/input_search_user'

2018-11-05 09:22:26 - [TEST_STEP][PASSED] - Statement - java.lang.Thread.sleep(4000): null

2018-11-05 09:22:30 - [TEST_STEP][PASSED] - click: Object: 'Object Repository/Course/ManageContent/AssignUser/checkbox_choose_user' is clicked on

2018-11-05 09:22:30 - [MESSAGE][PASSED] - Object: 'Object Repository/Course/ManageContent/AssignUser/checkbox_choose_user' is clicked on

2018-11-05 09:22:30 - [TEST_STEP][PASSED] - Statement - java.lang.Thread.sleep(2000): null

2018-11-05 09:22:32 - [TEST_STEP][PASSED] - click: Object: 'Object Repository/Course/ManageContent/AssignUser/button_save_assign_user' is clicked on

2018-11-05 09:22:32 - [MESSAGE][PASSED] - Object: 'Object Repository/Course/ManageContent/AssignUser/button_save_assign_user' is clicked on

2018-11-05 09:22:32 - [TEST_STEP][PASSED] - Statement - java.lang.Thread.sleep(3000): null

2018-11-05 09:22:35 - [TEST_STEP][PASSED] - click: Object: 'Object Repository/Course/ManageContent/AssignUser/tab_course' is clicked on

2018-11-05 09:22:35 - [MESSAGE][PASSED] - Object: 'Object Repository/Course/ManageContent/AssignUser/tab_course' is clicked on

2018-11-05 09:22:35 - [TEST_STEP][PASSED] - Statement - java.lang.Thread.sleep(2000): null

2018-11-05 09:22:37 - [TEST_STEP][PASSED] - click: Object: 'Object Repository/Course/ManageContent/AssignUser/link_go_to_course_content' is clicked on

2018-11-05 09:22:39 - [MESSAGE][PASSED] - Object: 'Object Repository/Course/ManageContent/AssignUser/link_go_to_course_content' is clicked on]]></system-out>
         <system-err><![CDATA[]]></system-err>
      </testcase>
      <system-out><![CDATA[2018-11-05 09:15:19 - [TEST_SUITE][FAILED] - Course: Test Cases/Course/Manage Content/References/AddDocument FAILED because (of) Unable to click on object 'Object Repository/Course/ManageContent/NameContent/tab_reference' (Root cause: org.openqa.selenium.WebDriverException: unknown error: Element <a href="#reference" class="thamkhao" aria-controls="reference" role="tab" data-toggle="tab">...</a> is not clickable at point (386, 326). Other element would receive the click: <div class="loading-screen" id="loadingScreen">...</div>
  (Session info: chrome=70.0.3538.77)
  (Driver info: chromedriver=2.35.528161 (5b82f2d2aae0ca24b877009200ced9065a772e73),platform=Windows NT 10.0.17134 x86_64) (WARNING: The server did not provide any stacktrace information)
Command duration or timeout: 0 milliseconds
Build info: version: '3.7.1', revision: '8a0099a', time: '2017-11-06T21:07:36.161Z'
System info: host: 'DESKTOP-9IOQSG7', ip: '192.168.1.142', os.name: 'Windows 10', os.arch: 'amd64', os.version: '10.0', java.version: '1.8.0_102'
Driver info: com.kms.katalon.selenium.driver.CChromeDriver
Capabilities {acceptInsecureCerts: false, acceptSslCerts: false, applicationCacheEnabled: false, browserConnectionEnabled: false, browserName: chrome, chrome: {chromedriverVersion: 2.35.528161 (5b82f2d2aae0ca..., userDataDir: C:\Users\buithan\AppData\Lo...}, cssSelectorsEnabled: true, databaseEnabled: false, handlesAlerts: true, hasTouchScreen: false, javascriptEnabled: true, locationContextEnabled: true, mobileEmulationEnabled: false, nativeEvents: true, networkConnectionEnabled: false, pageLoadStrategy: normal, platform: XP, platformName: XP, rotatable: false, setWindowRect: true, takesHeapSnapshot: true, takesScreenshot: true, unexpectedAlertBehaviour: , unhandledPromptBehavior: , version: 70.0.3538.77, webStorageEnabled: true}
Session ID: 510a132f4caa708647da5921ea99967d)]]></system-out>
      <system-err><![CDATA[2018-11-05 09:15:19 - [TEST_SUITE][FAILED] - Course: Test Cases/Course/Manage Content/References/AddDocument FAILED because (of) Unable to click on object 'Object Repository/Course/ManageContent/NameContent/tab_reference' (Root cause: org.openqa.selenium.WebDriverException: unknown error: Element <a href="#reference" class="thamkhao" aria-controls="reference" role="tab" data-toggle="tab">...</a> is not clickable at point (386, 326). Other element would receive the click: <div class="loading-screen" id="loadingScreen">...</div>
  (Session info: chrome=70.0.3538.77)
  (Driver info: chromedriver=2.35.528161 (5b82f2d2aae0ca24b877009200ced9065a772e73),platform=Windows NT 10.0.17134 x86_64) (WARNING: The server did not provide any stacktrace information)
Command duration or timeout: 0 milliseconds
Build info: version: '3.7.1', revision: '8a0099a', time: '2017-11-06T21:07:36.161Z'
System info: host: 'DESKTOP-9IOQSG7', ip: '192.168.1.142', os.name: 'Windows 10', os.arch: 'amd64', os.version: '10.0', java.version: '1.8.0_102'
Driver info: com.kms.katalon.selenium.driver.CChromeDriver
Capabilities {acceptInsecureCerts: false, acceptSslCerts: false, applicationCacheEnabled: false, browserConnectionEnabled: false, browserName: chrome, chrome: {chromedriverVersion: 2.35.528161 (5b82f2d2aae0ca..., userDataDir: C:\Users\buithan\AppData\Lo...}, cssSelectorsEnabled: true, databaseEnabled: false, handlesAlerts: true, hasTouchScreen: false, javascriptEnabled: true, locationContextEnabled: true, mobileEmulationEnabled: false, nativeEvents: true, networkConnectionEnabled: false, pageLoadStrategy: normal, platform: XP, platformName: XP, rotatable: false, setWindowRect: true, takesHeapSnapshot: true, takesScreenshot: true, unexpectedAlertBehaviour: , unhandledPromptBehavior: , version: 70.0.3538.77, webStorageEnabled: true}
Session ID: 510a132f4caa708647da5921ea99967d)]]></system-err>
   </testsuite>
</testsuites>
