<?xml version="1.0" encoding="UTF-8"?>
<testsuites name="Login" time="17" tests="2" failures="0" errors="0">
   <testsuite name="Login" tests="2" failures="0" errors="0" time="17" timestamp="2018-09-28 16:38:32" hostname="buithan - 192.168.1.121" id="Test Suites/Login">
      <properties>
         <property name="deviceName" value=""/>
         <property name="devicePlatform" value=""/>
         <property name="logFolder" value="C:\\Users\\buithan\\git\\katalon-cls-project\\Reports\\Login\\20180928_163830"/>
         <property name="logFiles" value="C:\\Users\\buithan\\git\\katalon-cls-project\\Reports\\Login\\20180928_163830\\execution0.log"/>
         <property name="attachments" value=""/>
         <property name="hostName" value="buithan - 192.168.1.121"/>
         <property name="os" value="Windows 10 64bit"/>
         <property name="katalonVersion" value="5.4.1.1"/>
         <property name="browser" value="Chrome 69.0.3497.100"/>
         <property name="hostAddress" value="192.168.1.121"/>
         <property name="sessionId" value="8835a4083844089c8035f50ebe9bd98d"/>
         <property name="seleniumVersion" value="3.7.1"/>
         <property name="proxyInformation" value="ProxyInformation{proxyOption=NO_PROXY, proxyServerType=HTTP, password=, proxyServerAddress=, proxyServerPort=0}"/>
         <property name="platform" value="Windows 10"/>
      </properties>
      <testcase name="Test Cases/Login" classname="Test Cases/Login" status="PASSED">
         <system-out><![CDATA[2018-09-28 16:38:33 - [TEST_CASE][PASSED] - Test Cases/Login: Test Cases/Login

2018-09-28 16:38:33 - [TEST_STEP][PASSED] - openBrowser: Browser is opened with url: ''

2018-09-28 16:38:37 - [MESSAGE][PASSED] - Browser is opened with url: ''

2018-09-28 16:38:37 - [TEST_STEP][PASSED] - navigateToUrl: Navigate to 'https://ntmtien.cls.vn/account/login' successfully

2018-09-28 16:38:38 - [MESSAGE][PASSED] - Navigate to 'https://ntmtien.cls.vn/account/login' successfully

2018-09-28 16:38:38 - [TEST_STEP][PASSED] - setText: Text 'admin1' is set on object 'Object Repository/Login/Page_ng nhp/input_UserName'

2018-09-28 16:38:39 - [MESSAGE][PASSED] - Text 'admin1' is set on object 'Object Repository/Login/Page_ng nhp/input_UserName'

2018-09-28 16:38:39 - [TEST_STEP][PASSED] - setText: Text '123456' is set on object 'Object Repository/Login/Page_ng nhp/input_Password'

2018-09-28 16:38:39 - [MESSAGE][PASSED] - Text '123456' is set on object 'Object Repository/Login/Page_ng nhp/input_Password'

2018-09-28 16:38:39 - [TEST_STEP][PASSED] - click: Object: 'Object Repository/Login/Page_ng nhp/button_NG NHP' is clicked on

2018-09-28 16:38:39 - [MESSAGE][PASSED] - Object: 'Object Repository/Login/Page_ng nhp/button_NG NHP' is clicked on

2018-09-28 16:38:39 - [TEST_STEP][PASSED] - closeBrowser: Browser is closed

2018-09-28 16:38:40 - [MESSAGE][PASSED] - Browser is closed]]></system-out>
         <system-err><![CDATA[]]></system-err>
      </testcase>
      <testcase name="Test Cases/Register" classname="Test Cases/Register" status="PASSED">
         <system-out><![CDATA[2018-09-28 16:38:40 - [TEST_CASE][PASSED] - Test Cases/Register: Test Cases/Register

2018-09-28 16:38:40 - [TEST_STEP][PASSED] - openBrowser: Browser is opened with url: ''

2018-09-28 16:38:42 - [MESSAGE][PASSED] - Browser is opened with url: ''

2018-09-28 16:38:42 - [TEST_STEP][PASSED] - navigateToUrl: Navigate to 'https://ntmtien.cls.vn/account/login' successfully

2018-09-28 16:38:43 - [MESSAGE][PASSED] - Navigate to 'https://ntmtien.cls.vn/account/login' successfully

2018-09-28 16:38:43 - [TEST_STEP][PASSED] - click: Object: 'Object Repository/Register/Page_ng nhp/a_Bn cha c ti khon NG K ngay' is clicked on

2018-09-28 16:38:44 - [MESSAGE][PASSED] - Object: 'Object Repository/Register/Page_ng nhp/a_Bn cha c ti khon NG K ngay' is clicked on

2018-09-28 16:38:44 - [TEST_STEP][PASSED] - setText: Text '111' is set on object 'Object Repository/Register/Page_ng k/input_UserName'

2018-09-28 16:38:44 - [MESSAGE][PASSED] - Text '111' is set on object 'Object Repository/Register/Page_ng k/input_UserName'

2018-09-28 16:38:44 - [TEST_STEP][PASSED] - setText: Text '111111' is set on object 'Object Repository/Register/Page_ng k/input_Password'

2018-09-28 16:38:44 - [MESSAGE][PASSED] - Text '111111' is set on object 'Object Repository/Register/Page_ng k/input_Password'

2018-09-28 16:38:44 - [TEST_STEP][PASSED] - setText: Text '111' is set on object 'Object Repository/Register/Page_ng k/input_FirstName'

2018-09-28 16:38:44 - [MESSAGE][PASSED] - Text '111' is set on object 'Object Repository/Register/Page_ng k/input_FirstName'

2018-09-28 16:38:44 - [TEST_STEP][PASSED] - setText: Text '111' is set on object 'Object Repository/Register/Page_ng k/input_LastName'

2018-09-28 16:38:44 - [MESSAGE][PASSED] - Text '111' is set on object 'Object Repository/Register/Page_ng k/input_LastName'

2018-09-28 16:38:44 - [TEST_STEP][PASSED] - setText: Text 'abcde@gmail.com' is set on object 'Object Repository/Register/Page_ng k/input_Email'

2018-09-28 16:38:45 - [MESSAGE][PASSED] - Text 'abcde@gmail.com' is set on object 'Object Repository/Register/Page_ng k/input_Email'

2018-09-28 16:38:45 - [TEST_STEP][PASSED] - click: Object: 'Object Repository/Register/Page_ng k/button_NG K' is clicked on

2018-09-28 16:38:45 - [MESSAGE][PASSED] - Object: 'Object Repository/Register/Page_ng k/button_NG K' is clicked on

2018-09-28 16:38:45 - [TEST_STEP][PASSED] - Statement - java.lang.Thread.sleep(3000): null

2018-09-28 16:38:48 - [TEST_STEP][PASSED] - verifyTextPresent: Text 'Tài khoản 111 đã được đăng ký thành công' is present on page 

2018-09-28 16:38:48 - [MESSAGE][PASSED] - Text 'Tài khoản 111 đã được đăng ký thành công' is present on page]]></system-out>
         <system-err><![CDATA[]]></system-err>
      </testcase>
      <system-out><![CDATA[2018-09-28 16:38:32 - [TEST_SUITE][PASSED] - Login: Test Cases/Register]]></system-out>
      <system-err><![CDATA[]]></system-err>
   </testsuite>
</testsuites>
