<?xml version="1.0" encoding="UTF-8"?>
<testsuites name="LearningPath" time="140" tests="0" failures="1" errors="0">
   <testsuite name="LearningPath" tests="0" failures="1" errors="0" time="140" timestamp="2018-12-14 11:00:26" hostname="buithan - DESKTOP-9IOQSG7" id="Test Suites/LearningPath">
      <properties>
         <property name="deviceName" value=""/>
         <property name="devicePlatform" value=""/>
         <property name="logFolder" value="C:\\Users\\buithan\\git\\katalon-cls-project\\Reports\\LearningPath\\20181214_110022"/>
         <property name="logFiles" value="C:\\Users\\buithan\\git\\katalon-cls-project\\Reports\\LearningPath\\20181214_110022\\execution0.log"/>
         <property name="attachments" value="C:\\Users\\buithan\\git\\katalon-cls-project\\Reports\\LearningPath\\20181214_110022\\1544760165187.png"/>
         <property name="hostName" value="buithan - DESKTOP-9IOQSG7"/>
         <property name="os" value="Windows 10 64bit"/>
         <property name="katalonVersion" value="5.4.1.1"/>
         <property name="browser" value="Chrome 71.0.3578.98"/>
         <property name="hostAddress" value="192.168.1.142"/>
         <property name="sessionId" value="3bc31db1d3e001ad59b05fe80b466b87"/>
         <property name="seleniumVersion" value="3.7.1"/>
         <property name="proxyInformation" value="ProxyInformation{proxyOption=NO_PROXY, proxyServerType=HTTP, password=, proxyServerAddress=, proxyServerPort=0}"/>
         <property name="platform" value="Windows 10"/>
      </properties>
      <testcase name="Test Cases/LearningPath/LearnLearningPath" classname="Test Cases/LearningPath/LearnLearningPath" status="FAILED">
         <failure type="FAILED" message="Unable to click on object 'Object Repository/Administrator/a_role_learner' (Root cause: com.kms.katalon.core.webui.exception.WebElementNotFoundException: Web element with id: 'Object Repository/Administrator/a_role_learner' located by 'By.xpath: //a[@href = '/?role=learner' and (text() = ' Người học' or . = ' Người học')]' not found)"/>
         <system-out><![CDATA[2018-12-14 11:00:27 - [TEST_CASE][FAILED] - Test Cases/LearningPath/LearnLearningPath: Test Cases/LearningPath/LearnLearningPath FAILED because (of) Unable to click on object 'Object Repository/Administrator/a_role_learner' (Root cause: com.kms.katalon.core.webui.exception.WebElementNotFoundException: Web element with id: 'Object Repository/Administrator/a_role_learner' located by 'By.xpath: //a[@href = '/?role=learner' and (text() = ' Người học' or . = ' Người học')]' not found)

2018-12-14 11:00:27 - [TEST_STEP][PASSED] - callTestCase: Call Test Case 'Test Cases/Authentication/Login2_Learn_Learning_Path' successfully

2018-12-14 11:00:28 - [TEST_CASE][PASSED] - Test Cases/Authentication/Login2_Learn_Learning_Path: Test Cases/Authentication/Login2_Learn_Learning_Path

2018-12-14 11:00:29 - [TEST_STEP][PASSED] - openBrowser: Browser is opened with url: ''

2018-12-14 11:00:34 - [MESSAGE][PASSED] - Browser is opened with url: ''

2018-12-14 11:00:34 - [TEST_STEP][PASSED] - navigateToUrl: Navigate to 'https://ntmtien.cls.vn/account/login' successfully

2018-12-14 11:00:37 - [MESSAGE][PASSED] - Navigate to 'https://ntmtien.cls.vn/account/login' successfully

2018-12-14 11:00:37 - [TEST_STEP][PASSED] - setText: Text 'user15' is set on object 'Object Repository/Authentincation/Login/Page Login/input_UserName'

2018-12-14 11:00:37 - [MESSAGE][PASSED] - Text 'user15' is set on object 'Object Repository/Authentincation/Login/Page Login/input_UserName'

2018-12-14 11:00:37 - [TEST_STEP][PASSED] - setText: Text '123456' is set on object 'Object Repository/Authentincation/Login/Page Login/input_Password'

2018-12-14 11:00:37 - [MESSAGE][PASSED] - Text '123456' is set on object 'Object Repository/Authentincation/Login/Page Login/input_Password'

2018-12-14 11:00:37 - [TEST_STEP][PASSED] - click: Object: 'Object Repository/Authentincation/Login/Page Login/button_login' is clicked on

2018-12-14 11:00:38 - [MESSAGE][PASSED] - Object: 'Object Repository/Authentincation/Login/Page Login/button_login' is clicked on

2018-12-14 11:00:38 - [MESSAGE][PASSED] - Call Test Case 'Test Cases/Authentication/Login2_Learn_Learning_Path' successfully

2018-12-14 11:00:38 - [TEST_STEP][PASSED] - Statement - java.lang.Thread.sleep(2000): null

2018-12-14 11:00:40 - [TEST_STEP][PASSED] - maximizeWindow: Current window maximized

2018-12-14 11:00:41 - [MESSAGE][PASSED] - Current window maximized

2018-12-14 11:00:41 - [TEST_STEP][PASSED] - Statement - java.lang.Thread.sleep(2000): null

2018-12-14 11:00:43 - [TEST_STEP][PASSED] - click: Object: 'Object Repository/LearningPath/LearnLearningPath/modul_learning_path' is clicked on

2018-12-14 11:00:44 - [MESSAGE][PASSED] - Object: 'Object Repository/LearningPath/LearnLearningPath/modul_learning_path' is clicked on

2018-12-14 11:00:44 - [TEST_STEP][PASSED] - Statement - java.lang.Thread.sleep(2000): null

2018-12-14 11:00:46 - [TEST_STEP][PASSED] - setText: Text 'Quy trình không thường xuyên Katalon 3' is set on object 'Object Repository/LearningPath/LearnLearningPath/input_search_learning_path'

2018-12-14 11:00:47 - [MESSAGE][PASSED] - Text 'Quy trình không thường xuyên Katalon 3' is set on object 'Object Repository/LearningPath/LearnLearningPath/input_search_learning_path'

2018-12-14 11:00:47 - [TEST_STEP][PASSED] - Statement - java.lang.Thread.sleep(2000): null

2018-12-14 11:00:49 - [TEST_STEP][PASSED] - click: Object: 'Object Repository/LearningPath/LearnLearningPath/choose_learning_path' is clicked on

2018-12-14 11:00:51 - [MESSAGE][PASSED] - Object: 'Object Repository/LearningPath/LearnLearningPath/choose_learning_path' is clicked on

2018-12-14 11:00:51 - [TEST_STEP][PASSED] - Statement - java.lang.Thread.sleep(2000): null

2018-12-14 11:00:53 - [TEST_STEP][PASSED] - click: Object: 'Object Repository/LearningPath/LearnLearningPath/choose_course' is clicked on

2018-12-14 11:00:53 - [MESSAGE][PASSED] - Object: 'Object Repository/LearningPath/LearnLearningPath/choose_course' is clicked on

2018-12-14 11:00:53 - [TEST_STEP][PASSED] - Statement - java.lang.Thread.sleep(2000): null

2018-12-14 11:00:55 - [TEST_STEP][PASSED] - switchToWindowTitle: Switched to window with title: 'khóa học test ảnh'

2018-12-14 11:00:56 - [MESSAGE][PASSED] - Switched to window with title: 'khóa học test ảnh'

2018-12-14 11:00:56 - [TEST_STEP][PASSED] - Statement - java.lang.Thread.sleep(2000): null

2018-12-14 11:00:58 - [TEST_STEP][PASSED] - click: Object: 'Object Repository/LearningPath/LearnLearningPath/start_learn_course' is clicked on

2018-12-14 11:00:59 - [MESSAGE][PASSED] - Object: 'Object Repository/LearningPath/LearnLearningPath/start_learn_course' is clicked on

2018-12-14 11:00:59 - [TEST_STEP][PASSED] - Statement - java.lang.Thread.sleep(2000): null

2018-12-14 11:01:01 - [TEST_STEP][PASSED] - click: Object: 'Object Repository/LearningPath/LearnLearningPath/LearnCourse/button_finish' is clicked on

2018-12-14 11:01:01 - [MESSAGE][PASSED] - Object: 'Object Repository/LearningPath/LearnLearningPath/LearnCourse/button_finish' is clicked on

2018-12-14 11:01:01 - [TEST_STEP][PASSED] - Statement - java.lang.Thread.sleep(2000): null

2018-12-14 11:01:03 - [TEST_STEP][PASSED] - click: Object: 'Object Repository/LearningPath/LearnLearningPath/LearnCourse/button_accept' is clicked on

2018-12-14 11:01:04 - [MESSAGE][PASSED] - Object: 'Object Repository/LearningPath/LearnLearningPath/LearnCourse/button_accept' is clicked on

2018-12-14 11:01:04 - [TEST_STEP][PASSED] - Statement - java.lang.Thread.sleep(10000): null

2018-12-14 11:01:14 - [TEST_STEP][PASSED] - click: Object: 'Object Repository/LearningPath/LearnLearningPath/modul_learning_path' is clicked on

2018-12-14 11:01:15 - [MESSAGE][PASSED] - Object: 'Object Repository/LearningPath/LearnLearningPath/modul_learning_path' is clicked on

2018-12-14 11:01:15 - [TEST_STEP][PASSED] - Statement - java.lang.Thread.sleep(2000): null

2018-12-14 11:01:17 - [TEST_STEP][PASSED] - setText: Text 'Quy trình không thường xuyên Katalon 3' is set on object 'Object Repository/LearningPath/LearnLearningPath/input_search_learning_path'

2018-12-14 11:01:18 - [MESSAGE][PASSED] - Text 'Quy trình không thường xuyên Katalon 3' is set on object 'Object Repository/LearningPath/LearnLearningPath/input_search_learning_path'

2018-12-14 11:01:18 - [TEST_STEP][PASSED] - Statement - java.lang.Thread.sleep(2000): null

2018-12-14 11:01:20 - [TEST_STEP][PASSED] - click: Object: 'Object Repository/LearningPath/LearnLearningPath/choose_learning_path' is clicked on

2018-12-14 11:01:21 - [MESSAGE][PASSED] - Object: 'Object Repository/LearningPath/LearnLearningPath/choose_learning_path' is clicked on

2018-12-14 11:01:21 - [TEST_STEP][PASSED] - Statement - java.lang.Thread.sleep(10000): null

2018-12-14 11:01:31 - [TEST_STEP][PASSED] - refresh: Refresh successfully

2018-12-14 11:01:32 - [MESSAGE][PASSED] - Refresh successfully

2018-12-14 11:01:32 - [TEST_STEP][PASSED] - Statement - java.lang.Thread.sleep(5000): null

2018-12-14 11:01:37 - [TEST_STEP][PASSED] - click: Object: 'Object Repository/LearningPath/LearnLearningPath/choose_exam' is clicked on

2018-12-14 11:01:37 - [MESSAGE][PASSED] - Object: 'Object Repository/LearningPath/LearnLearningPath/choose_exam' is clicked on

2018-12-14 11:01:37 - [TEST_STEP][PASSED] - Statement - java.lang.Thread.sleep(2000): null

2018-12-14 11:01:39 - [TEST_STEP][PASSED] - switchToWindowTitle: Switched to window with title: 'Danh sách chủ đề của kỳ thi'

2018-12-14 11:01:40 - [MESSAGE][PASSED] - Switched to window with title: 'Danh sách chủ đề của kỳ thi'

2018-12-14 11:01:40 - [TEST_STEP][PASSED] - Statement - java.lang.Thread.sleep(2000): null

2018-12-14 11:01:42 - [TEST_STEP][PASSED] - click: Object: 'Object Repository/Examination/LearnExam/icon_choose_category' is clicked on

2018-12-14 11:01:43 - [MESSAGE][PASSED] - Object: 'Object Repository/Examination/LearnExam/icon_choose_category' is clicked on

2018-12-14 11:01:43 - [TEST_STEP][PASSED] - Statement - java.lang.Thread.sleep(2000): null

2018-12-14 11:01:45 - [TEST_STEP][PASSED] - click: Object: 'Object Repository/Examination/LearnExam/button_start_exam' is clicked on

2018-12-14 11:01:45 - [MESSAGE][PASSED] - Object: 'Object Repository/Examination/LearnExam/button_start_exam' is clicked on

2018-12-14 11:01:45 - [TEST_STEP][PASSED] - Statement - java.lang.Thread.sleep(10000): null

2018-12-14 11:01:55 - [TEST_STEP][PASSED] - click: Object: 'Object Repository/Examination/LearnExam/button_finish' is clicked on

2018-12-14 11:01:55 - [MESSAGE][PASSED] - Object: 'Object Repository/Examination/LearnExam/button_finish' is clicked on

2018-12-14 11:01:55 - [TEST_STEP][PASSED] - Statement - java.lang.Thread.sleep(2000): null

2018-12-14 11:01:57 - [TEST_STEP][PASSED] - acceptAlert: Alert accepted

2018-12-14 11:01:58 - [MESSAGE][PASSED] - Alert accepted

2018-12-14 11:01:58 - [TEST_STEP][PASSED] - Statement - java.lang.Thread.sleep(5000): null

2018-12-14 11:02:03 - [TEST_STEP][PASSED] - acceptAlert: Alert accepted

2018-12-14 11:02:03 - [MESSAGE][PASSED] - Alert accepted

2018-12-14 11:02:03 - [TEST_STEP][PASSED] - Statement - java.lang.Thread.sleep(5000): null

2018-12-14 11:02:08 - [TEST_STEP][PASSED] - mouseOver: Object: 'Object Repository/Administrator/select_user_action' is hovered

2018-12-14 11:02:08 - [MESSAGE][PASSED] - Object: 'Object Repository/Administrator/select_user_action' is hovered

2018-12-14 11:02:08 - [TEST_STEP][PASSED] - Statement - java.lang.Thread.sleep(5000): null

2018-12-14 11:02:13 - [TEST_STEP][FAILED] - click: Unable to click on object 'Object Repository/Administrator/a_role_learner' (Root cause: com.kms.katalon.core.webui.exception.WebElementNotFoundException: Web element with id: 'Object Repository/Administrator/a_role_learner' located by 'By.xpath: //a[@href = '/?role=learner' and (text() = ' Người học' or . = ' Người học')]' not found)

2018-12-14 11:02:45 - [MESSAGE][FAILED] - Unable to click on object 'Object Repository/Administrator/a_role_learner' (Root cause: com.kms.katalon.core.webui.exception.WebElementNotFoundException: Web element with id: 'Object Repository/Administrator/a_role_learner' located by 'By.xpath: //a[@href = '/?role=learner' and (text() = ' Người học' or . = ' Người học')]' not found)
[[ATTACHMENT|C:\\Users\\buithan\\git\\katalon-cls-project\\Reports\\LearningPath\\20181214_110022\\1544760165187.png]]]]></system-out>
         <system-err><![CDATA[2018-12-14 11:00:27 - [TEST_CASE][FAILED] - Test Cases/LearningPath/LearnLearningPath: Test Cases/LearningPath/LearnLearningPath FAILED because (of) Unable to click on object 'Object Repository/Administrator/a_role_learner' (Root cause: com.kms.katalon.core.webui.exception.WebElementNotFoundException: Web element with id: 'Object Repository/Administrator/a_role_learner' located by 'By.xpath: //a[@href = '/?role=learner' and (text() = ' Người học' or . = ' Người học')]' not found)]]></system-err>
      </testcase>
      <system-out><![CDATA[2018-12-14 11:00:26 - [TEST_SUITE][FAILED] - LearningPath: Test Cases/LearningPath/LearnLearningPath FAILED because (of) Unable to click on object 'Object Repository/Administrator/a_role_learner' (Root cause: com.kms.katalon.core.webui.exception.WebElementNotFoundException: Web element with id: 'Object Repository/Administrator/a_role_learner' located by 'By.xpath: //a[@href = '/?role=learner' and (text() = ' Người học' or . = ' Người học')]' not found)]]></system-out>
      <system-err><![CDATA[2018-12-14 11:00:26 - [TEST_SUITE][FAILED] - LearningPath: Test Cases/LearningPath/LearnLearningPath FAILED because (of) Unable to click on object 'Object Repository/Administrator/a_role_learner' (Root cause: com.kms.katalon.core.webui.exception.WebElementNotFoundException: Web element with id: 'Object Repository/Administrator/a_role_learner' located by 'By.xpath: //a[@href = '/?role=learner' and (text() = ' Người học' or . = ' Người học')]' not found)]]></system-err>
   </testsuite>
</testsuites>
