<?xml version="1.0" encoding="UTF-8"?>
<testsuites name="Message" time="170" tests="4" failures="2" errors="0">
   <testsuite name="Message" tests="4" failures="2" errors="0" time="170" timestamp="2018-12-15 11:49:48" hostname="buithan - DESKTOP-9IOQSG7" id="Test Suites/Message">
      <properties>
         <property name="deviceName" value=""/>
         <property name="devicePlatform" value=""/>
         <property name="logFolder" value="C:\\Users\\buithan\\git\\katalon-cls-project\\Reports\\Message\\20181215_114946"/>
         <property name="logFiles" value="C:\\Users\\buithan\\git\\katalon-cls-project\\Reports\\Message\\20181215_114946\\execution0.log"/>
         <property name="attachments" value="C:\\Users\\buithan\\git\\katalon-cls-project\\Reports\\Message\\20181215_114946\\1544849522295.png, C:\\Users\\buithan\\git\\katalon-cls-project\\Reports\\Message\\20181215_114946\\1544849558050.png"/>
         <property name="hostName" value="buithan - DESKTOP-9IOQSG7"/>
         <property name="os" value="Windows 10 64bit"/>
         <property name="katalonVersion" value="5.4.1.1"/>
         <property name="browser" value="Chrome 71.0.3578.98"/>
         <property name="hostAddress" value="192.168.1.142"/>
         <property name="sessionId" value="4c4f03ae2459fafad21e83a9d782ef99"/>
         <property name="seleniumVersion" value="3.7.1"/>
         <property name="proxyInformation" value="ProxyInformation{proxyOption=NO_PROXY, proxyServerType=HTTP, password=, proxyServerAddress=, proxyServerPort=0}"/>
         <property name="platform" value="Windows 10"/>
      </properties>
      <testcase name="Test Cases/Message/SendMessageForAllUser" classname="Test Cases/Message/SendMessageForAllUser" status="PASSED">
         <system-out><![CDATA[2018-12-15 11:49:48 - [TEST_CASE][PASSED] - Test Cases/Message/SendMessageForAllUser: Test Cases/Message/SendMessageForAllUser

2018-12-15 11:49:49 - [TEST_STEP][PASSED] - callTestCase: Call Test Case 'Test Cases/Message/OpenPageMessage' successfully

2018-12-15 11:49:49 - [TEST_CASE][PASSED] - Test Cases/Message/OpenPageMessage: Test Cases/Message/OpenPageMessage

2018-12-15 11:49:49 - [TEST_STEP][PASSED] - callTestCase: Call Test Case 'Test Cases/Authentication/Login1' successfully

2018-12-15 11:49:49 - [TEST_CASE][PASSED] - Test Cases/Authentication/Login1: Test Cases/Authentication/Login1

2018-12-15 11:49:49 - [TEST_STEP][PASSED] - openBrowser: Browser is opened with url: ''

2018-12-15 11:49:53 - [MESSAGE][PASSED] - Browser is opened with url: ''

2018-12-15 11:49:53 - [TEST_STEP][PASSED] - navigateToUrl: Navigate to 'https://ntmtien.cls.vn/account/login' successfully

2018-12-15 11:49:54 - [MESSAGE][PASSED] - Navigate to 'https://ntmtien.cls.vn/account/login' successfully

2018-12-15 11:49:54 - [TEST_STEP][PASSED] - setText: Text 'admin1' is set on object 'Object Repository/Authentincation/Login/Page Login/input_UserName'

2018-12-15 11:49:54 - [MESSAGE][PASSED] - Text 'admin1' is set on object 'Object Repository/Authentincation/Login/Page Login/input_UserName'

2018-12-15 11:49:54 - [TEST_STEP][PASSED] - setText: Text '123456' is set on object 'Object Repository/Authentincation/Login/Page Login/input_Password'

2018-12-15 11:49:54 - [MESSAGE][PASSED] - Text '123456' is set on object 'Object Repository/Authentincation/Login/Page Login/input_Password'

2018-12-15 11:49:54 - [TEST_STEP][PASSED] - click: Object: 'Object Repository/Authentincation/Login/Page Login/button_login' is clicked on

2018-12-15 11:49:54 - [MESSAGE][PASSED] - Object: 'Object Repository/Authentincation/Login/Page Login/button_login' is clicked on

2018-12-15 11:49:54 - [MESSAGE][PASSED] - Call Test Case 'Test Cases/Authentication/Login1' successfully

2018-12-15 11:49:54 - [TEST_STEP][PASSED] - click: Object: 'Object Repository/Message/message_counter' is clicked on

2018-12-15 11:49:59 - [MESSAGE][PASSED] - Object: 'Object Repository/Message/message_counter' is clicked on

2018-12-15 11:49:59 - [TEST_STEP][PASSED] - Statement - java.lang.Thread.sleep(3000): null

2018-12-15 11:50:02 - [TEST_STEP][PASSED] - switchToWindowIndex: Switched to window with index: '0'

2018-12-15 11:50:02 - [MESSAGE][PASSED] - Switched to window with index: '0'

2018-12-15 11:50:02 - [TEST_STEP][PASSED] - Statement - title = com.kms.katalon.core.webui.keyword.WebUiBuiltInKeywords.getWindowTitle(): Current window's title is: 'Tin nhắn'

2018-12-15 11:50:02 - [MESSAGE][PASSED] - Current window's title is: 'Tin nhắn'

2018-12-15 11:50:02 - [TEST_STEP][PASSED] - verifyMatch: Actual text 'Tin nhắn' and expected text 'Tin nhắn' are matched  using regular expression

2018-12-15 11:50:02 - [MESSAGE][PASSED] - Actual text 'Tin nhắn' and expected text 'Tin nhắn' are matched  using regular expression

2018-12-15 11:50:02 - [MESSAGE][PASSED] - Call Test Case 'Test Cases/Message/OpenPageMessage' successfully

2018-12-15 11:50:02 - [TEST_STEP][PASSED] - click: Object: 'Object Repository/Message/ReceiveMessage/button_add_message' is clicked on

2018-12-15 11:50:03 - [MESSAGE][PASSED] - Object: 'Object Repository/Message/ReceiveMessage/button_add_message' is clicked on

2018-12-15 11:50:03 - [TEST_STEP][PASSED] - Statement - java.lang.Thread.sleep(3000): null

2018-12-15 11:50:06 - [TEST_STEP][PASSED] - switchToWindowIndex: Switched to window with index: '0'

2018-12-15 11:50:06 - [MESSAGE][PASSED] - Switched to window with index: '0'

2018-12-15 11:50:06 - [TEST_STEP][PASSED] - Statement - title = com.kms.katalon.core.webui.keyword.WebUiBuiltInKeywords.getWindowTitle(): Current window's title is: 'Gửi tin nhắn'

2018-12-15 11:50:06 - [MESSAGE][PASSED] - Current window's title is: 'Gửi tin nhắn'

2018-12-15 11:50:06 - [TEST_STEP][PASSED] - verifyMatch: Actual text 'Gửi tin nhắn' and expected text 'Gửi tin nhắn' are matched  using regular expression

2018-12-15 11:50:06 - [MESSAGE][PASSED] - Actual text 'Gửi tin nhắn' and expected text 'Gửi tin nhắn' are matched  using regular expression

2018-12-15 11:50:06 - [TEST_STEP][PASSED] - click: Object: 'Object Repository/Message/CreateMessage/diachinguoinhan' is clicked on

2018-12-15 11:50:06 - [MESSAGE][PASSED] - Object: 'Object Repository/Message/CreateMessage/diachinguoinhan' is clicked on

2018-12-15 11:50:06 - [TEST_STEP][PASSED] - Statement - java.lang.Thread.sleep(2000): null

2018-12-15 11:50:08 - [TEST_STEP][PASSED] - click: Object: 'Object Repository/Message/CreateMessage/choose_all_user' is clicked on

2018-12-15 11:50:09 - [MESSAGE][PASSED] - Object: 'Object Repository/Message/CreateMessage/choose_all_user' is clicked on

2018-12-15 11:50:09 - [TEST_STEP][PASSED] - Statement - java.lang.Thread.sleep(2000): null

2018-12-15 11:50:11 - [TEST_STEP][PASSED] - setText: Text 'Tin nhắn tạo từ Katalon gửi cho tất cả user' is set on object 'Object Repository/Message/CreateMessage/title_message'

2018-12-15 11:50:11 - [MESSAGE][PASSED] - Text 'Tin nhắn tạo từ Katalon gửi cho tất cả user' is set on object 'Object Repository/Message/CreateMessage/title_message'

2018-12-15 11:50:11 - [TEST_STEP][PASSED] - Statement - java.lang.Thread.sleep(2000): null

2018-12-15 11:50:13 - [TEST_STEP][PASSED] - setText: Text 'Nội dung tin nhắn được tạp từ Katalon' is set on object 'Object Repository/Message/CreateMessage/input_content_message'

2018-12-15 11:50:13 - [MESSAGE][PASSED] - Text 'Nội dung tin nhắn được tạp từ Katalon' is set on object 'Object Repository/Message/CreateMessage/input_content_message'

2018-12-15 11:50:13 - [TEST_STEP][PASSED] - Statement - java.lang.Thread.sleep(2000): null

2018-12-15 11:50:15 - [TEST_STEP][PASSED] - uploadFile: File 'E:\api.xlsx' sent to object: 'Object Repository/Message/CreateMessage/attach_file'

2018-12-15 11:50:15 - [MESSAGE][PASSED] - File 'E:\api.xlsx' sent to object: 'Object Repository/Message/CreateMessage/attach_file'

2018-12-15 11:50:15 - [TEST_STEP][PASSED] - Statement - java.lang.Thread.sleep(3000): null

2018-12-15 11:50:18 - [TEST_STEP][PASSED] - click: Object: 'Object Repository/Message/CreateMessage/button_send_message' is clicked on

2018-12-15 11:50:18 - [MESSAGE][PASSED] - Object: 'Object Repository/Message/CreateMessage/button_send_message' is clicked on

2018-12-15 11:50:18 - [TEST_STEP][PASSED] - Statement - java.lang.Thread.sleep(2000): null

2018-12-15 11:50:20 - [TEST_STEP][PASSED] - setText: Text 'Tin nhắn tạo từ Katalon gửi cho tất cả user' is set on object 'Object Repository/Message/SendMessage/input_search_message_send'

2018-12-15 11:50:21 - [MESSAGE][PASSED] - Text 'Tin nhắn tạo từ Katalon gửi cho tất cả user' is set on object 'Object Repository/Message/SendMessage/input_search_message_send'

2018-12-15 11:50:21 - [TEST_STEP][PASSED] - Statement - java.lang.Thread.sleep(2000): null

2018-12-15 11:50:23 - [TEST_STEP][PASSED] - verifyTextPresent: Text 'Tin nhắn tạo từ Katalon' is present on page 

2018-12-15 11:50:23 - [MESSAGE][PASSED] - Text 'Tin nhắn tạo từ Katalon' is present on page 

2018-12-15 11:50:23 - [TEST_STEP][PASSED] - Statement - java.lang.Thread.sleep(2000): null]]></system-out>
         <system-err><![CDATA[]]></system-err>
      </testcase>
      <testcase name="Test Cases/Message/SendMessageForBranch" classname="Test Cases/Message/SendMessageForBranch" status="PASSED">
         <system-out><![CDATA[2018-12-15 11:50:25 - [TEST_CASE][PASSED] - Test Cases/Message/SendMessageForBranch: Test Cases/Message/SendMessageForBranch

2018-12-15 11:50:25 - [TEST_STEP][PASSED] - click: Object: 'Object Repository/Message/ReceiveMessage/button_add_message_send' is clicked on

2018-12-15 11:50:26 - [MESSAGE][PASSED] - Object: 'Object Repository/Message/ReceiveMessage/button_add_message_send' is clicked on

2018-12-15 11:50:26 - [TEST_STEP][PASSED] - Statement - java.lang.Thread.sleep(3000): null

2018-12-15 11:50:29 - [TEST_STEP][PASSED] - switchToWindowIndex: Switched to window with index: '0'

2018-12-15 11:50:29 - [MESSAGE][PASSED] - Switched to window with index: '0'

2018-12-15 11:50:29 - [TEST_STEP][PASSED] - Statement - title = com.kms.katalon.core.webui.keyword.WebUiBuiltInKeywords.getWindowTitle(): Current window's title is: 'Gửi tin nhắn'

2018-12-15 11:50:29 - [MESSAGE][PASSED] - Current window's title is: 'Gửi tin nhắn'

2018-12-15 11:50:29 - [TEST_STEP][PASSED] - verifyMatch: Actual text 'Gửi tin nhắn' and expected text 'Gửi tin nhắn' are matched  using regular expression

2018-12-15 11:50:29 - [MESSAGE][PASSED] - Actual text 'Gửi tin nhắn' and expected text 'Gửi tin nhắn' are matched  using regular expression

2018-12-15 11:50:29 - [TEST_STEP][PASSED] - click: Object: 'Object Repository/Message/CreateMessage/diachinguoinhan' is clicked on

2018-12-15 11:50:29 - [MESSAGE][PASSED] - Object: 'Object Repository/Message/CreateMessage/diachinguoinhan' is clicked on

2018-12-15 11:50:29 - [TEST_STEP][PASSED] - Statement - java.lang.Thread.sleep(2000): null

2018-12-15 11:50:31 - [TEST_STEP][PASSED] - setText: Text 'Cà Mau' is set on object 'Object Repository/Message/CreateMessage/input_diachinguoinhan'

2018-12-15 11:50:31 - [MESSAGE][PASSED] - Text 'Cà Mau' is set on object 'Object Repository/Message/CreateMessage/input_diachinguoinhan'

2018-12-15 11:50:31 - [TEST_STEP][PASSED] - Statement - java.lang.Thread.sleep(2000): null

2018-12-15 11:50:33 - [TEST_STEP][PASSED] - click: Object: 'Object Repository/Message/CreateMessage/choose_user' is clicked on

2018-12-15 11:50:34 - [MESSAGE][PASSED] - Object: 'Object Repository/Message/CreateMessage/choose_user' is clicked on

2018-12-15 11:50:34 - [TEST_STEP][PASSED] - Statement - java.lang.Thread.sleep(2000): null

2018-12-15 11:50:36 - [TEST_STEP][PASSED] - setText: Text 'Tin nhắn tạo từ Katalon gửi cho chi nhánh' is set on object 'Object Repository/Message/CreateMessage/title_message'

2018-12-15 11:50:36 - [MESSAGE][PASSED] - Text 'Tin nhắn tạo từ Katalon gửi cho chi nhánh' is set on object 'Object Repository/Message/CreateMessage/title_message'

2018-12-15 11:50:36 - [TEST_STEP][PASSED] - Statement - java.lang.Thread.sleep(2000): null

2018-12-15 11:50:38 - [TEST_STEP][PASSED] - setText: Text 'Nội dung tin nhắn được tạp từ Katalon' is set on object 'Object Repository/Message/CreateMessage/input_content_message'

2018-12-15 11:50:39 - [MESSAGE][PASSED] - Text 'Nội dung tin nhắn được tạp từ Katalon' is set on object 'Object Repository/Message/CreateMessage/input_content_message'

2018-12-15 11:50:39 - [TEST_STEP][PASSED] - Statement - java.lang.Thread.sleep(2000): null

2018-12-15 11:50:41 - [TEST_STEP][PASSED] - uploadFile: File 'E:\api.xlsx' sent to object: 'Object Repository/Message/CreateMessage/attach_file'

2018-12-15 11:50:41 - [MESSAGE][PASSED] - File 'E:\api.xlsx' sent to object: 'Object Repository/Message/CreateMessage/attach_file'

2018-12-15 11:50:41 - [TEST_STEP][PASSED] - Statement - java.lang.Thread.sleep(3000): null

2018-12-15 11:50:44 - [TEST_STEP][PASSED] - click: Object: 'Object Repository/Message/CreateMessage/button_send_message' is clicked on

2018-12-15 11:50:44 - [MESSAGE][PASSED] - Object: 'Object Repository/Message/CreateMessage/button_send_message' is clicked on

2018-12-15 11:50:44 - [TEST_STEP][PASSED] - Statement - java.lang.Thread.sleep(2000): null

2018-12-15 11:50:46 - [TEST_STEP][PASSED] - setText: Text 'Tin nhắn tạo từ Katalon gửi cho chi nhánh' is set on object 'Object Repository/Message/SendMessage/input_search_message_send'

2018-12-15 11:50:46 - [MESSAGE][PASSED] - Text 'Tin nhắn tạo từ Katalon gửi cho chi nhánh' is set on object 'Object Repository/Message/SendMessage/input_search_message_send'

2018-12-15 11:50:46 - [TEST_STEP][PASSED] - Statement - java.lang.Thread.sleep(2000): null

2018-12-15 11:50:48 - [TEST_STEP][PASSED] - verifyTextPresent: Text 'Tin nhắn tạo từ Katalon gửi cho chi nhánh' is present on page 

2018-12-15 11:50:48 - [MESSAGE][PASSED] - Text 'Tin nhắn tạo từ Katalon gửi cho chi nhánh' is present on page 

2018-12-15 11:50:48 - [TEST_STEP][PASSED] - Statement - java.lang.Thread.sleep(2000): null]]></system-out>
         <system-err><![CDATA[]]></system-err>
      </testcase>
      <testcase name="Test Cases/Message/SendMessageForCourse" classname="Test Cases/Message/SendMessageForCourse" status="PASSED">
         <system-out><![CDATA[2018-12-15 11:50:50 - [TEST_CASE][PASSED] - Test Cases/Message/SendMessageForCourse: Test Cases/Message/SendMessageForCourse

2018-12-15 11:50:51 - [TEST_STEP][PASSED] - click: Object: 'Object Repository/Message/ReceiveMessage/button_add_message_send' is clicked on

2018-12-15 11:50:52 - [MESSAGE][PASSED] - Object: 'Object Repository/Message/ReceiveMessage/button_add_message_send' is clicked on

2018-12-15 11:50:52 - [TEST_STEP][PASSED] - Statement - java.lang.Thread.sleep(3000): null

2018-12-15 11:50:55 - [TEST_STEP][PASSED] - switchToWindowIndex: Switched to window with index: '0'

2018-12-15 11:50:55 - [MESSAGE][PASSED] - Switched to window with index: '0'

2018-12-15 11:50:55 - [TEST_STEP][PASSED] - Statement - title = com.kms.katalon.core.webui.keyword.WebUiBuiltInKeywords.getWindowTitle(): Current window's title is: 'Gửi tin nhắn'

2018-12-15 11:50:55 - [MESSAGE][PASSED] - Current window's title is: 'Gửi tin nhắn'

2018-12-15 11:50:55 - [TEST_STEP][PASSED] - verifyMatch: Actual text 'Gửi tin nhắn' and expected text 'Gửi tin nhắn' are matched  using regular expression

2018-12-15 11:50:55 - [MESSAGE][PASSED] - Actual text 'Gửi tin nhắn' and expected text 'Gửi tin nhắn' are matched  using regular expression

2018-12-15 11:50:55 - [TEST_STEP][PASSED] - click: Object: 'Object Repository/Message/CreateMessage/diachinguoinhan' is clicked on

2018-12-15 11:50:55 - [MESSAGE][PASSED] - Object: 'Object Repository/Message/CreateMessage/diachinguoinhan' is clicked on

2018-12-15 11:50:55 - [TEST_STEP][PASSED] - Statement - java.lang.Thread.sleep(2000): null

2018-12-15 11:50:57 - [TEST_STEP][PASSED] - setText: Text 'Khóa học tự động do thân tạo' is set on object 'Object Repository/Message/CreateMessage/input_diachinguoinhan'

2018-12-15 11:50:57 - [MESSAGE][PASSED] - Text 'Khóa học tự động do thân tạo' is set on object 'Object Repository/Message/CreateMessage/input_diachinguoinhan'

2018-12-15 11:50:57 - [TEST_STEP][PASSED] - Statement - java.lang.Thread.sleep(2000): null

2018-12-15 11:50:59 - [TEST_STEP][PASSED] - click: Object: 'Object Repository/Message/CreateMessage/choose_user' is clicked on

2018-12-15 11:50:59 - [MESSAGE][PASSED] - Object: 'Object Repository/Message/CreateMessage/choose_user' is clicked on

2018-12-15 11:50:59 - [TEST_STEP][PASSED] - Statement - java.lang.Thread.sleep(2000): null

2018-12-15 11:51:01 - [TEST_STEP][PASSED] - setText: Text 'Tin nhắn tạo từ Katalon gửi cho khóa học' is set on object 'Object Repository/Message/CreateMessage/title_message'

2018-12-15 11:51:01 - [MESSAGE][PASSED] - Text 'Tin nhắn tạo từ Katalon gửi cho khóa học' is set on object 'Object Repository/Message/CreateMessage/title_message'

2018-12-15 11:51:01 - [TEST_STEP][PASSED] - Statement - java.lang.Thread.sleep(2000): null

2018-12-15 11:51:03 - [TEST_STEP][PASSED] - setText: Text 'Nội dung tin nhắn được tạp từ Katalon' is set on object 'Object Repository/Message/CreateMessage/input_content_message'

2018-12-15 11:51:04 - [MESSAGE][PASSED] - Text 'Nội dung tin nhắn được tạp từ Katalon' is set on object 'Object Repository/Message/CreateMessage/input_content_message'

2018-12-15 11:51:04 - [TEST_STEP][PASSED] - Statement - java.lang.Thread.sleep(2000): null

2018-12-15 11:51:06 - [TEST_STEP][PASSED] - uploadFile: File 'E:\api.xlsx' sent to object: 'Object Repository/Message/CreateMessage/attach_file'

2018-12-15 11:51:06 - [MESSAGE][PASSED] - File 'E:\api.xlsx' sent to object: 'Object Repository/Message/CreateMessage/attach_file'

2018-12-15 11:51:06 - [TEST_STEP][PASSED] - Statement - java.lang.Thread.sleep(3000): null

2018-12-15 11:51:09 - [TEST_STEP][PASSED] - click: Object: 'Object Repository/Message/CreateMessage/button_send_message' is clicked on

2018-12-15 11:51:09 - [MESSAGE][PASSED] - Object: 'Object Repository/Message/CreateMessage/button_send_message' is clicked on

2018-12-15 11:51:09 - [TEST_STEP][PASSED] - Statement - java.lang.Thread.sleep(2000): null

2018-12-15 11:51:11 - [TEST_STEP][PASSED] - setText: Text 'Tin nhắn tạo từ Katalon gửi cho khóa học' is set on object 'Object Repository/Message/SendMessage/input_search_message_send'

2018-12-15 11:51:11 - [MESSAGE][PASSED] - Text 'Tin nhắn tạo từ Katalon gửi cho khóa học' is set on object 'Object Repository/Message/SendMessage/input_search_message_send'

2018-12-15 11:51:11 - [TEST_STEP][PASSED] - Statement - java.lang.Thread.sleep(2000): null

2018-12-15 11:51:13 - [TEST_STEP][PASSED] - verifyTextPresent: Text 'Tin nhắn tạo từ Katalon gửi cho khóa học' is present on page 

2018-12-15 11:51:13 - [MESSAGE][PASSED] - Text 'Tin nhắn tạo từ Katalon gửi cho khóa học' is present on page 

2018-12-15 11:51:13 - [TEST_STEP][PASSED] - Statement - java.lang.Thread.sleep(2000): null]]></system-out>
         <system-err><![CDATA[]]></system-err>
      </testcase>
      <testcase name="Test Cases/Message/SendMessageForOneUser" classname="Test Cases/Message/SendMessageForOneUser" status="PASSED">
         <system-out><![CDATA[2018-12-15 11:51:15 - [TEST_CASE][PASSED] - Test Cases/Message/SendMessageForOneUser: Test Cases/Message/SendMessageForOneUser

2018-12-15 11:51:16 - [TEST_STEP][PASSED] - click: Object: 'Object Repository/Message/ReceiveMessage/button_add_message_send' is clicked on

2018-12-15 11:51:17 - [MESSAGE][PASSED] - Object: 'Object Repository/Message/ReceiveMessage/button_add_message_send' is clicked on

2018-12-15 11:51:17 - [TEST_STEP][PASSED] - Statement - java.lang.Thread.sleep(3000): null

2018-12-15 11:51:20 - [TEST_STEP][PASSED] - switchToWindowIndex: Switched to window with index: '0'

2018-12-15 11:51:20 - [MESSAGE][PASSED] - Switched to window with index: '0'

2018-12-15 11:51:20 - [TEST_STEP][PASSED] - Statement - title = com.kms.katalon.core.webui.keyword.WebUiBuiltInKeywords.getWindowTitle(): Current window's title is: 'Gửi tin nhắn'

2018-12-15 11:51:20 - [MESSAGE][PASSED] - Current window's title is: 'Gửi tin nhắn'

2018-12-15 11:51:20 - [TEST_STEP][PASSED] - verifyMatch: Actual text 'Gửi tin nhắn' and expected text 'Gửi tin nhắn' are matched  using regular expression

2018-12-15 11:51:20 - [MESSAGE][PASSED] - Actual text 'Gửi tin nhắn' and expected text 'Gửi tin nhắn' are matched  using regular expression

2018-12-15 11:51:20 - [TEST_STEP][PASSED] - click: Object: 'Object Repository/Message/CreateMessage/diachinguoinhan' is clicked on

2018-12-15 11:51:20 - [MESSAGE][PASSED] - Object: 'Object Repository/Message/CreateMessage/diachinguoinhan' is clicked on

2018-12-15 11:51:20 - [TEST_STEP][PASSED] - Statement - java.lang.Thread.sleep(2000): null

2018-12-15 11:51:22 - [TEST_STEP][PASSED] - setText: Text 'Admin2' is set on object 'Object Repository/Message/CreateMessage/input_diachinguoinhan'

2018-12-15 11:51:22 - [MESSAGE][PASSED] - Text 'Admin2' is set on object 'Object Repository/Message/CreateMessage/input_diachinguoinhan'

2018-12-15 11:51:22 - [TEST_STEP][PASSED] - Statement - java.lang.Thread.sleep(2000): null

2018-12-15 11:51:24 - [TEST_STEP][PASSED] - click: Object: 'Object Repository/Message/CreateMessage/choose_user' is clicked on

2018-12-15 11:51:24 - [MESSAGE][PASSED] - Object: 'Object Repository/Message/CreateMessage/choose_user' is clicked on

2018-12-15 11:51:24 - [TEST_STEP][PASSED] - Statement - java.lang.Thread.sleep(2000): null

2018-12-15 11:51:26 - [TEST_STEP][PASSED] - setText: Text 'Tin nhắn tạo từ Katalon gửi cho một người dùng' is set on object 'Object Repository/Message/CreateMessage/title_message'

2018-12-15 11:51:26 - [MESSAGE][PASSED] - Text 'Tin nhắn tạo từ Katalon gửi cho một người dùng' is set on object 'Object Repository/Message/CreateMessage/title_message'

2018-12-15 11:51:26 - [TEST_STEP][PASSED] - Statement - java.lang.Thread.sleep(2000): null

2018-12-15 11:51:28 - [TEST_STEP][PASSED] - setText: Text 'Nội dung tin nhắn được tạp từ Katalon' is set on object 'Object Repository/Message/CreateMessage/input_content_message'

2018-12-15 11:51:29 - [MESSAGE][PASSED] - Text 'Nội dung tin nhắn được tạp từ Katalon' is set on object 'Object Repository/Message/CreateMessage/input_content_message'

2018-12-15 11:51:29 - [TEST_STEP][PASSED] - Statement - java.lang.Thread.sleep(2000): null

2018-12-15 11:51:31 - [TEST_STEP][PASSED] - uploadFile: File 'E:\api.xlsx' sent to object: 'Object Repository/Message/CreateMessage/attach_file'

2018-12-15 11:51:31 - [MESSAGE][PASSED] - File 'E:\api.xlsx' sent to object: 'Object Repository/Message/CreateMessage/attach_file'

2018-12-15 11:51:31 - [TEST_STEP][PASSED] - Statement - java.lang.Thread.sleep(3000): null

2018-12-15 11:51:34 - [TEST_STEP][PASSED] - click: Object: 'Object Repository/Message/CreateMessage/button_send_message' is clicked on

2018-12-15 11:51:34 - [MESSAGE][PASSED] - Object: 'Object Repository/Message/CreateMessage/button_send_message' is clicked on

2018-12-15 11:51:34 - [TEST_STEP][PASSED] - Statement - java.lang.Thread.sleep(2000): null

2018-12-15 11:51:36 - [TEST_STEP][PASSED] - setText: Text 'Tin nhắn tạo từ Katalon gửi cho một người dùng' is set on object 'Object Repository/Message/SendMessage/input_search_message_send'

2018-12-15 11:51:36 - [MESSAGE][PASSED] - Text 'Tin nhắn tạo từ Katalon gửi cho một người dùng' is set on object 'Object Repository/Message/SendMessage/input_search_message_send'

2018-12-15 11:51:36 - [TEST_STEP][PASSED] - Statement - java.lang.Thread.sleep(2000): null

2018-12-15 11:51:38 - [TEST_STEP][PASSED] - verifyTextPresent: Text 'Tin nhắn tạo từ Katalon' is present on page 

2018-12-15 11:51:39 - [MESSAGE][PASSED] - Text 'Tin nhắn tạo từ Katalon' is present on page 

2018-12-15 11:51:39 - [TEST_STEP][PASSED] - Statement - java.lang.Thread.sleep(2000): null

2018-12-15 11:51:41 - [TEST_STEP][PASSED] - callTestCase: Call Test Case 'Test Cases/Authentication/Logout' successfully

2018-12-15 11:51:41 - [TEST_CASE][PASSED] - Test Cases/Authentication/Logout: Test Cases/Authentication/Logout

2018-12-15 11:51:41 - [TEST_STEP][PASSED] - click: Object: 'Object Repository/Authentincation/Logout/Page Administrator/select_user_action' is clicked on

2018-12-15 11:51:41 - [MESSAGE][PASSED] - Object: 'Object Repository/Authentincation/Logout/Page Administrator/select_user_action' is clicked on

2018-12-15 11:51:41 - [TEST_STEP][PASSED] - click: Object: 'Object Repository/Authentincation/Logout/Page Administrator/logout' is clicked on

2018-12-15 11:51:41 - [MESSAGE][PASSED] - Object: 'Object Repository/Authentincation/Logout/Page Administrator/logout' is clicked on

2018-12-15 11:51:41 - [MESSAGE][PASSED] - Call Test Case 'Test Cases/Authentication/Logout' successfully]]></system-out>
         <system-err><![CDATA[]]></system-err>
      </testcase>
      <testcase name="Test Cases/Message/ViewDetailMessage" classname="Test Cases/Message/ViewDetailMessage" status="FAILED">
         <failure type="FAILED" message="Unable to verify text 'Tin nhắn tạo từ Katalon gửi cho chi nhánh' is present  (Root cause: Text 'Tin nhắn tạo từ Katalon gửi cho chi nhánh' is not present on page )"/>
         <system-out><![CDATA[2018-12-15 11:51:41 - [TEST_CASE][FAILED] - Test Cases/Message/ViewDetailMessage: Test Cases/Message/ViewDetailMessage FAILED because (of) Unable to verify text 'Tin nhắn tạo từ Katalon gửi cho chi nhánh' is present  (Root cause: Text 'Tin nhắn tạo từ Katalon gửi cho chi nhánh' is not present on page )

2018-12-15 11:51:41 - [TEST_STEP][PASSED] - callTestCase: Call Test Case 'Test Cases/Message/OpenPageMessage' successfully

2018-12-15 11:51:41 - [TEST_CASE][PASSED] - Test Cases/Message/OpenPageMessage: Test Cases/Message/OpenPageMessage

2018-12-15 11:51:41 - [TEST_STEP][PASSED] - callTestCase: Call Test Case 'Test Cases/Authentication/Login1' successfully

2018-12-15 11:51:42 - [TEST_CASE][PASSED] - Test Cases/Authentication/Login1: Test Cases/Authentication/Login1

2018-12-15 11:51:42 - [TEST_STEP][PASSED] - openBrowser: Browser is opened with url: ''

2018-12-15 11:51:42 - [MESSAGE][WARNING] - A browser is already opened. Closing browser and opening a new one

2018-12-15 11:51:44 - [MESSAGE][PASSED] - Browser is opened with url: ''

2018-12-15 11:51:44 - [TEST_STEP][PASSED] - navigateToUrl: Navigate to 'https://ntmtien.cls.vn/account/login' successfully

2018-12-15 11:51:46 - [MESSAGE][PASSED] - Navigate to 'https://ntmtien.cls.vn/account/login' successfully

2018-12-15 11:51:46 - [TEST_STEP][PASSED] - setText: Text 'admin1' is set on object 'Object Repository/Authentincation/Login/Page Login/input_UserName'

2018-12-15 11:51:46 - [MESSAGE][PASSED] - Text 'admin1' is set on object 'Object Repository/Authentincation/Login/Page Login/input_UserName'

2018-12-15 11:51:46 - [TEST_STEP][PASSED] - setText: Text '123456' is set on object 'Object Repository/Authentincation/Login/Page Login/input_Password'

2018-12-15 11:51:46 - [MESSAGE][PASSED] - Text '123456' is set on object 'Object Repository/Authentincation/Login/Page Login/input_Password'

2018-12-15 11:51:46 - [TEST_STEP][PASSED] - click: Object: 'Object Repository/Authentincation/Login/Page Login/button_login' is clicked on

2018-12-15 11:51:46 - [MESSAGE][PASSED] - Object: 'Object Repository/Authentincation/Login/Page Login/button_login' is clicked on

2018-12-15 11:51:46 - [MESSAGE][PASSED] - Call Test Case 'Test Cases/Authentication/Login1' successfully

2018-12-15 11:51:46 - [TEST_STEP][PASSED] - click: Object: 'Object Repository/Message/message_counter' is clicked on

2018-12-15 11:51:51 - [MESSAGE][PASSED] - Object: 'Object Repository/Message/message_counter' is clicked on

2018-12-15 11:51:51 - [TEST_STEP][PASSED] - Statement - java.lang.Thread.sleep(3000): null

2018-12-15 11:51:54 - [TEST_STEP][PASSED] - switchToWindowIndex: Switched to window with index: '0'

2018-12-15 11:51:54 - [MESSAGE][PASSED] - Switched to window with index: '0'

2018-12-15 11:51:54 - [TEST_STEP][PASSED] - Statement - title = com.kms.katalon.core.webui.keyword.WebUiBuiltInKeywords.getWindowTitle(): Current window's title is: 'Tin nhắn'

2018-12-15 11:51:54 - [MESSAGE][PASSED] - Current window's title is: 'Tin nhắn'

2018-12-15 11:51:54 - [TEST_STEP][PASSED] - verifyMatch: Actual text 'Tin nhắn' and expected text 'Tin nhắn' are matched  using regular expression

2018-12-15 11:51:54 - [MESSAGE][PASSED] - Actual text 'Tin nhắn' and expected text 'Tin nhắn' are matched  using regular expression

2018-12-15 11:51:54 - [MESSAGE][PASSED] - Call Test Case 'Test Cases/Message/OpenPageMessage' successfully

2018-12-15 11:51:54 - [TEST_STEP][PASSED] - setText: Text 'Tin nhắn tạo từ Katalon gửi cho tất cả user' is set on object 'Object Repository/Message/ReceiveMessage/input_search_receive_message'

2018-12-15 11:51:55 - [MESSAGE][PASSED] - Text 'Tin nhắn tạo từ Katalon gửi cho tất cả user' is set on object 'Object Repository/Message/ReceiveMessage/input_search_receive_message'

2018-12-15 11:51:55 - [TEST_STEP][PASSED] - Statement - java.lang.Thread.sleep(2000): null

2018-12-15 11:51:57 - [TEST_STEP][PASSED] - verifyTextPresent: Text 'Tin nhắn tạo từ Katalon gửi cho tất cả user' is present on page 

2018-12-15 11:51:57 - [MESSAGE][PASSED] - Text 'Tin nhắn tạo từ Katalon gửi cho tất cả user' is present on page 

2018-12-15 11:51:57 - [TEST_STEP][PASSED] - Statement - java.lang.Thread.sleep(2000): null

2018-12-15 11:51:59 - [TEST_STEP][PASSED] - setText: Text 'Tin nhắn tạo từ Katalon gửi cho chi nhánh' is set on object 'Object Repository/Message/ReceiveMessage/input_search_receive_message'

2018-12-15 11:52:00 - [MESSAGE][PASSED] - Text 'Tin nhắn tạo từ Katalon gửi cho chi nhánh' is set on object 'Object Repository/Message/ReceiveMessage/input_search_receive_message'

2018-12-15 11:52:00 - [TEST_STEP][PASSED] - Statement - java.lang.Thread.sleep(2000): null

2018-12-15 11:52:02 - [TEST_STEP][FAILED] - verifyTextPresent: Unable to verify text 'Tin nhắn tạo từ Katalon gửi cho chi nhánh' is present  (Root cause: Text 'Tin nhắn tạo từ Katalon gửi cho chi nhánh' is not present on page )

2018-12-15 11:52:02 - [MESSAGE][FAILED] - Text 'Tin nhắn tạo từ Katalon gửi cho chi nhánh' is not present on page 

2018-12-15 11:52:02 - [MESSAGE][FAILED] - Unable to verify text 'Tin nhắn tạo từ Katalon gửi cho chi nhánh' is present  (Root cause: Text 'Tin nhắn tạo từ Katalon gửi cho chi nhánh' is not present on page )
[[ATTACHMENT|C:\\Users\\buithan\\git\\katalon-cls-project\\Reports\\Message\\20181215_114946\\1544849522295.png]]]]></system-out>
         <system-err><![CDATA[2018-12-15 11:51:41 - [TEST_CASE][FAILED] - Test Cases/Message/ViewDetailMessage: Test Cases/Message/ViewDetailMessage FAILED because (of) Unable to verify text 'Tin nhắn tạo từ Katalon gửi cho chi nhánh' is present  (Root cause: Text 'Tin nhắn tạo từ Katalon gửi cho chi nhánh' is not present on page )]]></system-err>
      </testcase>
      <testcase name="Test Cases/Message/DeleteMessage" classname="Test Cases/Message/DeleteMessage" status="FAILED">
         <failure type="FAILED" message="Unable to click on object 'Object Repository/Message/message_counter' (Root cause: com.kms.katalon.core.webui.exception.WebElementNotFoundException: Web element with id: 'Object Repository/Message/message_counter' located by 'By.xpath: //*[@id = 'messageCounter']' not found)"/>
         <system-out><![CDATA[2018-12-15 11:52:02 - [TEST_CASE][FAILED] - Test Cases/Message/DeleteMessage: Test Cases/Message/DeleteMessage FAILED because (of) Unable to click on object 'Object Repository/Message/message_counter' (Root cause: com.kms.katalon.core.webui.exception.WebElementNotFoundException: Web element with id: 'Object Repository/Message/message_counter' located by 'By.xpath: //*[@id = 'messageCounter']' not found)

2018-12-15 11:52:02 - [TEST_STEP][FAILED] - callTestCase: Unable to call Test Case with id 'Test Cases/Message/OpenPageMessage' (Root cause: Call Test Case 'Test Cases/Message/OpenPageMessage' failed)

2018-12-15 11:52:02 - [TEST_CASE][FAILED] - Test Cases/Message/OpenPageMessage: Test Cases/Message/OpenPageMessage FAILED because (of) Unable to click on object 'Object Repository/Message/message_counter' (Root cause: com.kms.katalon.core.webui.exception.WebElementNotFoundException: Web element with id: 'Object Repository/Message/message_counter' located by 'By.xpath: //*[@id = 'messageCounter']' not found)

2018-12-15 11:52:02 - [TEST_STEP][PASSED] - callTestCase: Call Test Case 'Test Cases/Authentication/Login1' successfully

2018-12-15 11:52:03 - [TEST_CASE][PASSED] - Test Cases/Authentication/Login1: Test Cases/Authentication/Login1

2018-12-15 11:52:03 - [TEST_STEP][PASSED] - openBrowser: Browser is opened with url: ''

2018-12-15 11:52:03 - [MESSAGE][WARNING] - A browser is already opened. Closing browser and opening a new one

2018-12-15 11:52:05 - [MESSAGE][PASSED] - Browser is opened with url: ''

2018-12-15 11:52:05 - [TEST_STEP][PASSED] - navigateToUrl: Navigate to 'https://ntmtien.cls.vn/account/login' successfully

2018-12-15 11:52:06 - [MESSAGE][PASSED] - Navigate to 'https://ntmtien.cls.vn/account/login' successfully

2018-12-15 11:52:06 - [TEST_STEP][PASSED] - setText: Text 'admin1' is set on object 'Object Repository/Authentincation/Login/Page Login/input_UserName'

2018-12-15 11:52:07 - [MESSAGE][PASSED] - Text 'admin1' is set on object 'Object Repository/Authentincation/Login/Page Login/input_UserName'

2018-12-15 11:52:07 - [TEST_STEP][PASSED] - setText: Text '123456' is set on object 'Object Repository/Authentincation/Login/Page Login/input_Password'

2018-12-15 11:52:07 - [MESSAGE][PASSED] - Text '123456' is set on object 'Object Repository/Authentincation/Login/Page Login/input_Password'

2018-12-15 11:52:07 - [TEST_STEP][PASSED] - click: Object: 'Object Repository/Authentincation/Login/Page Login/button_login' is clicked on

2018-12-15 11:52:07 - [MESSAGE][PASSED] - Object: 'Object Repository/Authentincation/Login/Page Login/button_login' is clicked on

2018-12-15 11:52:07 - [MESSAGE][PASSED] - Call Test Case 'Test Cases/Authentication/Login1' successfully

2018-12-15 11:52:07 - [TEST_STEP][FAILED] - click: Unable to click on object 'Object Repository/Message/message_counter' (Root cause: com.kms.katalon.core.webui.exception.WebElementNotFoundException: Web element with id: 'Object Repository/Message/message_counter' located by 'By.xpath: //*[@id = 'messageCounter']' not found)

2018-12-15 11:52:38 - [MESSAGE][FAILED] - Unable to click on object 'Object Repository/Message/message_counter' (Root cause: com.kms.katalon.core.webui.exception.WebElementNotFoundException: Web element with id: 'Object Repository/Message/message_counter' located by 'By.xpath: //*[@id = 'messageCounter']' not found)
[[ATTACHMENT|C:\\Users\\buithan\\git\\katalon-cls-project\\Reports\\Message\\20181215_114946\\1544849558050.png]]

2018-12-15 11:52:38 - [MESSAGE][FAILED] - Unable to call Test Case with id 'Test Cases/Message/OpenPageMessage' (Root cause: Call Test Case 'Test Cases/Message/OpenPageMessage' failed)]]></system-out>
         <system-err><![CDATA[2018-12-15 11:52:02 - [TEST_CASE][FAILED] - Test Cases/Message/DeleteMessage: Test Cases/Message/DeleteMessage FAILED because (of) Unable to click on object 'Object Repository/Message/message_counter' (Root cause: com.kms.katalon.core.webui.exception.WebElementNotFoundException: Web element with id: 'Object Repository/Message/message_counter' located by 'By.xpath: //*[@id = 'messageCounter']' not found)]]></system-err>
      </testcase>
      <system-out><![CDATA[2018-12-15 11:49:48 - [TEST_SUITE][FAILED] - Message: Test Cases/Message/ViewDetailMessage FAILED because (of) Unable to verify text 'Tin nhắn tạo từ Katalon gửi cho chi nhánh' is present  (Root cause: Text 'Tin nhắn tạo từ Katalon gửi cho chi nhánh' is not present on page )]]></system-out>
      <system-err><![CDATA[2018-12-15 11:49:48 - [TEST_SUITE][FAILED] - Message: Test Cases/Message/ViewDetailMessage FAILED because (of) Unable to verify text 'Tin nhắn tạo từ Katalon gửi cho chi nhánh' is present  (Root cause: Text 'Tin nhắn tạo từ Katalon gửi cho chi nhánh' is not present on page )]]></system-err>
   </testsuite>
</testsuites>
