<?xml version="1.0" encoding="UTF-8"?>
<testsuites name="Course" time="393" tests="14" failures="0" errors="0">
   <testsuite name="Course" tests="14" failures="0" errors="0" time="393" timestamp="2018-11-03 09:32:42" hostname="buithan - DESKTOP-9IOQSG7" id="Test Suites/Course">
      <properties>
         <property name="deviceName" value=""/>
         <property name="devicePlatform" value=""/>
         <property name="logFolder" value="C:\\Users\\buithan\\git\\katalon-cls-project\\Reports\\Course\\20181103_093239"/>
         <property name="logFiles" value="C:\\Users\\buithan\\git\\katalon-cls-project\\Reports\\Course\\20181103_093239\\execution0.log"/>
         <property name="attachments" value=""/>
         <property name="hostName" value="buithan - DESKTOP-9IOQSG7"/>
         <property name="os" value="Windows 10 64bit"/>
         <property name="katalonVersion" value="5.4.1.1"/>
         <property name="browser" value="Chrome 70.0.3538.77"/>
         <property name="hostAddress" value="192.168.1.142"/>
         <property name="sessionId" value="7ecc17fc6929212be0d2b84eed196c28"/>
         <property name="seleniumVersion" value="3.7.1"/>
         <property name="proxyInformation" value="ProxyInformation{proxyOption=NO_PROXY, proxyServerType=HTTP, password=, proxyServerAddress=, proxyServerPort=0}"/>
         <property name="platform" value="Windows 10"/>
      </properties>
      <testcase name="Test Cases/Course/AddCourse" classname="Test Cases/Course/AddCourse" status="PASSED">
         <system-out><![CDATA[2018-11-03 09:32:43 - [TEST_CASE][PASSED] - Test Cases/Course/AddCourse: Test Cases/Course/AddCourse

2018-11-03 09:32:43 - [TEST_STEP][PASSED] - callTestCase: Call Test Case 'Test Cases/Authentication/Login1' successfully

2018-11-03 09:32:43 - [TEST_CASE][PASSED] - Test Cases/Authentication/Login1: Test Cases/Authentication/Login1

2018-11-03 09:32:44 - [TEST_STEP][PASSED] - openBrowser: Browser is opened with url: ''

2018-11-03 09:32:48 - [MESSAGE][PASSED] - Browser is opened with url: ''

2018-11-03 09:32:48 - [TEST_STEP][PASSED] - navigateToUrl: Navigate to 'https://ntmtien.cls.vn/account/login' successfully

2018-11-03 09:32:50 - [MESSAGE][PASSED] - Navigate to 'https://ntmtien.cls.vn/account/login' successfully

2018-11-03 09:32:50 - [TEST_STEP][PASSED] - setText: Text 'admin1' is set on object 'Object Repository/Authentincation/Login/Page Login/input_UserName'

2018-11-03 09:32:50 - [MESSAGE][PASSED] - Text 'admin1' is set on object 'Object Repository/Authentincation/Login/Page Login/input_UserName'

2018-11-03 09:32:50 - [TEST_STEP][PASSED] - setText: Text '123456' is set on object 'Object Repository/Authentincation/Login/Page Login/input_Password'

2018-11-03 09:32:50 - [MESSAGE][PASSED] - Text '123456' is set on object 'Object Repository/Authentincation/Login/Page Login/input_Password'

2018-11-03 09:32:50 - [TEST_STEP][PASSED] - click: Object: 'Object Repository/Authentincation/Login/Page Login/button_login' is clicked on

2018-11-03 09:32:51 - [MESSAGE][PASSED] - Object: 'Object Repository/Authentincation/Login/Page Login/button_login' is clicked on

2018-11-03 09:32:51 - [MESSAGE][PASSED] - Call Test Case 'Test Cases/Authentication/Login1' successfully

2018-11-03 09:32:51 - [TEST_STEP][PASSED] - click: Object: 'Object Repository/Administrator/div_modun_course' is clicked on

2018-11-03 09:32:56 - [MESSAGE][PASSED] - Object: 'Object Repository/Administrator/div_modun_course' is clicked on

2018-11-03 09:32:56 - [TEST_STEP][PASSED] - Statement - java.lang.Thread.sleep(2000): null

2018-11-03 09:32:58 - [TEST_STEP][PASSED] - click: Object: 'Object Repository/Course/Page Manage Course/addcourse/button_add_course' is clicked on

2018-11-03 09:32:58 - [MESSAGE][PASSED] - Object: 'Object Repository/Course/Page Manage Course/addcourse/button_add_course' is clicked on

2018-11-03 09:32:58 - [TEST_STEP][PASSED] - Statement - java.lang.Thread.sleep(2000): null

2018-11-03 09:33:00 - [TEST_STEP][PASSED] - setText: Text 'Khóa học tự động do thân tạo' is set on object 'Object Repository/Course/Page Manage Course/addcourse/Page_Qun l kha hc/input_TenKhoaHoc'

2018-11-03 09:33:01 - [MESSAGE][PASSED] - Text 'Khóa học tự động do thân tạo' is set on object 'Object Repository/Course/Page Manage Course/addcourse/Page_Qun l kha hc/input_TenKhoaHoc'

2018-11-03 09:33:01 - [TEST_STEP][PASSED] - Statement - java.lang.Thread.sleep(2000): null

2018-11-03 09:33:03 - [TEST_STEP][PASSED] - selectOptionByValue: All options with value '4' are selected in object 'Object Repository/Course/Page Manage Course/addcourse/Page_Qun l kha hc/select_La chn mc'  using regular expression

2018-11-03 09:33:03 - [MESSAGE][PASSED] - All options with value '4' are selected in object 'Object Repository/Course/Page Manage Course/addcourse/Page_Qun l kha hc/select_La chn mc'  using regular expression

2018-11-03 09:33:03 - [TEST_STEP][PASSED] - Statement - java.lang.Thread.sleep(2000): null

2018-11-03 09:33:05 - [TEST_STEP][PASSED] - Statement - driver = com.kms.katalon.core.webui.driver.DriverFactory.getWebDriver(): null

2018-11-03 09:33:05 - [TEST_STEP][PASSED] - Statement - js = driver: null

2018-11-03 09:33:05 - [TEST_STEP][PASSED] - Statement - js.executeScript("CKEDITOR.instances["GioiThieuKhoaHoc"].setData("<p>testContent</p>")"): null

2018-11-03 09:33:05 - [TEST_STEP][PASSED] - click: Object: 'Object Repository/Course/Page Manage Course/addcourse/Page_Qun l kha hc/input_saveCourse' is clicked on

2018-11-03 09:33:06 - [MESSAGE][PASSED] - Object: 'Object Repository/Course/Page Manage Course/addcourse/Page_Qun l kha hc/input_saveCourse' is clicked on]]></system-out>
         <system-err><![CDATA[]]></system-err>
      </testcase>
      <testcase name="Test Cases/Course/GoToContent" classname="Test Cases/Course/GoToContent" status="PASSED">
         <system-out><![CDATA[2018-11-03 09:33:06 - [TEST_CASE][PASSED] - Test Cases/Course/GoToContent: Test Cases/Course/GoToContent

2018-11-03 09:33:06 - [TEST_STEP][PASSED] - Statement - java.lang.Thread.sleep(4000): null

2018-11-03 09:33:10 - [TEST_STEP][PASSED] - setText: Text 'Khóa học tự động do thân tạo' is set on object 'Object Repository/Course/Page Manage Course/input_txtSearchBox'

2018-11-03 09:33:10 - [MESSAGE][PASSED] - Text 'Khóa học tự động do thân tạo' is set on object 'Object Repository/Course/Page Manage Course/input_txtSearchBox'

2018-11-03 09:33:10 - [TEST_STEP][PASSED] - Statement - java.lang.Thread.sleep(2000): null

2018-11-03 09:33:12 - [TEST_STEP][PASSED] - click: Object: 'Object Repository/Course/Page Manage Course/icon_detail_course' is clicked on

2018-11-03 09:33:14 - [MESSAGE][PASSED] - Object: 'Object Repository/Course/Page Manage Course/icon_detail_course' is clicked on

2018-11-03 09:33:14 - [TEST_STEP][PASSED] - Statement - java.lang.Thread.sleep(2000): null]]></system-out>
         <system-err><![CDATA[]]></system-err>
      </testcase>
      <testcase name="Test Cases/Course/Manage Content/Section/AddChuyenDe" classname="Test Cases/Course/Manage Content/Section/AddChuyenDe" status="PASSED">
         <system-out><![CDATA[2018-11-03 09:33:16 - [TEST_CASE][PASSED] - Test Cases/Course/Manage Content/Section/AddChuyenDe: Test Cases/Course/Manage Content/Section/AddChuyenDe

2018-11-03 09:33:16 - [TEST_STEP][PASSED] - Statement - java.lang.Thread.sleep(5000): null

2018-11-03 09:33:21 - [TEST_STEP][PASSED] - click: Object: 'Object Repository/Course/ManageContent/NameContent/span_select_list_content' is clicked on

2018-11-03 09:33:21 - [MESSAGE][PASSED] - Object: 'Object Repository/Course/ManageContent/NameContent/span_select_list_content' is clicked on

2018-11-03 09:33:21 - [TEST_STEP][PASSED] - Statement - java.lang.Thread.sleep(2000): null

2018-11-03 09:33:23 - [TEST_STEP][PASSED] - click: Object: 'Object Repository/Course/ManageContent/NameContent/content_section' is clicked on

2018-11-03 09:33:23 - [MESSAGE][PASSED] - Object: 'Object Repository/Course/ManageContent/NameContent/content_section' is clicked on

2018-11-03 09:33:23 - [TEST_STEP][PASSED] - Statement - java.lang.Thread.sleep(2000): null

2018-11-03 09:33:25 - [TEST_STEP][PASSED] - setText: Text 'Chuyên đề 1' is set on object 'Object Repository/Course/ManageContent/Section/input_text_section'

2018-11-03 09:33:25 - [MESSAGE][PASSED] - Text 'Chuyên đề 1' is set on object 'Object Repository/Course/ManageContent/Section/input_text_section'

2018-11-03 09:33:25 - [TEST_STEP][PASSED] - Statement - java.lang.Thread.sleep(2000): null

2018-11-03 09:33:27 - [TEST_STEP][PASSED] - click: Object: 'Object Repository/Course/ManageContent/Section/button_save' is clicked on

2018-11-03 09:33:27 - [MESSAGE][PASSED] - Object: 'Object Repository/Course/ManageContent/Section/button_save' is clicked on]]></system-out>
         <system-err><![CDATA[]]></system-err>
      </testcase>
      <testcase name="Test Cases/Course/Manage Content/Document/AddDocument" classname="Test Cases/Course/Manage Content/Document/AddDocument" status="PASSED">
         <system-out><![CDATA[2018-11-03 09:33:27 - [TEST_CASE][PASSED] - Test Cases/Course/Manage Content/Document/AddDocument: Test Cases/Course/Manage Content/Document/AddDocument

2018-11-03 09:33:28 - [TEST_STEP][PASSED] - Statement - java.lang.Thread.sleep(5000): null

2018-11-03 09:33:33 - [TEST_STEP][PASSED] - click: Object: 'Object Repository/Course/ManageContent/NameContent/span_select_list_content' is clicked on

2018-11-03 09:33:33 - [MESSAGE][PASSED] - Object: 'Object Repository/Course/ManageContent/NameContent/span_select_list_content' is clicked on

2018-11-03 09:33:33 - [TEST_STEP][PASSED] - Statement - java.lang.Thread.sleep(2000): null

2018-11-03 09:33:35 - [TEST_STEP][PASSED] - click: Object: 'Object Repository/Course/ManageContent/NameContent/content_document' is clicked on

2018-11-03 09:33:36 - [MESSAGE][PASSED] - Object: 'Object Repository/Course/ManageContent/NameContent/content_document' is clicked on

2018-11-03 09:33:36 - [TEST_STEP][PASSED] - Statement - java.lang.Thread.sleep(2000): null

2018-11-03 09:33:38 - [TEST_STEP][PASSED] - setText: Text 'Tài liệu 1' is set on object 'Object Repository/Course/ManageContent/Document/input_name_document'

2018-11-03 09:33:38 - [MESSAGE][PASSED] - Text 'Tài liệu 1' is set on object 'Object Repository/Course/ManageContent/Document/input_name_document'

2018-11-03 09:33:38 - [TEST_STEP][PASSED] - Statement - java.lang.Thread.sleep(2000): null

2018-11-03 09:33:40 - [TEST_STEP][PASSED] - uploadFile: File 'E:\api.xlsx' sent to object: 'Object Repository/Course/ManageContent/Document/button_upload_file'

2018-11-03 09:33:40 - [MESSAGE][PASSED] - File 'E:\api.xlsx' sent to object: 'Object Repository/Course/ManageContent/Document/button_upload_file'

2018-11-03 09:33:40 - [TEST_STEP][PASSED] - Statement - java.lang.Thread.sleep(5000): null

2018-11-03 09:33:45 - [TEST_STEP][PASSED] - click: Object: 'Object Repository/Course/ManageContent/Document/button_save' is clicked on

2018-11-03 09:33:45 - [MESSAGE][PASSED] - Object: 'Object Repository/Course/ManageContent/Document/button_save' is clicked on]]></system-out>
         <system-err><![CDATA[]]></system-err>
      </testcase>
      <testcase name="Test Cases/Course/Manage Content/Document/AddDocumentWithQuestion" classname="Test Cases/Course/Manage Content/Document/AddDocumentWithQuestion" status="PASSED">
         <system-out><![CDATA[2018-11-03 09:33:45 - [TEST_CASE][PASSED] - Test Cases/Course/Manage Content/Document/AddDocumentWithQuestion: Test Cases/Course/Manage Content/Document/AddDocumentWithQuestion

2018-11-03 09:33:46 - [TEST_STEP][PASSED] - Statement - java.lang.Thread.sleep(5000): null

2018-11-03 09:33:51 - [TEST_STEP][PASSED] - click: Object: 'Object Repository/Course/ManageContent/NameContent/span_select_list_content' is clicked on

2018-11-03 09:33:51 - [MESSAGE][PASSED] - Object: 'Object Repository/Course/ManageContent/NameContent/span_select_list_content' is clicked on

2018-11-03 09:33:51 - [TEST_STEP][PASSED] - Statement - java.lang.Thread.sleep(2000): null

2018-11-03 09:33:53 - [TEST_STEP][PASSED] - click: Object: 'Object Repository/Course/ManageContent/NameContent/content_document' is clicked on

2018-11-03 09:33:54 - [MESSAGE][PASSED] - Object: 'Object Repository/Course/ManageContent/NameContent/content_document' is clicked on

2018-11-03 09:33:54 - [TEST_STEP][PASSED] - Statement - java.lang.Thread.sleep(2000): null

2018-11-03 09:33:56 - [TEST_STEP][PASSED] - setText: Text 'document question' is set on object 'Object Repository/Course/ManageContent/Document/input_name_document'

2018-11-03 09:33:56 - [MESSAGE][PASSED] - Text 'document question' is set on object 'Object Repository/Course/ManageContent/Document/input_name_document'

2018-11-03 09:33:56 - [TEST_STEP][PASSED] - Statement - java.lang.Thread.sleep(2000): null

2018-11-03 09:33:58 - [TEST_STEP][PASSED] - click: Object: 'Object Repository/Course/ManageContent/QuestionInContent/radio_question' is clicked on

2018-11-03 09:33:58 - [MESSAGE][PASSED] - Object: 'Object Repository/Course/ManageContent/QuestionInContent/radio_question' is clicked on

2018-11-03 09:33:58 - [TEST_STEP][PASSED] - Statement - java.lang.Thread.sleep(2000): null

2018-11-03 09:34:00 - [TEST_STEP][PASSED] - click: Object: 'Object Repository/Course/ManageContent/QuestionInContent/button_add_question' is clicked on

2018-11-03 09:34:01 - [MESSAGE][PASSED] - Object: 'Object Repository/Course/ManageContent/QuestionInContent/button_add_question' is clicked on

2018-11-03 09:34:01 - [TEST_STEP][PASSED] - switchToWindowTitle: Switched to window with title: 'Tạo câu hỏi'

2018-11-03 09:34:02 - [MESSAGE][PASSED] - Switched to window with title: 'Tạo câu hỏi'

2018-11-03 09:34:02 - [TEST_STEP][PASSED] - Statement - java.lang.Thread.sleep(2000): null

2018-11-03 09:34:04 - [TEST_STEP][PASSED] - setText: Text 'Câu hỏi một lựa chọn' is set on object 'Object Repository/Course/ManageContent/QuestionInContent/textarea_editor_name_of_question'

2018-11-03 09:34:04 - [MESSAGE][PASSED] - Text 'Câu hỏi một lựa chọn' is set on object 'Object Repository/Course/ManageContent/QuestionInContent/textarea_editor_name_of_question'

2018-11-03 09:34:04 - [TEST_STEP][PASSED] - Statement - java.lang.Thread.sleep(2000): null

2018-11-03 09:34:06 - [TEST_STEP][PASSED] - click: Object: 'Object Repository/Course/ManageContent/QuestionInContent/a_create_new_answer_single' is clicked on

2018-11-03 09:34:06 - [MESSAGE][PASSED] - Object: 'Object Repository/Course/ManageContent/QuestionInContent/a_create_new_answer_single' is clicked on

2018-11-03 09:34:06 - [TEST_STEP][PASSED] - Statement - java.lang.Thread.sleep(2000): null

2018-11-03 09:34:08 - [TEST_STEP][PASSED] - setText: Text 'đáp án 1' is set on object 'Object Repository/Course/ManageContent/QuestionInContent/input_answer_single_answer'

2018-11-03 09:34:08 - [MESSAGE][PASSED] - Text 'đáp án 1' is set on object 'Object Repository/Course/ManageContent/QuestionInContent/input_answer_single_answer'

2018-11-03 09:34:08 - [TEST_STEP][PASSED] - Statement - java.lang.Thread.sleep(2000): null

2018-11-03 09:34:10 - [TEST_STEP][PASSED] - click: Object: 'Object Repository/Course/ManageContent/QuestionInContent/input_true_radio_single_answer' is clicked on

2018-11-03 09:34:10 - [MESSAGE][PASSED] - Object: 'Object Repository/Course/ManageContent/QuestionInContent/input_true_radio_single_answer' is clicked on

2018-11-03 09:34:10 - [TEST_STEP][PASSED] - Statement - java.lang.Thread.sleep(2000): null

2018-11-03 09:34:12 - [TEST_STEP][PASSED] - click: Object: 'Object Repository/Course/ManageContent/QuestionInContent/button_save_question' is clicked on

2018-11-03 09:34:12 - [MESSAGE][PASSED] - Object: 'Object Repository/Course/ManageContent/QuestionInContent/button_save_question' is clicked on

2018-11-03 09:34:12 - [TEST_STEP][PASSED] - Statement - java.lang.Thread.sleep(2000): null

2018-11-03 09:34:14 - [TEST_STEP][PASSED] - switchToWindowTitle: Switched to window with title: 'Thêm nội dung'

2018-11-03 09:34:14 - [MESSAGE][PASSED] - Switched to window with title: 'Thêm nội dung'

2018-11-03 09:34:15 - [TEST_STEP][PASSED] - Statement - java.lang.Thread.sleep(2000): null

2018-11-03 09:34:17 - [TEST_STEP][PASSED] - click: Object: 'Object Repository/Course/ManageContent/QuestionInContent/checkbox_choose_question' is clicked on

2018-11-03 09:34:17 - [MESSAGE][PASSED] - Object: 'Object Repository/Course/ManageContent/QuestionInContent/checkbox_choose_question' is clicked on

2018-11-03 09:34:17 - [TEST_STEP][PASSED] - Statement - java.lang.Thread.sleep(2000): null

2018-11-03 09:34:19 - [TEST_STEP][PASSED] - uploadFile: File 'E:\api.xlsx' sent to object: 'Object Repository/Course/ManageContent/Document/button_upload_file'

2018-11-03 09:34:19 - [MESSAGE][PASSED] - File 'E:\api.xlsx' sent to object: 'Object Repository/Course/ManageContent/Document/button_upload_file'

2018-11-03 09:34:19 - [TEST_STEP][PASSED] - Statement - java.lang.Thread.sleep(5000): null

2018-11-03 09:34:24 - [TEST_STEP][PASSED] - click: Object: 'Object Repository/Course/ManageContent/Document/button_save' is clicked on

2018-11-03 09:34:24 - [MESSAGE][PASSED] - Object: 'Object Repository/Course/ManageContent/Document/button_save' is clicked on]]></system-out>
         <system-err><![CDATA[]]></system-err>
      </testcase>
      <testcase name="Test Cases/Course/Manage Content/Document/AddDocumentWithTime" classname="Test Cases/Course/Manage Content/Document/AddDocumentWithTime" status="PASSED">
         <system-out><![CDATA[2018-11-03 09:34:24 - [TEST_CASE][PASSED] - Test Cases/Course/Manage Content/Document/AddDocumentWithTime: Test Cases/Course/Manage Content/Document/AddDocumentWithTime

2018-11-03 09:34:24 - [TEST_STEP][PASSED] - Statement - java.lang.Thread.sleep(5000): null

2018-11-03 09:34:29 - [TEST_STEP][PASSED] - click: Object: 'Object Repository/Course/ManageContent/NameContent/span_select_list_content' is clicked on

2018-11-03 09:34:29 - [MESSAGE][PASSED] - Object: 'Object Repository/Course/ManageContent/NameContent/span_select_list_content' is clicked on

2018-11-03 09:34:29 - [TEST_STEP][PASSED] - Statement - java.lang.Thread.sleep(2000): null

2018-11-03 09:34:31 - [TEST_STEP][PASSED] - click: Object: 'Object Repository/Course/ManageContent/NameContent/content_document' is clicked on

2018-11-03 09:34:32 - [MESSAGE][PASSED] - Object: 'Object Repository/Course/ManageContent/NameContent/content_document' is clicked on

2018-11-03 09:34:32 - [TEST_STEP][PASSED] - Statement - java.lang.Thread.sleep(2000): null

2018-11-03 09:34:34 - [TEST_STEP][PASSED] - setText: Text 'document with time' is set on object 'Object Repository/Course/ManageContent/Document/input_name_document'

2018-11-03 09:34:35 - [MESSAGE][PASSED] - Text 'document with time' is set on object 'Object Repository/Course/ManageContent/Document/input_name_document'

2018-11-03 09:34:35 - [TEST_STEP][PASSED] - Statement - java.lang.Thread.sleep(2000): null

2018-11-03 09:34:37 - [TEST_STEP][PASSED] - click: Object: 'Object Repository/Course/ManageContent/QuestionInContent/radio_time' is clicked on

2018-11-03 09:34:37 - [MESSAGE][PASSED] - Object: 'Object Repository/Course/ManageContent/QuestionInContent/radio_time' is clicked on

2018-11-03 09:34:37 - [TEST_STEP][PASSED] - Statement - java.lang.Thread.sleep(2000): null

2018-11-03 09:34:39 - [TEST_STEP][PASSED] - setText: Text '1' is set on object 'Object Repository/Course/ManageContent/QuestionInContent/input_time_minutes'

2018-11-03 09:34:39 - [MESSAGE][PASSED] - Text '1' is set on object 'Object Repository/Course/ManageContent/QuestionInContent/input_time_minutes'

2018-11-03 09:34:39 - [TEST_STEP][PASSED] - setText: Text '1' is set on object 'Object Repository/Course/ManageContent/QuestionInContent/input_time_second'

2018-11-03 09:34:39 - [MESSAGE][PASSED] - Text '1' is set on object 'Object Repository/Course/ManageContent/QuestionInContent/input_time_second'

2018-11-03 09:34:39 - [TEST_STEP][PASSED] - Statement - java.lang.Thread.sleep(2000): null

2018-11-03 09:34:41 - [TEST_STEP][PASSED] - uploadFile: File 'E:\api.xlsx' sent to object: 'Object Repository/Course/ManageContent/Document/button_upload_file'

2018-11-03 09:34:41 - [MESSAGE][PASSED] - File 'E:\api.xlsx' sent to object: 'Object Repository/Course/ManageContent/Document/button_upload_file'

2018-11-03 09:34:41 - [TEST_STEP][PASSED] - Statement - java.lang.Thread.sleep(5000): null

2018-11-03 09:34:46 - [TEST_STEP][PASSED] - click: Object: 'Object Repository/Course/ManageContent/Document/button_save' is clicked on

2018-11-03 09:34:46 - [MESSAGE][PASSED] - Object: 'Object Repository/Course/ManageContent/Document/button_save' is clicked on]]></system-out>
         <system-err><![CDATA[]]></system-err>
      </testcase>
      <testcase name="Test Cases/Course/Manage Content/Flash/AddFlash" classname="Test Cases/Course/Manage Content/Flash/AddFlash" status="PASSED">
         <system-out><![CDATA[2018-11-03 09:34:46 - [TEST_CASE][PASSED] - Test Cases/Course/Manage Content/Flash/AddFlash: Test Cases/Course/Manage Content/Flash/AddFlash

2018-11-03 09:34:46 - [TEST_STEP][PASSED] - Statement - java.lang.Thread.sleep(5000): null

2018-11-03 09:34:51 - [TEST_STEP][PASSED] - click: Object: 'Object Repository/Course/ManageContent/NameContent/span_select_list_content' is clicked on

2018-11-03 09:34:52 - [MESSAGE][PASSED] - Object: 'Object Repository/Course/ManageContent/NameContent/span_select_list_content' is clicked on

2018-11-03 09:34:52 - [TEST_STEP][PASSED] - Statement - java.lang.Thread.sleep(2000): null

2018-11-03 09:34:54 - [TEST_STEP][PASSED] - click: Object: 'Object Repository/Course/ManageContent/NameContent/content_flash' is clicked on

2018-11-03 09:34:55 - [MESSAGE][PASSED] - Object: 'Object Repository/Course/ManageContent/NameContent/content_flash' is clicked on

2018-11-03 09:34:55 - [TEST_STEP][PASSED] - Statement - java.lang.Thread.sleep(2000): null

2018-11-03 09:34:57 - [TEST_STEP][PASSED] - setText: Text 'Flash' is set on object 'Object Repository/Course/ManageContent/Flash/input_name_flash'

2018-11-03 09:34:57 - [MESSAGE][PASSED] - Text 'Flash' is set on object 'Object Repository/Course/ManageContent/Flash/input_name_flash'

2018-11-03 09:34:57 - [TEST_STEP][PASSED] - Statement - java.lang.Thread.sleep(2000): null

2018-11-03 09:34:59 - [TEST_STEP][PASSED] - uploadFile: File 'E:\ban nhac 01.swf' sent to object: 'Object Repository/Course/ManageContent/Flash/button_upload_file'

2018-11-03 09:34:59 - [MESSAGE][PASSED] - File 'E:\ban nhac 01.swf' sent to object: 'Object Repository/Course/ManageContent/Flash/button_upload_file'

2018-11-03 09:34:59 - [TEST_STEP][PASSED] - Statement - java.lang.Thread.sleep(5000): null

2018-11-03 09:35:04 - [TEST_STEP][PASSED] - click: Object: 'Object Repository/Course/ManageContent/Flash/button_save' is clicked on

2018-11-03 09:35:04 - [MESSAGE][PASSED] - Object: 'Object Repository/Course/ManageContent/Flash/button_save' is clicked on]]></system-out>
         <system-err><![CDATA[]]></system-err>
      </testcase>
      <testcase name="Test Cases/Course/Manage Content/Flash/AddFlashWithQuestion" classname="Test Cases/Course/Manage Content/Flash/AddFlashWithQuestion" status="PASSED">
         <system-out><![CDATA[2018-11-03 09:35:04 - [TEST_CASE][PASSED] - Test Cases/Course/Manage Content/Flash/AddFlashWithQuestion: Test Cases/Course/Manage Content/Flash/AddFlashWithQuestion

2018-11-03 09:35:04 - [TEST_STEP][PASSED] - Statement - java.lang.Thread.sleep(5000): null

2018-11-03 09:35:09 - [TEST_STEP][PASSED] - click: Object: 'Object Repository/Course/ManageContent/NameContent/span_select_list_content' is clicked on

2018-11-03 09:35:09 - [MESSAGE][PASSED] - Object: 'Object Repository/Course/ManageContent/NameContent/span_select_list_content' is clicked on

2018-11-03 09:35:09 - [TEST_STEP][PASSED] - Statement - java.lang.Thread.sleep(2000): null

2018-11-03 09:35:11 - [TEST_STEP][PASSED] - click: Object: 'Object Repository/Course/ManageContent/NameContent/content_flash' is clicked on

2018-11-03 09:35:12 - [MESSAGE][PASSED] - Object: 'Object Repository/Course/ManageContent/NameContent/content_flash' is clicked on

2018-11-03 09:35:12 - [TEST_STEP][PASSED] - Statement - java.lang.Thread.sleep(2000): null

2018-11-03 09:35:14 - [TEST_STEP][PASSED] - setText: Text 'flash question' is set on object 'Object Repository/Course/ManageContent/Flash/input_name_flash'

2018-11-03 09:35:15 - [MESSAGE][PASSED] - Text 'flash question' is set on object 'Object Repository/Course/ManageContent/Flash/input_name_flash'

2018-11-03 09:35:15 - [TEST_STEP][PASSED] - Statement - java.lang.Thread.sleep(2000): null

2018-11-03 09:35:17 - [TEST_STEP][PASSED] - click: Object: 'Object Repository/Course/ManageContent/QuestionInContent/radio_question' is clicked on

2018-11-03 09:35:17 - [MESSAGE][PASSED] - Object: 'Object Repository/Course/ManageContent/QuestionInContent/radio_question' is clicked on

2018-11-03 09:35:17 - [TEST_STEP][PASSED] - Statement - java.lang.Thread.sleep(2000): null

2018-11-03 09:35:19 - [TEST_STEP][PASSED] - click: Object: 'Object Repository/Course/ManageContent/QuestionInContent/button_add_question' is clicked on

2018-11-03 09:35:19 - [MESSAGE][PASSED] - Object: 'Object Repository/Course/ManageContent/QuestionInContent/button_add_question' is clicked on

2018-11-03 09:35:19 - [TEST_STEP][PASSED] - switchToWindowTitle: Switched to window with title: 'Tạo câu hỏi'

2018-11-03 09:35:20 - [MESSAGE][PASSED] - Switched to window with title: 'Tạo câu hỏi'

2018-11-03 09:35:20 - [TEST_STEP][PASSED] - Statement - java.lang.Thread.sleep(2000): null

2018-11-03 09:35:22 - [TEST_STEP][PASSED] - setText: Text 'Câu hỏi một lựa chọn' is set on object 'Object Repository/Course/ManageContent/QuestionInContent/textarea_editor_name_of_question'

2018-11-03 09:35:22 - [MESSAGE][PASSED] - Text 'Câu hỏi một lựa chọn' is set on object 'Object Repository/Course/ManageContent/QuestionInContent/textarea_editor_name_of_question'

2018-11-03 09:35:22 - [TEST_STEP][PASSED] - Statement - java.lang.Thread.sleep(2000): null

2018-11-03 09:35:24 - [TEST_STEP][PASSED] - click: Object: 'Object Repository/Course/ManageContent/QuestionInContent/a_create_new_answer_single' is clicked on

2018-11-03 09:35:24 - [MESSAGE][PASSED] - Object: 'Object Repository/Course/ManageContent/QuestionInContent/a_create_new_answer_single' is clicked on

2018-11-03 09:35:24 - [TEST_STEP][PASSED] - Statement - java.lang.Thread.sleep(2000): null

2018-11-03 09:35:26 - [TEST_STEP][PASSED] - setText: Text 'đáp án 1' is set on object 'Object Repository/Course/ManageContent/QuestionInContent/input_answer_single_answer'

2018-11-03 09:35:27 - [MESSAGE][PASSED] - Text 'đáp án 1' is set on object 'Object Repository/Course/ManageContent/QuestionInContent/input_answer_single_answer'

2018-11-03 09:35:27 - [TEST_STEP][PASSED] - Statement - java.lang.Thread.sleep(2000): null

2018-11-03 09:35:29 - [TEST_STEP][PASSED] - click: Object: 'Object Repository/Course/ManageContent/QuestionInContent/input_true_radio_single_answer' is clicked on

2018-11-03 09:35:29 - [MESSAGE][PASSED] - Object: 'Object Repository/Course/ManageContent/QuestionInContent/input_true_radio_single_answer' is clicked on

2018-11-03 09:35:29 - [TEST_STEP][PASSED] - Statement - java.lang.Thread.sleep(2000): null

2018-11-03 09:35:31 - [TEST_STEP][PASSED] - click: Object: 'Object Repository/Course/ManageContent/QuestionInContent/button_save_question' is clicked on

2018-11-03 09:35:31 - [MESSAGE][PASSED] - Object: 'Object Repository/Course/ManageContent/QuestionInContent/button_save_question' is clicked on

2018-11-03 09:35:31 - [TEST_STEP][PASSED] - Statement - java.lang.Thread.sleep(2000): null

2018-11-03 09:35:33 - [TEST_STEP][PASSED] - switchToWindowTitle: Switched to window with title: 'Thêm nội dung'

2018-11-03 09:35:33 - [MESSAGE][PASSED] - Switched to window with title: 'Thêm nội dung'

2018-11-03 09:35:33 - [TEST_STEP][PASSED] - Statement - java.lang.Thread.sleep(2000): null

2018-11-03 09:35:35 - [TEST_STEP][PASSED] - click: Object: 'Object Repository/Course/ManageContent/QuestionInContent/checkbox_choose_question' is clicked on

2018-11-03 09:35:35 - [MESSAGE][PASSED] - Object: 'Object Repository/Course/ManageContent/QuestionInContent/checkbox_choose_question' is clicked on

2018-11-03 09:35:35 - [TEST_STEP][PASSED] - Statement - java.lang.Thread.sleep(2000): null

2018-11-03 09:35:37 - [TEST_STEP][PASSED] - uploadFile: File 'E:\ban nhac 01.swf' sent to object: 'Object Repository/Course/ManageContent/Flash/button_upload_file'

2018-11-03 09:35:37 - [MESSAGE][PASSED] - File 'E:\ban nhac 01.swf' sent to object: 'Object Repository/Course/ManageContent/Flash/button_upload_file'

2018-11-03 09:35:37 - [TEST_STEP][PASSED] - Statement - java.lang.Thread.sleep(5000): null

2018-11-03 09:35:42 - [TEST_STEP][PASSED] - click: Object: 'Object Repository/Course/ManageContent/Flash/button_save' is clicked on

2018-11-03 09:35:42 - [MESSAGE][PASSED] - Object: 'Object Repository/Course/ManageContent/Flash/button_save' is clicked on]]></system-out>
         <system-err><![CDATA[]]></system-err>
      </testcase>
      <testcase name="Test Cases/Course/Manage Content/Flash/AddFlashWithTime" classname="Test Cases/Course/Manage Content/Flash/AddFlashWithTime" status="PASSED">
         <system-out><![CDATA[2018-11-03 09:35:42 - [TEST_CASE][PASSED] - Test Cases/Course/Manage Content/Flash/AddFlashWithTime: Test Cases/Course/Manage Content/Flash/AddFlashWithTime

2018-11-03 09:35:43 - [TEST_STEP][PASSED] - Statement - java.lang.Thread.sleep(5000): null

2018-11-03 09:35:48 - [TEST_STEP][PASSED] - click: Object: 'Object Repository/Course/ManageContent/NameContent/span_select_list_content' is clicked on

2018-11-03 09:35:48 - [MESSAGE][PASSED] - Object: 'Object Repository/Course/ManageContent/NameContent/span_select_list_content' is clicked on

2018-11-03 09:35:48 - [TEST_STEP][PASSED] - Statement - java.lang.Thread.sleep(2000): null

2018-11-03 09:35:50 - [TEST_STEP][PASSED] - click: Object: 'Object Repository/Course/ManageContent/NameContent/content_flash' is clicked on

2018-11-03 09:35:51 - [MESSAGE][PASSED] - Object: 'Object Repository/Course/ManageContent/NameContent/content_flash' is clicked on

2018-11-03 09:35:51 - [TEST_STEP][PASSED] - Statement - java.lang.Thread.sleep(2000): null

2018-11-03 09:35:53 - [TEST_STEP][PASSED] - setText: Text 'flash with time' is set on object 'Object Repository/Course/ManageContent/Flash/input_name_flash'

2018-11-03 09:35:53 - [MESSAGE][PASSED] - Text 'flash with time' is set on object 'Object Repository/Course/ManageContent/Flash/input_name_flash'

2018-11-03 09:35:53 - [TEST_STEP][PASSED] - Statement - java.lang.Thread.sleep(2000): null

2018-11-03 09:35:55 - [TEST_STEP][PASSED] - click: Object: 'Object Repository/Course/ManageContent/QuestionInContent/radio_time' is clicked on

2018-11-03 09:35:55 - [MESSAGE][PASSED] - Object: 'Object Repository/Course/ManageContent/QuestionInContent/radio_time' is clicked on

2018-11-03 09:35:55 - [TEST_STEP][PASSED] - Statement - java.lang.Thread.sleep(2000): null

2018-11-03 09:35:57 - [TEST_STEP][PASSED] - setText: Text '1' is set on object 'Object Repository/Course/ManageContent/QuestionInContent/input_time_minutes'

2018-11-03 09:35:57 - [MESSAGE][PASSED] - Text '1' is set on object 'Object Repository/Course/ManageContent/QuestionInContent/input_time_minutes'

2018-11-03 09:35:57 - [TEST_STEP][PASSED] - setText: Text '1' is set on object 'Object Repository/Course/ManageContent/QuestionInContent/input_time_second'

2018-11-03 09:35:57 - [MESSAGE][PASSED] - Text '1' is set on object 'Object Repository/Course/ManageContent/QuestionInContent/input_time_second'

2018-11-03 09:35:57 - [TEST_STEP][PASSED] - Statement - java.lang.Thread.sleep(2000): null

2018-11-03 09:35:59 - [TEST_STEP][PASSED] - uploadFile: File 'E:\ban nhac 01.swf' sent to object: 'Object Repository/Course/ManageContent/Flash/button_upload_file'

2018-11-03 09:35:59 - [MESSAGE][PASSED] - File 'E:\ban nhac 01.swf' sent to object: 'Object Repository/Course/ManageContent/Flash/button_upload_file'

2018-11-03 09:35:59 - [TEST_STEP][PASSED] - Statement - java.lang.Thread.sleep(5000): null

2018-11-03 09:36:04 - [TEST_STEP][PASSED] - click: Object: 'Object Repository/Course/ManageContent/Flash/button_save' is clicked on

2018-11-03 09:36:04 - [MESSAGE][PASSED] - Object: 'Object Repository/Course/ManageContent/Flash/button_save' is clicked on]]></system-out>
         <system-err><![CDATA[]]></system-err>
      </testcase>
      <testcase name="Test Cases/Course/Manage Content/Scorm/AddScorm" classname="Test Cases/Course/Manage Content/Scorm/AddScorm" status="PASSED">
         <system-out><![CDATA[2018-11-03 09:36:04 - [TEST_CASE][PASSED] - Test Cases/Course/Manage Content/Scorm/AddScorm: Test Cases/Course/Manage Content/Scorm/AddScorm

2018-11-03 09:36:05 - [TEST_STEP][PASSED] - Statement - java.lang.Thread.sleep(5000): null

2018-11-03 09:36:10 - [TEST_STEP][PASSED] - click: Object: 'Object Repository/Course/ManageContent/NameContent/span_select_list_content' is clicked on

2018-11-03 09:36:10 - [MESSAGE][PASSED] - Object: 'Object Repository/Course/ManageContent/NameContent/span_select_list_content' is clicked on

2018-11-03 09:36:10 - [TEST_STEP][PASSED] - Statement - java.lang.Thread.sleep(2000): null

2018-11-03 09:36:12 - [TEST_STEP][PASSED] - click: Object: 'Object Repository/Course/ManageContent/NameContent/content_scorm' is clicked on

2018-11-03 09:36:13 - [MESSAGE][PASSED] - Object: 'Object Repository/Course/ManageContent/NameContent/content_scorm' is clicked on

2018-11-03 09:36:13 - [TEST_STEP][PASSED] - Statement - java.lang.Thread.sleep(2000): null

2018-11-03 09:36:15 - [TEST_STEP][PASSED] - setText: Text 'scorm 1' is set on object 'Object Repository/Course/ManageContent/Scorm/input_scorm_name'

2018-11-03 09:36:15 - [MESSAGE][PASSED] - Text 'scorm 1' is set on object 'Object Repository/Course/ManageContent/Scorm/input_scorm_name'

2018-11-03 09:36:15 - [TEST_STEP][PASSED] - uploadFile: File 'E:\Test Feedback Score - Tracking result.zip' sent to object: 'Object Repository/Course/ManageContent/Scorm/button_add_scorm_file'

2018-11-03 09:36:15 - [MESSAGE][PASSED] - File 'E:\Test Feedback Score - Tracking result.zip' sent to object: 'Object Repository/Course/ManageContent/Scorm/button_add_scorm_file'

2018-11-03 09:36:15 - [TEST_STEP][PASSED] - Statement - java.lang.Thread.sleep(15000): null

2018-11-03 09:36:30 - [TEST_STEP][PASSED] - click: Object: 'Object Repository/Course/ManageContent/Scorm/button_save_scorm' is clicked on

2018-11-03 09:36:30 - [MESSAGE][PASSED] - Object: 'Object Repository/Course/ManageContent/Scorm/button_save_scorm' is clicked on]]></system-out>
         <system-err><![CDATA[]]></system-err>
      </testcase>
      <testcase name="Test Cases/Course/Manage Content/Scorm/AddScormWithQuestion" classname="Test Cases/Course/Manage Content/Scorm/AddScormWithQuestion" status="PASSED">
         <system-out><![CDATA[2018-11-03 09:36:30 - [TEST_CASE][PASSED] - Test Cases/Course/Manage Content/Scorm/AddScormWithQuestion: Test Cases/Course/Manage Content/Scorm/AddScormWithQuestion

2018-11-03 09:36:30 - [TEST_STEP][PASSED] - Statement - java.lang.Thread.sleep(5000): null

2018-11-03 09:36:35 - [TEST_STEP][PASSED] - click: Object: 'Object Repository/Course/ManageContent/NameContent/span_select_list_content' is clicked on

2018-11-03 09:36:35 - [MESSAGE][PASSED] - Object: 'Object Repository/Course/ManageContent/NameContent/span_select_list_content' is clicked on

2018-11-03 09:36:35 - [TEST_STEP][PASSED] - Statement - java.lang.Thread.sleep(2000): null

2018-11-03 09:36:37 - [TEST_STEP][PASSED] - click: Object: 'Object Repository/Course/ManageContent/NameContent/content_scorm' is clicked on

2018-11-03 09:36:39 - [MESSAGE][PASSED] - Object: 'Object Repository/Course/ManageContent/NameContent/content_scorm' is clicked on

2018-11-03 09:36:39 - [TEST_STEP][PASSED] - Statement - java.lang.Thread.sleep(2000): null

2018-11-03 09:36:41 - [TEST_STEP][PASSED] - setText: Text 'scorm with question' is set on object 'Object Repository/Course/ManageContent/Scorm/input_scorm_name'

2018-11-03 09:36:41 - [MESSAGE][PASSED] - Text 'scorm with question' is set on object 'Object Repository/Course/ManageContent/Scorm/input_scorm_name'

2018-11-03 09:36:41 - [TEST_STEP][PASSED] - click: Object: 'Object Repository/Course/ManageContent/QuestionInContent/radio_question' is clicked on

2018-11-03 09:36:41 - [MESSAGE][PASSED] - Object: 'Object Repository/Course/ManageContent/QuestionInContent/radio_question' is clicked on

2018-11-03 09:36:41 - [TEST_STEP][PASSED] - Statement - java.lang.Thread.sleep(2000): null

2018-11-03 09:36:43 - [TEST_STEP][PASSED] - click: Object: 'Object Repository/Course/ManageContent/QuestionInContent/button_add_question' is clicked on

2018-11-03 09:36:43 - [MESSAGE][PASSED] - Object: 'Object Repository/Course/ManageContent/QuestionInContent/button_add_question' is clicked on

2018-11-03 09:36:43 - [TEST_STEP][PASSED] - switchToWindowTitle: Switched to window with title: 'Tạo câu hỏi'

2018-11-03 09:36:44 - [MESSAGE][PASSED] - Switched to window with title: 'Tạo câu hỏi'

2018-11-03 09:36:44 - [TEST_STEP][PASSED] - Statement - java.lang.Thread.sleep(2000): null

2018-11-03 09:36:46 - [TEST_STEP][PASSED] - setText: Text 'Câu hỏi một lựa chọn' is set on object 'Object Repository/Course/ManageContent/QuestionInContent/textarea_editor_name_of_question'

2018-11-03 09:36:46 - [MESSAGE][PASSED] - Text 'Câu hỏi một lựa chọn' is set on object 'Object Repository/Course/ManageContent/QuestionInContent/textarea_editor_name_of_question'

2018-11-03 09:36:46 - [TEST_STEP][PASSED] - Statement - java.lang.Thread.sleep(2000): null

2018-11-03 09:36:48 - [TEST_STEP][PASSED] - click: Object: 'Object Repository/Course/ManageContent/QuestionInContent/a_create_new_answer_single' is clicked on

2018-11-03 09:36:48 - [MESSAGE][PASSED] - Object: 'Object Repository/Course/ManageContent/QuestionInContent/a_create_new_answer_single' is clicked on

2018-11-03 09:36:48 - [TEST_STEP][PASSED] - Statement - java.lang.Thread.sleep(2000): null

2018-11-03 09:36:50 - [TEST_STEP][PASSED] - setText: Text 'đáp án 1' is set on object 'Object Repository/Course/ManageContent/QuestionInContent/input_answer_single_answer'

2018-11-03 09:36:50 - [MESSAGE][PASSED] - Text 'đáp án 1' is set on object 'Object Repository/Course/ManageContent/QuestionInContent/input_answer_single_answer'

2018-11-03 09:36:50 - [TEST_STEP][PASSED] - Statement - java.lang.Thread.sleep(2000): null

2018-11-03 09:36:52 - [TEST_STEP][PASSED] - click: Object: 'Object Repository/Course/ManageContent/QuestionInContent/input_true_radio_single_answer' is clicked on

2018-11-03 09:36:52 - [MESSAGE][PASSED] - Object: 'Object Repository/Course/ManageContent/QuestionInContent/input_true_radio_single_answer' is clicked on

2018-11-03 09:36:52 - [TEST_STEP][PASSED] - Statement - java.lang.Thread.sleep(2000): null

2018-11-03 09:36:54 - [TEST_STEP][PASSED] - click: Object: 'Object Repository/Course/ManageContent/QuestionInContent/button_save_question' is clicked on

2018-11-03 09:36:55 - [MESSAGE][PASSED] - Object: 'Object Repository/Course/ManageContent/QuestionInContent/button_save_question' is clicked on

2018-11-03 09:36:55 - [TEST_STEP][PASSED] - Statement - java.lang.Thread.sleep(2000): null

2018-11-03 09:36:57 - [TEST_STEP][PASSED] - switchToWindowTitle: Switched to window with title: 'Thêm nội dung'

2018-11-03 09:36:57 - [MESSAGE][PASSED] - Switched to window with title: 'Thêm nội dung'

2018-11-03 09:36:57 - [TEST_STEP][PASSED] - Statement - java.lang.Thread.sleep(2000): null

2018-11-03 09:36:59 - [TEST_STEP][PASSED] - click: Object: 'Object Repository/Course/ManageContent/QuestionInContent/checkbox_choose_question' is clicked on

2018-11-03 09:36:59 - [MESSAGE][PASSED] - Object: 'Object Repository/Course/ManageContent/QuestionInContent/checkbox_choose_question' is clicked on

2018-11-03 09:36:59 - [TEST_STEP][PASSED] - uploadFile: File 'E:\Test Feedback Score - Tracking result.zip' sent to object: 'Object Repository/Course/ManageContent/Scorm/button_add_scorm_file'

2018-11-03 09:36:59 - [MESSAGE][PASSED] - File 'E:\Test Feedback Score - Tracking result.zip' sent to object: 'Object Repository/Course/ManageContent/Scorm/button_add_scorm_file'

2018-11-03 09:36:59 - [TEST_STEP][PASSED] - Statement - java.lang.Thread.sleep(15000): null

2018-11-03 09:37:14 - [TEST_STEP][PASSED] - click: Object: 'Object Repository/Course/ManageContent/Scorm/button_save_scorm' is clicked on

2018-11-03 09:37:14 - [MESSAGE][PASSED] - Object: 'Object Repository/Course/ManageContent/Scorm/button_save_scorm' is clicked on]]></system-out>
         <system-err><![CDATA[]]></system-err>
      </testcase>
      <testcase name="Test Cases/Course/Manage Content/Scorm/AddScormWithTime" classname="Test Cases/Course/Manage Content/Scorm/AddScormWithTime" status="PASSED">
         <system-out><![CDATA[2018-11-03 09:37:14 - [TEST_CASE][PASSED] - Test Cases/Course/Manage Content/Scorm/AddScormWithTime: Test Cases/Course/Manage Content/Scorm/AddScormWithTime

2018-11-03 09:37:14 - [TEST_STEP][PASSED] - Statement - java.lang.Thread.sleep(5000): null

2018-11-03 09:37:19 - [TEST_STEP][PASSED] - click: Object: 'Object Repository/Course/ManageContent/NameContent/span_select_list_content' is clicked on

2018-11-03 09:37:19 - [MESSAGE][PASSED] - Object: 'Object Repository/Course/ManageContent/NameContent/span_select_list_content' is clicked on

2018-11-03 09:37:19 - [TEST_STEP][PASSED] - Statement - java.lang.Thread.sleep(2000): null

2018-11-03 09:37:21 - [TEST_STEP][PASSED] - click: Object: 'Object Repository/Course/ManageContent/NameContent/content_scorm' is clicked on

2018-11-03 09:37:22 - [MESSAGE][PASSED] - Object: 'Object Repository/Course/ManageContent/NameContent/content_scorm' is clicked on

2018-11-03 09:37:22 - [TEST_STEP][PASSED] - Statement - java.lang.Thread.sleep(2000): null

2018-11-03 09:37:24 - [TEST_STEP][PASSED] - setText: Text 'scorm with time' is set on object 'Object Repository/Course/ManageContent/Scorm/input_scorm_name'

2018-11-03 09:37:24 - [MESSAGE][PASSED] - Text 'scorm with time' is set on object 'Object Repository/Course/ManageContent/Scorm/input_scorm_name'

2018-11-03 09:37:24 - [TEST_STEP][PASSED] - Statement - java.lang.Thread.sleep(2000): null

2018-11-03 09:37:26 - [TEST_STEP][PASSED] - click: Object: 'Object Repository/Course/ManageContent/QuestionInContent/radio_time' is clicked on

2018-11-03 09:37:27 - [MESSAGE][PASSED] - Object: 'Object Repository/Course/ManageContent/QuestionInContent/radio_time' is clicked on

2018-11-03 09:37:27 - [TEST_STEP][PASSED] - Statement - java.lang.Thread.sleep(2000): null

2018-11-03 09:37:29 - [TEST_STEP][PASSED] - setText: Text '1' is set on object 'Object Repository/Course/ManageContent/QuestionInContent/input_time_minutes'

2018-11-03 09:37:29 - [MESSAGE][PASSED] - Text '1' is set on object 'Object Repository/Course/ManageContent/QuestionInContent/input_time_minutes'

2018-11-03 09:37:29 - [TEST_STEP][PASSED] - setText: Text '1' is set on object 'Object Repository/Course/ManageContent/QuestionInContent/input_time_second'

2018-11-03 09:37:29 - [MESSAGE][PASSED] - Text '1' is set on object 'Object Repository/Course/ManageContent/QuestionInContent/input_time_second'

2018-11-03 09:37:29 - [TEST_STEP][PASSED] - Statement - java.lang.Thread.sleep(2000): null

2018-11-03 09:37:31 - [TEST_STEP][PASSED] - uploadFile: File 'E:\Test Feedback Score - Tracking result.zip' sent to object: 'Object Repository/Course/ManageContent/Scorm/button_add_scorm_file'

2018-11-03 09:37:31 - [MESSAGE][PASSED] - File 'E:\Test Feedback Score - Tracking result.zip' sent to object: 'Object Repository/Course/ManageContent/Scorm/button_add_scorm_file'

2018-11-03 09:37:31 - [TEST_STEP][PASSED] - Statement - java.lang.Thread.sleep(15000): null

2018-11-03 09:37:46 - [TEST_STEP][PASSED] - click: Object: 'Object Repository/Course/ManageContent/Scorm/button_save_scorm' is clicked on

2018-11-03 09:37:46 - [MESSAGE][PASSED] - Object: 'Object Repository/Course/ManageContent/Scorm/button_save_scorm' is clicked on]]></system-out>
         <system-err><![CDATA[]]></system-err>
      </testcase>
      <testcase name="Test Cases/Course/Manage Content/Survey/AddSurvey" classname="Test Cases/Course/Manage Content/Survey/AddSurvey" status="PASSED">
         <system-out><![CDATA[2018-11-03 09:37:46 - [TEST_CASE][PASSED] - Test Cases/Course/Manage Content/Survey/AddSurvey: Test Cases/Course/Manage Content/Survey/AddSurvey

2018-11-03 09:37:46 - [TEST_STEP][PASSED] - Statement - java.lang.Thread.sleep(5000): null

2018-11-03 09:37:51 - [TEST_STEP][PASSED] - click: Object: 'Object Repository/Course/ManageContent/NameContent/span_select_list_content' is clicked on

2018-11-03 09:37:51 - [MESSAGE][PASSED] - Object: 'Object Repository/Course/ManageContent/NameContent/span_select_list_content' is clicked on

2018-11-03 09:37:51 - [TEST_STEP][PASSED] - Statement - java.lang.Thread.sleep(2000): null

2018-11-03 09:37:53 - [TEST_STEP][PASSED] - click: Object: 'Object Repository/Course/ManageContent/NameContent/content_survey' is clicked on

2018-11-03 09:37:54 - [MESSAGE][PASSED] - Object: 'Object Repository/Course/ManageContent/NameContent/content_survey' is clicked on

2018-11-03 09:37:54 - [TEST_STEP][PASSED] - Statement - java.lang.Thread.sleep(2000): null

2018-11-03 09:37:56 - [TEST_STEP][PASSED] - setText: Text 'Bài khảo sát' is set on object 'Object Repository/Course/ManageContent/Survey/input_survey_name'

2018-11-03 09:37:56 - [MESSAGE][PASSED] - Text 'Bài khảo sát' is set on object 'Object Repository/Course/ManageContent/Survey/input_survey_name'

2018-11-03 09:37:56 - [TEST_STEP][PASSED] - click: Object: 'Object Repository/Course/ManageContent/Survey/button_add_question' is clicked on

2018-11-03 09:37:57 - [MESSAGE][PASSED] - Object: 'Object Repository/Course/ManageContent/Survey/button_add_question' is clicked on

2018-11-03 09:37:57 - [TEST_STEP][PASSED] - switchToWindowTitle: Switched to window with title: 'Tạo câu hỏi khảo sát'

2018-11-03 09:37:58 - [MESSAGE][PASSED] - Switched to window with title: 'Tạo câu hỏi khảo sát'

2018-11-03 09:37:58 - [TEST_STEP][PASSED] - Statement - java.lang.Thread.sleep(2000): null

2018-11-03 09:38:00 - [TEST_STEP][PASSED] - setText: Text 'Câu hỏi một lựa chọn' is set on object 'Object Repository/Course/ManageContent/Survey/input_single_question_name'

2018-11-03 09:38:00 - [MESSAGE][PASSED] - Text 'Câu hỏi một lựa chọn' is set on object 'Object Repository/Course/ManageContent/Survey/input_single_question_name'

2018-11-03 09:38:00 - [TEST_STEP][PASSED] - Statement - java.lang.Thread.sleep(2000): null

2018-11-03 09:38:02 - [TEST_STEP][PASSED] - click: Object: 'Object Repository/Course/ManageContent/Survey/button_add_answer_single_question' is clicked on

2018-11-03 09:38:02 - [MESSAGE][PASSED] - Object: 'Object Repository/Course/ManageContent/Survey/button_add_answer_single_question' is clicked on

2018-11-03 09:38:02 - [TEST_STEP][PASSED] - Statement - java.lang.Thread.sleep(2000): null

2018-11-03 09:38:04 - [TEST_STEP][PASSED] - setText: Text 'đáp án 1' is set on object 'Object Repository/Course/ManageContent/Survey/input_answer'

2018-11-03 09:38:04 - [MESSAGE][PASSED] - Text 'đáp án 1' is set on object 'Object Repository/Course/ManageContent/Survey/input_answer'

2018-11-03 09:38:04 - [TEST_STEP][PASSED] - Statement - java.lang.Thread.sleep(2000): null

2018-11-03 09:38:06 - [TEST_STEP][PASSED] - click: Object: 'Object Repository/Course/ManageContent/Survey/button_save_question' is clicked on

2018-11-03 09:38:06 - [MESSAGE][PASSED] - Object: 'Object Repository/Course/ManageContent/Survey/button_save_question' is clicked on

2018-11-03 09:38:06 - [TEST_STEP][PASSED] - Statement - java.lang.Thread.sleep(2000): null

2018-11-03 09:38:08 - [TEST_STEP][PASSED] - switchToWindowTitle: Switched to window with title: 'Thêm nội dung'

2018-11-03 09:38:08 - [MESSAGE][PASSED] - Switched to window with title: 'Thêm nội dung'

2018-11-03 09:38:08 - [TEST_STEP][PASSED] - Statement - java.lang.Thread.sleep(2000): null

2018-11-03 09:38:10 - [TEST_STEP][PASSED] - click: Object: 'Object Repository/Course/ManageContent/Survey/button_add_question' is clicked on

2018-11-03 09:38:10 - [MESSAGE][PASSED] - Object: 'Object Repository/Course/ManageContent/Survey/button_add_question' is clicked on

2018-11-03 09:38:10 - [TEST_STEP][PASSED] - switchToWindowTitle: Switched to window with title: 'Tạo câu hỏi khảo sát'

2018-11-03 09:38:11 - [MESSAGE][PASSED] - Switched to window with title: 'Tạo câu hỏi khảo sát'

2018-11-03 09:38:11 - [TEST_STEP][PASSED] - Statement - java.lang.Thread.sleep(2000): null

2018-11-03 09:38:13 - [TEST_STEP][PASSED] - selectOptionByValue: All options with value 'Nhiều lựa chọn' are selected in object 'Object Repository/Course/ManageContent/Survey/select_type_question'  using regular expression

2018-11-03 09:38:14 - [MESSAGE][PASSED] - All options with value 'Nhiều lựa chọn' are selected in object 'Object Repository/Course/ManageContent/Survey/select_type_question'  using regular expression

2018-11-03 09:38:14 - [TEST_STEP][PASSED] - Statement - java.lang.Thread.sleep(2000): null

2018-11-03 09:38:16 - [TEST_STEP][PASSED] - setText: Text 'Câu hỏi nhiều lựa chọn' is set on object 'Object Repository/Course/ManageContent/Survey/input_single_question_name'

2018-11-03 09:38:16 - [MESSAGE][PASSED] - Text 'Câu hỏi nhiều lựa chọn' is set on object 'Object Repository/Course/ManageContent/Survey/input_single_question_name'

2018-11-03 09:38:16 - [TEST_STEP][PASSED] - Statement - java.lang.Thread.sleep(2000): null

2018-11-03 09:38:18 - [TEST_STEP][PASSED] - click: Object: 'Object Repository/Course/ManageContent/Survey/button_add_answer_multiple_question' is clicked on

2018-11-03 09:38:18 - [MESSAGE][PASSED] - Object: 'Object Repository/Course/ManageContent/Survey/button_add_answer_multiple_question' is clicked on

2018-11-03 09:38:18 - [TEST_STEP][PASSED] - Statement - java.lang.Thread.sleep(2000): null

2018-11-03 09:38:20 - [TEST_STEP][PASSED] - setText: Text 'đáp án 1' is set on object 'Object Repository/Course/ManageContent/Survey/input_answer'

2018-11-03 09:38:20 - [MESSAGE][PASSED] - Text 'đáp án 1' is set on object 'Object Repository/Course/ManageContent/Survey/input_answer'

2018-11-03 09:38:20 - [TEST_STEP][PASSED] - Statement - java.lang.Thread.sleep(2000): null

2018-11-03 09:38:22 - [TEST_STEP][PASSED] - click: Object: 'Object Repository/Course/ManageContent/Survey/button_save_question' is clicked on

2018-11-03 09:38:22 - [MESSAGE][PASSED] - Object: 'Object Repository/Course/ManageContent/Survey/button_save_question' is clicked on

2018-11-03 09:38:22 - [TEST_STEP][PASSED] - Statement - java.lang.Thread.sleep(2000): null

2018-11-03 09:38:24 - [TEST_STEP][PASSED] - switchToWindowTitle: Switched to window with title: 'Thêm nội dung'

2018-11-03 09:38:24 - [MESSAGE][PASSED] - Switched to window with title: 'Thêm nội dung'

2018-11-03 09:38:24 - [TEST_STEP][PASSED] - Statement - java.lang.Thread.sleep(2000): null

2018-11-03 09:38:26 - [TEST_STEP][PASSED] - click: Object: 'Object Repository/Course/ManageContent/Survey/button_add_question' is clicked on

2018-11-03 09:38:26 - [MESSAGE][PASSED] - Object: 'Object Repository/Course/ManageContent/Survey/button_add_question' is clicked on

2018-11-03 09:38:26 - [TEST_STEP][PASSED] - switchToWindowTitle: Switched to window with title: 'Tạo câu hỏi khảo sát'

2018-11-03 09:38:27 - [MESSAGE][PASSED] - Switched to window with title: 'Tạo câu hỏi khảo sát'

2018-11-03 09:38:27 - [TEST_STEP][PASSED] - Statement - java.lang.Thread.sleep(2000): null

2018-11-03 09:38:29 - [TEST_STEP][PASSED] - selectOptionByValue: All options with value 'Tự luận' are selected in object 'Object Repository/Course/ManageContent/Survey/select_type_question'  using regular expression

2018-11-03 09:38:30 - [MESSAGE][PASSED] - All options with value 'Tự luận' are selected in object 'Object Repository/Course/ManageContent/Survey/select_type_question'  using regular expression

2018-11-03 09:38:30 - [TEST_STEP][PASSED] - Statement - java.lang.Thread.sleep(2000): null

2018-11-03 09:38:32 - [TEST_STEP][PASSED] - setText: Text 'Câu hỏi tự luận' is set on object 'Object Repository/Course/ManageContent/Survey/input_single_question_name'

2018-11-03 09:38:32 - [MESSAGE][PASSED] - Text 'Câu hỏi tự luận' is set on object 'Object Repository/Course/ManageContent/Survey/input_single_question_name'

2018-11-03 09:38:32 - [TEST_STEP][PASSED] - Statement - java.lang.Thread.sleep(2000): null

2018-11-03 09:38:34 - [TEST_STEP][PASSED] - click: Object: 'Object Repository/Course/ManageContent/Survey/button_save_question' is clicked on

2018-11-03 09:38:34 - [MESSAGE][PASSED] - Object: 'Object Repository/Course/ManageContent/Survey/button_save_question' is clicked on

2018-11-03 09:38:34 - [TEST_STEP][PASSED] - Statement - java.lang.Thread.sleep(2000): null

2018-11-03 09:38:36 - [TEST_STEP][PASSED] - switchToWindowTitle: Switched to window with title: 'Thêm nội dung'

2018-11-03 09:38:36 - [MESSAGE][PASSED] - Switched to window with title: 'Thêm nội dung'

2018-11-03 09:38:36 - [TEST_STEP][PASSED] - Statement - java.lang.Thread.sleep(2000): null

2018-11-03 09:38:38 - [TEST_STEP][PASSED] - click: Object: 'Object Repository/Course/ManageContent/Survey/checkbox_choose_question' is clicked on

2018-11-03 09:38:38 - [MESSAGE][PASSED] - Object: 'Object Repository/Course/ManageContent/Survey/checkbox_choose_question' is clicked on

2018-11-03 09:38:38 - [TEST_STEP][PASSED] - click: Object: 'Object Repository/Course/ManageContent/Survey/checkbox_choose_question' is clicked on

2018-11-03 09:38:38 - [MESSAGE][PASSED] - Object: 'Object Repository/Course/ManageContent/Survey/checkbox_choose_question' is clicked on

2018-11-03 09:38:38 - [TEST_STEP][PASSED] - click: Object: 'Object Repository/Course/ManageContent/Survey/checkbox_choose_question' is clicked on

2018-11-03 09:38:38 - [MESSAGE][PASSED] - Object: 'Object Repository/Course/ManageContent/Survey/checkbox_choose_question' is clicked on

2018-11-03 09:38:38 - [TEST_STEP][PASSED] - Statement - java.lang.Thread.sleep(2000): null

2018-11-03 09:38:40 - [TEST_STEP][PASSED] - click: Object: 'Object Repository/Course/ManageContent/Survey/button_save_survey' is clicked on

2018-11-03 09:38:40 - [MESSAGE][PASSED] - Object: 'Object Repository/Course/ManageContent/Survey/button_save_survey' is clicked on]]></system-out>
         <system-err><![CDATA[]]></system-err>
      </testcase>
      <testcase name="Test Cases/Course/Manage Content/Test/AddTest" classname="Test Cases/Course/Manage Content/Test/AddTest" status="PASSED">
         <system-out><![CDATA[2018-11-03 09:38:40 - [TEST_CASE][PASSED] - Test Cases/Course/Manage Content/Test/AddTest: Test Cases/Course/Manage Content/Test/AddTest

2018-11-03 09:38:40 - [TEST_STEP][PASSED] - Statement - java.lang.Thread.sleep(5000): null

2018-11-03 09:38:45 - [TEST_STEP][PASSED] - click: Object: 'Object Repository/Course/ManageContent/NameContent/span_select_list_content' is clicked on

2018-11-03 09:38:46 - [MESSAGE][PASSED] - Object: 'Object Repository/Course/ManageContent/NameContent/span_select_list_content' is clicked on

2018-11-03 09:38:46 - [TEST_STEP][PASSED] - Statement - java.lang.Thread.sleep(2000): null

2018-11-03 09:38:48 - [TEST_STEP][PASSED] - click: Object: 'Object Repository/Course/ManageContent/NameContent/content_test' is clicked on

2018-11-03 09:38:49 - [MESSAGE][PASSED] - Object: 'Object Repository/Course/ManageContent/NameContent/content_test' is clicked on

2018-11-03 09:38:49 - [TEST_STEP][PASSED] - Statement - java.lang.Thread.sleep(2000): null

2018-11-03 09:38:51 - [TEST_STEP][PASSED] - setText: Text 'Bài kiểm tra' is set on object 'Object Repository/Course/ManageContent/Test/input_name_test'

2018-11-03 09:38:51 - [MESSAGE][PASSED] - Text 'Bài kiểm tra' is set on object 'Object Repository/Course/ManageContent/Test/input_name_test'

2018-11-03 09:38:51 - [TEST_STEP][PASSED] - click: Object: 'Object Repository/Course/ManageContent/Test/button_add_new_question' is clicked on

2018-11-03 09:38:51 - [MESSAGE][PASSED] - Object: 'Object Repository/Course/ManageContent/Test/button_add_new_question' is clicked on

2018-11-03 09:38:51 - [TEST_STEP][PASSED] - Statement - java.lang.Thread.sleep(2000): null

2018-11-03 09:38:53 - [TEST_STEP][PASSED] - click: Object: 'Object Repository/Course/ManageContent/Test/TrueFalse/option_true_false' is clicked on

2018-11-03 09:38:53 - [MESSAGE][PASSED] - Object: 'Object Repository/Course/ManageContent/Test/TrueFalse/option_true_false' is clicked on

2018-11-03 09:38:53 - [TEST_STEP][PASSED] - Statement - java.lang.Thread.sleep(2000): null

2018-11-03 09:38:55 - [TEST_STEP][PASSED] - Statement - driver = com.kms.katalon.core.webui.driver.DriverFactory.getWebDriver(): null

2018-11-03 09:38:55 - [TEST_STEP][PASSED] - Statement - js = driver: null

2018-11-03 09:38:55 - [TEST_STEP][PASSED] - Statement - js.executeScript("CKEDITOR.instances["txtNoiDungCauHoiLuaChonDungSai"].setData("<p>Câu hỏi lựa chọn đúng sai</p>")"): null

2018-11-03 09:38:55 - [TEST_STEP][PASSED] - Statement - java.lang.Thread.sleep(2000): null

2018-11-03 09:38:57 - [TEST_STEP][PASSED] - click: Object: 'Object Repository/Course/ManageContent/Test/TrueFalse/button_save_and_create_new_truefalse' is clicked on

2018-11-03 09:38:57 - [MESSAGE][PASSED] - Object: 'Object Repository/Course/ManageContent/Test/TrueFalse/button_save_and_create_new_truefalse' is clicked on

2018-11-03 09:38:57 - [TEST_STEP][PASSED] - acceptAlert: Alert accepted

2018-11-03 09:38:57 - [MESSAGE][PASSED] - Alert accepted

2018-11-03 09:38:57 - [TEST_STEP][PASSED] - Statement - java.lang.Thread.sleep(2000): null

2018-11-03 09:38:59 - [TEST_STEP][PASSED] - click: Object: 'Object Repository/Course/ManageContent/Test/TrueFalseClause/option_true_false_cluase' is clicked on

2018-11-03 09:39:00 - [MESSAGE][PASSED] - Object: 'Object Repository/Course/ManageContent/Test/TrueFalseClause/option_true_false_cluase' is clicked on

2018-11-03 09:39:00 - [TEST_STEP][PASSED] - Statement - java.lang.Thread.sleep(2000): null

2018-11-03 09:39:02 - [TEST_STEP][PASSED] - Statement - js.executeScript("CKEDITOR.instances["txtNoiDungCauHoiMenhDeDungSai"].setData("<p>Câu hỏi mệnh đề đúng sai</p>")"): null

2018-11-03 09:39:02 - [TEST_STEP][PASSED] - Statement - java.lang.Thread.sleep(2000): null

2018-11-03 09:39:04 - [TEST_STEP][PASSED] - Statement - js.executeScript("CKEDITOR.instances["txtNoiDungPhuongAn_1"].setData("<p>Phươn án 1</p>")"): null

2018-11-03 09:39:04 - [TEST_STEP][PASSED] - Statement - js.executeScript("CKEDITOR.instances["txtNoiDungPhuongAn_2"].setData("<p>Phươn án 2</p>")"): null

2018-11-03 09:39:04 - [TEST_STEP][PASSED] - Statement - js.executeScript("CKEDITOR.instances["txtNoiDungPhuongAn_3"].setData("<p>Phươn án 3</p>")"): null

2018-11-03 09:39:04 - [TEST_STEP][PASSED] - Statement - js.executeScript("CKEDITOR.instances["txtNoiDungPhuongAn_4"].setData("<p>Phươn án 4</p>")"): null

2018-11-03 09:39:04 - [TEST_STEP][PASSED] - Statement - java.lang.Thread.sleep(2000): null

2018-11-03 09:39:06 - [TEST_STEP][PASSED] - click: Object: 'Object Repository/Course/ManageContent/Test/TrueFalseClause/button_save_and_close_truefalseclause' is clicked on

2018-11-03 09:39:06 - [MESSAGE][PASSED] - Object: 'Object Repository/Course/ManageContent/Test/TrueFalseClause/button_save_and_close_truefalseclause' is clicked on

2018-11-03 09:39:06 - [TEST_STEP][PASSED] - acceptAlert: Alert accepted

2018-11-03 09:39:06 - [MESSAGE][PASSED] - Alert accepted

2018-11-03 09:39:06 - [TEST_STEP][PASSED] - Statement - java.lang.Thread.sleep(2000): null

2018-11-03 09:39:08 - [TEST_STEP][PASSED] - click: Object: 'Object Repository/Course/ManageContent/Test/tab_tuy_chon_nang_cao' is clicked on

2018-11-03 09:39:08 - [MESSAGE][PASSED] - Object: 'Object Repository/Course/ManageContent/Test/tab_tuy_chon_nang_cao' is clicked on

2018-11-03 09:39:08 - [TEST_STEP][PASSED] - Statement - java.lang.Thread.sleep(2000): null

2018-11-03 09:39:10 - [TEST_STEP][PASSED] - setText: Text '1' is set on object 'Object Repository/Course/ManageContent/Test/input_number_question_in_page'

2018-11-03 09:39:10 - [MESSAGE][PASSED] - Text '1' is set on object 'Object Repository/Course/ManageContent/Test/input_number_question_in_page'

2018-11-03 09:39:10 - [TEST_STEP][PASSED] - click: Object: 'Object Repository/Course/ManageContent/Test/tab_noi_dung' is clicked on

2018-11-03 09:39:10 - [MESSAGE][PASSED] - Object: 'Object Repository/Course/ManageContent/Test/tab_noi_dung' is clicked on

2018-11-03 09:39:10 - [TEST_STEP][PASSED] - Statement - java.lang.Thread.sleep(2000): null

2018-11-03 09:39:12 - [TEST_STEP][PASSED] - click: Object: 'Object Repository/Course/ManageContent/Test/button_save_test' is clicked on

2018-11-03 09:39:12 - [MESSAGE][PASSED] - Object: 'Object Repository/Course/ManageContent/Test/button_save_test' is clicked on

2018-11-03 09:39:12 - [TEST_STEP][PASSED] - Statement - java.lang.Thread.sleep(2000): null

2018-11-03 09:39:14 - [TEST_STEP][PASSED] - acceptAlert: Alert accepted

2018-11-03 09:39:14 - [MESSAGE][PASSED] - Alert accepted]]></system-out>
         <system-err><![CDATA[]]></system-err>
      </testcase>
      <system-out><![CDATA[2018-11-03 09:32:42 - [TEST_SUITE][PASSED] - Course: Test Cases/Course/Manage Content/Test/AddTest]]></system-out>
      <system-err><![CDATA[]]></system-err>
   </testsuite>
</testsuites>
