<?xml version="1.0" encoding="UTF-8"?>
<testsuites name="Login" time="98" tests="0" failures="1" errors="0">
   <testsuite name="Login" tests="0" failures="1" errors="0" time="98" timestamp="2018-10-08 16:42:33" hostname="buithan - 192.168.1.121" id="Test Suites/Login">
      <properties>
         <property name="deviceName" value=""/>
         <property name="devicePlatform" value=""/>
         <property name="logFolder" value="C:\\Users\\buithan\\git\\katalon-cls-project\\Reports\\Login\\20181008_164231"/>
         <property name="logFiles" value="C:\\Users\\buithan\\git\\katalon-cls-project\\Reports\\Login\\20181008_164231\\execution0.log"/>
         <property name="attachments" value="C:\\Users\\buithan\\git\\katalon-cls-project\\Reports\\Login\\20181008_164231\\1538991851136.png"/>
         <property name="hostName" value="buithan - 192.168.1.121"/>
         <property name="os" value="Windows 10 64bit"/>
         <property name="katalonVersion" value="5.4.1.1"/>
         <property name="browser" value="Chrome 69.0.3497.100"/>
         <property name="hostAddress" value="192.168.1.121"/>
         <property name="sessionId" value="efeaadd0d188f167c16233acb8719826"/>
         <property name="seleniumVersion" value="3.7.1"/>
         <property name="proxyInformation" value="ProxyInformation{proxyOption=NO_PROXY, proxyServerType=HTTP, password=, proxyServerAddress=, proxyServerPort=0}"/>
         <property name="platform" value="Windows 10"/>
      </properties>
      <testcase name="Test Cases/AssignUserToCourse" classname="Test Cases/AssignUserToCourse" status="FAILED">
         <failure type="FAILED" message="Unable to verify text 'Vận hành CLS trong Doanh Nghiệp' is present  (Root cause: Text 'Vận hành CLS trong Doanh Nghiệp' is not present on page )"/>
         <system-out><![CDATA[2018-10-08 16:42:33 - [TEST_CASE][FAILED] - Test Cases/AssignUserToCourse: Test Cases/AssignUserToCourse FAILED because (of) Unable to verify text 'Vận hành CLS trong Doanh Nghiệp' is present  (Root cause: Text 'Vận hành CLS trong Doanh Nghiệp' is not present on page )

2018-10-08 16:42:34 - [TEST_STEP][PASSED] - Statement - java.lang.Thread.sleep(30000): null

2018-10-08 16:43:04 - [TEST_STEP][PASSED] - callTestCase: Call Test Case 'Test Cases/OpenUserModun' successfully

2018-10-08 16:43:04 - [TEST_CASE][PASSED] - Test Cases/OpenUserModun: Test Cases/OpenUserModun

2018-10-08 16:43:04 - [TEST_STEP][PASSED] - Statement - java.lang.Thread.sleep(30000): null

2018-10-08 16:43:34 - [TEST_STEP][PASSED] - callTestCase: Call Test Case 'Test Cases/Login' successfully

2018-10-08 16:43:34 - [TEST_CASE][PASSED] - Test Cases/Login: Test Cases/Login

2018-10-08 16:43:34 - [TEST_STEP][PASSED] - openBrowser: Browser is opened with url: ''

2018-10-08 16:43:37 - [MESSAGE][PASSED] - Browser is opened with url: ''

2018-10-08 16:43:37 - [TEST_STEP][PASSED] - navigateToUrl: Navigate to 'https://ntmtien.cls.vn/account/login' successfully

2018-10-08 16:43:38 - [MESSAGE][PASSED] - Navigate to 'https://ntmtien.cls.vn/account/login' successfully

2018-10-08 16:43:38 - [TEST_STEP][PASSED] - setText: Text 'admin1' is set on object 'Object Repository/Login/Page_ng nhp/input_UserName'

2018-10-08 16:43:39 - [MESSAGE][PASSED] - Text 'admin1' is set on object 'Object Repository/Login/Page_ng nhp/input_UserName'

2018-10-08 16:43:39 - [TEST_STEP][PASSED] - setText: Text '123456' is set on object 'Object Repository/Login/Page_ng nhp/input_Password'

2018-10-08 16:43:39 - [MESSAGE][PASSED] - Text '123456' is set on object 'Object Repository/Login/Page_ng nhp/input_Password'

2018-10-08 16:43:39 - [TEST_STEP][PASSED] - click: Object: 'Object Repository/Login/Page_ng nhp/button_NG NHP' is clicked on

2018-10-08 16:43:39 - [MESSAGE][PASSED] - Object: 'Object Repository/Login/Page_ng nhp/button_NG NHP' is clicked on

2018-10-08 16:43:39 - [TEST_STEP][PASSED] - Statement - java.lang.Thread.sleep(5000): null

2018-10-08 16:43:44 - [TEST_STEP][PASSED] - switchToWindowIndex: Switched to window with index: '0'

2018-10-08 16:43:44 - [MESSAGE][PASSED] - Switched to window with index: '0'

2018-10-08 16:43:44 - [TEST_STEP][PASSED] - Statement - title = com.kms.katalon.core.webui.keyword.WebUiBuiltInKeywords.getWindowTitle(): Current window's title is: 'Quản trị viên'

2018-10-08 16:43:44 - [MESSAGE][PASSED] - Current window's title is: 'Quản trị viên'

2018-10-08 16:43:44 - [TEST_STEP][PASSED] - verifyMatch: Actual text 'Quản trị viên' and expected text 'Quản trị viên' are matched  using regular expression

2018-10-08 16:43:44 - [MESSAGE][PASSED] - Actual text 'Quản trị viên' and expected text 'Quản trị viên' are matched  using regular expression

2018-10-08 16:43:44 - [MESSAGE][PASSED] - Call Test Case 'Test Cases/Login' successfully

2018-10-08 16:43:44 - [TEST_STEP][PASSED] - click: Object: 'Object Repository/OpenUserModun/Page_Qun tr vin/div_Ngi dng' is clicked on

2018-10-08 16:43:45 - [MESSAGE][PASSED] - Object: 'Object Repository/OpenUserModun/Page_Qun tr vin/div_Ngi dng' is clicked on

2018-10-08 16:43:45 - [TEST_STEP][PASSED] - Statement - java.lang.Thread.sleep(3000): null

2018-10-08 16:43:48 - [TEST_STEP][PASSED] - verifyTextPresent: Text 'Quản lý người dùng' is present on page 

2018-10-08 16:43:49 - [MESSAGE][PASSED] - Text 'Quản lý người dùng' is present on page 

2018-10-08 16:43:49 - [MESSAGE][PASSED] - Call Test Case 'Test Cases/OpenUserModun' successfully

2018-10-08 16:43:49 - [TEST_STEP][PASSED] - setText: Text 'admin1' is set on object 'Object Repository/AddUserToCourse/Page_Qun l ngi dng/input_txtUserSearchBox'

2018-10-08 16:43:49 - [MESSAGE][PASSED] - Text 'admin1' is set on object 'Object Repository/AddUserToCourse/Page_Qun l ngi dng/input_txtUserSearchBox'

2018-10-08 16:43:49 - [TEST_STEP][PASSED] - Statement - java.lang.Thread.sleep(3000): null

2018-10-08 16:43:52 - [TEST_STEP][PASSED] - click: Object: 'Object Repository/AddUserToCourse/Page_Qun l ngi dng/span_fa fa-pencil' is clicked on

2018-10-08 16:43:53 - [MESSAGE][PASSED] - Object: 'Object Repository/AddUserToCourse/Page_Qun l ngi dng/span_fa fa-pencil' is clicked on

2018-10-08 16:43:53 - [TEST_STEP][PASSED] - Statement - java.lang.Thread.sleep(3000): null

2018-10-08 16:43:56 - [TEST_STEP][PASSED] - click: Object: 'Object Repository/AddUserToCourse/Page_- admin1/span_Kho hc' is clicked on

2018-10-08 16:43:56 - [MESSAGE][PASSED] - Object: 'Object Repository/AddUserToCourse/Page_- admin1/span_Kho hc' is clicked on

2018-10-08 16:43:56 - [TEST_STEP][PASSED] - setText: Text 'Vận hành CLS trong Doanh Nghiệp' is set on object 'Object Repository/AddUserToCourse/Page_- admin1/input_txtUserCourseSearchBox'

2018-10-08 16:43:56 - [MESSAGE][PASSED] - Text 'Vận hành CLS trong Doanh Nghiệp' is set on object 'Object Repository/AddUserToCourse/Page_- admin1/input_txtUserCourseSearchBox'

2018-10-08 16:43:56 - [TEST_STEP][PASSED] - Statement - java.lang.Thread.sleep(3000): null

2018-10-08 16:43:59 - [TEST_STEP][PASSED] - click: Object: 'Object Repository/AddUserToCourse/Page_- admin1/input_ipt-action' is clicked on

2018-10-08 16:43:59 - [MESSAGE][PASSED] - Object: 'Object Repository/AddUserToCourse/Page_- admin1/input_ipt-action' is clicked on

2018-10-08 16:43:59 - [TEST_STEP][PASSED] - click: Object: 'Object Repository/AddUserToCourse/Page_- admin1/button_Lu' is clicked on

2018-10-08 16:43:59 - [MESSAGE][PASSED] - Object: 'Object Repository/AddUserToCourse/Page_- admin1/button_Lu' is clicked on

2018-10-08 16:43:59 - [TEST_STEP][PASSED] - Statement - java.lang.Thread.sleep(5000): null

2018-10-08 16:44:04 - [TEST_STEP][PASSED] - mouseOver: Object: 'Object Repository/AddUserToCourse/Page_Qun tr vin/span_fa fa-caret-down' is hovered

2018-10-08 16:44:04 - [MESSAGE][PASSED] - Object: 'Object Repository/AddUserToCourse/Page_Qun tr vin/span_fa fa-caret-down' is hovered

2018-10-08 16:44:04 - [TEST_STEP][PASSED] - Statement - java.lang.Thread.sleep(5000): null

2018-10-08 16:44:09 - [TEST_STEP][PASSED] - click: Object: 'Object Repository/AddUserToCourse/Page_Qun tr vin/a_Ngi hc' is clicked on

2018-10-08 16:44:10 - [MESSAGE][PASSED] - Object: 'Object Repository/AddUserToCourse/Page_Qun tr vin/a_Ngi hc' is clicked on

2018-10-08 16:44:10 - [TEST_STEP][PASSED] - setText: Text 'Vận hành CLS trong Doanh Nghiệp' is set on object 'Object Repository/AddUserToCourse/Page_Ngi hc/input_txtCourseSearchBox'

2018-10-08 16:44:11 - [MESSAGE][PASSED] - Text 'Vận hành CLS trong Doanh Nghiệp' is set on object 'Object Repository/AddUserToCourse/Page_Ngi hc/input_txtCourseSearchBox'

2018-10-08 16:44:11 - [TEST_STEP][FAILED] - verifyTextPresent: Unable to verify text 'Vận hành CLS trong Doanh Nghiệp' is present  (Root cause: Text 'Vận hành CLS trong Doanh Nghiệp' is not present on page )

2018-10-08 16:44:11 - [MESSAGE][FAILED] - Text 'Vận hành CLS trong Doanh Nghiệp' is not present on page 

2018-10-08 16:44:11 - [MESSAGE][FAILED] - Unable to verify text 'Vận hành CLS trong Doanh Nghiệp' is present  (Root cause: Text 'Vận hành CLS trong Doanh Nghiệp' is not present on page )
[[ATTACHMENT|C:\\Users\\buithan\\git\\katalon-cls-project\\Reports\\Login\\20181008_164231\\1538991851136.png]]]]></system-out>
         <system-err><![CDATA[2018-10-08 16:42:33 - [TEST_CASE][FAILED] - Test Cases/AssignUserToCourse: Test Cases/AssignUserToCourse FAILED because (of) Unable to verify text 'Vận hành CLS trong Doanh Nghiệp' is present  (Root cause: Text 'Vận hành CLS trong Doanh Nghiệp' is not present on page )]]></system-err>
      </testcase>
      <system-out><![CDATA[2018-10-08 16:42:33 - [TEST_SUITE][FAILED] - Login: Test Cases/AssignUserToCourse FAILED because (of) Unable to verify text 'Vận hành CLS trong Doanh Nghiệp' is present  (Root cause: Text 'Vận hành CLS trong Doanh Nghiệp' is not present on page )]]></system-out>
      <system-err><![CDATA[2018-10-08 16:42:33 - [TEST_SUITE][FAILED] - Login: Test Cases/AssignUserToCourse FAILED because (of) Unable to verify text 'Vận hành CLS trong Doanh Nghiệp' is present  (Root cause: Text 'Vận hành CLS trong Doanh Nghiệp' is not present on page )]]></system-err>
   </testsuite>
</testsuites>
