<?xml version="1.0" encoding="UTF-8"?>
<testsuites name="Login" time="265" tests="4" failures="1" errors="0">
   <testsuite name="Login" tests="4" failures="1" errors="0" time="265" timestamp="2018-10-08 16:17:47" hostname="buithan - 192.168.1.121" id="Test Suites/Login">
      <properties>
         <property name="deviceName" value=""/>
         <property name="devicePlatform" value=""/>
         <property name="logFolder" value="C:\\Users\\buithan\\git\\katalon-cls-project\\Reports\\Login\\20181008_161745"/>
         <property name="logFiles" value="C:\\Users\\buithan\\git\\katalon-cls-project\\Reports\\Login\\20181008_161745\\execution0.log"/>
         <property name="attachments" value=""/>
         <property name="hostName" value="buithan - 192.168.1.121"/>
         <property name="os" value="Windows 10 64bit"/>
         <property name="katalonVersion" value="5.4.1.1"/>
         <property name="browser" value="Chrome 69.0.3497.100"/>
         <property name="hostAddress" value="192.168.1.121"/>
         <property name="sessionId" value="b0d4ec5d5b335194f31d4f15c4d23c32"/>
         <property name="seleniumVersion" value="3.7.1"/>
         <property name="proxyInformation" value="ProxyInformation{proxyOption=NO_PROXY, proxyServerType=HTTP, password=, proxyServerAddress=, proxyServerPort=0}"/>
         <property name="platform" value="Windows 10"/>
      </properties>
      <testcase name="Test Cases/Login" classname="Test Cases/Login" status="PASSED">
         <system-out><![CDATA[2018-10-08 16:17:47 - [TEST_CASE][PASSED] - Test Cases/Login: Test Cases/Login

2018-10-08 16:17:47 - [TEST_STEP][PASSED] - openBrowser: Browser is opened with url: ''

2018-10-08 16:17:51 - [MESSAGE][PASSED] - Browser is opened with url: ''

2018-10-08 16:17:51 - [TEST_STEP][PASSED] - navigateToUrl: Navigate to 'https://ntmtien.cls.vn/account/login' successfully

2018-10-08 16:17:52 - [MESSAGE][PASSED] - Navigate to 'https://ntmtien.cls.vn/account/login' successfully

2018-10-08 16:17:52 - [TEST_STEP][PASSED] - setText: Text 'admin1' is set on object 'Object Repository/Login/Page_ng nhp/input_UserName'

2018-10-08 16:17:52 - [MESSAGE][PASSED] - Text 'admin1' is set on object 'Object Repository/Login/Page_ng nhp/input_UserName'

2018-10-08 16:17:52 - [TEST_STEP][PASSED] - setText: Text '123456' is set on object 'Object Repository/Login/Page_ng nhp/input_Password'

2018-10-08 16:17:53 - [MESSAGE][PASSED] - Text '123456' is set on object 'Object Repository/Login/Page_ng nhp/input_Password'

2018-10-08 16:17:53 - [TEST_STEP][PASSED] - click: Object: 'Object Repository/Login/Page_ng nhp/button_NG NHP' is clicked on

2018-10-08 16:17:53 - [MESSAGE][PASSED] - Object: 'Object Repository/Login/Page_ng nhp/button_NG NHP' is clicked on

2018-10-08 16:17:53 - [TEST_STEP][PASSED] - Statement - java.lang.Thread.sleep(5000): null

2018-10-08 16:17:58 - [TEST_STEP][PASSED] - switchToWindowIndex: Switched to window with index: '0'

2018-10-08 16:17:58 - [MESSAGE][PASSED] - Switched to window with index: '0'

2018-10-08 16:17:58 - [TEST_STEP][PASSED] - Statement - title = com.kms.katalon.core.webui.keyword.WebUiBuiltInKeywords.getWindowTitle(): Current window's title is: 'Quản trị viên'

2018-10-08 16:17:58 - [MESSAGE][PASSED] - Current window's title is: 'Quản trị viên'

2018-10-08 16:17:58 - [TEST_STEP][PASSED] - verifyMatch: Actual text 'Quản trị viên' and expected text 'Quản trị viên' are matched  using regular expression

2018-10-08 16:17:58 - [MESSAGE][PASSED] - Actual text 'Quản trị viên' and expected text 'Quản trị viên' are matched  using regular expression]]></system-out>
         <system-err><![CDATA[]]></system-err>
      </testcase>
      <testcase name="Test Cases/Fogot password" classname="Test Cases/Fogot password" status="PASSED">
         <system-out><![CDATA[2018-10-08 16:17:58 - [TEST_CASE][PASSED] - Test Cases/Fogot password: Test Cases/Fogot password

2018-10-08 16:17:58 - [TEST_STEP][PASSED] - openBrowser: Browser is opened with url: ''

2018-10-08 16:17:58 - [MESSAGE][WARNING] - A browser is already opened. Closing browser and opening a new one

2018-10-08 16:18:01 - [MESSAGE][PASSED] - Browser is opened with url: ''

2018-10-08 16:18:01 - [TEST_STEP][PASSED] - navigateToUrl: Navigate to 'https://ntmtien.cls.vn/account/login' successfully

2018-10-08 16:18:02 - [MESSAGE][PASSED] - Navigate to 'https://ntmtien.cls.vn/account/login' successfully

2018-10-08 16:18:02 - [TEST_STEP][PASSED] - click: Object: 'Object Repository/Forgot password/Page_ng nhp/a_Qun mt khu' is clicked on

2018-10-08 16:18:02 - [MESSAGE][PASSED] - Object: 'Object Repository/Forgot password/Page_ng nhp/a_Qun mt khu' is clicked on

2018-10-08 16:18:02 - [TEST_STEP][PASSED] - Statement - java.lang.Thread.sleep(5000): null

2018-10-08 16:18:07 - [TEST_STEP][PASSED] - switchToWindowIndex: Switched to window with index: '0'

2018-10-08 16:18:07 - [MESSAGE][PASSED] - Switched to window with index: '0'

2018-10-08 16:18:07 - [TEST_STEP][PASSED] - Statement - title = com.kms.katalon.core.webui.keyword.WebUiBuiltInKeywords.getWindowTitle(): Current window's title is: 'Quên mật khẩu'

2018-10-08 16:18:07 - [MESSAGE][PASSED] - Current window's title is: 'Quên mật khẩu'

2018-10-08 16:18:07 - [TEST_STEP][PASSED] - verifyMatch: Actual text 'Quên mật khẩu' and expected text 'Quên mật khẩu' are matched  using regular expression

2018-10-08 16:18:07 - [MESSAGE][PASSED] - Actual text 'Quên mật khẩu' and expected text 'Quên mật khẩu' are matched  using regular expression

2018-10-08 16:18:07 - [TEST_STEP][PASSED] - setText: Text 'buithithan.cntt@gmail.com' is set on object 'Object Repository/Forgot password/Page_Qun mt khu/input_Email'

2018-10-08 16:18:07 - [MESSAGE][PASSED] - Text 'buithithan.cntt@gmail.com' is set on object 'Object Repository/Forgot password/Page_Qun mt khu/input_Email'

2018-10-08 16:18:07 - [TEST_STEP][PASSED] - click: Object: 'Object Repository/Forgot password/Page_Qun mt khu/button_GI' is clicked on

2018-10-08 16:18:08 - [MESSAGE][PASSED] - Object: 'Object Repository/Forgot password/Page_Qun mt khu/button_GI' is clicked on

2018-10-08 16:18:08 - [TEST_STEP][PASSED] - Statement - java.lang.Thread.sleep(5000): null

2018-10-08 16:18:13 - [TEST_STEP][PASSED] - verifyTextPresent: Text 'Chúng tôi đã gửi một email tới hòm thư của bạn, vui lòng kiểm tra và làm theo hướng dẫn để thiết lập lại tài khoản của bạn' is present on page 

2018-10-08 16:18:13 - [MESSAGE][PASSED] - Text 'Chúng tôi đã gửi một email tới hòm thư của bạn, vui lòng kiểm tra và làm theo hướng dẫn để thiết lập lại tài khoản của bạn' is present on page 

2018-10-08 16:18:13 - [TEST_STEP][PASSED] - closeBrowser: Browser is closed

2018-10-08 16:18:13 - [MESSAGE][PASSED] - Browser is closed]]></system-out>
         <system-err><![CDATA[]]></system-err>
      </testcase>
      <testcase name="Test Cases/EditUser" classname="Test Cases/EditUser" status="PASSED">
         <system-out><![CDATA[2018-10-08 16:18:13 - [TEST_CASE][PASSED] - Test Cases/EditUser: Test Cases/EditUser

2018-10-08 16:18:13 - [TEST_STEP][PASSED] - callTestCase: Call Test Case 'Test Cases/AddUser' successfully

2018-10-08 16:18:14 - [TEST_CASE][PASSED] - Test Cases/AddUser: Test Cases/AddUser

2018-10-08 16:18:14 - [TEST_STEP][PASSED] - callTestCase: Call Test Case 'Test Cases/DeleteUser' successfully

2018-10-08 16:18:14 - [TEST_CASE][PASSED] - Test Cases/DeleteUser: Test Cases/DeleteUser

2018-10-08 16:18:14 - [TEST_STEP][PASSED] - callTestCase: Call Test Case 'Test Cases/OpenUserModun' successfully

2018-10-08 16:18:14 - [TEST_CASE][PASSED] - Test Cases/OpenUserModun: Test Cases/OpenUserModun

2018-10-08 16:18:14 - [TEST_STEP][PASSED] - Statement - java.lang.Thread.sleep(30000): null

2018-10-08 16:18:44 - [TEST_STEP][PASSED] - callTestCase: Call Test Case 'Test Cases/Login' successfully

2018-10-08 16:18:44 - [TEST_CASE][PASSED] - Test Cases/Login: Test Cases/Login

2018-10-08 16:18:44 - [TEST_STEP][PASSED] - openBrowser: Browser is opened with url: ''

2018-10-08 16:18:46 - [MESSAGE][PASSED] - Browser is opened with url: ''

2018-10-08 16:18:46 - [TEST_STEP][PASSED] - navigateToUrl: Navigate to 'https://ntmtien.cls.vn/account/login' successfully

2018-10-08 16:18:47 - [MESSAGE][PASSED] - Navigate to 'https://ntmtien.cls.vn/account/login' successfully

2018-10-08 16:18:47 - [TEST_STEP][PASSED] - setText: Text 'admin1' is set on object 'Object Repository/Login/Page_ng nhp/input_UserName'

2018-10-08 16:18:47 - [MESSAGE][PASSED] - Text 'admin1' is set on object 'Object Repository/Login/Page_ng nhp/input_UserName'

2018-10-08 16:18:47 - [TEST_STEP][PASSED] - setText: Text '123456' is set on object 'Object Repository/Login/Page_ng nhp/input_Password'

2018-10-08 16:18:47 - [MESSAGE][PASSED] - Text '123456' is set on object 'Object Repository/Login/Page_ng nhp/input_Password'

2018-10-08 16:18:47 - [TEST_STEP][PASSED] - click: Object: 'Object Repository/Login/Page_ng nhp/button_NG NHP' is clicked on

2018-10-08 16:18:48 - [MESSAGE][PASSED] - Object: 'Object Repository/Login/Page_ng nhp/button_NG NHP' is clicked on

2018-10-08 16:18:48 - [TEST_STEP][PASSED] - Statement - java.lang.Thread.sleep(5000): null

2018-10-08 16:18:53 - [TEST_STEP][PASSED] - switchToWindowIndex: Switched to window with index: '0'

2018-10-08 16:18:53 - [MESSAGE][PASSED] - Switched to window with index: '0'

2018-10-08 16:18:53 - [TEST_STEP][PASSED] - Statement - title = com.kms.katalon.core.webui.keyword.WebUiBuiltInKeywords.getWindowTitle(): Current window's title is: 'Quản trị viên'

2018-10-08 16:18:53 - [MESSAGE][PASSED] - Current window's title is: 'Quản trị viên'

2018-10-08 16:18:53 - [TEST_STEP][PASSED] - verifyMatch: Actual text 'Quản trị viên' and expected text 'Quản trị viên' are matched  using regular expression

2018-10-08 16:18:53 - [MESSAGE][PASSED] - Actual text 'Quản trị viên' and expected text 'Quản trị viên' are matched  using regular expression

2018-10-08 16:18:53 - [MESSAGE][PASSED] - Call Test Case 'Test Cases/Login' successfully

2018-10-08 16:18:53 - [TEST_STEP][PASSED] - click: Object: 'Object Repository/OpenUserModun/Page_Qun tr vin/div_Ngi dng' is clicked on

2018-10-08 16:18:54 - [MESSAGE][PASSED] - Object: 'Object Repository/OpenUserModun/Page_Qun tr vin/div_Ngi dng' is clicked on

2018-10-08 16:18:54 - [TEST_STEP][PASSED] - Statement - java.lang.Thread.sleep(3000): null

2018-10-08 16:18:57 - [TEST_STEP][PASSED] - verifyTextPresent: Text 'Quản lý người dùng' is present on page 

2018-10-08 16:18:57 - [MESSAGE][PASSED] - Text 'Quản lý người dùng' is present on page 

2018-10-08 16:18:57 - [MESSAGE][PASSED] - Call Test Case 'Test Cases/OpenUserModun' successfully

2018-10-08 16:18:57 - [TEST_STEP][PASSED] - setText: Text 'usertest' is set on object 'Object Repository/DeleteUser/Page_Qun l ngi dng/input_txtUserSearchBox'

2018-10-08 16:18:58 - [MESSAGE][PASSED] - Text 'usertest' is set on object 'Object Repository/DeleteUser/Page_Qun l ngi dng/input_txtUserSearchBox'

2018-10-08 16:18:58 - [TEST_STEP][PASSED] - Statement - java.lang.Thread.sleep(3000): null

2018-10-08 16:19:01 - [TEST_STEP][PASSED] - click: Object: 'Object Repository/DeleteUser/Page_Qun l ngi dng/span_fa fa-trash' is clicked on

2018-10-08 16:19:01 - [MESSAGE][PASSED] - Object: 'Object Repository/DeleteUser/Page_Qun l ngi dng/span_fa fa-trash' is clicked on

2018-10-08 16:19:01 - [TEST_STEP][PASSED] - Statement - java.lang.Thread.sleep(3000): null

2018-10-08 16:19:04 - [TEST_STEP][PASSED] - click: Object: 'Object Repository/DeleteUser/Page_Qun l ngi dng/button_ng' is clicked on

2018-10-08 16:19:04 - [MESSAGE][PASSED] - Object: 'Object Repository/DeleteUser/Page_Qun l ngi dng/button_ng' is clicked on

2018-10-08 16:19:04 - [TEST_STEP][PASSED] - Statement - java.lang.Thread.sleep(3000): null

2018-10-08 16:19:07 - [TEST_STEP][PASSED] - setText: Text 'usertest' is set on object 'Object Repository/DeleteUser/Page_Qun l ngi dng/input_txtUserSearchBox'

2018-10-08 16:19:07 - [MESSAGE][PASSED] - Text 'usertest' is set on object 'Object Repository/DeleteUser/Page_Qun l ngi dng/input_txtUserSearchBox'

2018-10-08 16:19:07 - [TEST_STEP][PASSED] - Statement - java.lang.Thread.sleep(3000): null

2018-10-08 16:19:10 - [TEST_STEP][PASSED] - verifyTextNotPresent: Text 'usertest' is not present on page

2018-10-08 16:19:10 - [MESSAGE][PASSED] - Text 'usertest' is not present on page

2018-10-08 16:19:10 - [MESSAGE][PASSED] - Call Test Case 'Test Cases/DeleteUser' successfully

2018-10-08 16:19:10 - [TEST_STEP][PASSED] - Statement - java.lang.Thread.sleep(3000): null

2018-10-08 16:19:13 - [TEST_STEP][PASSED] - click: Object: 'Object Repository/AddUser/Page_Qun l ngi dng/span_THM NGI DNG' is clicked on

2018-10-08 16:19:13 - [MESSAGE][PASSED] - Object: 'Object Repository/AddUser/Page_Qun l ngi dng/span_THM NGI DNG' is clicked on

2018-10-08 16:19:13 - [TEST_STEP][PASSED] - Statement - java.lang.Thread.sleep(5000): null

2018-10-08 16:19:18 - [TEST_STEP][PASSED] - setText: Text 'usertest' is set on object 'Object Repository/AddUser/Page_Qun l ngi dng/input_NewUserName'

2018-10-08 16:19:18 - [MESSAGE][PASSED] - Text 'usertest' is set on object 'Object Repository/AddUser/Page_Qun l ngi dng/input_NewUserName'

2018-10-08 16:19:18 - [TEST_STEP][PASSED] - setText: Text '123456' is set on object 'Object Repository/AddUser/Page_Qun l ngi dng/input_NewPassword'

2018-10-08 16:19:18 - [MESSAGE][PASSED] - Text '123456' is set on object 'Object Repository/AddUser/Page_Qun l ngi dng/input_NewPassword'

2018-10-08 16:19:18 - [TEST_STEP][PASSED] - setText: Text 'usertest@gmail.com' is set on object 'Object Repository/AddUser/Page_Qun l ngi dng/input_NewEmail'

2018-10-08 16:19:19 - [MESSAGE][PASSED] - Text 'usertest@gmail.com' is set on object 'Object Repository/AddUser/Page_Qun l ngi dng/input_NewEmail'

2018-10-08 16:19:19 - [TEST_STEP][PASSED] - click: Object: 'Object Repository/AddUser/Page_Qun l ngi dng/button_Lu' is clicked on

2018-10-08 16:19:19 - [MESSAGE][PASSED] - Object: 'Object Repository/AddUser/Page_Qun l ngi dng/button_Lu' is clicked on

2018-10-08 16:19:19 - [TEST_STEP][PASSED] - Statement - java.lang.Thread.sleep(10000): null

2018-10-08 16:19:29 - [TEST_STEP][PASSED] - verifyTextPresent: Text 'usertest' is present on page 

2018-10-08 16:19:29 - [MESSAGE][PASSED] - Text 'usertest' is present on page 

2018-10-08 16:19:29 - [MESSAGE][PASSED] - Call Test Case 'Test Cases/AddUser' successfully

2018-10-08 16:19:29 - [TEST_STEP][PASSED] - click: Object: 'Object Repository/EditUser/Page_Qun l ngi dng/span_fa fa-pencil' is clicked on

2018-10-08 16:19:30 - [MESSAGE][PASSED] - Object: 'Object Repository/EditUser/Page_Qun l ngi dng/span_fa fa-pencil' is clicked on

2018-10-08 16:19:30 - [TEST_STEP][PASSED] - setText: Text 'usertest1' is set on object 'Object Repository/EditUser/Page_- usertest/input_EditUserName'

2018-10-08 16:19:30 - [MESSAGE][PASSED] - Text 'usertest1' is set on object 'Object Repository/EditUser/Page_- usertest/input_EditUserName'

2018-10-08 16:19:30 - [TEST_STEP][PASSED] - click: Object: 'Object Repository/EditUser/Page_- usertest/button_Lu' is clicked on

2018-10-08 16:19:30 - [MESSAGE][PASSED] - Object: 'Object Repository/EditUser/Page_- usertest/button_Lu' is clicked on

2018-10-08 16:19:30 - [TEST_STEP][PASSED] - Statement - java.lang.Thread.sleep(3000): null

2018-10-08 16:19:33 - [TEST_STEP][PASSED] - setText: Text 'usertest1' is set on object 'Object Repository/EditUser/Page_Qun l ngi dng/input_txtUserSearchBox'

2018-10-08 16:19:34 - [MESSAGE][PASSED] - Text 'usertest1' is set on object 'Object Repository/EditUser/Page_Qun l ngi dng/input_txtUserSearchBox'

2018-10-08 16:19:34 - [TEST_STEP][PASSED] - Statement - java.lang.Thread.sleep(3000): null

2018-10-08 16:19:37 - [TEST_STEP][PASSED] - verifyTextPresent: Text 'usertest1' is present on page 

2018-10-08 16:19:37 - [MESSAGE][PASSED] - Text 'usertest1' is present on page 

2018-10-08 16:19:37 - [TEST_STEP][PASSED] - closeBrowser: Browser is closed

2018-10-08 16:19:38 - [MESSAGE][PASSED] - Browser is closed]]></system-out>
         <system-err><![CDATA[]]></system-err>
      </testcase>
      <testcase name="Test Cases/AssignUserToCourse" classname="Test Cases/AssignUserToCourse" status="PASSED">
         <system-out><![CDATA[2018-10-08 16:19:38 - [TEST_CASE][PASSED] - Test Cases/AssignUserToCourse: Test Cases/AssignUserToCourse

2018-10-08 16:19:38 - [TEST_STEP][PASSED] - Statement - java.lang.Thread.sleep(30000): null

2018-10-08 16:20:08 - [TEST_STEP][PASSED] - callTestCase: Call Test Case 'Test Cases/OpenUserModun' successfully

2018-10-08 16:20:08 - [TEST_CASE][PASSED] - Test Cases/OpenUserModun: Test Cases/OpenUserModun

2018-10-08 16:20:08 - [TEST_STEP][PASSED] - Statement - java.lang.Thread.sleep(30000): null

2018-10-08 16:20:38 - [TEST_STEP][PASSED] - callTestCase: Call Test Case 'Test Cases/Login' successfully

2018-10-08 16:20:38 - [TEST_CASE][PASSED] - Test Cases/Login: Test Cases/Login

2018-10-08 16:20:38 - [TEST_STEP][PASSED] - openBrowser: Browser is opened with url: ''

2018-10-08 16:20:40 - [MESSAGE][PASSED] - Browser is opened with url: ''

2018-10-08 16:20:40 - [TEST_STEP][PASSED] - navigateToUrl: Navigate to 'https://ntmtien.cls.vn/account/login' successfully

2018-10-08 16:20:41 - [MESSAGE][PASSED] - Navigate to 'https://ntmtien.cls.vn/account/login' successfully

2018-10-08 16:20:41 - [TEST_STEP][PASSED] - setText: Text 'admin1' is set on object 'Object Repository/Login/Page_ng nhp/input_UserName'

2018-10-08 16:20:41 - [MESSAGE][PASSED] - Text 'admin1' is set on object 'Object Repository/Login/Page_ng nhp/input_UserName'

2018-10-08 16:20:41 - [TEST_STEP][PASSED] - setText: Text '123456' is set on object 'Object Repository/Login/Page_ng nhp/input_Password'

2018-10-08 16:20:42 - [MESSAGE][PASSED] - Text '123456' is set on object 'Object Repository/Login/Page_ng nhp/input_Password'

2018-10-08 16:20:42 - [TEST_STEP][PASSED] - click: Object: 'Object Repository/Login/Page_ng nhp/button_NG NHP' is clicked on

2018-10-08 16:20:42 - [MESSAGE][PASSED] - Object: 'Object Repository/Login/Page_ng nhp/button_NG NHP' is clicked on

2018-10-08 16:20:42 - [TEST_STEP][PASSED] - Statement - java.lang.Thread.sleep(5000): null

2018-10-08 16:20:47 - [TEST_STEP][PASSED] - switchToWindowIndex: Switched to window with index: '0'

2018-10-08 16:20:47 - [MESSAGE][PASSED] - Switched to window with index: '0'

2018-10-08 16:20:47 - [TEST_STEP][PASSED] - Statement - title = com.kms.katalon.core.webui.keyword.WebUiBuiltInKeywords.getWindowTitle(): Current window's title is: 'Quản trị viên'

2018-10-08 16:20:47 - [MESSAGE][PASSED] - Current window's title is: 'Quản trị viên'

2018-10-08 16:20:47 - [TEST_STEP][PASSED] - verifyMatch: Actual text 'Quản trị viên' and expected text 'Quản trị viên' are matched  using regular expression

2018-10-08 16:20:47 - [MESSAGE][PASSED] - Actual text 'Quản trị viên' and expected text 'Quản trị viên' are matched  using regular expression

2018-10-08 16:20:47 - [MESSAGE][PASSED] - Call Test Case 'Test Cases/Login' successfully

2018-10-08 16:20:47 - [TEST_STEP][PASSED] - click: Object: 'Object Repository/OpenUserModun/Page_Qun tr vin/div_Ngi dng' is clicked on

2018-10-08 16:20:48 - [MESSAGE][PASSED] - Object: 'Object Repository/OpenUserModun/Page_Qun tr vin/div_Ngi dng' is clicked on

2018-10-08 16:20:48 - [TEST_STEP][PASSED] - Statement - java.lang.Thread.sleep(3000): null

2018-10-08 16:20:51 - [TEST_STEP][PASSED] - verifyTextPresent: Text 'Quản lý người dùng' is present on page 

2018-10-08 16:20:51 - [MESSAGE][PASSED] - Text 'Quản lý người dùng' is present on page 

2018-10-08 16:20:51 - [MESSAGE][PASSED] - Call Test Case 'Test Cases/OpenUserModun' successfully

2018-10-08 16:20:51 - [TEST_STEP][PASSED] - setText: Text 'admin1' is set on object 'Object Repository/AddUserToCourse/Page_Qun l ngi dng/input_txtUserSearchBox'

2018-10-08 16:20:52 - [MESSAGE][PASSED] - Text 'admin1' is set on object 'Object Repository/AddUserToCourse/Page_Qun l ngi dng/input_txtUserSearchBox'

2018-10-08 16:20:52 - [TEST_STEP][PASSED] - Statement - java.lang.Thread.sleep(3000): null

2018-10-08 16:20:55 - [TEST_STEP][PASSED] - click: Object: 'Object Repository/AddUserToCourse/Page_Qun l ngi dng/span_fa fa-pencil' is clicked on

2018-10-08 16:20:56 - [MESSAGE][PASSED] - Object: 'Object Repository/AddUserToCourse/Page_Qun l ngi dng/span_fa fa-pencil' is clicked on

2018-10-08 16:20:56 - [TEST_STEP][PASSED] - Statement - java.lang.Thread.sleep(3000): null

2018-10-08 16:20:59 - [TEST_STEP][PASSED] - click: Object: 'Object Repository/AddUserToCourse/Page_- admin1/span_Kho hc' is clicked on

2018-10-08 16:20:59 - [MESSAGE][PASSED] - Object: 'Object Repository/AddUserToCourse/Page_- admin1/span_Kho hc' is clicked on

2018-10-08 16:20:59 - [TEST_STEP][PASSED] - setText: Text 'Vận hành CLS trong Doanh Nghiệp' is set on object 'Object Repository/AddUserToCourse/Page_- admin1/input_txtUserCourseSearchBox'

2018-10-08 16:20:59 - [MESSAGE][PASSED] - Text 'Vận hành CLS trong Doanh Nghiệp' is set on object 'Object Repository/AddUserToCourse/Page_- admin1/input_txtUserCourseSearchBox'

2018-10-08 16:20:59 - [TEST_STEP][PASSED] - Statement - java.lang.Thread.sleep(3000): null

2018-10-08 16:21:02 - [TEST_STEP][PASSED] - click: Object: 'Object Repository/AddUserToCourse/Page_- admin1/input_ipt-action' is clicked on

2018-10-08 16:21:02 - [MESSAGE][PASSED] - Object: 'Object Repository/AddUserToCourse/Page_- admin1/input_ipt-action' is clicked on

2018-10-08 16:21:02 - [TEST_STEP][PASSED] - click: Object: 'Object Repository/AddUserToCourse/Page_- admin1/button_Lu' is clicked on

2018-10-08 16:21:02 - [MESSAGE][PASSED] - Object: 'Object Repository/AddUserToCourse/Page_- admin1/button_Lu' is clicked on

2018-10-08 16:21:02 - [TEST_STEP][PASSED] - Statement - java.lang.Thread.sleep(5000): null

2018-10-08 16:21:07 - [TEST_STEP][PASSED] - mouseOver: Object: 'Object Repository/AddUserToCourse/Page_Qun tr vin/span_fa fa-caret-down' is hovered

2018-10-08 16:21:08 - [MESSAGE][PASSED] - Object: 'Object Repository/AddUserToCourse/Page_Qun tr vin/span_fa fa-caret-down' is hovered

2018-10-08 16:21:08 - [TEST_STEP][PASSED] - Statement - java.lang.Thread.sleep(5000): null

2018-10-08 16:21:13 - [TEST_STEP][PASSED] - click: Object: 'Object Repository/AddUserToCourse/Page_Qun tr vin/a_Ngi hc' is clicked on

2018-10-08 16:21:14 - [MESSAGE][PASSED] - Object: 'Object Repository/AddUserToCourse/Page_Qun tr vin/a_Ngi hc' is clicked on

2018-10-08 16:21:14 - [TEST_STEP][PASSED] - setText: Text 'Vận hành CLS trong Doanh Nghiệp' is set on object 'Object Repository/AddUserToCourse/Page_Ngi hc/input_txtCourseSearchBox'

2018-10-08 16:21:14 - [MESSAGE][PASSED] - Text 'Vận hành CLS trong Doanh Nghiệp' is set on object 'Object Repository/AddUserToCourse/Page_Ngi hc/input_txtCourseSearchBox'

2018-10-08 16:21:14 - [TEST_STEP][PASSED] - verifyTextPresent: Text 'Vận hành CLS trong Doanh Nghiệp' is present on page 

2018-10-08 16:21:14 - [MESSAGE][PASSED] - Text 'Vận hành CLS trong Doanh Nghiệp' is present on page 

2018-10-08 16:21:14 - [TEST_STEP][PASSED] - Statement - java.lang.Thread.sleep(3000): null

2018-10-08 16:21:17 - [TEST_STEP][PASSED] - click: Object: 'Object Repository/AddUserToCourse/Page_Ngi hc/a_Vn hnh CLS trong Doanh Nghip' is clicked on

2018-10-08 16:21:19 - [MESSAGE][PASSED] - Object: 'Object Repository/AddUserToCourse/Page_Ngi hc/a_Vn hnh CLS trong Doanh Nghip' is clicked on

2018-10-08 16:21:19 - [TEST_STEP][PASSED] - callTestCase: Call Test Case 'Test Cases/UnssignUserToCours' successfully

2018-10-08 16:21:19 - [TEST_CASE][PASSED] - Test Cases/UnssignUserToCours: Test Cases/UnssignUserToCours

2018-10-08 16:21:19 - [TEST_STEP][PASSED] - Statement - java.lang.Thread.sleep(10000): null

2018-10-08 16:21:29 - [TEST_STEP][PASSED] - mouseOver: Object: 'Object Repository/AddUserToCourse/Page_Qun tr vin/span_fa fa-caret-down' is hovered

2018-10-08 16:21:29 - [MESSAGE][PASSED] - Object: 'Object Repository/AddUserToCourse/Page_Qun tr vin/span_fa fa-caret-down' is hovered

2018-10-08 16:21:29 - [TEST_STEP][PASSED] - Statement - java.lang.Thread.sleep(5000): null

2018-10-08 16:21:34 - [TEST_STEP][PASSED] - click: Object: 'Object Repository/AddUserToCourse/Page_Ngi hc (1)/a_Qun tr vin' is clicked on

2018-10-08 16:21:36 - [MESSAGE][PASSED] - Object: 'Object Repository/AddUserToCourse/Page_Ngi hc (1)/a_Qun tr vin' is clicked on

2018-10-08 16:21:36 - [TEST_STEP][PASSED] - click: Object: 'Object Repository/OpenUserModun/Page_Qun tr vin/div_Ngi dng' is clicked on

2018-10-08 16:21:38 - [MESSAGE][PASSED] - Object: 'Object Repository/OpenUserModun/Page_Qun tr vin/div_Ngi dng' is clicked on

2018-10-08 16:21:38 - [TEST_STEP][PASSED] - Statement - java.lang.Thread.sleep(3000): null

2018-10-08 16:21:41 - [TEST_STEP][PASSED] - verifyTextPresent: Text 'Quản lý người dùng' is present on page 

2018-10-08 16:21:41 - [MESSAGE][PASSED] - Text 'Quản lý người dùng' is present on page 

2018-10-08 16:21:41 - [TEST_STEP][PASSED] - setText: Text 'admin1' is set on object 'Object Repository/AddUserToCourse/Page_Qun l ngi dng/input_txtUserSearchBox'

2018-10-08 16:21:41 - [MESSAGE][PASSED] - Text 'admin1' is set on object 'Object Repository/AddUserToCourse/Page_Qun l ngi dng/input_txtUserSearchBox'

2018-10-08 16:21:41 - [TEST_STEP][PASSED] - Statement - java.lang.Thread.sleep(3000): null

2018-10-08 16:21:44 - [TEST_STEP][PASSED] - click: Object: 'Object Repository/AddUserToCourse/Page_Qun l ngi dng/span_fa fa-pencil' is clicked on

2018-10-08 16:21:45 - [MESSAGE][PASSED] - Object: 'Object Repository/AddUserToCourse/Page_Qun l ngi dng/span_fa fa-pencil' is clicked on

2018-10-08 16:21:45 - [TEST_STEP][PASSED] - Statement - java.lang.Thread.sleep(3000): null

2018-10-08 16:21:48 - [TEST_STEP][PASSED] - click: Object: 'Object Repository/AddUserToCourse/Page_- admin1/span_Kho hc' is clicked on

2018-10-08 16:21:48 - [MESSAGE][PASSED] - Object: 'Object Repository/AddUserToCourse/Page_- admin1/span_Kho hc' is clicked on

2018-10-08 16:21:48 - [TEST_STEP][PASSED] - setText: Text 'Vận hành CLS trong Doanh Nghiệp' is set on object 'Object Repository/AddUserToCourse/Page_- admin1/input_txtUserCourseSearchBox'

2018-10-08 16:21:49 - [MESSAGE][PASSED] - Text 'Vận hành CLS trong Doanh Nghiệp' is set on object 'Object Repository/AddUserToCourse/Page_- admin1/input_txtUserCourseSearchBox'

2018-10-08 16:21:49 - [TEST_STEP][PASSED] - Statement - java.lang.Thread.sleep(3000): null

2018-10-08 16:21:52 - [TEST_STEP][PASSED] - click: Object: 'Object Repository/AddUserToCourse/Page_- admin1/input_ipt-action' is clicked on

2018-10-08 16:21:52 - [MESSAGE][PASSED] - Object: 'Object Repository/AddUserToCourse/Page_- admin1/input_ipt-action' is clicked on

2018-10-08 16:21:52 - [TEST_STEP][PASSED] - click: Object: 'Object Repository/AddUserToCourse/Page_- admin1/button_Lu' is clicked on

2018-10-08 16:21:52 - [MESSAGE][PASSED] - Object: 'Object Repository/AddUserToCourse/Page_- admin1/button_Lu' is clicked on

2018-10-08 16:21:52 - [TEST_STEP][PASSED] - Statement - java.lang.Thread.sleep(5000): null

2018-10-08 16:21:57 - [TEST_STEP][PASSED] - mouseOver: Object: 'Object Repository/AddUserToCourse/Page_Qun tr vin/span_fa fa-caret-down' is hovered

2018-10-08 16:21:57 - [MESSAGE][PASSED] - Object: 'Object Repository/AddUserToCourse/Page_Qun tr vin/span_fa fa-caret-down' is hovered

2018-10-08 16:21:57 - [TEST_STEP][PASSED] - Statement - java.lang.Thread.sleep(3000): null

2018-10-08 16:22:00 - [TEST_STEP][PASSED] - click: Object: 'Object Repository/AddUserToCourse/Page_Qun tr vin/a_Ngi hc' is clicked on

2018-10-08 16:22:01 - [MESSAGE][PASSED] - Object: 'Object Repository/AddUserToCourse/Page_Qun tr vin/a_Ngi hc' is clicked on

2018-10-08 16:22:01 - [TEST_STEP][PASSED] - setText: Text 'Vận hành CLS trong Doanh Nghiệp' is set on object 'Object Repository/AddUserToCourse/Page_Ngi hc/input_txtCourseSearchBox'

2018-10-08 16:22:01 - [MESSAGE][PASSED] - Text 'Vận hành CLS trong Doanh Nghiệp' is set on object 'Object Repository/AddUserToCourse/Page_Ngi hc/input_txtCourseSearchBox'

2018-10-08 16:22:01 - [TEST_STEP][PASSED] - verifyTextNotPresent: Text 'Vận hành CLS trong Doanh Nghiệp' is not present on page

2018-10-08 16:22:01 - [MESSAGE][PASSED] - Text 'Vận hành CLS trong Doanh Nghiệp' is not present on page

2018-10-08 16:22:01 - [MESSAGE][PASSED] - Call Test Case 'Test Cases/UnssignUserToCours' successfully]]></system-out>
         <system-err><![CDATA[]]></system-err>
      </testcase>
      <testcase name="Test Cases/UserInformation" classname="Test Cases/UserInformation" status="FAILED">
         <failure type="FAILED" message="Unable to verify match between actual text 'Đăng nhập' and expected text 'Quản trị viên' using regular expression (Root cause: Actual text 'Đăng nhập' and expected text 'Quản trị viên' are not matched using regular expression)"/>
         <system-out><![CDATA[2018-10-08 16:22:01 - [TEST_CASE][FAILED] - Test Cases/UserInformation: Test Cases/UserInformation FAILED because (of) Unable to verify match between actual text 'Đăng nhập' and expected text 'Quản trị viên' using regular expression (Root cause: Actual text 'Đăng nhập' and expected text 'Quản trị viên' are not matched using regular expression)

2018-10-08 16:22:01 - [TEST_STEP][FAILED] - callTestCase: Unable to call Test Case with id 'Test Cases/Login' (Root cause: Call Test Case 'Test Cases/Login' failed)

2018-10-08 16:22:02 - [TEST_CASE][FAILED] - Test Cases/Login: Test Cases/Login FAILED because (of) Unable to verify match between actual text 'Đăng nhập' and expected text 'Quản trị viên' using regular expression (Root cause: Actual text 'Đăng nhập' and expected text 'Quản trị viên' are not matched using regular expression)

2018-10-08 16:22:02 - [TEST_STEP][PASSED] - openBrowser: Browser is opened with url: ''

2018-10-08 16:22:02 - [MESSAGE][WARNING] - A browser is already opened. Closing browser and opening a new one

2018-10-08 16:22:04 - [MESSAGE][PASSED] - Browser is opened with url: ''

2018-10-08 16:22:04 - [TEST_STEP][PASSED] - navigateToUrl: Navigate to 'https://ntmtien.cls.vn/account/login' successfully

2018-10-08 16:22:05 - [MESSAGE][PASSED] - Navigate to 'https://ntmtien.cls.vn/account/login' successfully

2018-10-08 16:22:05 - [TEST_STEP][PASSED] - setText: Text 'admin1' is set on object 'Object Repository/Login/Page_ng nhp/input_UserName'

2018-10-08 16:22:05 - [MESSAGE][PASSED] - Text 'admin1' is set on object 'Object Repository/Login/Page_ng nhp/input_UserName'

2018-10-08 16:22:05 - [TEST_STEP][PASSED] - setText: Text '123456' is set on object 'Object Repository/Login/Page_ng nhp/input_Password'

2018-10-08 16:22:05 - [MESSAGE][PASSED] - Text '123456' is set on object 'Object Repository/Login/Page_ng nhp/input_Password'

2018-10-08 16:22:05 - [TEST_STEP][PASSED] - click: Object: 'Object Repository/Login/Page_ng nhp/button_NG NHP' is clicked on

2018-10-08 16:22:06 - [MESSAGE][PASSED] - Object: 'Object Repository/Login/Page_ng nhp/button_NG NHP' is clicked on

2018-10-08 16:22:06 - [TEST_STEP][PASSED] - Statement - java.lang.Thread.sleep(5000): null

2018-10-08 16:22:11 - [TEST_STEP][PASSED] - switchToWindowIndex: Switched to window with index: '0'

2018-10-08 16:22:11 - [MESSAGE][PASSED] - Switched to window with index: '0'

2018-10-08 16:22:11 - [TEST_STEP][PASSED] - Statement - title = com.kms.katalon.core.webui.keyword.WebUiBuiltInKeywords.getWindowTitle(): Current window's title is: 'Đăng nhập'

2018-10-08 16:22:11 - [MESSAGE][PASSED] - Current window's title is: 'Đăng nhập'

2018-10-08 16:22:11 - [TEST_STEP][FAILED] - verifyMatch: Unable to verify match between actual text 'Đăng nhập' and expected text 'Quản trị viên' using regular expression (Root cause: Actual text 'Đăng nhập' and expected text 'Quản trị viên' are not matched using regular expression)

2018-10-08 16:22:11 - [MESSAGE][FAILED] - Unable to verify match between actual text 'Đăng nhập' and expected text 'Quản trị viên' using regular expression (Root cause: Actual text 'Đăng nhập' and expected text 'Quản trị viên' are not matched using regular expression)

2018-10-08 16:22:11 - [MESSAGE][FAILED] - Unable to call Test Case with id 'Test Cases/Login' (Root cause: Call Test Case 'Test Cases/Login' failed)]]></system-out>
         <system-err><![CDATA[2018-10-08 16:22:01 - [TEST_CASE][FAILED] - Test Cases/UserInformation: Test Cases/UserInformation FAILED because (of) Unable to verify match between actual text 'Đăng nhập' and expected text 'Quản trị viên' using regular expression (Root cause: Actual text 'Đăng nhập' and expected text 'Quản trị viên' are not matched using regular expression)]]></system-err>
      </testcase>
      <system-out><![CDATA[2018-10-08 16:17:47 - [TEST_SUITE][FAILED] - Login: Test Cases/UserInformation FAILED because (of) Unable to verify match between actual text 'Đăng nhập' and expected text 'Quản trị viên' using regular expression (Root cause: Actual text 'Đăng nhập' and expected text 'Quản trị viên' are not matched using regular expression)]]></system-out>
      <system-err><![CDATA[2018-10-08 16:17:47 - [TEST_SUITE][FAILED] - Login: Test Cases/UserInformation FAILED because (of) Unable to verify match between actual text 'Đăng nhập' and expected text 'Quản trị viên' using regular expression (Root cause: Actual text 'Đăng nhập' and expected text 'Quản trị viên' are not matched using regular expression)]]></system-err>
   </testsuite>
</testsuites>
