<?xml version="1.0" encoding="UTF-8"?>
<testsuites name="Message" time="225" tests="4" failures="2" errors="0">
   <testsuite name="Message" tests="4" failures="2" errors="0" time="225" timestamp="2018-12-15 12:49:23" hostname="buithan - DESKTOP-9IOQSG7" id="Test Suites/Message">
      <properties>
         <property name="deviceName" value=""/>
         <property name="devicePlatform" value=""/>
         <property name="logFolder" value="C:\\Users\\buithan\\git\\katalon-cls-project\\Reports\\Message\\20181215_124920"/>
         <property name="logFiles" value="C:\\Users\\buithan\\git\\katalon-cls-project\\Reports\\Message\\20181215_124920\\execution0.log"/>
         <property name="attachments" value="C:\\Users\\buithan\\git\\katalon-cls-project\\Reports\\Message\\20181215_124920\\1544853148657.png, C:\\Users\\buithan\\git\\katalon-cls-project\\Reports\\Message\\20181215_124920\\1544853187740.png"/>
         <property name="hostName" value="buithan - DESKTOP-9IOQSG7"/>
         <property name="os" value="Windows 10 64bit"/>
         <property name="katalonVersion" value="5.4.1.1"/>
         <property name="browser" value="Chrome 71.0.3578.98"/>
         <property name="hostAddress" value="192.168.1.142"/>
         <property name="sessionId" value="81fd65c822af3b11a1509419ee2c5bd3"/>
         <property name="seleniumVersion" value="3.7.1"/>
         <property name="proxyInformation" value="ProxyInformation{proxyOption=NO_PROXY, proxyServerType=HTTP, password=, proxyServerAddress=, proxyServerPort=0}"/>
         <property name="platform" value="Windows 10"/>
      </properties>
      <testcase name="Test Cases/Message/SendMessageForAllUser" classname="Test Cases/Message/SendMessageForAllUser" status="PASSED">
         <system-out><![CDATA[2018-12-15 12:49:23 - [TEST_CASE][PASSED] - Test Cases/Message/SendMessageForAllUser: Test Cases/Message/SendMessageForAllUser

2018-12-15 12:49:24 - [TEST_STEP][PASSED] - callTestCase: Call Test Case 'Test Cases/Message/OpenPageMessage' successfully

2018-12-15 12:49:24 - [TEST_CASE][PASSED] - Test Cases/Message/OpenPageMessage: Test Cases/Message/OpenPageMessage

2018-12-15 12:49:24 - [TEST_STEP][PASSED] - callTestCase: Call Test Case 'Test Cases/Authentication/Login1' successfully

2018-12-15 12:49:24 - [TEST_CASE][PASSED] - Test Cases/Authentication/Login1: Test Cases/Authentication/Login1

2018-12-15 12:49:25 - [TEST_STEP][PASSED] - openBrowser: Browser is opened with url: ''

2018-12-15 12:49:29 - [MESSAGE][PASSED] - Browser is opened with url: ''

2018-12-15 12:49:29 - [TEST_STEP][PASSED] - navigateToUrl: Navigate to 'https://ntmtien.cls.vn/account/login' successfully

2018-12-15 12:49:31 - [MESSAGE][PASSED] - Navigate to 'https://ntmtien.cls.vn/account/login' successfully

2018-12-15 12:49:31 - [TEST_STEP][PASSED] - setText: Text 'admin1' is set on object 'Object Repository/Authentincation/Login/Page Login/input_UserName'

2018-12-15 12:49:31 - [MESSAGE][PASSED] - Text 'admin1' is set on object 'Object Repository/Authentincation/Login/Page Login/input_UserName'

2018-12-15 12:49:31 - [TEST_STEP][PASSED] - setText: Text '123456' is set on object 'Object Repository/Authentincation/Login/Page Login/input_Password'

2018-12-15 12:49:31 - [MESSAGE][PASSED] - Text '123456' is set on object 'Object Repository/Authentincation/Login/Page Login/input_Password'

2018-12-15 12:49:31 - [TEST_STEP][PASSED] - click: Object: 'Object Repository/Authentincation/Login/Page Login/button_login' is clicked on

2018-12-15 12:49:31 - [MESSAGE][PASSED] - Object: 'Object Repository/Authentincation/Login/Page Login/button_login' is clicked on

2018-12-15 12:49:31 - [MESSAGE][PASSED] - Call Test Case 'Test Cases/Authentication/Login1' successfully

2018-12-15 12:49:31 - [TEST_STEP][PASSED] - click: Object: 'Object Repository/Message/message_counter' is clicked on

2018-12-15 12:49:37 - [MESSAGE][PASSED] - Object: 'Object Repository/Message/message_counter' is clicked on

2018-12-15 12:49:37 - [TEST_STEP][PASSED] - Statement - java.lang.Thread.sleep(3000): null

2018-12-15 12:49:40 - [TEST_STEP][PASSED] - switchToWindowIndex: Switched to window with index: '0'

2018-12-15 12:49:40 - [MESSAGE][PASSED] - Switched to window with index: '0'

2018-12-15 12:49:40 - [TEST_STEP][PASSED] - Statement - title = com.kms.katalon.core.webui.keyword.WebUiBuiltInKeywords.getWindowTitle(): Current window's title is: 'Tin nhắn'

2018-12-15 12:49:40 - [MESSAGE][PASSED] - Current window's title is: 'Tin nhắn'

2018-12-15 12:49:40 - [TEST_STEP][PASSED] - verifyMatch: Actual text 'Tin nhắn' and expected text 'Tin nhắn' are matched  using regular expression

2018-12-15 12:49:40 - [MESSAGE][PASSED] - Actual text 'Tin nhắn' and expected text 'Tin nhắn' are matched  using regular expression

2018-12-15 12:49:40 - [MESSAGE][PASSED] - Call Test Case 'Test Cases/Message/OpenPageMessage' successfully

2018-12-15 12:49:40 - [TEST_STEP][PASSED] - click: Object: 'Object Repository/Message/ReceiveMessage/button_add_message' is clicked on

2018-12-15 12:49:42 - [MESSAGE][PASSED] - Object: 'Object Repository/Message/ReceiveMessage/button_add_message' is clicked on

2018-12-15 12:49:42 - [TEST_STEP][PASSED] - Statement - java.lang.Thread.sleep(3000): null

2018-12-15 12:49:45 - [TEST_STEP][PASSED] - switchToWindowIndex: Switched to window with index: '0'

2018-12-15 12:49:45 - [MESSAGE][PASSED] - Switched to window with index: '0'

2018-12-15 12:49:45 - [TEST_STEP][PASSED] - Statement - title = com.kms.katalon.core.webui.keyword.WebUiBuiltInKeywords.getWindowTitle(): Current window's title is: 'Gửi tin nhắn'

2018-12-15 12:49:45 - [MESSAGE][PASSED] - Current window's title is: 'Gửi tin nhắn'

2018-12-15 12:49:45 - [TEST_STEP][PASSED] - verifyMatch: Actual text 'Gửi tin nhắn' and expected text 'Gửi tin nhắn' are matched  using regular expression

2018-12-15 12:49:45 - [MESSAGE][PASSED] - Actual text 'Gửi tin nhắn' and expected text 'Gửi tin nhắn' are matched  using regular expression

2018-12-15 12:49:45 - [TEST_STEP][PASSED] - click: Object: 'Object Repository/Message/CreateMessage/diachinguoinhan' is clicked on

2018-12-15 12:49:45 - [MESSAGE][PASSED] - Object: 'Object Repository/Message/CreateMessage/diachinguoinhan' is clicked on

2018-12-15 12:49:45 - [TEST_STEP][PASSED] - Statement - java.lang.Thread.sleep(2000): null

2018-12-15 12:49:47 - [TEST_STEP][PASSED] - click: Object: 'Object Repository/Message/CreateMessage/choose_all_user' is clicked on

2018-12-15 12:49:47 - [MESSAGE][PASSED] - Object: 'Object Repository/Message/CreateMessage/choose_all_user' is clicked on

2018-12-15 12:49:47 - [TEST_STEP][PASSED] - Statement - java.lang.Thread.sleep(2000): null

2018-12-15 12:49:49 - [TEST_STEP][PASSED] - setText: Text 'Tin nhắn tạo từ Katalon gửi cho tất cả user' is set on object 'Object Repository/Message/CreateMessage/title_message'

2018-12-15 12:49:50 - [MESSAGE][PASSED] - Text 'Tin nhắn tạo từ Katalon gửi cho tất cả user' is set on object 'Object Repository/Message/CreateMessage/title_message'

2018-12-15 12:49:50 - [TEST_STEP][PASSED] - Statement - java.lang.Thread.sleep(2000): null

2018-12-15 12:49:52 - [TEST_STEP][PASSED] - setText: Text 'Nội dung tin nhắn được tạp từ Katalon' is set on object 'Object Repository/Message/CreateMessage/input_content_message'

2018-12-15 12:49:52 - [MESSAGE][PASSED] - Text 'Nội dung tin nhắn được tạp từ Katalon' is set on object 'Object Repository/Message/CreateMessage/input_content_message'

2018-12-15 12:49:52 - [TEST_STEP][PASSED] - Statement - java.lang.Thread.sleep(2000): null

2018-12-15 12:49:54 - [TEST_STEP][PASSED] - uploadFile: File 'E:\api.xlsx' sent to object: 'Object Repository/Message/CreateMessage/attach_file'

2018-12-15 12:49:54 - [MESSAGE][PASSED] - File 'E:\api.xlsx' sent to object: 'Object Repository/Message/CreateMessage/attach_file'

2018-12-15 12:49:54 - [TEST_STEP][PASSED] - Statement - java.lang.Thread.sleep(3000): null

2018-12-15 12:49:57 - [TEST_STEP][PASSED] - click: Object: 'Object Repository/Message/CreateMessage/button_send_message' is clicked on

2018-12-15 12:49:57 - [MESSAGE][PASSED] - Object: 'Object Repository/Message/CreateMessage/button_send_message' is clicked on

2018-12-15 12:49:57 - [TEST_STEP][PASSED] - Statement - java.lang.Thread.sleep(2000): null

2018-12-15 12:49:59 - [TEST_STEP][PASSED] - setText: Text 'Tin nhắn tạo từ Katalon gửi cho tất cả user' is set on object 'Object Repository/Message/SendMessage/input_search_message_send'

2018-12-15 12:50:00 - [MESSAGE][PASSED] - Text 'Tin nhắn tạo từ Katalon gửi cho tất cả user' is set on object 'Object Repository/Message/SendMessage/input_search_message_send'

2018-12-15 12:50:00 - [TEST_STEP][PASSED] - Statement - java.lang.Thread.sleep(2000): null

2018-12-15 12:50:02 - [TEST_STEP][PASSED] - verifyTextPresent: Text 'Tin nhắn tạo từ Katalon' is present on page 

2018-12-15 12:50:02 - [MESSAGE][PASSED] - Text 'Tin nhắn tạo từ Katalon' is present on page 

2018-12-15 12:50:02 - [TEST_STEP][PASSED] - Statement - java.lang.Thread.sleep(2000): null]]></system-out>
         <system-err><![CDATA[]]></system-err>
      </testcase>
      <testcase name="Test Cases/Message/SendMessageForBranch" classname="Test Cases/Message/SendMessageForBranch" status="PASSED">
         <system-out><![CDATA[2018-12-15 12:50:04 - [TEST_CASE][PASSED] - Test Cases/Message/SendMessageForBranch: Test Cases/Message/SendMessageForBranch

2018-12-15 12:50:04 - [TEST_STEP][PASSED] - click: Object: 'Object Repository/Message/ReceiveMessage/button_add_message_send' is clicked on

2018-12-15 12:50:06 - [MESSAGE][PASSED] - Object: 'Object Repository/Message/ReceiveMessage/button_add_message_send' is clicked on

2018-12-15 12:50:06 - [TEST_STEP][PASSED] - Statement - java.lang.Thread.sleep(3000): null

2018-12-15 12:50:09 - [TEST_STEP][PASSED] - switchToWindowIndex: Switched to window with index: '0'

2018-12-15 12:50:09 - [MESSAGE][PASSED] - Switched to window with index: '0'

2018-12-15 12:50:09 - [TEST_STEP][PASSED] - Statement - title = com.kms.katalon.core.webui.keyword.WebUiBuiltInKeywords.getWindowTitle(): Current window's title is: 'Gửi tin nhắn'

2018-12-15 12:50:09 - [MESSAGE][PASSED] - Current window's title is: 'Gửi tin nhắn'

2018-12-15 12:50:09 - [TEST_STEP][PASSED] - verifyMatch: Actual text 'Gửi tin nhắn' and expected text 'Gửi tin nhắn' are matched  using regular expression

2018-12-15 12:50:09 - [MESSAGE][PASSED] - Actual text 'Gửi tin nhắn' and expected text 'Gửi tin nhắn' are matched  using regular expression

2018-12-15 12:50:09 - [TEST_STEP][PASSED] - click: Object: 'Object Repository/Message/CreateMessage/diachinguoinhan' is clicked on

2018-12-15 12:50:09 - [MESSAGE][PASSED] - Object: 'Object Repository/Message/CreateMessage/diachinguoinhan' is clicked on

2018-12-15 12:50:09 - [TEST_STEP][PASSED] - Statement - java.lang.Thread.sleep(2000): null

2018-12-15 12:50:11 - [TEST_STEP][PASSED] - setText: Text 'Cà Mau' is set on object 'Object Repository/Message/CreateMessage/input_diachinguoinhan'

2018-12-15 12:50:11 - [MESSAGE][PASSED] - Text 'Cà Mau' is set on object 'Object Repository/Message/CreateMessage/input_diachinguoinhan'

2018-12-15 12:50:11 - [TEST_STEP][PASSED] - Statement - java.lang.Thread.sleep(2000): null

2018-12-15 12:50:13 - [TEST_STEP][PASSED] - click: Object: 'Object Repository/Message/CreateMessage/choose_user' is clicked on

2018-12-15 12:50:13 - [MESSAGE][PASSED] - Object: 'Object Repository/Message/CreateMessage/choose_user' is clicked on

2018-12-15 12:50:13 - [TEST_STEP][PASSED] - Statement - java.lang.Thread.sleep(2000): null

2018-12-15 12:50:15 - [TEST_STEP][PASSED] - setText: Text 'Tin nhắn tạo từ Katalon gửi cho chi nhánh' is set on object 'Object Repository/Message/CreateMessage/title_message'

2018-12-15 12:50:17 - [MESSAGE][PASSED] - Text 'Tin nhắn tạo từ Katalon gửi cho chi nhánh' is set on object 'Object Repository/Message/CreateMessage/title_message'

2018-12-15 12:50:17 - [TEST_STEP][PASSED] - Statement - java.lang.Thread.sleep(2000): null

2018-12-15 12:50:19 - [TEST_STEP][PASSED] - setText: Text 'Nội dung tin nhắn được tạp từ Katalon' is set on object 'Object Repository/Message/CreateMessage/input_content_message'

2018-12-15 12:50:19 - [MESSAGE][PASSED] - Text 'Nội dung tin nhắn được tạp từ Katalon' is set on object 'Object Repository/Message/CreateMessage/input_content_message'

2018-12-15 12:50:19 - [TEST_STEP][PASSED] - Statement - java.lang.Thread.sleep(2000): null

2018-12-15 12:50:21 - [TEST_STEP][PASSED] - uploadFile: File 'E:\api.xlsx' sent to object: 'Object Repository/Message/CreateMessage/attach_file'

2018-12-15 12:50:21 - [MESSAGE][PASSED] - File 'E:\api.xlsx' sent to object: 'Object Repository/Message/CreateMessage/attach_file'

2018-12-15 12:50:21 - [TEST_STEP][PASSED] - Statement - java.lang.Thread.sleep(3000): null

2018-12-15 12:50:24 - [TEST_STEP][PASSED] - click: Object: 'Object Repository/Message/CreateMessage/button_send_message' is clicked on

2018-12-15 12:50:24 - [MESSAGE][PASSED] - Object: 'Object Repository/Message/CreateMessage/button_send_message' is clicked on

2018-12-15 12:50:24 - [TEST_STEP][PASSED] - Statement - java.lang.Thread.sleep(2000): null

2018-12-15 12:50:26 - [TEST_STEP][PASSED] - setText: Text 'Tin nhắn tạo từ Katalon gửi cho chi nhánh' is set on object 'Object Repository/Message/SendMessage/input_search_message_send'

2018-12-15 12:50:27 - [MESSAGE][PASSED] - Text 'Tin nhắn tạo từ Katalon gửi cho chi nhánh' is set on object 'Object Repository/Message/SendMessage/input_search_message_send'

2018-12-15 12:50:27 - [TEST_STEP][PASSED] - Statement - java.lang.Thread.sleep(2000): null

2018-12-15 12:50:29 - [TEST_STEP][PASSED] - verifyTextPresent: Text 'Tin nhắn tạo từ Katalon gửi cho chi nhánh' is present on page 

2018-12-15 12:50:29 - [MESSAGE][PASSED] - Text 'Tin nhắn tạo từ Katalon gửi cho chi nhánh' is present on page 

2018-12-15 12:50:29 - [TEST_STEP][PASSED] - Statement - java.lang.Thread.sleep(2000): null]]></system-out>
         <system-err><![CDATA[]]></system-err>
      </testcase>
      <testcase name="Test Cases/Message/SendMessageForCourse" classname="Test Cases/Message/SendMessageForCourse" status="PASSED">
         <system-out><![CDATA[2018-12-15 12:50:31 - [TEST_CASE][PASSED] - Test Cases/Message/SendMessageForCourse: Test Cases/Message/SendMessageForCourse

2018-12-15 12:50:31 - [TEST_STEP][PASSED] - click: Object: 'Object Repository/Message/ReceiveMessage/button_add_message_send' is clicked on

2018-12-15 12:50:32 - [MESSAGE][PASSED] - Object: 'Object Repository/Message/ReceiveMessage/button_add_message_send' is clicked on

2018-12-15 12:50:32 - [TEST_STEP][PASSED] - Statement - java.lang.Thread.sleep(3000): null

2018-12-15 12:50:35 - [TEST_STEP][PASSED] - switchToWindowIndex: Switched to window with index: '0'

2018-12-15 12:50:35 - [MESSAGE][PASSED] - Switched to window with index: '0'

2018-12-15 12:50:35 - [TEST_STEP][PASSED] - Statement - title = com.kms.katalon.core.webui.keyword.WebUiBuiltInKeywords.getWindowTitle(): Current window's title is: 'Gửi tin nhắn'

2018-12-15 12:50:35 - [MESSAGE][PASSED] - Current window's title is: 'Gửi tin nhắn'

2018-12-15 12:50:35 - [TEST_STEP][PASSED] - verifyMatch: Actual text 'Gửi tin nhắn' and expected text 'Gửi tin nhắn' are matched  using regular expression

2018-12-15 12:50:35 - [MESSAGE][PASSED] - Actual text 'Gửi tin nhắn' and expected text 'Gửi tin nhắn' are matched  using regular expression

2018-12-15 12:50:35 - [TEST_STEP][PASSED] - click: Object: 'Object Repository/Message/CreateMessage/diachinguoinhan' is clicked on

2018-12-15 12:50:35 - [MESSAGE][PASSED] - Object: 'Object Repository/Message/CreateMessage/diachinguoinhan' is clicked on

2018-12-15 12:50:35 - [TEST_STEP][PASSED] - Statement - java.lang.Thread.sleep(2000): null

2018-12-15 12:50:37 - [TEST_STEP][PASSED] - setText: Text 'Khóa học tự động do thân tạo' is set on object 'Object Repository/Message/CreateMessage/input_diachinguoinhan'

2018-12-15 12:50:38 - [MESSAGE][PASSED] - Text 'Khóa học tự động do thân tạo' is set on object 'Object Repository/Message/CreateMessage/input_diachinguoinhan'

2018-12-15 12:50:38 - [TEST_STEP][PASSED] - Statement - java.lang.Thread.sleep(2000): null

2018-12-15 12:50:40 - [TEST_STEP][PASSED] - click: Object: 'Object Repository/Message/CreateMessage/choose_user' is clicked on

2018-12-15 12:50:40 - [MESSAGE][PASSED] - Object: 'Object Repository/Message/CreateMessage/choose_user' is clicked on

2018-12-15 12:50:40 - [TEST_STEP][PASSED] - Statement - java.lang.Thread.sleep(2000): null

2018-12-15 12:50:42 - [TEST_STEP][PASSED] - setText: Text 'Tin nhắn tạo từ Katalon gửi cho khóa học' is set on object 'Object Repository/Message/CreateMessage/title_message'

2018-12-15 12:50:42 - [MESSAGE][PASSED] - Text 'Tin nhắn tạo từ Katalon gửi cho khóa học' is set on object 'Object Repository/Message/CreateMessage/title_message'

2018-12-15 12:50:42 - [TEST_STEP][PASSED] - Statement - java.lang.Thread.sleep(2000): null

2018-12-15 12:50:44 - [TEST_STEP][PASSED] - setText: Text 'Nội dung tin nhắn được tạp từ Katalon' is set on object 'Object Repository/Message/CreateMessage/input_content_message'

2018-12-15 12:50:45 - [MESSAGE][PASSED] - Text 'Nội dung tin nhắn được tạp từ Katalon' is set on object 'Object Repository/Message/CreateMessage/input_content_message'

2018-12-15 12:50:45 - [TEST_STEP][PASSED] - Statement - java.lang.Thread.sleep(2000): null

2018-12-15 12:50:47 - [TEST_STEP][PASSED] - uploadFile: File 'E:\api.xlsx' sent to object: 'Object Repository/Message/CreateMessage/attach_file'

2018-12-15 12:50:47 - [MESSAGE][PASSED] - File 'E:\api.xlsx' sent to object: 'Object Repository/Message/CreateMessage/attach_file'

2018-12-15 12:50:47 - [TEST_STEP][PASSED] - Statement - java.lang.Thread.sleep(3000): null

2018-12-15 12:50:50 - [TEST_STEP][PASSED] - click: Object: 'Object Repository/Message/CreateMessage/button_send_message' is clicked on

2018-12-15 12:50:50 - [MESSAGE][PASSED] - Object: 'Object Repository/Message/CreateMessage/button_send_message' is clicked on

2018-12-15 12:50:50 - [TEST_STEP][PASSED] - Statement - java.lang.Thread.sleep(2000): null

2018-12-15 12:50:52 - [TEST_STEP][PASSED] - setText: Text 'Tin nhắn tạo từ Katalon gửi cho khóa học' is set on object 'Object Repository/Message/SendMessage/input_search_message_send'

2018-12-15 12:50:52 - [MESSAGE][PASSED] - Text 'Tin nhắn tạo từ Katalon gửi cho khóa học' is set on object 'Object Repository/Message/SendMessage/input_search_message_send'

2018-12-15 12:50:52 - [TEST_STEP][PASSED] - Statement - java.lang.Thread.sleep(2000): null

2018-12-15 12:50:54 - [TEST_STEP][PASSED] - verifyTextPresent: Text 'Tin nhắn tạo từ Katalon gửi cho khóa học' is present on page 

2018-12-15 12:50:54 - [MESSAGE][PASSED] - Text 'Tin nhắn tạo từ Katalon gửi cho khóa học' is present on page 

2018-12-15 12:50:54 - [TEST_STEP][PASSED] - Statement - java.lang.Thread.sleep(2000): null]]></system-out>
         <system-err><![CDATA[]]></system-err>
      </testcase>
      <testcase name="Test Cases/Message/SendMessageForOneUser" classname="Test Cases/Message/SendMessageForOneUser" status="PASSED">
         <system-out><![CDATA[2018-12-15 12:50:56 - [TEST_CASE][PASSED] - Test Cases/Message/SendMessageForOneUser: Test Cases/Message/SendMessageForOneUser

2018-12-15 12:50:57 - [TEST_STEP][PASSED] - click: Object: 'Object Repository/Message/ReceiveMessage/button_add_message_send' is clicked on

2018-12-15 12:50:58 - [MESSAGE][PASSED] - Object: 'Object Repository/Message/ReceiveMessage/button_add_message_send' is clicked on

2018-12-15 12:50:58 - [TEST_STEP][PASSED] - Statement - java.lang.Thread.sleep(3000): null

2018-12-15 12:51:01 - [TEST_STEP][PASSED] - switchToWindowIndex: Switched to window with index: '0'

2018-12-15 12:51:01 - [MESSAGE][PASSED] - Switched to window with index: '0'

2018-12-15 12:51:01 - [TEST_STEP][PASSED] - Statement - title = com.kms.katalon.core.webui.keyword.WebUiBuiltInKeywords.getWindowTitle(): Current window's title is: 'Gửi tin nhắn'

2018-12-15 12:51:01 - [MESSAGE][PASSED] - Current window's title is: 'Gửi tin nhắn'

2018-12-15 12:51:01 - [TEST_STEP][PASSED] - verifyMatch: Actual text 'Gửi tin nhắn' and expected text 'Gửi tin nhắn' are matched  using regular expression

2018-12-15 12:51:01 - [MESSAGE][PASSED] - Actual text 'Gửi tin nhắn' and expected text 'Gửi tin nhắn' are matched  using regular expression

2018-12-15 12:51:01 - [TEST_STEP][PASSED] - click: Object: 'Object Repository/Message/CreateMessage/diachinguoinhan' is clicked on

2018-12-15 12:51:01 - [MESSAGE][PASSED] - Object: 'Object Repository/Message/CreateMessage/diachinguoinhan' is clicked on

2018-12-15 12:51:01 - [TEST_STEP][PASSED] - Statement - java.lang.Thread.sleep(2000): null

2018-12-15 12:51:03 - [TEST_STEP][PASSED] - setText: Text 'Admin2' is set on object 'Object Repository/Message/CreateMessage/input_diachinguoinhan'

2018-12-15 12:51:03 - [MESSAGE][PASSED] - Text 'Admin2' is set on object 'Object Repository/Message/CreateMessage/input_diachinguoinhan'

2018-12-15 12:51:03 - [TEST_STEP][PASSED] - Statement - java.lang.Thread.sleep(2000): null

2018-12-15 12:51:05 - [TEST_STEP][PASSED] - click: Object: 'Object Repository/Message/CreateMessage/choose_user' is clicked on

2018-12-15 12:51:05 - [MESSAGE][PASSED] - Object: 'Object Repository/Message/CreateMessage/choose_user' is clicked on

2018-12-15 12:51:05 - [TEST_STEP][PASSED] - Statement - java.lang.Thread.sleep(2000): null

2018-12-15 12:51:07 - [TEST_STEP][PASSED] - setText: Text 'Tin nhắn tạo từ Katalon gửi cho một người dùng' is set on object 'Object Repository/Message/CreateMessage/title_message'

2018-12-15 12:51:08 - [MESSAGE][PASSED] - Text 'Tin nhắn tạo từ Katalon gửi cho một người dùng' is set on object 'Object Repository/Message/CreateMessage/title_message'

2018-12-15 12:51:08 - [TEST_STEP][PASSED] - Statement - java.lang.Thread.sleep(2000): null

2018-12-15 12:51:10 - [TEST_STEP][PASSED] - setText: Text 'Nội dung tin nhắn được tạp từ Katalon' is set on object 'Object Repository/Message/CreateMessage/input_content_message'

2018-12-15 12:51:10 - [MESSAGE][PASSED] - Text 'Nội dung tin nhắn được tạp từ Katalon' is set on object 'Object Repository/Message/CreateMessage/input_content_message'

2018-12-15 12:51:10 - [TEST_STEP][PASSED] - Statement - java.lang.Thread.sleep(2000): null

2018-12-15 12:51:12 - [TEST_STEP][PASSED] - uploadFile: File 'E:\api.xlsx' sent to object: 'Object Repository/Message/CreateMessage/attach_file'

2018-12-15 12:51:12 - [MESSAGE][PASSED] - File 'E:\api.xlsx' sent to object: 'Object Repository/Message/CreateMessage/attach_file'

2018-12-15 12:51:12 - [TEST_STEP][PASSED] - Statement - java.lang.Thread.sleep(3000): null

2018-12-15 12:51:15 - [TEST_STEP][PASSED] - click: Object: 'Object Repository/Message/CreateMessage/button_send_message' is clicked on

2018-12-15 12:51:15 - [MESSAGE][PASSED] - Object: 'Object Repository/Message/CreateMessage/button_send_message' is clicked on

2018-12-15 12:51:15 - [TEST_STEP][PASSED] - Statement - java.lang.Thread.sleep(2000): null

2018-12-15 12:51:17 - [TEST_STEP][PASSED] - setText: Text 'Tin nhắn tạo từ Katalon gửi cho một người dùng' is set on object 'Object Repository/Message/SendMessage/input_search_message_send'

2018-12-15 12:51:18 - [MESSAGE][PASSED] - Text 'Tin nhắn tạo từ Katalon gửi cho một người dùng' is set on object 'Object Repository/Message/SendMessage/input_search_message_send'

2018-12-15 12:51:18 - [TEST_STEP][PASSED] - Statement - java.lang.Thread.sleep(2000): null

2018-12-15 12:51:20 - [TEST_STEP][PASSED] - verifyTextPresent: Text 'Tin nhắn tạo từ Katalon gửi cho một người dùng' is present on page 

2018-12-15 12:51:20 - [MESSAGE][PASSED] - Text 'Tin nhắn tạo từ Katalon gửi cho một người dùng' is present on page 

2018-12-15 12:51:20 - [TEST_STEP][PASSED] - Statement - java.lang.Thread.sleep(2000): null

2018-12-15 12:51:22 - [TEST_STEP][PASSED] - callTestCase: Call Test Case 'Test Cases/Authentication/Logout' successfully

2018-12-15 12:51:22 - [TEST_CASE][PASSED] - Test Cases/Authentication/Logout: Test Cases/Authentication/Logout

2018-12-15 12:51:22 - [TEST_STEP][PASSED] - click: Object: 'Object Repository/Authentincation/Logout/Page Administrator/select_user_action' is clicked on

2018-12-15 12:51:22 - [MESSAGE][PASSED] - Object: 'Object Repository/Authentincation/Logout/Page Administrator/select_user_action' is clicked on

2018-12-15 12:51:22 - [TEST_STEP][PASSED] - click: Object: 'Object Repository/Authentincation/Logout/Page Administrator/logout' is clicked on

2018-12-15 12:51:23 - [MESSAGE][PASSED] - Object: 'Object Repository/Authentincation/Logout/Page Administrator/logout' is clicked on

2018-12-15 12:51:23 - [MESSAGE][PASSED] - Call Test Case 'Test Cases/Authentication/Logout' successfully]]></system-out>
         <system-err><![CDATA[]]></system-err>
      </testcase>
      <testcase name="Test Cases/Message/ViewDetailMessage" classname="Test Cases/Message/ViewDetailMessage" status="FAILED">
         <failure type="FAILED" message="Unable to click on object 'Object Repository/Message/ReceiveMessage/view_detail_message' (Root cause: com.kms.katalon.core.webui.exception.WebElementNotFoundException: Web element with id: 'Object Repository/Message/ReceiveMessage/view_detail_message' located by 'By.xpath: //*[@id=&quot;tr-360149&quot;]/td[3]' not found)"/>
         <system-out><![CDATA[2018-12-15 12:51:23 - [TEST_CASE][FAILED] - Test Cases/Message/ViewDetailMessage: Test Cases/Message/ViewDetailMessage FAILED because (of) Unable to click on object 'Object Repository/Message/ReceiveMessage/view_detail_message' (Root cause: com.kms.katalon.core.webui.exception.WebElementNotFoundException: Web element with id: 'Object Repository/Message/ReceiveMessage/view_detail_message' located by 'By.xpath: //*[@id="tr-360149"]/td[3]' not found)

2018-12-15 12:51:23 - [TEST_STEP][PASSED] - callTestCase: Call Test Case 'Test Cases/Authentication/Login2' successfully

2018-12-15 12:51:23 - [TEST_CASE][PASSED] - Test Cases/Authentication/Login2: Test Cases/Authentication/Login2

2018-12-15 12:51:24 - [TEST_STEP][PASSED] - openBrowser: Browser is opened with url: ''

2018-12-15 12:51:24 - [MESSAGE][WARNING] - A browser is already opened. Closing browser and opening a new one

2018-12-15 12:51:27 - [MESSAGE][PASSED] - Browser is opened with url: ''

2018-12-15 12:51:27 - [TEST_STEP][PASSED] - navigateToUrl: Navigate to 'https://ntmtien.cls.vn/account/login' successfully

2018-12-15 12:51:30 - [MESSAGE][PASSED] - Navigate to 'https://ntmtien.cls.vn/account/login' successfully

2018-12-15 12:51:30 - [TEST_STEP][PASSED] - setText: Text 'admin2' is set on object 'Object Repository/Authentincation/Login/Page Login/input_UserName'

2018-12-15 12:51:30 - [MESSAGE][PASSED] - Text 'admin2' is set on object 'Object Repository/Authentincation/Login/Page Login/input_UserName'

2018-12-15 12:51:30 - [TEST_STEP][PASSED] - setText: Text '123456' is set on object 'Object Repository/Authentincation/Login/Page Login/input_Password'

2018-12-15 12:51:30 - [MESSAGE][PASSED] - Text '123456' is set on object 'Object Repository/Authentincation/Login/Page Login/input_Password'

2018-12-15 12:51:30 - [TEST_STEP][PASSED] - click: Object: 'Object Repository/Authentincation/Login/Page Login/button_login' is clicked on

2018-12-15 12:51:30 - [MESSAGE][PASSED] - Object: 'Object Repository/Authentincation/Login/Page Login/button_login' is clicked on

2018-12-15 12:51:30 - [MESSAGE][PASSED] - Call Test Case 'Test Cases/Authentication/Login2' successfully

2018-12-15 12:51:30 - [TEST_STEP][PASSED] - Statement - java.lang.Thread.sleep(2000): null

2018-12-15 12:51:32 - [TEST_STEP][PASSED] - click: Object: 'Object Repository/Message/message_counter' is clicked on

2018-12-15 12:51:37 - [MESSAGE][PASSED] - Object: 'Object Repository/Message/message_counter' is clicked on

2018-12-15 12:51:37 - [TEST_STEP][PASSED] - Statement - java.lang.Thread.sleep(2000): null

2018-12-15 12:51:39 - [TEST_STEP][PASSED] - setText: Text 'Tin nhắn tạo từ Katalon gửi cho tất cả user' is set on object 'Object Repository/Message/ReceiveMessage/input_search_receive_message'

2018-12-15 12:51:40 - [MESSAGE][PASSED] - Text 'Tin nhắn tạo từ Katalon gửi cho tất cả user' is set on object 'Object Repository/Message/ReceiveMessage/input_search_receive_message'

2018-12-15 12:51:40 - [TEST_STEP][PASSED] - Statement - java.lang.Thread.sleep(2000): null

2018-12-15 12:51:42 - [TEST_STEP][PASSED] - verifyTextPresent: Text 'Tin nhắn tạo từ Katalon gửi cho tất cả user' is present on page 

2018-12-15 12:51:42 - [MESSAGE][PASSED] - Text 'Tin nhắn tạo từ Katalon gửi cho tất cả user' is present on page 

2018-12-15 12:51:42 - [TEST_STEP][PASSED] - Statement - java.lang.Thread.sleep(2000): null

2018-12-15 12:51:44 - [TEST_STEP][PASSED] - setText: Text 'Tin nhắn tạo từ Katalon gửi cho chi nhánh' is set on object 'Object Repository/Message/ReceiveMessage/input_search_receive_message'

2018-12-15 12:51:44 - [MESSAGE][PASSED] - Text 'Tin nhắn tạo từ Katalon gửi cho chi nhánh' is set on object 'Object Repository/Message/ReceiveMessage/input_search_receive_message'

2018-12-15 12:51:44 - [TEST_STEP][PASSED] - Statement - java.lang.Thread.sleep(2000): null

2018-12-15 12:51:46 - [TEST_STEP][PASSED] - verifyTextPresent: Text 'Tin nhắn tạo từ Katalon gửi cho chi nhánh' is present on page 

2018-12-15 12:51:46 - [MESSAGE][PASSED] - Text 'Tin nhắn tạo từ Katalon gửi cho chi nhánh' is present on page 

2018-12-15 12:51:46 - [TEST_STEP][PASSED] - Statement - java.lang.Thread.sleep(2000): null

2018-12-15 12:51:48 - [TEST_STEP][PASSED] - setText: Text 'Tin nhắn tạo từ Katalon gửi cho một người dùng' is set on object 'Object Repository/Message/ReceiveMessage/input_search_receive_message'

2018-12-15 12:51:49 - [MESSAGE][PASSED] - Text 'Tin nhắn tạo từ Katalon gửi cho một người dùng' is set on object 'Object Repository/Message/ReceiveMessage/input_search_receive_message'

2018-12-15 12:51:49 - [TEST_STEP][PASSED] - Statement - java.lang.Thread.sleep(2000): null

2018-12-15 12:51:51 - [TEST_STEP][PASSED] - verifyTextPresent: Text 'Tin nhắn tạo từ Katalon gửi cho một người dùng' is present on page 

2018-12-15 12:51:51 - [MESSAGE][PASSED] - Text 'Tin nhắn tạo từ Katalon gửi cho một người dùng' is present on page 

2018-12-15 12:51:51 - [TEST_STEP][PASSED] - Statement - java.lang.Thread.sleep(2000): null

2018-12-15 12:51:53 - [TEST_STEP][PASSED] - setText: Text 'Tin nhắn tạo từ Katalon gửi cho khóa học' is set on object 'Object Repository/Message/ReceiveMessage/input_search_receive_message'

2018-12-15 12:51:53 - [MESSAGE][PASSED] - Text 'Tin nhắn tạo từ Katalon gửi cho khóa học' is set on object 'Object Repository/Message/ReceiveMessage/input_search_receive_message'

2018-12-15 12:51:53 - [TEST_STEP][PASSED] - Statement - java.lang.Thread.sleep(2000): null

2018-12-15 12:51:55 - [TEST_STEP][PASSED] - verifyTextPresent: Text 'Tin nhắn tạo từ Katalon gửi cho khóa học' is present on page 

2018-12-15 12:51:55 - [MESSAGE][PASSED] - Text 'Tin nhắn tạo từ Katalon gửi cho khóa học' is present on page 

2018-12-15 12:51:55 - [TEST_STEP][PASSED] - Statement - java.lang.Thread.sleep(2000): null

2018-12-15 12:51:57 - [TEST_STEP][FAILED] - click: Unable to click on object 'Object Repository/Message/ReceiveMessage/view_detail_message' (Root cause: com.kms.katalon.core.webui.exception.WebElementNotFoundException: Web element with id: 'Object Repository/Message/ReceiveMessage/view_detail_message' located by 'By.xpath: //*[@id="tr-360149"]/td[3]' not found)

2018-12-15 12:52:28 - [MESSAGE][FAILED] - Unable to click on object 'Object Repository/Message/ReceiveMessage/view_detail_message' (Root cause: com.kms.katalon.core.webui.exception.WebElementNotFoundException: Web element with id: 'Object Repository/Message/ReceiveMessage/view_detail_message' located by 'By.xpath: //*[@id="tr-360149"]/td[3]' not found)
[[ATTACHMENT|C:\\Users\\buithan\\git\\katalon-cls-project\\Reports\\Message\\20181215_124920\\1544853148657.png]]]]></system-out>
         <system-err><![CDATA[2018-12-15 12:51:23 - [TEST_CASE][FAILED] - Test Cases/Message/ViewDetailMessage: Test Cases/Message/ViewDetailMessage FAILED because (of) Unable to click on object 'Object Repository/Message/ReceiveMessage/view_detail_message' (Root cause: com.kms.katalon.core.webui.exception.WebElementNotFoundException: Web element with id: 'Object Repository/Message/ReceiveMessage/view_detail_message' located by 'By.xpath: //*[@id="tr-360149"]/td[3]' not found)]]></system-err>
      </testcase>
      <testcase name="Test Cases/Message/DeleteMessage" classname="Test Cases/Message/DeleteMessage" status="FAILED">
         <failure type="FAILED" message="Unable to click on object 'Object Repository/Message/message_counter' (Root cause: com.kms.katalon.core.webui.exception.WebElementNotFoundException: Web element with id: 'Object Repository/Message/message_counter' located by 'By.xpath: //*[@id = 'messageCounter']' not found)"/>
         <system-out><![CDATA[2018-12-15 12:52:28 - [TEST_CASE][FAILED] - Test Cases/Message/DeleteMessage: Test Cases/Message/DeleteMessage FAILED because (of) Unable to click on object 'Object Repository/Message/message_counter' (Root cause: com.kms.katalon.core.webui.exception.WebElementNotFoundException: Web element with id: 'Object Repository/Message/message_counter' located by 'By.xpath: //*[@id = 'messageCounter']' not found)

2018-12-15 12:52:29 - [TEST_STEP][PASSED] - callTestCase: Call Test Case 'Test Cases/Authentication/Login2' successfully

2018-12-15 12:52:29 - [TEST_CASE][PASSED] - Test Cases/Authentication/Login2: Test Cases/Authentication/Login2

2018-12-15 12:52:29 - [TEST_STEP][PASSED] - openBrowser: Browser is opened with url: ''

2018-12-15 12:52:29 - [MESSAGE][WARNING] - A browser is already opened. Closing browser and opening a new one

2018-12-15 12:52:32 - [MESSAGE][PASSED] - Browser is opened with url: ''

2018-12-15 12:52:32 - [TEST_STEP][PASSED] - navigateToUrl: Navigate to 'https://ntmtien.cls.vn/account/login' successfully

2018-12-15 12:52:34 - [MESSAGE][PASSED] - Navigate to 'https://ntmtien.cls.vn/account/login' successfully

2018-12-15 12:52:34 - [TEST_STEP][PASSED] - setText: Text 'admin2' is set on object 'Object Repository/Authentincation/Login/Page Login/input_UserName'

2018-12-15 12:52:34 - [MESSAGE][PASSED] - Text 'admin2' is set on object 'Object Repository/Authentincation/Login/Page Login/input_UserName'

2018-12-15 12:52:34 - [TEST_STEP][PASSED] - setText: Text '123456' is set on object 'Object Repository/Authentincation/Login/Page Login/input_Password'

2018-12-15 12:52:34 - [MESSAGE][PASSED] - Text '123456' is set on object 'Object Repository/Authentincation/Login/Page Login/input_Password'

2018-12-15 12:52:34 - [TEST_STEP][PASSED] - click: Object: 'Object Repository/Authentincation/Login/Page Login/button_login' is clicked on

2018-12-15 12:52:34 - [MESSAGE][PASSED] - Object: 'Object Repository/Authentincation/Login/Page Login/button_login' is clicked on

2018-12-15 12:52:34 - [MESSAGE][PASSED] - Call Test Case 'Test Cases/Authentication/Login2' successfully

2018-12-15 12:52:34 - [TEST_STEP][PASSED] - Statement - java.lang.Thread.sleep(2000): null

2018-12-15 12:52:36 - [TEST_STEP][FAILED] - click: Unable to click on object 'Object Repository/Message/message_counter' (Root cause: com.kms.katalon.core.webui.exception.WebElementNotFoundException: Web element with id: 'Object Repository/Message/message_counter' located by 'By.xpath: //*[@id = 'messageCounter']' not found)

2018-12-15 12:53:08 - [MESSAGE][FAILED] - Unable to click on object 'Object Repository/Message/message_counter' (Root cause: com.kms.katalon.core.webui.exception.WebElementNotFoundException: Web element with id: 'Object Repository/Message/message_counter' located by 'By.xpath: //*[@id = 'messageCounter']' not found)
[[ATTACHMENT|C:\\Users\\buithan\\git\\katalon-cls-project\\Reports\\Message\\20181215_124920\\1544853187740.png]]]]></system-out>
         <system-err><![CDATA[2018-12-15 12:52:28 - [TEST_CASE][FAILED] - Test Cases/Message/DeleteMessage: Test Cases/Message/DeleteMessage FAILED because (of) Unable to click on object 'Object Repository/Message/message_counter' (Root cause: com.kms.katalon.core.webui.exception.WebElementNotFoundException: Web element with id: 'Object Repository/Message/message_counter' located by 'By.xpath: //*[@id = 'messageCounter']' not found)]]></system-err>
      </testcase>
      <system-out><![CDATA[2018-12-15 12:49:23 - [TEST_SUITE][FAILED] - Message: Test Cases/Message/ViewDetailMessage FAILED because (of) Unable to click on object 'Object Repository/Message/ReceiveMessage/view_detail_message' (Root cause: com.kms.katalon.core.webui.exception.WebElementNotFoundException: Web element with id: 'Object Repository/Message/ReceiveMessage/view_detail_message' located by 'By.xpath: //*[@id="tr-360149"]/td[3]' not found)]]></system-out>
      <system-err><![CDATA[2018-12-15 12:49:23 - [TEST_SUITE][FAILED] - Message: Test Cases/Message/ViewDetailMessage FAILED because (of) Unable to click on object 'Object Repository/Message/ReceiveMessage/view_detail_message' (Root cause: com.kms.katalon.core.webui.exception.WebElementNotFoundException: Web element with id: 'Object Repository/Message/ReceiveMessage/view_detail_message' located by 'By.xpath: //*[@id="tr-360149"]/td[3]' not found)]]></system-err>
   </testsuite>
</testsuites>
