<?xml version="1.0" encoding="UTF-8"?>
<testsuites name="Login" time="27" tests="2" failures="0" errors="0">
   <testsuite name="Login" tests="2" failures="0" errors="0" time="27" timestamp="2018-10-04 14:03:15" hostname="buithan - 192.168.1.121" id="Test Suites/Login">
      <properties>
         <property name="deviceName" value=""/>
         <property name="devicePlatform" value=""/>
         <property name="logFolder" value="C:\\Users\\buithan\\git\\katalon-cls-project\\Reports\\Login\\20181004_140312"/>
         <property name="logFiles" value="C:\\Users\\buithan\\git\\katalon-cls-project\\Reports\\Login\\20181004_140312\\execution0.log"/>
         <property name="attachments" value=""/>
         <property name="hostName" value="buithan - 192.168.1.121"/>
         <property name="os" value="Windows 10 64bit"/>
         <property name="katalonVersion" value="5.4.1.1"/>
         <property name="browser" value="Chrome 69.0.3497.100"/>
         <property name="hostAddress" value="192.168.1.121"/>
         <property name="sessionId" value="2ed1bf5b8ab3184d0b1c6ea864bbe042"/>
         <property name="seleniumVersion" value="3.7.1"/>
         <property name="proxyInformation" value="ProxyInformation{proxyOption=NO_PROXY, proxyServerType=HTTP, password=, proxyServerAddress=, proxyServerPort=0}"/>
         <property name="platform" value="Windows 10"/>
      </properties>
      <testcase name="Test Cases/Login" classname="Test Cases/Login" status="PASSED">
         <system-out><![CDATA[2018-10-04 14:03:16 - [TEST_CASE][PASSED] - Test Cases/Login: Test Cases/Login

2018-10-04 14:03:16 - [TEST_STEP][PASSED] - openBrowser: Browser is opened with url: ''

2018-10-04 14:03:20 - [MESSAGE][PASSED] - Browser is opened with url: ''

2018-10-04 14:03:20 - [TEST_STEP][PASSED] - navigateToUrl: Navigate to 'https://ntmtien.cls.vn/account/login' successfully

2018-10-04 14:03:22 - [MESSAGE][PASSED] - Navigate to 'https://ntmtien.cls.vn/account/login' successfully

2018-10-04 14:03:22 - [TEST_STEP][PASSED] - setText: Text 'admin1' is set on object 'Object Repository/Login/Page_ng nhp/input_UserName'

2018-10-04 14:03:22 - [MESSAGE][PASSED] - Text 'admin1' is set on object 'Object Repository/Login/Page_ng nhp/input_UserName'

2018-10-04 14:03:22 - [TEST_STEP][PASSED] - setText: Text '123456' is set on object 'Object Repository/Login/Page_ng nhp/input_Password'

2018-10-04 14:03:22 - [MESSAGE][PASSED] - Text '123456' is set on object 'Object Repository/Login/Page_ng nhp/input_Password'

2018-10-04 14:03:22 - [TEST_STEP][PASSED] - click: Object: 'Object Repository/Login/Page_ng nhp/button_NG NHP' is clicked on

2018-10-04 14:03:22 - [MESSAGE][PASSED] - Object: 'Object Repository/Login/Page_ng nhp/button_NG NHP' is clicked on

2018-10-04 14:03:22 - [TEST_STEP][PASSED] - Statement - java.lang.Thread.sleep(5000): null

2018-10-04 14:03:27 - [TEST_STEP][PASSED] - switchToWindowIndex: Switched to window with index: '0'

2018-10-04 14:03:27 - [MESSAGE][PASSED] - Switched to window with index: '0'

2018-10-04 14:03:27 - [TEST_STEP][PASSED] - Statement - title = com.kms.katalon.core.webui.keyword.WebUiBuiltInKeywords.getWindowTitle(): Current window's title is: 'Quản trị viên'

2018-10-04 14:03:27 - [MESSAGE][PASSED] - Current window's title is: 'Quản trị viên'

2018-10-04 14:03:27 - [TEST_STEP][PASSED] - verifyMatch: Actual text 'Quản trị viên' and expected text 'Quản trị viên' are matched  using regular expression

2018-10-04 14:03:27 - [MESSAGE][PASSED] - Actual text 'Quản trị viên' and expected text 'Quản trị viên' are matched  using regular expression

2018-10-04 14:03:27 - [TEST_STEP][PASSED] - closeBrowser: Browser is closed

2018-10-04 14:03:28 - [MESSAGE][PASSED] - Browser is closed]]></system-out>
         <system-err><![CDATA[]]></system-err>
      </testcase>
      <testcase name="Test Cases/Fogot password" classname="Test Cases/Fogot password" status="PASSED">
         <system-out><![CDATA[2018-10-04 14:03:28 - [TEST_CASE][PASSED] - Test Cases/Fogot password: Test Cases/Fogot password

2018-10-04 14:03:28 - [TEST_STEP][PASSED] - openBrowser: Browser is opened with url: ''

2018-10-04 14:03:30 - [MESSAGE][PASSED] - Browser is opened with url: ''

2018-10-04 14:03:30 - [TEST_STEP][PASSED] - navigateToUrl: Navigate to 'https://ntmtien.cls.vn/account/login' successfully

2018-10-04 14:03:31 - [MESSAGE][PASSED] - Navigate to 'https://ntmtien.cls.vn/account/login' successfully

2018-10-04 14:03:31 - [TEST_STEP][PASSED] - click: Object: 'Object Repository/Forgot password/Page_ng nhp/a_Qun mt khu' is clicked on

2018-10-04 14:03:32 - [MESSAGE][PASSED] - Object: 'Object Repository/Forgot password/Page_ng nhp/a_Qun mt khu' is clicked on

2018-10-04 14:03:32 - [TEST_STEP][PASSED] - Statement - java.lang.Thread.sleep(5000): null

2018-10-04 14:03:37 - [TEST_STEP][PASSED] - switchToWindowIndex: Switched to window with index: '0'

2018-10-04 14:03:37 - [MESSAGE][PASSED] - Switched to window with index: '0'

2018-10-04 14:03:37 - [TEST_STEP][PASSED] - Statement - title = com.kms.katalon.core.webui.keyword.WebUiBuiltInKeywords.getWindowTitle(): Current window's title is: 'Quên mật khẩu'

2018-10-04 14:03:37 - [MESSAGE][PASSED] - Current window's title is: 'Quên mật khẩu'

2018-10-04 14:03:37 - [TEST_STEP][PASSED] - verifyMatch: Actual text 'Quên mật khẩu' and expected text 'Quên mật khẩu' are matched  using regular expression

2018-10-04 14:03:37 - [MESSAGE][PASSED] - Actual text 'Quên mật khẩu' and expected text 'Quên mật khẩu' are matched  using regular expression

2018-10-04 14:03:37 - [TEST_STEP][PASSED] - setText: Text 'buithithan.cntt@gmail.com' is set on object 'Object Repository/Forgot password/Page_Qun mt khu/input_Email'

2018-10-04 14:03:37 - [MESSAGE][PASSED] - Text 'buithithan.cntt@gmail.com' is set on object 'Object Repository/Forgot password/Page_Qun mt khu/input_Email'

2018-10-04 14:03:37 - [TEST_STEP][PASSED] - click: Object: 'Object Repository/Forgot password/Page_Qun mt khu/button_GI' is clicked on

2018-10-04 14:03:37 - [MESSAGE][PASSED] - Object: 'Object Repository/Forgot password/Page_Qun mt khu/button_GI' is clicked on

2018-10-04 14:03:37 - [TEST_STEP][PASSED] - Statement - java.lang.Thread.sleep(5000): null

2018-10-04 14:03:42 - [TEST_STEP][PASSED] - verifyTextPresent: Text 'Chúng tôi đã gửi một email tới hòm thư của bạn, vui lòng kiểm tra và làm theo hướng dẫn để thiết lập lại tài khoản của bạn' is present on page 

2018-10-04 14:03:42 - [MESSAGE][PASSED] - Text 'Chúng tôi đã gửi một email tới hòm thư của bạn, vui lòng kiểm tra và làm theo hướng dẫn để thiết lập lại tài khoản của bạn' is present on page 

2018-10-04 14:03:42 - [TEST_STEP][PASSED] - closeBrowser: Browser is closed

2018-10-04 14:03:43 - [MESSAGE][PASSED] - Browser is closed]]></system-out>
         <system-err><![CDATA[]]></system-err>
      </testcase>
      <system-out><![CDATA[2018-10-04 14:03:15 - [TEST_SUITE][PASSED] - Login: Test Cases/Fogot password]]></system-out>
      <system-err><![CDATA[]]></system-err>
   </testsuite>
</testsuites>
